ARM GAS  C:\Users\ASUS\AppData\Local\Temp\cctD8iTY.s 			page 1


   1              		.syntax unified
   2              		.cpu cortex-m0plus
   3              		.fpu softvfp
   4              		.eabi_attribute 20, 1
   5              		.eabi_attribute 21, 1
   6              		.eabi_attribute 23, 3
   7              		.eabi_attribute 24, 1
   8              		.eabi_attribute 25, 1
   9              		.eabi_attribute 26, 1
  10              		.eabi_attribute 30, 1
  11              		.eabi_attribute 34, 0
  12              		.eabi_attribute 18, 4
  13              		.thumb
  14              		.syntax unified
  15              		.file	"Queue.c"
  16              		.text
  17              	.Ltext0:
  18              		.cfi_sections	.debug_frame
  19              		.section	.text.queue_create,"ax",%progbits
  20              		.align	2
  21              		.global	queue_create
  22              		.code	16
  23              		.thumb_func
  24              		.type	queue_create, %function
  25              	queue_create:
  26              	.LFB0:
  27              		.file 1 "Queue.c"
   1:Queue.c       **** #include <stdint.h>
   2:Queue.c       **** #include <stdlib.h>
   3:Queue.c       **** #include <string.h>
   4:Queue.c       **** 
   5:Queue.c       **** #include "Queue.h"
   6:Queue.c       **** 
   7:Queue.c       **** queue_t queue_create(void)
   8:Queue.c       **** {
  28              		.loc 1 8 0
  29              		.cfi_startproc
  30              		@ args = 0, pretend = 0, frame = 0
  31              		@ frame_needed = 0, uses_anonymous_args = 0
  32 0000 10B5     		push	{r4, lr}
  33              		.cfi_def_cfa_offset 8
  34              		.cfi_offset 4, -8
  35              		.cfi_offset 14, -4
   9:Queue.c       ****     queue_t queue;
  10:Queue.c       **** 
  11:Queue.c       ****     queue = malloc(sizeof(*queue));
  36              		.loc 1 11 0
  37 0002 0C20     		movs	r0, #12
  38 0004 FFF7FEFF 		bl	malloc
  39              	.LVL0:
  12:Queue.c       ****     queue->first = queue->last = NULL;
  40              		.loc 1 12 0
  41 0008 0023     		movs	r3, #0
  42 000a 4360     		str	r3, [r0, #4]
  43 000c 0360     		str	r3, [r0]
  13:Queue.c       ****     queue->size = 0;
  44              		.loc 1 13 0
ARM GAS  C:\Users\ASUS\AppData\Local\Temp\cctD8iTY.s 			page 2


  45 000e 8360     		str	r3, [r0, #8]
  14:Queue.c       ****     return queue;
  15:Queue.c       **** }
  46              		.loc 1 15 0
  47              		@ sp needed
  48 0010 10BD     		pop	{r4, pc}
  49              		.cfi_endproc
  50              	.LFE0:
  51              		.size	queue_create, .-queue_create
  52 0012 C046     		.section	.text.queue_destroy,"ax",%progbits
  53              		.align	2
  54              		.global	queue_destroy
  55              		.code	16
  56              		.thumb_func
  57              		.type	queue_destroy, %function
  58              	queue_destroy:
  59              	.LFB1:
  16:Queue.c       **** 
  17:Queue.c       **** int queue_destroy(queue_t queue)
  18:Queue.c       **** {
  60              		.loc 1 18 0
  61              		.cfi_startproc
  62              		@ args = 0, pretend = 0, frame = 0
  63              		@ frame_needed = 0, uses_anonymous_args = 0
  64              	.LVL1:
  65 0000 10B5     		push	{r4, lr}
  66              		.cfi_def_cfa_offset 8
  67              		.cfi_offset 4, -8
  68              		.cfi_offset 14, -4
  19:Queue.c       ****     if (!queue  || queue->size != 0)
  69              		.loc 1 19 0
  70 0002 0028     		cmp	r0, #0
  71 0004 05D0     		beq	.L4
  72              		.loc 1 19 0 is_stmt 0 discriminator 1
  73 0006 8468     		ldr	r4, [r0, #8]
  74 0008 002C     		cmp	r4, #0
  75 000a 05D1     		bne	.L5
  20:Queue.c       ****     {
  21:Queue.c       ****         return -1;
  22:Queue.c       ****     }
  23:Queue.c       ****     free(queue);
  76              		.loc 1 23 0 is_stmt 1
  77 000c FFF7FEFF 		bl	free
  78              	.LVL2:
  24:Queue.c       ****     return 0;
  79              		.loc 1 24 0
  80 0010 04E0     		b	.L3
  81              	.LVL3:
  82              	.L4:
  21:Queue.c       ****     }
  83              		.loc 1 21 0
  84 0012 0124     		movs	r4, #1
  85 0014 6442     		rsbs	r4, r4, #0
  86 0016 01E0     		b	.L3
  87              	.L5:
  88 0018 0124     		movs	r4, #1
  89 001a 6442     		rsbs	r4, r4, #0
ARM GAS  C:\Users\ASUS\AppData\Local\Temp\cctD8iTY.s 			page 3


  90              	.LVL4:
  91              	.L3:
  25:Queue.c       **** }
  92              		.loc 1 25 0
  93 001c 2000     		movs	r0, r4
  94              		@ sp needed
  95 001e 10BD     		pop	{r4, pc}
  96              		.cfi_endproc
  97              	.LFE1:
  98              		.size	queue_destroy, .-queue_destroy
  99              		.section	.text.queue_enqueue,"ax",%progbits
 100              		.align	2
 101              		.global	queue_enqueue
 102              		.code	16
 103              		.thumb_func
 104              		.type	queue_enqueue, %function
 105              	queue_enqueue:
 106              	.LFB2:
  26:Queue.c       **** 
  27:Queue.c       **** int queue_enqueue(queue_t queue, int data)
  28:Queue.c       **** {
 107              		.loc 1 28 0
 108              		.cfi_startproc
 109              		@ args = 0, pretend = 0, frame = 0
 110              		@ frame_needed = 0, uses_anonymous_args = 0
 111              	.LVL5:
 112 0000 70B5     		push	{r4, r5, r6, lr}
 113              		.cfi_def_cfa_offset 16
 114              		.cfi_offset 4, -16
 115              		.cfi_offset 5, -12
 116              		.cfi_offset 6, -8
 117              		.cfi_offset 14, -4
 118 0002 0400     		movs	r4, r0
 119 0004 0D00     		movs	r5, r1
  29:Queue.c       ****     node_t pushed;
  30:Queue.c       **** 
  31:Queue.c       ****     if (!queue  || !data )
 120              		.loc 1 31 0
 121 0006 0028     		cmp	r0, #0
 122 0008 15D0     		beq	.L10
 123              		.loc 1 31 0 is_stmt 0 discriminator 1
 124 000a 0029     		cmp	r1, #0
 125 000c 16D0     		beq	.L11
  32:Queue.c       ****     {
  33:Queue.c       ****         return -1;
  34:Queue.c       ****     }
  35:Queue.c       **** 
  36:Queue.c       ****     pushed = malloc(sizeof(*pushed));
 126              		.loc 1 36 0 is_stmt 1
 127 000e 0820     		movs	r0, #8
 128              	.LVL6:
 129 0010 FFF7FEFF 		bl	malloc
 130              	.LVL7:
  37:Queue.c       ****     if (!pushed )
 131              		.loc 1 37 0
 132 0014 0028     		cmp	r0, #0
 133 0016 14D0     		beq	.L12
ARM GAS  C:\Users\ASUS\AppData\Local\Temp\cctD8iTY.s 			page 4


  38:Queue.c       ****     {
  39:Queue.c       ****         return -1;
  40:Queue.c       ****     }
  41:Queue.c       ****     pushed->data = data;
 134              		.loc 1 41 0
 135 0018 0560     		str	r5, [r0]
  42:Queue.c       ****     pushed->next = NULL;
 136              		.loc 1 42 0
 137 001a 0023     		movs	r3, #0
 138 001c 4360     		str	r3, [r0, #4]
  43:Queue.c       **** 
  44:Queue.c       ****     if (queue->last != NULL)
 139              		.loc 1 44 0
 140 001e 6368     		ldr	r3, [r4, #4]
 141 0020 002B     		cmp	r3, #0
 142 0022 01D0     		beq	.L8
  45:Queue.c       ****     {
  46:Queue.c       ****         queue->last->next = pushed;
 143              		.loc 1 46 0
 144 0024 5860     		str	r0, [r3, #4]
 145 0026 00E0     		b	.L9
 146              	.L8:
  47:Queue.c       ****     }
  48:Queue.c       ****     else
  49:Queue.c       ****     {
  50:Queue.c       ****         queue->first = pushed;
 147              		.loc 1 50 0
 148 0028 2060     		str	r0, [r4]
 149              	.L9:
  51:Queue.c       ****     }
  52:Queue.c       **** 
  53:Queue.c       ****     queue->last = pushed;
 150              		.loc 1 53 0
 151 002a 6060     		str	r0, [r4, #4]
  54:Queue.c       ****     queue->size++;
 152              		.loc 1 54 0
 153 002c A368     		ldr	r3, [r4, #8]
 154 002e 0133     		adds	r3, r3, #1
 155 0030 A360     		str	r3, [r4, #8]
  55:Queue.c       ****     return 0;
 156              		.loc 1 55 0
 157 0032 0020     		movs	r0, #0
 158              	.LVL8:
 159 0034 07E0     		b	.L7
 160              	.LVL9:
 161              	.L10:
  33:Queue.c       ****     }
 162              		.loc 1 33 0
 163 0036 0120     		movs	r0, #1
 164              	.LVL10:
 165 0038 4042     		rsbs	r0, r0, #0
 166 003a 04E0     		b	.L7
 167              	.LVL11:
 168              	.L11:
 169 003c 0120     		movs	r0, #1
 170              	.LVL12:
 171 003e 4042     		rsbs	r0, r0, #0
ARM GAS  C:\Users\ASUS\AppData\Local\Temp\cctD8iTY.s 			page 5


 172 0040 01E0     		b	.L7
 173              	.LVL13:
 174              	.L12:
  39:Queue.c       ****     }
 175              		.loc 1 39 0
 176 0042 0120     		movs	r0, #1
 177              	.LVL14:
 178 0044 4042     		rsbs	r0, r0, #0
 179              	.L7:
  56:Queue.c       **** }
 180              		.loc 1 56 0
 181              		@ sp needed
 182              	.LVL15:
 183              	.LVL16:
 184 0046 70BD     		pop	{r4, r5, r6, pc}
 185              		.cfi_endproc
 186              	.LFE2:
 187              		.size	queue_enqueue, .-queue_enqueue
 188              		.section	.text.queue_dequeue,"ax",%progbits
 189              		.align	2
 190              		.global	queue_dequeue
 191              		.code	16
 192              		.thumb_func
 193              		.type	queue_dequeue, %function
 194              	queue_dequeue:
 195              	.LFB3:
  57:Queue.c       **** 
  58:Queue.c       **** int queue_dequeue(queue_t queue, int *data)
  59:Queue.c       **** {
 196              		.loc 1 59 0
 197              		.cfi_startproc
 198              		@ args = 0, pretend = 0, frame = 0
 199              		@ frame_needed = 0, uses_anonymous_args = 0
 200              	.LVL17:
 201 0000 70B5     		push	{r4, r5, r6, lr}
 202              		.cfi_def_cfa_offset 16
 203              		.cfi_offset 4, -16
 204              		.cfi_offset 5, -12
 205              		.cfi_offset 6, -8
 206              		.cfi_offset 14, -4
 207 0002 041E     		subs	r4, r0, #0
  60:Queue.c       ****     node_t popped, next;
  61:Queue.c       **** 
  62:Queue.c       ****     if (!queue || !data || queue->size == 0)
 208              		.loc 1 62 0
 209 0004 13D0     		beq	.L15
 210              		.loc 1 62 0 is_stmt 0 discriminator 1
 211 0006 0029     		cmp	r1, #0
 212 0008 14D0     		beq	.L16
 213              		.loc 1 62 0 discriminator 2
 214 000a 8368     		ldr	r3, [r0, #8]
 215 000c 002B     		cmp	r3, #0
 216 000e 14D0     		beq	.L17
  63:Queue.c       ****     {
  64:Queue.c       ****         return -1;
  65:Queue.c       ****     }
  66:Queue.c       **** 
ARM GAS  C:\Users\ASUS\AppData\Local\Temp\cctD8iTY.s 			page 6


  67:Queue.c       ****     popped = queue->first;
 217              		.loc 1 67 0 is_stmt 1
 218 0010 0068     		ldr	r0, [r0]
 219              	.LVL18:
  68:Queue.c       ****     *data = popped->data;
 220              		.loc 1 68 0
 221 0012 0368     		ldr	r3, [r0]
 222 0014 0B60     		str	r3, [r1]
  69:Queue.c       ****     next = popped->next;
 223              		.loc 1 69 0
 224 0016 4568     		ldr	r5, [r0, #4]
 225              	.LVL19:
  70:Queue.c       ****     free(popped);
 226              		.loc 1 70 0
 227 0018 FFF7FEFF 		bl	free
 228              	.LVL20:
  71:Queue.c       **** 
  72:Queue.c       ****     queue->first = next;
 229              		.loc 1 72 0
 230 001c 2560     		str	r5, [r4]
  73:Queue.c       ****     queue->size--;
 231              		.loc 1 73 0
 232 001e A368     		ldr	r3, [r4, #8]
 233 0020 581E     		subs	r0, r3, #1
 234 0022 A060     		str	r0, [r4, #8]
  74:Queue.c       ****     if (queue->size == 0)
 235              		.loc 1 74 0
 236 0024 0028     		cmp	r0, #0
 237 0026 0BD1     		bne	.L18
  75:Queue.c       ****     {
  76:Queue.c       ****         queue->last = NULL;
 238              		.loc 1 76 0
 239 0028 0023     		movs	r3, #0
 240 002a 6360     		str	r3, [r4, #4]
 241 002c 09E0     		b	.L14
 242              	.LVL21:
 243              	.L15:
  64:Queue.c       ****     }
 244              		.loc 1 64 0
 245 002e 0120     		movs	r0, #1
 246              	.LVL22:
 247 0030 4042     		rsbs	r0, r0, #0
 248 0032 06E0     		b	.L14
 249              	.LVL23:
 250              	.L16:
 251 0034 0120     		movs	r0, #1
 252              	.LVL24:
 253 0036 4042     		rsbs	r0, r0, #0
 254 0038 03E0     		b	.L14
 255              	.LVL25:
 256              	.L17:
 257 003a 0120     		movs	r0, #1
 258              	.LVL26:
 259 003c 4042     		rsbs	r0, r0, #0
 260 003e 00E0     		b	.L14
 261              	.LVL27:
 262              	.L18:
ARM GAS  C:\Users\ASUS\AppData\Local\Temp\cctD8iTY.s 			page 7


  77:Queue.c       ****     }
  78:Queue.c       ****     return 0;
 263              		.loc 1 78 0
 264 0040 0020     		movs	r0, #0
 265              	.LVL28:
 266              	.L14:
  79:Queue.c       **** }
 267              		.loc 1 79 0
 268              		@ sp needed
 269              	.LVL29:
 270 0042 70BD     		pop	{r4, r5, r6, pc}
 271              		.cfi_endproc
 272              	.LFE3:
 273              		.size	queue_dequeue, .-queue_dequeue
 274              		.section	.text.queue_delete,"ax",%progbits
 275              		.align	2
 276              		.global	queue_delete
 277              		.code	16
 278              		.thumb_func
 279              		.type	queue_delete, %function
 280              	queue_delete:
 281              	.LFB4:
  80:Queue.c       **** 
  81:Queue.c       **** int queue_delete(queue_t queue, int data)
  82:Queue.c       **** {
 282              		.loc 1 82 0
 283              		.cfi_startproc
 284              		@ args = 0, pretend = 0, frame = 0
 285              		@ frame_needed = 0, uses_anonymous_args = 0
 286              	.LVL30:
 287 0000 70B5     		push	{r4, r5, r6, lr}
 288              		.cfi_def_cfa_offset 16
 289              		.cfi_offset 4, -16
 290              		.cfi_offset 5, -12
 291              		.cfi_offset 6, -8
 292              		.cfi_offset 14, -4
 293 0002 051E     		subs	r5, r0, #0
  83:Queue.c       ****     node_t current, previous, next;
  84:Queue.c       **** 
  85:Queue.c       ****     if (!queue  || !data  || queue->size == 0)
 294              		.loc 1 85 0
 295 0004 20D0     		beq	.L26
 296              		.loc 1 85 0 is_stmt 0 discriminator 1
 297 0006 0029     		cmp	r1, #0
 298 0008 21D0     		beq	.L27
 299              		.loc 1 85 0 discriminator 2
 300 000a 8368     		ldr	r3, [r0, #8]
 301 000c 002B     		cmp	r3, #0
 302 000e 21D0     		beq	.L28
  86:Queue.c       ****     {
  87:Queue.c       ****         return -1;
  88:Queue.c       ****     }
  89:Queue.c       **** 
  90:Queue.c       ****     for (current = queue->first, previous = NULL;
 303              		.loc 1 90 0 is_stmt 1
 304 0010 0068     		ldr	r0, [r0]
 305              	.LVL31:
ARM GAS  C:\Users\ASUS\AppData\Local\Temp\cctD8iTY.s 			page 8


 306 0012 0024     		movs	r4, #0
 307 0014 01E0     		b	.L21
 308              	.LVL32:
 309              	.L23:
  91:Queue.c       ****          current != NULL && current->data != data;
  92:Queue.c       ****          previous = current, current = current->next)
 310              		.loc 1 92 0
 311 0016 0400     		movs	r4, r0
 312 0018 4068     		ldr	r0, [r0, #4]
 313              	.LVL33:
 314              	.L21:
  90:Queue.c       ****          current != NULL && current->data != data;
 315              		.loc 1 90 0 discriminator 1
 316 001a 0028     		cmp	r0, #0
 317 001c 02D0     		beq	.L22
  91:Queue.c       ****          current != NULL && current->data != data;
 318              		.loc 1 91 0
 319 001e 0368     		ldr	r3, [r0]
 320 0020 9942     		cmp	r1, r3
 321 0022 F8D1     		bne	.L23
 322              	.L22:
  93:Queue.c       ****         ;
  94:Queue.c       ****     if (!current )
 323              		.loc 1 94 0
 324 0024 0028     		cmp	r0, #0
 325 0026 18D0     		beq	.L29
  95:Queue.c       ****     {
  96:Queue.c       ****         return -1;
  97:Queue.c       ****     }
  98:Queue.c       ****     next = current->next;
 326              		.loc 1 98 0
 327 0028 4668     		ldr	r6, [r0, #4]
 328              	.LVL34:
  99:Queue.c       ****     free(current);
 329              		.loc 1 99 0
 330 002a FFF7FEFF 		bl	free
 331              	.LVL35:
 100:Queue.c       **** 
 101:Queue.c       ****     if (!previous )
 332              		.loc 1 101 0
 333 002e 002C     		cmp	r4, #0
 334 0030 01D1     		bne	.L24
 102:Queue.c       ****     {
 103:Queue.c       ****         queue->first = next;
 335              		.loc 1 103 0
 336 0032 2E60     		str	r6, [r5]
 337 0034 00E0     		b	.L25
 338              	.L24:
 104:Queue.c       ****     }
 105:Queue.c       ****     else
 106:Queue.c       ****     {
 107:Queue.c       ****         previous->next = next;
 339              		.loc 1 107 0
 340 0036 6660     		str	r6, [r4, #4]
 341              	.L25:
 108:Queue.c       ****     }
 109:Queue.c       ****     queue->size--;
ARM GAS  C:\Users\ASUS\AppData\Local\Temp\cctD8iTY.s 			page 9


 342              		.loc 1 109 0
 343 0038 AB68     		ldr	r3, [r5, #8]
 344 003a 581E     		subs	r0, r3, #1
 345 003c A860     		str	r0, [r5, #8]
 110:Queue.c       ****     if (queue->size == 0)
 346              		.loc 1 110 0
 347 003e 0028     		cmp	r0, #0
 348 0040 0ED1     		bne	.L30
 111:Queue.c       ****     {
 112:Queue.c       ****         queue->last = NULL;
 349              		.loc 1 112 0
 350 0042 0023     		movs	r3, #0
 351 0044 6B60     		str	r3, [r5, #4]
 352 0046 0CE0     		b	.L20
 353              	.LVL36:
 354              	.L26:
  87:Queue.c       ****     }
 355              		.loc 1 87 0
 356 0048 0120     		movs	r0, #1
 357              	.LVL37:
 358 004a 4042     		rsbs	r0, r0, #0
 359 004c 09E0     		b	.L20
 360              	.LVL38:
 361              	.L27:
 362 004e 0120     		movs	r0, #1
 363              	.LVL39:
 364 0050 4042     		rsbs	r0, r0, #0
 365 0052 06E0     		b	.L20
 366              	.LVL40:
 367              	.L28:
 368 0054 0120     		movs	r0, #1
 369              	.LVL41:
 370 0056 4042     		rsbs	r0, r0, #0
 371 0058 03E0     		b	.L20
 372              	.LVL42:
 373              	.L29:
  96:Queue.c       ****     }
 374              		.loc 1 96 0
 375 005a 0120     		movs	r0, #1
 376              	.LVL43:
 377 005c 4042     		rsbs	r0, r0, #0
 378 005e 00E0     		b	.L20
 379              	.LVL44:
 380              	.L30:
 113:Queue.c       ****     }
 114:Queue.c       ****     return 0;
 381              		.loc 1 114 0
 382 0060 0020     		movs	r0, #0
 383              	.LVL45:
 384              	.L20:
 115:Queue.c       **** }
 385              		.loc 1 115 0
 386              		@ sp needed
 387              	.LVL46:
 388 0062 70BD     		pop	{r4, r5, r6, pc}
 389              		.cfi_endproc
 390              	.LFE4:
ARM GAS  C:\Users\ASUS\AppData\Local\Temp\cctD8iTY.s 			page 10


 391              		.size	queue_delete, .-queue_delete
 392              		.section	.text.queue_iterate,"ax",%progbits
 393              		.align	2
 394              		.global	queue_iterate
 395              		.code	16
 396              		.thumb_func
 397              		.type	queue_iterate, %function
 398              	queue_iterate:
 399              	.LFB5:
 116:Queue.c       **** 
 117:Queue.c       **** int queue_iterate(queue_t queue, queue_func_t func, void *arg, void **data)
 118:Queue.c       **** {
 400              		.loc 1 118 0
 401              		.cfi_startproc
 402              		@ args = 0, pretend = 0, frame = 0
 403              		@ frame_needed = 0, uses_anonymous_args = 0
 404              	.LVL47:
 405 0000 F8B5     		push	{r3, r4, r5, r6, r7, lr}
 406              		.cfi_def_cfa_offset 24
 407              		.cfi_offset 3, -24
 408              		.cfi_offset 4, -20
 409              		.cfi_offset 5, -16
 410              		.cfi_offset 6, -12
 411              		.cfi_offset 7, -8
 412              		.cfi_offset 14, -4
 413 0002 0D00     		movs	r5, r1
 414 0004 1600     		movs	r6, r2
 415 0006 1F1E     		subs	r7, r3, #0
 119:Queue.c       ****     node_t current;
 120:Queue.c       ****     if (data != NULL)
 416              		.loc 1 120 0
 417 0008 01D0     		beq	.L32
 121:Queue.c       ****     {
 122:Queue.c       ****         *data = NULL;
 418              		.loc 1 122 0
 419 000a 0023     		movs	r3, #0
 420              	.LVL48:
 421 000c 3B60     		str	r3, [r7]
 422              	.L32:
 123:Queue.c       ****     }
 124:Queue.c       **** 
 125:Queue.c       ****     if (!queue  || !func )
 423              		.loc 1 125 0
 424 000e 0028     		cmp	r0, #0
 425 0010 13D0     		beq	.L37
 426              		.loc 1 125 0 is_stmt 0 discriminator 1
 427 0012 002D     		cmp	r5, #0
 428 0014 14D0     		beq	.L38
 126:Queue.c       ****     {
 127:Queue.c       ****         return -1;
 128:Queue.c       ****     }
 129:Queue.c       **** 
 130:Queue.c       ****     for (current = queue->first;
 429              		.loc 1 130 0 is_stmt 1
 430 0016 0468     		ldr	r4, [r0]
 431              	.LVL49:
 432 0018 00E0     		b	.L34
ARM GAS  C:\Users\ASUS\AppData\Local\Temp\cctD8iTY.s 			page 11


 433              	.LVL50:
 434              	.L36:
 131:Queue.c       ****          current != NULL && func(current->data, arg) != 1;
 132:Queue.c       ****          current = current->next);    
 435              		.loc 1 132 0
 436 001a 6468     		ldr	r4, [r4, #4]
 437              	.LVL51:
 438              	.L34:
 130:Queue.c       ****          current != NULL && func(current->data, arg) != 1;
 439              		.loc 1 130 0 discriminator 1
 440 001c 002C     		cmp	r4, #0
 441 001e 04D0     		beq	.L35
 131:Queue.c       ****          current != NULL && func(current->data, arg) != 1;
 442              		.loc 1 131 0
 443 0020 3100     		movs	r1, r6
 444 0022 2068     		ldr	r0, [r4]
 445 0024 A847     		blx	r5
 446              	.LVL52:
 447 0026 0128     		cmp	r0, #1
 448 0028 F7D1     		bne	.L36
 449              	.L35:
 133:Queue.c       ****     if (current != NULL && data != NULL)
 450              		.loc 1 133 0
 451 002a 002C     		cmp	r4, #0
 452 002c 0BD0     		beq	.L39
 453              		.loc 1 133 0 is_stmt 0 discriminator 1
 454 002e 002F     		cmp	r7, #0
 455 0030 0BD0     		beq	.L40
 134:Queue.c       ****     {
 135:Queue.c       ****         *data = current->data;
 456              		.loc 1 135 0 is_stmt 1
 457 0032 2368     		ldr	r3, [r4]
 458 0034 3B60     		str	r3, [r7]
 136:Queue.c       ****     }
 137:Queue.c       **** 
 138:Queue.c       ****     return 0;
 459              		.loc 1 138 0
 460 0036 0020     		movs	r0, #0
 461 0038 08E0     		b	.L33
 462              	.LVL53:
 463              	.L37:
 127:Queue.c       ****     }
 464              		.loc 1 127 0
 465 003a 0120     		movs	r0, #1
 466              	.LVL54:
 467 003c 4042     		rsbs	r0, r0, #0
 468 003e 05E0     		b	.L33
 469              	.LVL55:
 470              	.L38:
 471 0040 0120     		movs	r0, #1
 472              	.LVL56:
 473 0042 4042     		rsbs	r0, r0, #0
 474 0044 02E0     		b	.L33
 475              	.LVL57:
 476              	.L39:
 477              		.loc 1 138 0
 478 0046 0020     		movs	r0, #0
ARM GAS  C:\Users\ASUS\AppData\Local\Temp\cctD8iTY.s 			page 12


 479 0048 00E0     		b	.L33
 480              	.L40:
 481 004a 0020     		movs	r0, #0
 482              	.LVL58:
 483              	.L33:
 139:Queue.c       **** }
 484              		.loc 1 139 0
 485              		@ sp needed
 486              	.LVL59:
 487              	.LVL60:
 488              	.LVL61:
 489 004c F8BD     		pop	{r3, r4, r5, r6, r7, pc}
 490              		.cfi_endproc
 491              	.LFE5:
 492              		.size	queue_iterate, .-queue_iterate
 493 004e C046     		.section	.text.queue_length,"ax",%progbits
 494              		.align	2
 495              		.global	queue_length
 496              		.code	16
 497              		.thumb_func
 498              		.type	queue_length, %function
 499              	queue_length:
 500              	.LFB6:
 140:Queue.c       **** 
 141:Queue.c       **** int queue_length(queue_t queue)
 142:Queue.c       **** {
 501              		.loc 1 142 0
 502              		.cfi_startproc
 503              		@ args = 0, pretend = 0, frame = 0
 504              		@ frame_needed = 0, uses_anonymous_args = 0
 505              		@ link register save eliminated.
 506              	.LVL62:
 143:Queue.c       ****     return queue ? queue->size : -1;
 507              		.loc 1 143 0
 508 0000 0028     		cmp	r0, #0
 509 0002 01D0     		beq	.L43
 510              		.loc 1 143 0 is_stmt 0 discriminator 1
 511 0004 8068     		ldr	r0, [r0, #8]
 512              	.LVL63:
 513 0006 01E0     		b	.L42
 514              	.LVL64:
 515              	.L43:
 516              		.loc 1 143 0
 517 0008 0120     		movs	r0, #1
 518              	.LVL65:
 519 000a 4042     		rsbs	r0, r0, #0
 520              	.L42:
 144:Queue.c       **** }
 521              		.loc 1 144 0 is_stmt 1 discriminator 4
 522              		@ sp needed
 523 000c 7047     		bx	lr
 524              		.cfi_endproc
 525              	.LFE6:
 526              		.size	queue_length, .-queue_length
 527 000e C046     		.text
 528              	.Letext0:
 529              		.file 2 "Queue.h"
ARM GAS  C:\Users\ASUS\AppData\Local\Temp\cctD8iTY.s 			page 13


 530              		.file 3 "d:\\program files (x86)\\cypress\\psoc creator\\4.2\\psoc creator\\import\\gnu\\arm\\5.4.
 531              		.section	.debug_info,"",%progbits
 532              	.Ldebug_info0:
 533 0000 6B030000 		.4byte	0x36b
 534 0004 0400     		.2byte	0x4
 535 0006 00000000 		.4byte	.Ldebug_abbrev0
 536 000a 04       		.byte	0x4
 537 000b 01       		.uleb128 0x1
 538 000c 89010000 		.4byte	.LASF36
 539 0010 0C       		.byte	0xc
 540 0011 64010000 		.4byte	.LASF37
 541 0015 C7000000 		.4byte	.LASF38
 542 0019 00000000 		.4byte	.Ldebug_ranges0+0
 543 001d 00000000 		.4byte	0
 544 0021 00000000 		.4byte	.Ldebug_line0
 545 0025 02       		.uleb128 0x2
 546 0026 01       		.byte	0x1
 547 0027 06       		.byte	0x6
 548 0028 1B020000 		.4byte	.LASF0
 549 002c 02       		.uleb128 0x2
 550 002d 01       		.byte	0x1
 551 002e 08       		.byte	0x8
 552 002f 96000000 		.4byte	.LASF1
 553 0033 02       		.uleb128 0x2
 554 0034 02       		.byte	0x2
 555 0035 05       		.byte	0x5
 556 0036 5A010000 		.4byte	.LASF2
 557 003a 02       		.uleb128 0x2
 558 003b 02       		.byte	0x2
 559 003c 07       		.byte	0x7
 560 003d 75000000 		.4byte	.LASF3
 561 0041 02       		.uleb128 0x2
 562 0042 04       		.byte	0x4
 563 0043 05       		.byte	0x5
 564 0044 74010000 		.4byte	.LASF4
 565 0048 02       		.uleb128 0x2
 566 0049 04       		.byte	0x4
 567 004a 07       		.byte	0x7
 568 004b 63000000 		.4byte	.LASF5
 569 004f 02       		.uleb128 0x2
 570 0050 08       		.byte	0x8
 571 0051 05       		.byte	0x5
 572 0052 47010000 		.4byte	.LASF6
 573 0056 02       		.uleb128 0x2
 574 0057 08       		.byte	0x8
 575 0058 07       		.byte	0x7
 576 0059 07010000 		.4byte	.LASF7
 577 005d 03       		.uleb128 0x3
 578 005e 04       		.byte	0x4
 579 005f 05       		.byte	0x5
 580 0060 696E7400 		.ascii	"int\000"
 581 0064 02       		.uleb128 0x2
 582 0065 04       		.byte	0x4
 583 0066 07       		.byte	0x7
 584 0067 F2000000 		.4byte	.LASF8
 585 006b 02       		.uleb128 0x2
 586 006c 08       		.byte	0x8
ARM GAS  C:\Users\ASUS\AppData\Local\Temp\cctD8iTY.s 			page 14


 587 006d 04       		.byte	0x4
 588 006e 7D010000 		.4byte	.LASF9
 589 0072 02       		.uleb128 0x2
 590 0073 04       		.byte	0x4
 591 0074 07       		.byte	0x7
 592 0075 38010000 		.4byte	.LASF10
 593 0079 04       		.uleb128 0x4
 594 007a 04       		.byte	0x4
 595 007b 02       		.uleb128 0x2
 596 007c 01       		.byte	0x1
 597 007d 08       		.byte	0x8
 598 007e 55010000 		.4byte	.LASF11
 599 0082 05       		.uleb128 0x5
 600 0083 FF000000 		.4byte	.LASF19
 601 0087 02       		.byte	0x2
 602 0088 0D       		.byte	0xd
 603 0089 8D000000 		.4byte	0x8d
 604 008d 06       		.uleb128 0x6
 605 008e 04       		.byte	0x4
 606 008f 93000000 		.4byte	0x93
 607 0093 07       		.uleb128 0x7
 608 0094 41010000 		.4byte	.LASF15
 609 0098 0C       		.byte	0xc
 610 0099 02       		.byte	0x2
 611 009a 15       		.byte	0x15
 612 009b C4000000 		.4byte	0xc4
 613 009f 08       		.uleb128 0x8
 614 00a0 17000000 		.4byte	.LASF12
 615 00a4 02       		.byte	0x2
 616 00a5 17       		.byte	0x17
 617 00a6 EF000000 		.4byte	0xef
 618 00aa 00       		.byte	0
 619 00ab 08       		.uleb128 0x8
 620 00ac 27020000 		.4byte	.LASF13
 621 00b0 02       		.byte	0x2
 622 00b1 18       		.byte	0x18
 623 00b2 EF000000 		.4byte	0xef
 624 00b6 04       		.byte	0x4
 625 00b7 08       		.uleb128 0x8
 626 00b8 59000000 		.4byte	.LASF14
 627 00bc 02       		.byte	0x2
 628 00bd 19       		.byte	0x19
 629 00be 5D000000 		.4byte	0x5d
 630 00c2 08       		.byte	0x8
 631 00c3 00       		.byte	0
 632 00c4 07       		.uleb128 0x7
 633 00c5 0D000000 		.4byte	.LASF16
 634 00c9 08       		.byte	0x8
 635 00ca 02       		.byte	0x2
 636 00cb 0F       		.byte	0xf
 637 00cc E9000000 		.4byte	0xe9
 638 00d0 08       		.uleb128 0x8
 639 00d1 3F000000 		.4byte	.LASF17
 640 00d5 02       		.byte	0x2
 641 00d6 11       		.byte	0x11
 642 00d7 5D000000 		.4byte	0x5d
 643 00db 00       		.byte	0
ARM GAS  C:\Users\ASUS\AppData\Local\Temp\cctD8iTY.s 			page 15


 644 00dc 08       		.uleb128 0x8
 645 00dd 12000000 		.4byte	.LASF18
 646 00e1 02       		.byte	0x2
 647 00e2 12       		.byte	0x12
 648 00e3 E9000000 		.4byte	0xe9
 649 00e7 04       		.byte	0x4
 650 00e8 00       		.byte	0
 651 00e9 06       		.uleb128 0x6
 652 00ea 04       		.byte	0x4
 653 00eb C4000000 		.4byte	0xc4
 654 00ef 05       		.uleb128 0x5
 655 00f0 1D000000 		.4byte	.LASF20
 656 00f4 02       		.byte	0x2
 657 00f5 13       		.byte	0x13
 658 00f6 E9000000 		.4byte	0xe9
 659 00fa 05       		.uleb128 0x5
 660 00fb 32000000 		.4byte	.LASF21
 661 00ff 02       		.byte	0x2
 662 0100 5E       		.byte	0x5e
 663 0101 05010000 		.4byte	0x105
 664 0105 06       		.uleb128 0x6
 665 0106 04       		.byte	0x4
 666 0107 0B010000 		.4byte	0x10b
 667 010b 09       		.uleb128 0x9
 668 010c 5D000000 		.4byte	0x5d
 669 0110 1F010000 		.4byte	0x11f
 670 0114 0A       		.uleb128 0xa
 671 0115 79000000 		.4byte	0x79
 672 0119 0A       		.uleb128 0xa
 673 011a 79000000 		.4byte	0x79
 674 011e 00       		.byte	0
 675 011f 0B       		.uleb128 0xb
 676 0120 2B010000 		.4byte	.LASF22
 677 0124 01       		.byte	0x1
 678 0125 07       		.byte	0x7
 679 0126 82000000 		.4byte	0x82
 680 012a 00000000 		.4byte	.LFB0
 681 012e 12000000 		.4byte	.LFE0-.LFB0
 682 0132 01       		.uleb128 0x1
 683 0133 9C       		.byte	0x9c
 684 0134 55010000 		.4byte	0x155
 685 0138 0C       		.uleb128 0xc
 686 0139 41010000 		.4byte	.LASF15
 687 013d 01       		.byte	0x1
 688 013e 09       		.byte	0x9
 689 013f 82000000 		.4byte	0x82
 690 0143 01       		.uleb128 0x1
 691 0144 50       		.byte	0x50
 692 0145 0D       		.uleb128 0xd
 693 0146 08000000 		.4byte	.LVL0
 694 014a 58030000 		.4byte	0x358
 695 014e 0E       		.uleb128 0xe
 696 014f 01       		.uleb128 0x1
 697 0150 50       		.byte	0x50
 698 0151 01       		.uleb128 0x1
 699 0152 3C       		.byte	0x3c
 700 0153 00       		.byte	0
ARM GAS  C:\Users\ASUS\AppData\Local\Temp\cctD8iTY.s 			page 16


 701 0154 00       		.byte	0
 702 0155 0B       		.uleb128 0xb
 703 0156 44000000 		.4byte	.LASF23
 704 015a 01       		.byte	0x1
 705 015b 11       		.byte	0x11
 706 015c 5D000000 		.4byte	0x5d
 707 0160 00000000 		.4byte	.LFB1
 708 0164 20000000 		.4byte	.LFE1-.LFB1
 709 0168 01       		.uleb128 0x1
 710 0169 9C       		.byte	0x9c
 711 016a 8F010000 		.4byte	0x18f
 712 016e 0F       		.uleb128 0xf
 713 016f 41010000 		.4byte	.LASF15
 714 0173 01       		.byte	0x1
 715 0174 11       		.byte	0x11
 716 0175 82000000 		.4byte	0x82
 717 0179 00000000 		.4byte	.LLST0
 718 017d 0D       		.uleb128 0xd
 719 017e 10000000 		.4byte	.LVL2
 720 0182 63030000 		.4byte	0x363
 721 0186 0E       		.uleb128 0xe
 722 0187 01       		.uleb128 0x1
 723 0188 50       		.byte	0x50
 724 0189 03       		.uleb128 0x3
 725 018a F3       		.byte	0xf3
 726 018b 01       		.uleb128 0x1
 727 018c 50       		.byte	0x50
 728 018d 00       		.byte	0
 729 018e 00       		.byte	0
 730 018f 0B       		.uleb128 0xb
 731 0190 88000000 		.4byte	.LASF24
 732 0194 01       		.byte	0x1
 733 0195 1B       		.byte	0x1b
 734 0196 5D000000 		.4byte	0x5d
 735 019a 00000000 		.4byte	.LFB2
 736 019e 48000000 		.4byte	.LFE2-.LFB2
 737 01a2 01       		.uleb128 0x1
 738 01a3 9C       		.byte	0x9c
 739 01a4 E5010000 		.4byte	0x1e5
 740 01a8 0F       		.uleb128 0xf
 741 01a9 41010000 		.4byte	.LASF15
 742 01ad 01       		.byte	0x1
 743 01ae 1B       		.byte	0x1b
 744 01af 82000000 		.4byte	0x82
 745 01b3 3A000000 		.4byte	.LLST1
 746 01b7 0F       		.uleb128 0xf
 747 01b8 3F000000 		.4byte	.LASF17
 748 01bc 01       		.byte	0x1
 749 01bd 1B       		.byte	0x1b
 750 01be 5D000000 		.4byte	0x5d
 751 01c2 92000000 		.4byte	.LLST2
 752 01c6 10       		.uleb128 0x10
 753 01c7 A4000000 		.4byte	.LASF25
 754 01cb 01       		.byte	0x1
 755 01cc 1D       		.byte	0x1d
 756 01cd EF000000 		.4byte	0xef
 757 01d1 D4000000 		.4byte	.LLST3
ARM GAS  C:\Users\ASUS\AppData\Local\Temp\cctD8iTY.s 			page 17


 758 01d5 0D       		.uleb128 0xd
 759 01d6 14000000 		.4byte	.LVL7
 760 01da 58030000 		.4byte	0x358
 761 01de 0E       		.uleb128 0xe
 762 01df 01       		.uleb128 0x1
 763 01e0 50       		.byte	0x50
 764 01e1 01       		.uleb128 0x1
 765 01e2 38       		.byte	0x38
 766 01e3 00       		.byte	0
 767 01e4 00       		.byte	0
 768 01e5 0B       		.uleb128 0xb
 769 01e6 B9000000 		.4byte	.LASF26
 770 01ea 01       		.byte	0x1
 771 01eb 3A       		.byte	0x3a
 772 01ec 5D000000 		.4byte	0x5d
 773 01f0 00000000 		.4byte	.LFB3
 774 01f4 44000000 		.4byte	.LFE3-.LFB3
 775 01f8 01       		.uleb128 0x1
 776 01f9 9C       		.byte	0x9c
 777 01fa 44020000 		.4byte	0x244
 778 01fe 0F       		.uleb128 0xf
 779 01ff 41010000 		.4byte	.LASF15
 780 0203 01       		.byte	0x1
 781 0204 3A       		.byte	0x3a
 782 0205 82000000 		.4byte	0x82
 783 0209 FE000000 		.4byte	.LLST4
 784 020d 0F       		.uleb128 0xf
 785 020e 3F000000 		.4byte	.LASF17
 786 0212 01       		.byte	0x1
 787 0213 3A       		.byte	0x3a
 788 0214 44020000 		.4byte	0x244
 789 0218 6C010000 		.4byte	.LLST5
 790 021c 10       		.uleb128 0x10
 791 021d 52000000 		.4byte	.LASF27
 792 0221 01       		.byte	0x1
 793 0222 3C       		.byte	0x3c
 794 0223 EF000000 		.4byte	0xef
 795 0227 A6010000 		.4byte	.LLST6
 796 022b 10       		.uleb128 0x10
 797 022c 12000000 		.4byte	.LASF18
 798 0230 01       		.byte	0x1
 799 0231 3C       		.byte	0x3c
 800 0232 EF000000 		.4byte	0xef
 801 0236 B9010000 		.4byte	.LLST7
 802 023a 11       		.uleb128 0x11
 803 023b 1C000000 		.4byte	.LVL20
 804 023f 63030000 		.4byte	0x363
 805 0243 00       		.byte	0
 806 0244 06       		.uleb128 0x6
 807 0245 04       		.byte	0x4
 808 0246 5D000000 		.4byte	0x5d
 809 024a 0B       		.uleb128 0xb
 810 024b 00000000 		.4byte	.LASF28
 811 024f 01       		.byte	0x1
 812 0250 51       		.byte	0x51
 813 0251 5D000000 		.4byte	0x5d
 814 0255 00000000 		.4byte	.LFB4
ARM GAS  C:\Users\ASUS\AppData\Local\Temp\cctD8iTY.s 			page 18


 815 0259 64000000 		.4byte	.LFE4-.LFB4
 816 025d 01       		.uleb128 0x1
 817 025e 9C       		.byte	0x9c
 818 025f B8020000 		.4byte	0x2b8
 819 0263 0F       		.uleb128 0xf
 820 0264 41010000 		.4byte	.LASF15
 821 0268 01       		.byte	0x1
 822 0269 51       		.byte	0x51
 823 026a 82000000 		.4byte	0x82
 824 026e D7010000 		.4byte	.LLST8
 825 0272 0F       		.uleb128 0xf
 826 0273 3F000000 		.4byte	.LASF17
 827 0277 01       		.byte	0x1
 828 0278 51       		.byte	0x51
 829 0279 5D000000 		.4byte	0x5d
 830 027d 45020000 		.4byte	.LLST9
 831 0281 10       		.uleb128 0x10
 832 0282 6C010000 		.4byte	.LASF29
 833 0286 01       		.byte	0x1
 834 0287 53       		.byte	0x53
 835 0288 EF000000 		.4byte	0xef
 836 028c 7F020000 		.4byte	.LLST10
 837 0290 10       		.uleb128 0x10
 838 0291 AB000000 		.4byte	.LASF30
 839 0295 01       		.byte	0x1
 840 0296 53       		.byte	0x53
 841 0297 EF000000 		.4byte	0xef
 842 029b B4020000 		.4byte	.LLST11
 843 029f 10       		.uleb128 0x10
 844 02a0 12000000 		.4byte	.LASF18
 845 02a4 01       		.byte	0x1
 846 02a5 53       		.byte	0x53
 847 02a6 EF000000 		.4byte	0xef
 848 02aa E9020000 		.4byte	.LLST12
 849 02ae 11       		.uleb128 0x11
 850 02af 2E000000 		.4byte	.LVL35
 851 02b3 63030000 		.4byte	0x363
 852 02b7 00       		.byte	0
 853 02b8 0B       		.uleb128 0xb
 854 02b9 24000000 		.4byte	.LASF31
 855 02bd 01       		.byte	0x1
 856 02be 75       		.byte	0x75
 857 02bf 5D000000 		.4byte	0x5d
 858 02c3 00000000 		.4byte	.LFB5
 859 02c7 4E000000 		.4byte	.LFE5-.LFB5
 860 02cb 01       		.uleb128 0x1
 861 02cc 9C       		.byte	0x9c
 862 02cd 29030000 		.4byte	0x329
 863 02d1 0F       		.uleb128 0xf
 864 02d2 41010000 		.4byte	.LASF15
 865 02d6 01       		.byte	0x1
 866 02d7 75       		.byte	0x75
 867 02d8 82000000 		.4byte	0x82
 868 02dc 07030000 		.4byte	.LLST13
 869 02e0 0F       		.uleb128 0xf
 870 02e1 B4000000 		.4byte	.LASF32
 871 02e5 01       		.byte	0x1
ARM GAS  C:\Users\ASUS\AppData\Local\Temp\cctD8iTY.s 			page 19


 872 02e6 75       		.byte	0x75
 873 02e7 FA000000 		.4byte	0xfa
 874 02eb 5A030000 		.4byte	.LLST14
 875 02ef 12       		.uleb128 0x12
 876 02f0 61726700 		.ascii	"arg\000"
 877 02f4 01       		.byte	0x1
 878 02f5 75       		.byte	0x75
 879 02f6 79000000 		.4byte	0x79
 880 02fa 9C030000 		.4byte	.LLST15
 881 02fe 0F       		.uleb128 0xf
 882 02ff 3F000000 		.4byte	.LASF17
 883 0303 01       		.byte	0x1
 884 0304 75       		.byte	0x75
 885 0305 29030000 		.4byte	0x329
 886 0309 DE030000 		.4byte	.LLST16
 887 030d 10       		.uleb128 0x10
 888 030e 6C010000 		.4byte	.LASF29
 889 0312 01       		.byte	0x1
 890 0313 77       		.byte	0x77
 891 0314 EF000000 		.4byte	0xef
 892 0318 0A040000 		.4byte	.LLST17
 893 031c 13       		.uleb128 0x13
 894 031d 26000000 		.4byte	.LVL52
 895 0321 0E       		.uleb128 0xe
 896 0322 01       		.uleb128 0x1
 897 0323 51       		.byte	0x51
 898 0324 02       		.uleb128 0x2
 899 0325 76       		.byte	0x76
 900 0326 00       		.sleb128 0
 901 0327 00       		.byte	0
 902 0328 00       		.byte	0
 903 0329 06       		.uleb128 0x6
 904 032a 04       		.byte	0x4
 905 032b 79000000 		.4byte	0x79
 906 032f 0B       		.uleb128 0xb
 907 0330 1E010000 		.4byte	.LASF33
 908 0334 01       		.byte	0x1
 909 0335 8D       		.byte	0x8d
 910 0336 5D000000 		.4byte	0x5d
 911 033a 00000000 		.4byte	.LFB6
 912 033e 0E000000 		.4byte	.LFE6-.LFB6
 913 0342 01       		.uleb128 0x1
 914 0343 9C       		.byte	0x9c
 915 0344 58030000 		.4byte	0x358
 916 0348 0F       		.uleb128 0xf
 917 0349 41010000 		.4byte	.LASF15
 918 034d 01       		.byte	0x1
 919 034e 8D       		.byte	0x8d
 920 034f 82000000 		.4byte	0x82
 921 0353 28040000 		.4byte	.LLST18
 922 0357 00       		.byte	0
 923 0358 14       		.uleb128 0x14
 924 0359 2C020000 		.4byte	.LASF34
 925 035d 2C020000 		.4byte	.LASF34
 926 0361 03       		.byte	0x3
 927 0362 64       		.byte	0x64
 928 0363 14       		.uleb128 0x14
ARM GAS  C:\Users\ASUS\AppData\Local\Temp\cctD8iTY.s 			page 20


 929 0364 5E000000 		.4byte	.LASF35
 930 0368 5E000000 		.4byte	.LASF35
 931 036c 03       		.byte	0x3
 932 036d 59       		.byte	0x59
 933 036e 00       		.byte	0
 934              		.section	.debug_abbrev,"",%progbits
 935              	.Ldebug_abbrev0:
 936 0000 01       		.uleb128 0x1
 937 0001 11       		.uleb128 0x11
 938 0002 01       		.byte	0x1
 939 0003 25       		.uleb128 0x25
 940 0004 0E       		.uleb128 0xe
 941 0005 13       		.uleb128 0x13
 942 0006 0B       		.uleb128 0xb
 943 0007 03       		.uleb128 0x3
 944 0008 0E       		.uleb128 0xe
 945 0009 1B       		.uleb128 0x1b
 946 000a 0E       		.uleb128 0xe
 947 000b 55       		.uleb128 0x55
 948 000c 17       		.uleb128 0x17
 949 000d 11       		.uleb128 0x11
 950 000e 01       		.uleb128 0x1
 951 000f 10       		.uleb128 0x10
 952 0010 17       		.uleb128 0x17
 953 0011 00       		.byte	0
 954 0012 00       		.byte	0
 955 0013 02       		.uleb128 0x2
 956 0014 24       		.uleb128 0x24
 957 0015 00       		.byte	0
 958 0016 0B       		.uleb128 0xb
 959 0017 0B       		.uleb128 0xb
 960 0018 3E       		.uleb128 0x3e
 961 0019 0B       		.uleb128 0xb
 962 001a 03       		.uleb128 0x3
 963 001b 0E       		.uleb128 0xe
 964 001c 00       		.byte	0
 965 001d 00       		.byte	0
 966 001e 03       		.uleb128 0x3
 967 001f 24       		.uleb128 0x24
 968 0020 00       		.byte	0
 969 0021 0B       		.uleb128 0xb
 970 0022 0B       		.uleb128 0xb
 971 0023 3E       		.uleb128 0x3e
 972 0024 0B       		.uleb128 0xb
 973 0025 03       		.uleb128 0x3
 974 0026 08       		.uleb128 0x8
 975 0027 00       		.byte	0
 976 0028 00       		.byte	0
 977 0029 04       		.uleb128 0x4
 978 002a 0F       		.uleb128 0xf
 979 002b 00       		.byte	0
 980 002c 0B       		.uleb128 0xb
 981 002d 0B       		.uleb128 0xb
 982 002e 00       		.byte	0
 983 002f 00       		.byte	0
 984 0030 05       		.uleb128 0x5
 985 0031 16       		.uleb128 0x16
ARM GAS  C:\Users\ASUS\AppData\Local\Temp\cctD8iTY.s 			page 21


 986 0032 00       		.byte	0
 987 0033 03       		.uleb128 0x3
 988 0034 0E       		.uleb128 0xe
 989 0035 3A       		.uleb128 0x3a
 990 0036 0B       		.uleb128 0xb
 991 0037 3B       		.uleb128 0x3b
 992 0038 0B       		.uleb128 0xb
 993 0039 49       		.uleb128 0x49
 994 003a 13       		.uleb128 0x13
 995 003b 00       		.byte	0
 996 003c 00       		.byte	0
 997 003d 06       		.uleb128 0x6
 998 003e 0F       		.uleb128 0xf
 999 003f 00       		.byte	0
 1000 0040 0B       		.uleb128 0xb
 1001 0041 0B       		.uleb128 0xb
 1002 0042 49       		.uleb128 0x49
 1003 0043 13       		.uleb128 0x13
 1004 0044 00       		.byte	0
 1005 0045 00       		.byte	0
 1006 0046 07       		.uleb128 0x7
 1007 0047 13       		.uleb128 0x13
 1008 0048 01       		.byte	0x1
 1009 0049 03       		.uleb128 0x3
 1010 004a 0E       		.uleb128 0xe
 1011 004b 0B       		.uleb128 0xb
 1012 004c 0B       		.uleb128 0xb
 1013 004d 3A       		.uleb128 0x3a
 1014 004e 0B       		.uleb128 0xb
 1015 004f 3B       		.uleb128 0x3b
 1016 0050 0B       		.uleb128 0xb
 1017 0051 01       		.uleb128 0x1
 1018 0052 13       		.uleb128 0x13
 1019 0053 00       		.byte	0
 1020 0054 00       		.byte	0
 1021 0055 08       		.uleb128 0x8
 1022 0056 0D       		.uleb128 0xd
 1023 0057 00       		.byte	0
 1024 0058 03       		.uleb128 0x3
 1025 0059 0E       		.uleb128 0xe
 1026 005a 3A       		.uleb128 0x3a
 1027 005b 0B       		.uleb128 0xb
 1028 005c 3B       		.uleb128 0x3b
 1029 005d 0B       		.uleb128 0xb
 1030 005e 49       		.uleb128 0x49
 1031 005f 13       		.uleb128 0x13
 1032 0060 38       		.uleb128 0x38
 1033 0061 0B       		.uleb128 0xb
 1034 0062 00       		.byte	0
 1035 0063 00       		.byte	0
 1036 0064 09       		.uleb128 0x9
 1037 0065 15       		.uleb128 0x15
 1038 0066 01       		.byte	0x1
 1039 0067 27       		.uleb128 0x27
 1040 0068 19       		.uleb128 0x19
 1041 0069 49       		.uleb128 0x49
 1042 006a 13       		.uleb128 0x13
ARM GAS  C:\Users\ASUS\AppData\Local\Temp\cctD8iTY.s 			page 22


 1043 006b 01       		.uleb128 0x1
 1044 006c 13       		.uleb128 0x13
 1045 006d 00       		.byte	0
 1046 006e 00       		.byte	0
 1047 006f 0A       		.uleb128 0xa
 1048 0070 05       		.uleb128 0x5
 1049 0071 00       		.byte	0
 1050 0072 49       		.uleb128 0x49
 1051 0073 13       		.uleb128 0x13
 1052 0074 00       		.byte	0
 1053 0075 00       		.byte	0
 1054 0076 0B       		.uleb128 0xb
 1055 0077 2E       		.uleb128 0x2e
 1056 0078 01       		.byte	0x1
 1057 0079 3F       		.uleb128 0x3f
 1058 007a 19       		.uleb128 0x19
 1059 007b 03       		.uleb128 0x3
 1060 007c 0E       		.uleb128 0xe
 1061 007d 3A       		.uleb128 0x3a
 1062 007e 0B       		.uleb128 0xb
 1063 007f 3B       		.uleb128 0x3b
 1064 0080 0B       		.uleb128 0xb
 1065 0081 27       		.uleb128 0x27
 1066 0082 19       		.uleb128 0x19
 1067 0083 49       		.uleb128 0x49
 1068 0084 13       		.uleb128 0x13
 1069 0085 11       		.uleb128 0x11
 1070 0086 01       		.uleb128 0x1
 1071 0087 12       		.uleb128 0x12
 1072 0088 06       		.uleb128 0x6
 1073 0089 40       		.uleb128 0x40
 1074 008a 18       		.uleb128 0x18
 1075 008b 9742     		.uleb128 0x2117
 1076 008d 19       		.uleb128 0x19
 1077 008e 01       		.uleb128 0x1
 1078 008f 13       		.uleb128 0x13
 1079 0090 00       		.byte	0
 1080 0091 00       		.byte	0
 1081 0092 0C       		.uleb128 0xc
 1082 0093 34       		.uleb128 0x34
 1083 0094 00       		.byte	0
 1084 0095 03       		.uleb128 0x3
 1085 0096 0E       		.uleb128 0xe
 1086 0097 3A       		.uleb128 0x3a
 1087 0098 0B       		.uleb128 0xb
 1088 0099 3B       		.uleb128 0x3b
 1089 009a 0B       		.uleb128 0xb
 1090 009b 49       		.uleb128 0x49
 1091 009c 13       		.uleb128 0x13
 1092 009d 02       		.uleb128 0x2
 1093 009e 18       		.uleb128 0x18
 1094 009f 00       		.byte	0
 1095 00a0 00       		.byte	0
 1096 00a1 0D       		.uleb128 0xd
 1097 00a2 898201   		.uleb128 0x4109
 1098 00a5 01       		.byte	0x1
 1099 00a6 11       		.uleb128 0x11
ARM GAS  C:\Users\ASUS\AppData\Local\Temp\cctD8iTY.s 			page 23


 1100 00a7 01       		.uleb128 0x1
 1101 00a8 31       		.uleb128 0x31
 1102 00a9 13       		.uleb128 0x13
 1103 00aa 00       		.byte	0
 1104 00ab 00       		.byte	0
 1105 00ac 0E       		.uleb128 0xe
 1106 00ad 8A8201   		.uleb128 0x410a
 1107 00b0 00       		.byte	0
 1108 00b1 02       		.uleb128 0x2
 1109 00b2 18       		.uleb128 0x18
 1110 00b3 9142     		.uleb128 0x2111
 1111 00b5 18       		.uleb128 0x18
 1112 00b6 00       		.byte	0
 1113 00b7 00       		.byte	0
 1114 00b8 0F       		.uleb128 0xf
 1115 00b9 05       		.uleb128 0x5
 1116 00ba 00       		.byte	0
 1117 00bb 03       		.uleb128 0x3
 1118 00bc 0E       		.uleb128 0xe
 1119 00bd 3A       		.uleb128 0x3a
 1120 00be 0B       		.uleb128 0xb
 1121 00bf 3B       		.uleb128 0x3b
 1122 00c0 0B       		.uleb128 0xb
 1123 00c1 49       		.uleb128 0x49
 1124 00c2 13       		.uleb128 0x13
 1125 00c3 02       		.uleb128 0x2
 1126 00c4 17       		.uleb128 0x17
 1127 00c5 00       		.byte	0
 1128 00c6 00       		.byte	0
 1129 00c7 10       		.uleb128 0x10
 1130 00c8 34       		.uleb128 0x34
 1131 00c9 00       		.byte	0
 1132 00ca 03       		.uleb128 0x3
 1133 00cb 0E       		.uleb128 0xe
 1134 00cc 3A       		.uleb128 0x3a
 1135 00cd 0B       		.uleb128 0xb
 1136 00ce 3B       		.uleb128 0x3b
 1137 00cf 0B       		.uleb128 0xb
 1138 00d0 49       		.uleb128 0x49
 1139 00d1 13       		.uleb128 0x13
 1140 00d2 02       		.uleb128 0x2
 1141 00d3 17       		.uleb128 0x17
 1142 00d4 00       		.byte	0
 1143 00d5 00       		.byte	0
 1144 00d6 11       		.uleb128 0x11
 1145 00d7 898201   		.uleb128 0x4109
 1146 00da 00       		.byte	0
 1147 00db 11       		.uleb128 0x11
 1148 00dc 01       		.uleb128 0x1
 1149 00dd 31       		.uleb128 0x31
 1150 00de 13       		.uleb128 0x13
 1151 00df 00       		.byte	0
 1152 00e0 00       		.byte	0
 1153 00e1 12       		.uleb128 0x12
 1154 00e2 05       		.uleb128 0x5
 1155 00e3 00       		.byte	0
 1156 00e4 03       		.uleb128 0x3
ARM GAS  C:\Users\ASUS\AppData\Local\Temp\cctD8iTY.s 			page 24


 1157 00e5 08       		.uleb128 0x8
 1158 00e6 3A       		.uleb128 0x3a
 1159 00e7 0B       		.uleb128 0xb
 1160 00e8 3B       		.uleb128 0x3b
 1161 00e9 0B       		.uleb128 0xb
 1162 00ea 49       		.uleb128 0x49
 1163 00eb 13       		.uleb128 0x13
 1164 00ec 02       		.uleb128 0x2
 1165 00ed 17       		.uleb128 0x17
 1166 00ee 00       		.byte	0
 1167 00ef 00       		.byte	0
 1168 00f0 13       		.uleb128 0x13
 1169 00f1 898201   		.uleb128 0x4109
 1170 00f4 01       		.byte	0x1
 1171 00f5 11       		.uleb128 0x11
 1172 00f6 01       		.uleb128 0x1
 1173 00f7 00       		.byte	0
 1174 00f8 00       		.byte	0
 1175 00f9 14       		.uleb128 0x14
 1176 00fa 2E       		.uleb128 0x2e
 1177 00fb 00       		.byte	0
 1178 00fc 3F       		.uleb128 0x3f
 1179 00fd 19       		.uleb128 0x19
 1180 00fe 3C       		.uleb128 0x3c
 1181 00ff 19       		.uleb128 0x19
 1182 0100 6E       		.uleb128 0x6e
 1183 0101 0E       		.uleb128 0xe
 1184 0102 03       		.uleb128 0x3
 1185 0103 0E       		.uleb128 0xe
 1186 0104 3A       		.uleb128 0x3a
 1187 0105 0B       		.uleb128 0xb
 1188 0106 3B       		.uleb128 0x3b
 1189 0107 0B       		.uleb128 0xb
 1190 0108 00       		.byte	0
 1191 0109 00       		.byte	0
 1192 010a 00       		.byte	0
 1193              		.section	.debug_loc,"",%progbits
 1194              	.Ldebug_loc0:
 1195              	.LLST0:
 1196 0000 00000000 		.4byte	.LVL1
 1197 0004 0F000000 		.4byte	.LVL2-1
 1198 0008 0100     		.2byte	0x1
 1199 000a 50       		.byte	0x50
 1200 000b 0F000000 		.4byte	.LVL2-1
 1201 000f 12000000 		.4byte	.LVL3
 1202 0013 0400     		.2byte	0x4
 1203 0015 F3       		.byte	0xf3
 1204 0016 01       		.uleb128 0x1
 1205 0017 50       		.byte	0x50
 1206 0018 9F       		.byte	0x9f
 1207 0019 12000000 		.4byte	.LVL3
 1208 001d 1C000000 		.4byte	.LVL4
 1209 0021 0100     		.2byte	0x1
 1210 0023 50       		.byte	0x50
 1211 0024 1C000000 		.4byte	.LVL4
 1212 0028 20000000 		.4byte	.LFE1
 1213 002c 0400     		.2byte	0x4
ARM GAS  C:\Users\ASUS\AppData\Local\Temp\cctD8iTY.s 			page 25


 1214 002e F3       		.byte	0xf3
 1215 002f 01       		.uleb128 0x1
 1216 0030 50       		.byte	0x50
 1217 0031 9F       		.byte	0x9f
 1218 0032 00000000 		.4byte	0
 1219 0036 00000000 		.4byte	0
 1220              	.LLST1:
 1221 003a 00000000 		.4byte	.LVL5
 1222 003e 10000000 		.4byte	.LVL6
 1223 0042 0100     		.2byte	0x1
 1224 0044 50       		.byte	0x50
 1225 0045 10000000 		.4byte	.LVL6
 1226 0049 36000000 		.4byte	.LVL9
 1227 004d 0100     		.2byte	0x1
 1228 004f 54       		.byte	0x54
 1229 0050 36000000 		.4byte	.LVL9
 1230 0054 38000000 		.4byte	.LVL10
 1231 0058 0100     		.2byte	0x1
 1232 005a 50       		.byte	0x50
 1233 005b 38000000 		.4byte	.LVL10
 1234 005f 3C000000 		.4byte	.LVL11
 1235 0063 0100     		.2byte	0x1
 1236 0065 54       		.byte	0x54
 1237 0066 3C000000 		.4byte	.LVL11
 1238 006a 3E000000 		.4byte	.LVL12
 1239 006e 0100     		.2byte	0x1
 1240 0070 50       		.byte	0x50
 1241 0071 3E000000 		.4byte	.LVL12
 1242 0075 46000000 		.4byte	.LVL15
 1243 0079 0100     		.2byte	0x1
 1244 007b 54       		.byte	0x54
 1245 007c 46000000 		.4byte	.LVL15
 1246 0080 48000000 		.4byte	.LFE2
 1247 0084 0400     		.2byte	0x4
 1248 0086 F3       		.byte	0xf3
 1249 0087 01       		.uleb128 0x1
 1250 0088 50       		.byte	0x50
 1251 0089 9F       		.byte	0x9f
 1252 008a 00000000 		.4byte	0
 1253 008e 00000000 		.4byte	0
 1254              	.LLST2:
 1255 0092 00000000 		.4byte	.LVL5
 1256 0096 13000000 		.4byte	.LVL7-1
 1257 009a 0100     		.2byte	0x1
 1258 009c 51       		.byte	0x51
 1259 009d 13000000 		.4byte	.LVL7-1
 1260 00a1 36000000 		.4byte	.LVL9
 1261 00a5 0100     		.2byte	0x1
 1262 00a7 55       		.byte	0x55
 1263 00a8 36000000 		.4byte	.LVL9
 1264 00ac 42000000 		.4byte	.LVL13
 1265 00b0 0100     		.2byte	0x1
 1266 00b2 51       		.byte	0x51
 1267 00b3 42000000 		.4byte	.LVL13
 1268 00b7 46000000 		.4byte	.LVL16
 1269 00bb 0100     		.2byte	0x1
 1270 00bd 55       		.byte	0x55
ARM GAS  C:\Users\ASUS\AppData\Local\Temp\cctD8iTY.s 			page 26


 1271 00be 46000000 		.4byte	.LVL16
 1272 00c2 48000000 		.4byte	.LFE2
 1273 00c6 0400     		.2byte	0x4
 1274 00c8 F3       		.byte	0xf3
 1275 00c9 01       		.uleb128 0x1
 1276 00ca 51       		.byte	0x51
 1277 00cb 9F       		.byte	0x9f
 1278 00cc 00000000 		.4byte	0
 1279 00d0 00000000 		.4byte	0
 1280              	.LLST3:
 1281 00d4 14000000 		.4byte	.LVL7
 1282 00d8 34000000 		.4byte	.LVL8
 1283 00dc 0100     		.2byte	0x1
 1284 00de 50       		.byte	0x50
 1285 00df 34000000 		.4byte	.LVL8
 1286 00e3 36000000 		.4byte	.LVL9
 1287 00e7 0200     		.2byte	0x2
 1288 00e9 74       		.byte	0x74
 1289 00ea 04       		.sleb128 4
 1290 00eb 42000000 		.4byte	.LVL13
 1291 00ef 44000000 		.4byte	.LVL14
 1292 00f3 0100     		.2byte	0x1
 1293 00f5 50       		.byte	0x50
 1294 00f6 00000000 		.4byte	0
 1295 00fa 00000000 		.4byte	0
 1296              	.LLST4:
 1297 00fe 00000000 		.4byte	.LVL17
 1298 0102 12000000 		.4byte	.LVL18
 1299 0106 0100     		.2byte	0x1
 1300 0108 50       		.byte	0x50
 1301 0109 12000000 		.4byte	.LVL18
 1302 010d 2E000000 		.4byte	.LVL21
 1303 0111 0100     		.2byte	0x1
 1304 0113 54       		.byte	0x54
 1305 0114 2E000000 		.4byte	.LVL21
 1306 0118 30000000 		.4byte	.LVL22
 1307 011c 0100     		.2byte	0x1
 1308 011e 50       		.byte	0x50
 1309 011f 30000000 		.4byte	.LVL22
 1310 0123 34000000 		.4byte	.LVL23
 1311 0127 0100     		.2byte	0x1
 1312 0129 54       		.byte	0x54
 1313 012a 34000000 		.4byte	.LVL23
 1314 012e 36000000 		.4byte	.LVL24
 1315 0132 0100     		.2byte	0x1
 1316 0134 50       		.byte	0x50
 1317 0135 36000000 		.4byte	.LVL24
 1318 0139 3A000000 		.4byte	.LVL25
 1319 013d 0100     		.2byte	0x1
 1320 013f 54       		.byte	0x54
 1321 0140 3A000000 		.4byte	.LVL25
 1322 0144 3C000000 		.4byte	.LVL26
 1323 0148 0100     		.2byte	0x1
 1324 014a 50       		.byte	0x50
 1325 014b 3C000000 		.4byte	.LVL26
 1326 014f 42000000 		.4byte	.LVL29
 1327 0153 0100     		.2byte	0x1
ARM GAS  C:\Users\ASUS\AppData\Local\Temp\cctD8iTY.s 			page 27


 1328 0155 54       		.byte	0x54
 1329 0156 42000000 		.4byte	.LVL29
 1330 015a 44000000 		.4byte	.LFE3
 1331 015e 0400     		.2byte	0x4
 1332 0160 F3       		.byte	0xf3
 1333 0161 01       		.uleb128 0x1
 1334 0162 50       		.byte	0x50
 1335 0163 9F       		.byte	0x9f
 1336 0164 00000000 		.4byte	0
 1337 0168 00000000 		.4byte	0
 1338              	.LLST5:
 1339 016c 00000000 		.4byte	.LVL17
 1340 0170 1B000000 		.4byte	.LVL20-1
 1341 0174 0100     		.2byte	0x1
 1342 0176 51       		.byte	0x51
 1343 0177 1B000000 		.4byte	.LVL20-1
 1344 017b 2E000000 		.4byte	.LVL21
 1345 017f 0400     		.2byte	0x4
 1346 0181 F3       		.byte	0xf3
 1347 0182 01       		.uleb128 0x1
 1348 0183 51       		.byte	0x51
 1349 0184 9F       		.byte	0x9f
 1350 0185 2E000000 		.4byte	.LVL21
 1351 0189 40000000 		.4byte	.LVL27
 1352 018d 0100     		.2byte	0x1
 1353 018f 51       		.byte	0x51
 1354 0190 40000000 		.4byte	.LVL27
 1355 0194 44000000 		.4byte	.LFE3
 1356 0198 0400     		.2byte	0x4
 1357 019a F3       		.byte	0xf3
 1358 019b 01       		.uleb128 0x1
 1359 019c 51       		.byte	0x51
 1360 019d 9F       		.byte	0x9f
 1361 019e 00000000 		.4byte	0
 1362 01a2 00000000 		.4byte	0
 1363              	.LLST6:
 1364 01a6 12000000 		.4byte	.LVL18
 1365 01aa 1B000000 		.4byte	.LVL20-1
 1366 01ae 0100     		.2byte	0x1
 1367 01b0 50       		.byte	0x50
 1368 01b1 00000000 		.4byte	0
 1369 01b5 00000000 		.4byte	0
 1370              	.LLST7:
 1371 01b9 18000000 		.4byte	.LVL19
 1372 01bd 2E000000 		.4byte	.LVL21
 1373 01c1 0100     		.2byte	0x1
 1374 01c3 55       		.byte	0x55
 1375 01c4 40000000 		.4byte	.LVL27
 1376 01c8 42000000 		.4byte	.LVL28
 1377 01cc 0100     		.2byte	0x1
 1378 01ce 55       		.byte	0x55
 1379 01cf 00000000 		.4byte	0
 1380 01d3 00000000 		.4byte	0
 1381              	.LLST8:
 1382 01d7 00000000 		.4byte	.LVL30
 1383 01db 12000000 		.4byte	.LVL31
 1384 01df 0100     		.2byte	0x1
ARM GAS  C:\Users\ASUS\AppData\Local\Temp\cctD8iTY.s 			page 28


 1385 01e1 50       		.byte	0x50
 1386 01e2 12000000 		.4byte	.LVL31
 1387 01e6 48000000 		.4byte	.LVL36
 1388 01ea 0100     		.2byte	0x1
 1389 01ec 55       		.byte	0x55
 1390 01ed 48000000 		.4byte	.LVL36
 1391 01f1 4A000000 		.4byte	.LVL37
 1392 01f5 0100     		.2byte	0x1
 1393 01f7 50       		.byte	0x50
 1394 01f8 4A000000 		.4byte	.LVL37
 1395 01fc 4E000000 		.4byte	.LVL38
 1396 0200 0100     		.2byte	0x1
 1397 0202 55       		.byte	0x55
 1398 0203 4E000000 		.4byte	.LVL38
 1399 0207 50000000 		.4byte	.LVL39
 1400 020b 0100     		.2byte	0x1
 1401 020d 50       		.byte	0x50
 1402 020e 50000000 		.4byte	.LVL39
 1403 0212 54000000 		.4byte	.LVL40
 1404 0216 0100     		.2byte	0x1
 1405 0218 55       		.byte	0x55
 1406 0219 54000000 		.4byte	.LVL40
 1407 021d 56000000 		.4byte	.LVL41
 1408 0221 0100     		.2byte	0x1
 1409 0223 50       		.byte	0x50
 1410 0224 56000000 		.4byte	.LVL41
 1411 0228 62000000 		.4byte	.LVL46
 1412 022c 0100     		.2byte	0x1
 1413 022e 55       		.byte	0x55
 1414 022f 62000000 		.4byte	.LVL46
 1415 0233 64000000 		.4byte	.LFE4
 1416 0237 0400     		.2byte	0x4
 1417 0239 F3       		.byte	0xf3
 1418 023a 01       		.uleb128 0x1
 1419 023b 50       		.byte	0x50
 1420 023c 9F       		.byte	0x9f
 1421 023d 00000000 		.4byte	0
 1422 0241 00000000 		.4byte	0
 1423              	.LLST9:
 1424 0245 00000000 		.4byte	.LVL30
 1425 0249 2D000000 		.4byte	.LVL35-1
 1426 024d 0100     		.2byte	0x1
 1427 024f 51       		.byte	0x51
 1428 0250 2D000000 		.4byte	.LVL35-1
 1429 0254 48000000 		.4byte	.LVL36
 1430 0258 0400     		.2byte	0x4
 1431 025a F3       		.byte	0xf3
 1432 025b 01       		.uleb128 0x1
 1433 025c 51       		.byte	0x51
 1434 025d 9F       		.byte	0x9f
 1435 025e 48000000 		.4byte	.LVL36
 1436 0262 60000000 		.4byte	.LVL44
 1437 0266 0100     		.2byte	0x1
 1438 0268 51       		.byte	0x51
 1439 0269 60000000 		.4byte	.LVL44
 1440 026d 64000000 		.4byte	.LFE4
 1441 0271 0400     		.2byte	0x4
ARM GAS  C:\Users\ASUS\AppData\Local\Temp\cctD8iTY.s 			page 29


 1442 0273 F3       		.byte	0xf3
 1443 0274 01       		.uleb128 0x1
 1444 0275 51       		.byte	0x51
 1445 0276 9F       		.byte	0x9f
 1446 0277 00000000 		.4byte	0
 1447 027b 00000000 		.4byte	0
 1448              	.LLST10:
 1449 027f 12000000 		.4byte	.LVL31
 1450 0283 16000000 		.4byte	.LVL32
 1451 0287 0100     		.2byte	0x1
 1452 0289 50       		.byte	0x50
 1453 028a 16000000 		.4byte	.LVL32
 1454 028e 1A000000 		.4byte	.LVL33
 1455 0292 0200     		.2byte	0x2
 1456 0294 70       		.byte	0x70
 1457 0295 04       		.sleb128 4
 1458 0296 1A000000 		.4byte	.LVL33
 1459 029a 2D000000 		.4byte	.LVL35-1
 1460 029e 0100     		.2byte	0x1
 1461 02a0 50       		.byte	0x50
 1462 02a1 5A000000 		.4byte	.LVL42
 1463 02a5 5C000000 		.4byte	.LVL43
 1464 02a9 0100     		.2byte	0x1
 1465 02ab 50       		.byte	0x50
 1466 02ac 00000000 		.4byte	0
 1467 02b0 00000000 		.4byte	0
 1468              	.LLST11:
 1469 02b4 12000000 		.4byte	.LVL31
 1470 02b8 16000000 		.4byte	.LVL32
 1471 02bc 0200     		.2byte	0x2
 1472 02be 30       		.byte	0x30
 1473 02bf 9F       		.byte	0x9f
 1474 02c0 16000000 		.4byte	.LVL32
 1475 02c4 1A000000 		.4byte	.LVL33
 1476 02c8 0100     		.2byte	0x1
 1477 02ca 50       		.byte	0x50
 1478 02cb 1A000000 		.4byte	.LVL33
 1479 02cf 48000000 		.4byte	.LVL36
 1480 02d3 0100     		.2byte	0x1
 1481 02d5 54       		.byte	0x54
 1482 02d6 5A000000 		.4byte	.LVL42
 1483 02da 62000000 		.4byte	.LVL45
 1484 02de 0100     		.2byte	0x1
 1485 02e0 54       		.byte	0x54
 1486 02e1 00000000 		.4byte	0
 1487 02e5 00000000 		.4byte	0
 1488              	.LLST12:
 1489 02e9 2A000000 		.4byte	.LVL34
 1490 02ed 48000000 		.4byte	.LVL36
 1491 02f1 0100     		.2byte	0x1
 1492 02f3 56       		.byte	0x56
 1493 02f4 60000000 		.4byte	.LVL44
 1494 02f8 62000000 		.4byte	.LVL45
 1495 02fc 0100     		.2byte	0x1
 1496 02fe 56       		.byte	0x56
 1497 02ff 00000000 		.4byte	0
 1498 0303 00000000 		.4byte	0
ARM GAS  C:\Users\ASUS\AppData\Local\Temp\cctD8iTY.s 			page 30


 1499              	.LLST13:
 1500 0307 00000000 		.4byte	.LVL47
 1501 030b 1A000000 		.4byte	.LVL50
 1502 030f 0100     		.2byte	0x1
 1503 0311 50       		.byte	0x50
 1504 0312 1A000000 		.4byte	.LVL50
 1505 0316 3A000000 		.4byte	.LVL53
 1506 031a 0400     		.2byte	0x4
 1507 031c F3       		.byte	0xf3
 1508 031d 01       		.uleb128 0x1
 1509 031e 50       		.byte	0x50
 1510 031f 9F       		.byte	0x9f
 1511 0320 3A000000 		.4byte	.LVL53
 1512 0324 3C000000 		.4byte	.LVL54
 1513 0328 0100     		.2byte	0x1
 1514 032a 50       		.byte	0x50
 1515 032b 3C000000 		.4byte	.LVL54
 1516 032f 40000000 		.4byte	.LVL55
 1517 0333 0400     		.2byte	0x4
 1518 0335 F3       		.byte	0xf3
 1519 0336 01       		.uleb128 0x1
 1520 0337 50       		.byte	0x50
 1521 0338 9F       		.byte	0x9f
 1522 0339 40000000 		.4byte	.LVL55
 1523 033d 42000000 		.4byte	.LVL56
 1524 0341 0100     		.2byte	0x1
 1525 0343 50       		.byte	0x50
 1526 0344 42000000 		.4byte	.LVL56
 1527 0348 4E000000 		.4byte	.LFE5
 1528 034c 0400     		.2byte	0x4
 1529 034e F3       		.byte	0xf3
 1530 034f 01       		.uleb128 0x1
 1531 0350 50       		.byte	0x50
 1532 0351 9F       		.byte	0x9f
 1533 0352 00000000 		.4byte	0
 1534 0356 00000000 		.4byte	0
 1535              	.LLST14:
 1536 035a 00000000 		.4byte	.LVL47
 1537 035e 1A000000 		.4byte	.LVL50
 1538 0362 0100     		.2byte	0x1
 1539 0364 51       		.byte	0x51
 1540 0365 1A000000 		.4byte	.LVL50
 1541 0369 3A000000 		.4byte	.LVL53
 1542 036d 0100     		.2byte	0x1
 1543 036f 55       		.byte	0x55
 1544 0370 3A000000 		.4byte	.LVL53
 1545 0374 46000000 		.4byte	.LVL57
 1546 0378 0100     		.2byte	0x1
 1547 037a 51       		.byte	0x51
 1548 037b 46000000 		.4byte	.LVL57
 1549 037f 4C000000 		.4byte	.LVL59
 1550 0383 0100     		.2byte	0x1
 1551 0385 55       		.byte	0x55
 1552 0386 4C000000 		.4byte	.LVL59
 1553 038a 4E000000 		.4byte	.LFE5
 1554 038e 0400     		.2byte	0x4
 1555 0390 F3       		.byte	0xf3
ARM GAS  C:\Users\ASUS\AppData\Local\Temp\cctD8iTY.s 			page 31


 1556 0391 01       		.uleb128 0x1
 1557 0392 51       		.byte	0x51
 1558 0393 9F       		.byte	0x9f
 1559 0394 00000000 		.4byte	0
 1560 0398 00000000 		.4byte	0
 1561              	.LLST15:
 1562 039c 00000000 		.4byte	.LVL47
 1563 03a0 1A000000 		.4byte	.LVL50
 1564 03a4 0100     		.2byte	0x1
 1565 03a6 52       		.byte	0x52
 1566 03a7 1A000000 		.4byte	.LVL50
 1567 03ab 3A000000 		.4byte	.LVL53
 1568 03af 0100     		.2byte	0x1
 1569 03b1 56       		.byte	0x56
 1570 03b2 3A000000 		.4byte	.LVL53
 1571 03b6 46000000 		.4byte	.LVL57
 1572 03ba 0100     		.2byte	0x1
 1573 03bc 52       		.byte	0x52
 1574 03bd 46000000 		.4byte	.LVL57
 1575 03c1 4C000000 		.4byte	.LVL60
 1576 03c5 0100     		.2byte	0x1
 1577 03c7 56       		.byte	0x56
 1578 03c8 4C000000 		.4byte	.LVL60
 1579 03cc 4E000000 		.4byte	.LFE5
 1580 03d0 0400     		.2byte	0x4
 1581 03d2 F3       		.byte	0xf3
 1582 03d3 01       		.uleb128 0x1
 1583 03d4 52       		.byte	0x52
 1584 03d5 9F       		.byte	0x9f
 1585 03d6 00000000 		.4byte	0
 1586 03da 00000000 		.4byte	0
 1587              	.LLST16:
 1588 03de 00000000 		.4byte	.LVL47
 1589 03e2 0C000000 		.4byte	.LVL48
 1590 03e6 0100     		.2byte	0x1
 1591 03e8 53       		.byte	0x53
 1592 03e9 0C000000 		.4byte	.LVL48
 1593 03ed 4C000000 		.4byte	.LVL61
 1594 03f1 0100     		.2byte	0x1
 1595 03f3 57       		.byte	0x57
 1596 03f4 4C000000 		.4byte	.LVL61
 1597 03f8 4E000000 		.4byte	.LFE5
 1598 03fc 0400     		.2byte	0x4
 1599 03fe F3       		.byte	0xf3
 1600 03ff 01       		.uleb128 0x1
 1601 0400 53       		.byte	0x53
 1602 0401 9F       		.byte	0x9f
 1603 0402 00000000 		.4byte	0
 1604 0406 00000000 		.4byte	0
 1605              	.LLST17:
 1606 040a 18000000 		.4byte	.LVL49
 1607 040e 3A000000 		.4byte	.LVL53
 1608 0412 0100     		.2byte	0x1
 1609 0414 54       		.byte	0x54
 1610 0415 46000000 		.4byte	.LVL57
 1611 0419 4C000000 		.4byte	.LVL58
 1612 041d 0100     		.2byte	0x1
ARM GAS  C:\Users\ASUS\AppData\Local\Temp\cctD8iTY.s 			page 32


 1613 041f 54       		.byte	0x54
 1614 0420 00000000 		.4byte	0
 1615 0424 00000000 		.4byte	0
 1616              	.LLST18:
 1617 0428 00000000 		.4byte	.LVL62
 1618 042c 06000000 		.4byte	.LVL63
 1619 0430 0100     		.2byte	0x1
 1620 0432 50       		.byte	0x50
 1621 0433 06000000 		.4byte	.LVL63
 1622 0437 08000000 		.4byte	.LVL64
 1623 043b 0400     		.2byte	0x4
 1624 043d F3       		.byte	0xf3
 1625 043e 01       		.uleb128 0x1
 1626 043f 50       		.byte	0x50
 1627 0440 9F       		.byte	0x9f
 1628 0441 08000000 		.4byte	.LVL64
 1629 0445 0A000000 		.4byte	.LVL65
 1630 0449 0100     		.2byte	0x1
 1631 044b 50       		.byte	0x50
 1632 044c 0A000000 		.4byte	.LVL65
 1633 0450 0E000000 		.4byte	.LFE6
 1634 0454 0400     		.2byte	0x4
 1635 0456 F3       		.byte	0xf3
 1636 0457 01       		.uleb128 0x1
 1637 0458 50       		.byte	0x50
 1638 0459 9F       		.byte	0x9f
 1639 045a 00000000 		.4byte	0
 1640 045e 00000000 		.4byte	0
 1641              		.section	.debug_aranges,"",%progbits
 1642 0000 4C000000 		.4byte	0x4c
 1643 0004 0200     		.2byte	0x2
 1644 0006 00000000 		.4byte	.Ldebug_info0
 1645 000a 04       		.byte	0x4
 1646 000b 00       		.byte	0
 1647 000c 0000     		.2byte	0
 1648 000e 0000     		.2byte	0
 1649 0010 00000000 		.4byte	.LFB0
 1650 0014 12000000 		.4byte	.LFE0-.LFB0
 1651 0018 00000000 		.4byte	.LFB1
 1652 001c 20000000 		.4byte	.LFE1-.LFB1
 1653 0020 00000000 		.4byte	.LFB2
 1654 0024 48000000 		.4byte	.LFE2-.LFB2
 1655 0028 00000000 		.4byte	.LFB3
 1656 002c 44000000 		.4byte	.LFE3-.LFB3
 1657 0030 00000000 		.4byte	.LFB4
 1658 0034 64000000 		.4byte	.LFE4-.LFB4
 1659 0038 00000000 		.4byte	.LFB5
 1660 003c 4E000000 		.4byte	.LFE5-.LFB5
 1661 0040 00000000 		.4byte	.LFB6
 1662 0044 0E000000 		.4byte	.LFE6-.LFB6
 1663 0048 00000000 		.4byte	0
 1664 004c 00000000 		.4byte	0
 1665              		.section	.debug_ranges,"",%progbits
 1666              	.Ldebug_ranges0:
 1667 0000 00000000 		.4byte	.LFB0
 1668 0004 12000000 		.4byte	.LFE0
 1669 0008 00000000 		.4byte	.LFB1
ARM GAS  C:\Users\ASUS\AppData\Local\Temp\cctD8iTY.s 			page 33


 1670 000c 20000000 		.4byte	.LFE1
 1671 0010 00000000 		.4byte	.LFB2
 1672 0014 48000000 		.4byte	.LFE2
 1673 0018 00000000 		.4byte	.LFB3
 1674 001c 44000000 		.4byte	.LFE3
 1675 0020 00000000 		.4byte	.LFB4
 1676 0024 64000000 		.4byte	.LFE4
 1677 0028 00000000 		.4byte	.LFB5
 1678 002c 4E000000 		.4byte	.LFE5
 1679 0030 00000000 		.4byte	.LFB6
 1680 0034 0E000000 		.4byte	.LFE6
 1681 0038 00000000 		.4byte	0
 1682 003c 00000000 		.4byte	0
 1683              		.section	.debug_line,"",%progbits
 1684              	.Ldebug_line0:
 1685 0000 AB010000 		.section	.debug_str,"MS",%progbits,1
 1685      02009D00 
 1685      00000201 
 1685      FB0E0D00 
 1685      01010101 
 1686              	.LASF28:
 1687 0000 71756575 		.ascii	"queue_delete\000"
 1687      655F6465 
 1687      6C657465 
 1687      00
 1688              	.LASF16:
 1689 000d 4E6F6465 		.ascii	"Node\000"
 1689      00
 1690              	.LASF18:
 1691 0012 6E657874 		.ascii	"next\000"
 1691      00
 1692              	.LASF12:
 1693 0017 66697273 		.ascii	"first\000"
 1693      7400
 1694              	.LASF20:
 1695 001d 6E6F6465 		.ascii	"node_t\000"
 1695      5F7400
 1696              	.LASF31:
 1697 0024 71756575 		.ascii	"queue_iterate\000"
 1697      655F6974 
 1697      65726174 
 1697      6500
 1698              	.LASF21:
 1699 0032 71756575 		.ascii	"queue_func_t\000"
 1699      655F6675 
 1699      6E635F74 
 1699      00
 1700              	.LASF17:
 1701 003f 64617461 		.ascii	"data\000"
 1701      00
 1702              	.LASF23:
 1703 0044 71756575 		.ascii	"queue_destroy\000"
 1703      655F6465 
 1703      7374726F 
 1703      7900
 1704              	.LASF27:
 1705 0052 706F7070 		.ascii	"popped\000"
ARM GAS  C:\Users\ASUS\AppData\Local\Temp\cctD8iTY.s 			page 34


 1705      656400
 1706              	.LASF14:
 1707 0059 73697A65 		.ascii	"size\000"
 1707      00
 1708              	.LASF35:
 1709 005e 66726565 		.ascii	"free\000"
 1709      00
 1710              	.LASF5:
 1711 0063 6C6F6E67 		.ascii	"long unsigned int\000"
 1711      20756E73 
 1711      69676E65 
 1711      6420696E 
 1711      7400
 1712              	.LASF3:
 1713 0075 73686F72 		.ascii	"short unsigned int\000"
 1713      7420756E 
 1713      7369676E 
 1713      65642069 
 1713      6E7400
 1714              	.LASF24:
 1715 0088 71756575 		.ascii	"queue_enqueue\000"
 1715      655F656E 
 1715      71756575 
 1715      6500
 1716              	.LASF1:
 1717 0096 756E7369 		.ascii	"unsigned char\000"
 1717      676E6564 
 1717      20636861 
 1717      7200
 1718              	.LASF25:
 1719 00a4 70757368 		.ascii	"pushed\000"
 1719      656400
 1720              	.LASF30:
 1721 00ab 70726576 		.ascii	"previous\000"
 1721      696F7573 
 1721      00
 1722              	.LASF32:
 1723 00b4 66756E63 		.ascii	"func\000"
 1723      00
 1724              	.LASF26:
 1725 00b9 71756575 		.ascii	"queue_dequeue\000"
 1725      655F6465 
 1725      71756575 
 1725      6500
 1726              	.LASF38:
 1727 00c7 443A5C44 		.ascii	"D:\\Documents\\Lab2Part3.cydsn\\EasyMoo.cydsn\000"
 1727      6F63756D 
 1727      656E7473 
 1727      5C4C6162 
 1727      32506172 
 1728              	.LASF8:
 1729 00f2 756E7369 		.ascii	"unsigned int\000"
 1729      676E6564 
 1729      20696E74 
 1729      00
 1730              	.LASF19:
 1731 00ff 71756575 		.ascii	"queue_t\000"
ARM GAS  C:\Users\ASUS\AppData\Local\Temp\cctD8iTY.s 			page 35


 1731      655F7400 
 1732              	.LASF7:
 1733 0107 6C6F6E67 		.ascii	"long long unsigned int\000"
 1733      206C6F6E 
 1733      6720756E 
 1733      7369676E 
 1733      65642069 
 1734              	.LASF33:
 1735 011e 71756575 		.ascii	"queue_length\000"
 1735      655F6C65 
 1735      6E677468 
 1735      00
 1736              	.LASF22:
 1737 012b 71756575 		.ascii	"queue_create\000"
 1737      655F6372 
 1737      65617465 
 1737      00
 1738              	.LASF10:
 1739 0138 73697A65 		.ascii	"sizetype\000"
 1739      74797065 
 1739      00
 1740              	.LASF15:
 1741 0141 71756575 		.ascii	"queue\000"
 1741      6500
 1742              	.LASF6:
 1743 0147 6C6F6E67 		.ascii	"long long int\000"
 1743      206C6F6E 
 1743      6720696E 
 1743      7400
 1744              	.LASF11:
 1745 0155 63686172 		.ascii	"char\000"
 1745      00
 1746              	.LASF2:
 1747 015a 73686F72 		.ascii	"short int\000"
 1747      7420696E 
 1747      7400
 1748              	.LASF37:
 1749 0164 51756575 		.ascii	"Queue.c\000"
 1749      652E6300 
 1750              	.LASF29:
 1751 016c 63757272 		.ascii	"current\000"
 1751      656E7400 
 1752              	.LASF4:
 1753 0174 6C6F6E67 		.ascii	"long int\000"
 1753      20696E74 
 1753      00
 1754              	.LASF9:
 1755 017d 6C6F6E67 		.ascii	"long double\000"
 1755      20646F75 
 1755      626C6500 
 1756              	.LASF36:
 1757 0189 474E5520 		.ascii	"GNU C11 5.4.1 20160609 (release) [ARM/embedded-5-br"
 1757      43313120 
 1757      352E342E 
 1757      31203230 
 1757      31363036 
 1758 01bc 616E6368 		.ascii	"anch revision 237715] -mcpu=cortex-m0plus -mthumb -"
ARM GAS  C:\Users\ASUS\AppData\Local\Temp\cctD8iTY.s 			page 36


 1758      20726576 
 1758      6973696F 
 1758      6E203233 
 1758      37373135 
 1759 01ef 67202D4F 		.ascii	"g -Og -ffunction-sections -ffat-lto-objects\000"
 1759      67202D66 
 1759      66756E63 
 1759      74696F6E 
 1759      2D736563 
 1760              	.LASF0:
 1761 021b 7369676E 		.ascii	"signed char\000"
 1761      65642063 
 1761      68617200 
 1762              	.LASF13:
 1763 0227 6C617374 		.ascii	"last\000"
 1763      00
 1764              	.LASF34:
 1765 022c 6D616C6C 		.ascii	"malloc\000"
 1765      6F6300
 1766              		.ident	"GCC: (GNU Tools for ARM Embedded Processors) 5.4.1 20160609 (release) [ARM/embedded-5-bran
