ARM GAS  C:\Users\ASUS\AppData\Local\Temp\ccFk8SYL.s 			page 1


   1              		.syntax unified
   2              		.cpu cortex-m0plus
   3              		.fpu softvfp
   4              		.eabi_attribute 20, 1
   5              		.eabi_attribute 21, 1
   6              		.eabi_attribute 23, 3
   7              		.eabi_attribute 24, 1
   8              		.eabi_attribute 25, 1
   9              		.eabi_attribute 26, 1
  10              		.eabi_attribute 30, 1
  11              		.eabi_attribute 34, 0
  12              		.eabi_attribute 18, 4
  13              		.thumb
  14              		.syntax unified
  15              		.file	"Queue.c"
  16              		.text
  17              	.Ltext0:
  18              		.cfi_sections	.debug_frame
  19              		.section	.text.queue_create,"ax",%progbits
  20              		.align	2
  21              		.global	queue_create
  22              		.code	16
  23              		.thumb_func
  24              		.type	queue_create, %function
  25              	queue_create:
  26              	.LFB0:
  27              		.file 1 "Queue.c"
   1:Queue.c       **** #include <stdint.h>
   2:Queue.c       **** #include <stdlib.h>
   3:Queue.c       **** #include <string.h>
   4:Queue.c       **** 
   5:Queue.c       **** #include "Queue.h"
   6:Queue.c       **** 
   7:Queue.c       **** typedef struct Node
   8:Queue.c       **** {
   9:Queue.c       ****     void *data;
  10:Queue.c       ****     struct Node *next;
  11:Queue.c       **** }*node_t;
  12:Queue.c       **** 
  13:Queue.c       **** struct queue
  14:Queue.c       **** {
  15:Queue.c       ****     node_t first;
  16:Queue.c       ****     node_t last;
  17:Queue.c       ****     int size;
  18:Queue.c       **** };
  19:Queue.c       **** 
  20:Queue.c       **** queue_t queue_create(void)
  21:Queue.c       **** {
  28              		.loc 1 21 0
  29              		.cfi_startproc
  30              		@ args = 0, pretend = 0, frame = 0
  31              		@ frame_needed = 0, uses_anonymous_args = 0
  32 0000 10B5     		push	{r4, lr}
  33              		.cfi_def_cfa_offset 8
  34              		.cfi_offset 4, -8
  35              		.cfi_offset 14, -4
  22:Queue.c       ****     queue_t queue;
ARM GAS  C:\Users\ASUS\AppData\Local\Temp\ccFk8SYL.s 			page 2


  23:Queue.c       **** 
  24:Queue.c       ****     queue = malloc(sizeof(*queue));
  36              		.loc 1 24 0
  37 0002 0C20     		movs	r0, #12
  38 0004 FFF7FEFF 		bl	malloc
  39              	.LVL0:
  25:Queue.c       ****     queue->first = queue->last = NULL;
  40              		.loc 1 25 0
  41 0008 0023     		movs	r3, #0
  42 000a 4360     		str	r3, [r0, #4]
  43 000c 0360     		str	r3, [r0]
  26:Queue.c       ****     queue->size = 0;
  44              		.loc 1 26 0
  45 000e 8360     		str	r3, [r0, #8]
  27:Queue.c       ****     return queue;
  28:Queue.c       **** }
  46              		.loc 1 28 0
  47              		@ sp needed
  48 0010 10BD     		pop	{r4, pc}
  49              		.cfi_endproc
  50              	.LFE0:
  51              		.size	queue_create, .-queue_create
  52 0012 C046     		.section	.text.queue_destroy,"ax",%progbits
  53              		.align	2
  54              		.global	queue_destroy
  55              		.code	16
  56              		.thumb_func
  57              		.type	queue_destroy, %function
  58              	queue_destroy:
  59              	.LFB1:
  29:Queue.c       **** 
  30:Queue.c       **** int queue_destroy(queue_t queue)
  31:Queue.c       **** {
  60              		.loc 1 31 0
  61              		.cfi_startproc
  62              		@ args = 0, pretend = 0, frame = 0
  63              		@ frame_needed = 0, uses_anonymous_args = 0
  64              	.LVL1:
  65 0000 10B5     		push	{r4, lr}
  66              		.cfi_def_cfa_offset 8
  67              		.cfi_offset 4, -8
  68              		.cfi_offset 14, -4
  32:Queue.c       ****     if (!queue  || queue->size != 0)
  69              		.loc 1 32 0
  70 0002 0028     		cmp	r0, #0
  71 0004 05D0     		beq	.L4
  72              		.loc 1 32 0 is_stmt 0 discriminator 1
  73 0006 8468     		ldr	r4, [r0, #8]
  74 0008 002C     		cmp	r4, #0
  75 000a 05D1     		bne	.L5
  33:Queue.c       ****     {
  34:Queue.c       ****         return -1;
  35:Queue.c       ****     }
  36:Queue.c       ****     free(queue);
  76              		.loc 1 36 0 is_stmt 1
  77 000c FFF7FEFF 		bl	free
  78              	.LVL2:
ARM GAS  C:\Users\ASUS\AppData\Local\Temp\ccFk8SYL.s 			page 3


  37:Queue.c       ****     return 0;
  79              		.loc 1 37 0
  80 0010 04E0     		b	.L3
  81              	.LVL3:
  82              	.L4:
  34:Queue.c       ****     }
  83              		.loc 1 34 0
  84 0012 0124     		movs	r4, #1
  85 0014 6442     		rsbs	r4, r4, #0
  86 0016 01E0     		b	.L3
  87              	.L5:
  88 0018 0124     		movs	r4, #1
  89 001a 6442     		rsbs	r4, r4, #0
  90              	.LVL4:
  91              	.L3:
  38:Queue.c       **** }
  92              		.loc 1 38 0
  93 001c 2000     		movs	r0, r4
  94              		@ sp needed
  95 001e 10BD     		pop	{r4, pc}
  96              		.cfi_endproc
  97              	.LFE1:
  98              		.size	queue_destroy, .-queue_destroy
  99              		.section	.text.queue_enqueue,"ax",%progbits
 100              		.align	2
 101              		.global	queue_enqueue
 102              		.code	16
 103              		.thumb_func
 104              		.type	queue_enqueue, %function
 105              	queue_enqueue:
 106              	.LFB2:
  39:Queue.c       **** 
  40:Queue.c       **** int queue_enqueue(queue_t queue, void *data)
  41:Queue.c       **** {
 107              		.loc 1 41 0
 108              		.cfi_startproc
 109              		@ args = 0, pretend = 0, frame = 0
 110              		@ frame_needed = 0, uses_anonymous_args = 0
 111              	.LVL5:
 112 0000 70B5     		push	{r4, r5, r6, lr}
 113              		.cfi_def_cfa_offset 16
 114              		.cfi_offset 4, -16
 115              		.cfi_offset 5, -12
 116              		.cfi_offset 6, -8
 117              		.cfi_offset 14, -4
 118 0002 0400     		movs	r4, r0
 119 0004 0D00     		movs	r5, r1
  42:Queue.c       ****     node_t pushed;
  43:Queue.c       **** 
  44:Queue.c       ****     if (!queue  || !data )
 120              		.loc 1 44 0
 121 0006 0028     		cmp	r0, #0
 122 0008 15D0     		beq	.L10
 123              		.loc 1 44 0 is_stmt 0 discriminator 1
 124 000a 0029     		cmp	r1, #0
 125 000c 16D0     		beq	.L11
  45:Queue.c       ****     {
ARM GAS  C:\Users\ASUS\AppData\Local\Temp\ccFk8SYL.s 			page 4


  46:Queue.c       ****         return -1;
  47:Queue.c       ****     }
  48:Queue.c       **** 
  49:Queue.c       ****     pushed = malloc(sizeof(*pushed));
 126              		.loc 1 49 0 is_stmt 1
 127 000e 0820     		movs	r0, #8
 128              	.LVL6:
 129 0010 FFF7FEFF 		bl	malloc
 130              	.LVL7:
  50:Queue.c       ****     if (!pushed )
 131              		.loc 1 50 0
 132 0014 0028     		cmp	r0, #0
 133 0016 14D0     		beq	.L12
  51:Queue.c       ****     {
  52:Queue.c       ****         return -1;
  53:Queue.c       ****     }
  54:Queue.c       ****     pushed->data = data;
 134              		.loc 1 54 0
 135 0018 0560     		str	r5, [r0]
  55:Queue.c       ****     pushed->next = NULL;
 136              		.loc 1 55 0
 137 001a 0023     		movs	r3, #0
 138 001c 4360     		str	r3, [r0, #4]
  56:Queue.c       **** 
  57:Queue.c       ****     if (queue->last != NULL)
 139              		.loc 1 57 0
 140 001e 6368     		ldr	r3, [r4, #4]
 141 0020 002B     		cmp	r3, #0
 142 0022 01D0     		beq	.L8
  58:Queue.c       ****     {
  59:Queue.c       ****         queue->last->next = pushed;
 143              		.loc 1 59 0
 144 0024 5860     		str	r0, [r3, #4]
 145 0026 00E0     		b	.L9
 146              	.L8:
  60:Queue.c       ****     }
  61:Queue.c       ****     else
  62:Queue.c       ****     {
  63:Queue.c       ****         queue->first = pushed;
 147              		.loc 1 63 0
 148 0028 2060     		str	r0, [r4]
 149              	.L9:
  64:Queue.c       ****     }
  65:Queue.c       **** 
  66:Queue.c       ****     queue->last = pushed;
 150              		.loc 1 66 0
 151 002a 6060     		str	r0, [r4, #4]
  67:Queue.c       ****     queue->size++;
 152              		.loc 1 67 0
 153 002c A368     		ldr	r3, [r4, #8]
 154 002e 0133     		adds	r3, r3, #1
 155 0030 A360     		str	r3, [r4, #8]
  68:Queue.c       ****     return 0;
 156              		.loc 1 68 0
 157 0032 0020     		movs	r0, #0
 158              	.LVL8:
 159 0034 07E0     		b	.L7
ARM GAS  C:\Users\ASUS\AppData\Local\Temp\ccFk8SYL.s 			page 5


 160              	.LVL9:
 161              	.L10:
  46:Queue.c       ****     }
 162              		.loc 1 46 0
 163 0036 0120     		movs	r0, #1
 164              	.LVL10:
 165 0038 4042     		rsbs	r0, r0, #0
 166 003a 04E0     		b	.L7
 167              	.LVL11:
 168              	.L11:
 169 003c 0120     		movs	r0, #1
 170              	.LVL12:
 171 003e 4042     		rsbs	r0, r0, #0
 172 0040 01E0     		b	.L7
 173              	.LVL13:
 174              	.L12:
  52:Queue.c       ****     }
 175              		.loc 1 52 0
 176 0042 0120     		movs	r0, #1
 177              	.LVL14:
 178 0044 4042     		rsbs	r0, r0, #0
 179              	.L7:
  69:Queue.c       **** }
 180              		.loc 1 69 0
 181              		@ sp needed
 182              	.LVL15:
 183              	.LVL16:
 184 0046 70BD     		pop	{r4, r5, r6, pc}
 185              		.cfi_endproc
 186              	.LFE2:
 187              		.size	queue_enqueue, .-queue_enqueue
 188              		.section	.text.queue_dequeue,"ax",%progbits
 189              		.align	2
 190              		.global	queue_dequeue
 191              		.code	16
 192              		.thumb_func
 193              		.type	queue_dequeue, %function
 194              	queue_dequeue:
 195              	.LFB3:
  70:Queue.c       **** 
  71:Queue.c       **** int queue_dequeue(queue_t queue, void **data)
  72:Queue.c       **** {
 196              		.loc 1 72 0
 197              		.cfi_startproc
 198              		@ args = 0, pretend = 0, frame = 0
 199              		@ frame_needed = 0, uses_anonymous_args = 0
 200              	.LVL17:
 201 0000 70B5     		push	{r4, r5, r6, lr}
 202              		.cfi_def_cfa_offset 16
 203              		.cfi_offset 4, -16
 204              		.cfi_offset 5, -12
 205              		.cfi_offset 6, -8
 206              		.cfi_offset 14, -4
 207 0002 041E     		subs	r4, r0, #0
  73:Queue.c       ****     node_t popped, next;
  74:Queue.c       **** 
  75:Queue.c       ****     if (!queue || !data || queue->size == 0)
ARM GAS  C:\Users\ASUS\AppData\Local\Temp\ccFk8SYL.s 			page 6


 208              		.loc 1 75 0
 209 0004 13D0     		beq	.L15
 210              		.loc 1 75 0 is_stmt 0 discriminator 1
 211 0006 0029     		cmp	r1, #0
 212 0008 14D0     		beq	.L16
 213              		.loc 1 75 0 discriminator 2
 214 000a 8368     		ldr	r3, [r0, #8]
 215 000c 002B     		cmp	r3, #0
 216 000e 14D0     		beq	.L17
  76:Queue.c       ****     {
  77:Queue.c       ****         return -1;
  78:Queue.c       ****     }
  79:Queue.c       **** 
  80:Queue.c       ****     popped = queue->first;
 217              		.loc 1 80 0 is_stmt 1
 218 0010 0068     		ldr	r0, [r0]
 219              	.LVL18:
  81:Queue.c       ****     *data = popped->data;
 220              		.loc 1 81 0
 221 0012 0368     		ldr	r3, [r0]
 222 0014 0B60     		str	r3, [r1]
  82:Queue.c       ****     next = popped->next;
 223              		.loc 1 82 0
 224 0016 4568     		ldr	r5, [r0, #4]
 225              	.LVL19:
  83:Queue.c       ****     free(popped);
 226              		.loc 1 83 0
 227 0018 FFF7FEFF 		bl	free
 228              	.LVL20:
  84:Queue.c       **** 
  85:Queue.c       ****     queue->first = next;
 229              		.loc 1 85 0
 230 001c 2560     		str	r5, [r4]
  86:Queue.c       ****     queue->size--;
 231              		.loc 1 86 0
 232 001e A368     		ldr	r3, [r4, #8]
 233 0020 581E     		subs	r0, r3, #1
 234 0022 A060     		str	r0, [r4, #8]
  87:Queue.c       ****     if (queue->size == 0)
 235              		.loc 1 87 0
 236 0024 0028     		cmp	r0, #0
 237 0026 0BD1     		bne	.L18
  88:Queue.c       ****     {
  89:Queue.c       ****         queue->last = NULL;
 238              		.loc 1 89 0
 239 0028 0023     		movs	r3, #0
 240 002a 6360     		str	r3, [r4, #4]
 241 002c 09E0     		b	.L14
 242              	.LVL21:
 243              	.L15:
  77:Queue.c       ****     }
 244              		.loc 1 77 0
 245 002e 0120     		movs	r0, #1
 246              	.LVL22:
 247 0030 4042     		rsbs	r0, r0, #0
 248 0032 06E0     		b	.L14
 249              	.LVL23:
ARM GAS  C:\Users\ASUS\AppData\Local\Temp\ccFk8SYL.s 			page 7


 250              	.L16:
 251 0034 0120     		movs	r0, #1
 252              	.LVL24:
 253 0036 4042     		rsbs	r0, r0, #0
 254 0038 03E0     		b	.L14
 255              	.LVL25:
 256              	.L17:
 257 003a 0120     		movs	r0, #1
 258              	.LVL26:
 259 003c 4042     		rsbs	r0, r0, #0
 260 003e 00E0     		b	.L14
 261              	.LVL27:
 262              	.L18:
  90:Queue.c       ****     }
  91:Queue.c       ****     return 0;
 263              		.loc 1 91 0
 264 0040 0020     		movs	r0, #0
 265              	.LVL28:
 266              	.L14:
  92:Queue.c       **** }
 267              		.loc 1 92 0
 268              		@ sp needed
 269              	.LVL29:
 270 0042 70BD     		pop	{r4, r5, r6, pc}
 271              		.cfi_endproc
 272              	.LFE3:
 273              		.size	queue_dequeue, .-queue_dequeue
 274              		.section	.text.queue_delete,"ax",%progbits
 275              		.align	2
 276              		.global	queue_delete
 277              		.code	16
 278              		.thumb_func
 279              		.type	queue_delete, %function
 280              	queue_delete:
 281              	.LFB4:
  93:Queue.c       **** 
  94:Queue.c       **** int queue_delete(queue_t queue, void *data)
  95:Queue.c       **** {
 282              		.loc 1 95 0
 283              		.cfi_startproc
 284              		@ args = 0, pretend = 0, frame = 0
 285              		@ frame_needed = 0, uses_anonymous_args = 0
 286              	.LVL30:
 287 0000 70B5     		push	{r4, r5, r6, lr}
 288              		.cfi_def_cfa_offset 16
 289              		.cfi_offset 4, -16
 290              		.cfi_offset 5, -12
 291              		.cfi_offset 6, -8
 292              		.cfi_offset 14, -4
 293 0002 051E     		subs	r5, r0, #0
  96:Queue.c       ****     node_t current, previous, next;
  97:Queue.c       **** 
  98:Queue.c       ****     if (!queue  || !data  || queue->size == 0)
 294              		.loc 1 98 0
 295 0004 20D0     		beq	.L26
 296              		.loc 1 98 0 is_stmt 0 discriminator 1
 297 0006 0029     		cmp	r1, #0
ARM GAS  C:\Users\ASUS\AppData\Local\Temp\ccFk8SYL.s 			page 8


 298 0008 21D0     		beq	.L27
 299              		.loc 1 98 0 discriminator 2
 300 000a 8368     		ldr	r3, [r0, #8]
 301 000c 002B     		cmp	r3, #0
 302 000e 21D0     		beq	.L28
  99:Queue.c       ****     {
 100:Queue.c       ****         return -1;
 101:Queue.c       ****     }
 102:Queue.c       **** 
 103:Queue.c       ****     for (current = queue->first, previous = NULL;
 303              		.loc 1 103 0 is_stmt 1
 304 0010 0068     		ldr	r0, [r0]
 305              	.LVL31:
 306 0012 0024     		movs	r4, #0
 307 0014 01E0     		b	.L21
 308              	.LVL32:
 309              	.L23:
 104:Queue.c       ****          current != NULL && current->data != data;
 105:Queue.c       ****          previous = current, current = current->next)
 310              		.loc 1 105 0
 311 0016 0400     		movs	r4, r0
 312 0018 4068     		ldr	r0, [r0, #4]
 313              	.LVL33:
 314              	.L21:
 103:Queue.c       ****          current != NULL && current->data != data;
 315              		.loc 1 103 0 discriminator 1
 316 001a 0028     		cmp	r0, #0
 317 001c 02D0     		beq	.L22
 104:Queue.c       ****          current != NULL && current->data != data;
 318              		.loc 1 104 0
 319 001e 0368     		ldr	r3, [r0]
 320 0020 9942     		cmp	r1, r3
 321 0022 F8D1     		bne	.L23
 322              	.L22:
 106:Queue.c       ****         ;
 107:Queue.c       ****     if (!current )
 323              		.loc 1 107 0
 324 0024 0028     		cmp	r0, #0
 325 0026 18D0     		beq	.L29
 108:Queue.c       ****     {
 109:Queue.c       ****         return -1;
 110:Queue.c       ****     }
 111:Queue.c       ****     next = current->next;
 326              		.loc 1 111 0
 327 0028 4668     		ldr	r6, [r0, #4]
 328              	.LVL34:
 112:Queue.c       ****     free(current);
 329              		.loc 1 112 0
 330 002a FFF7FEFF 		bl	free
 331              	.LVL35:
 113:Queue.c       **** 
 114:Queue.c       ****     if (!previous )
 332              		.loc 1 114 0
 333 002e 002C     		cmp	r4, #0
 334 0030 01D1     		bne	.L24
 115:Queue.c       ****     {
 116:Queue.c       ****         queue->first = next;
ARM GAS  C:\Users\ASUS\AppData\Local\Temp\ccFk8SYL.s 			page 9


 335              		.loc 1 116 0
 336 0032 2E60     		str	r6, [r5]
 337 0034 00E0     		b	.L25
 338              	.L24:
 117:Queue.c       ****     }
 118:Queue.c       ****     else
 119:Queue.c       ****     {
 120:Queue.c       ****         previous->next = next;
 339              		.loc 1 120 0
 340 0036 6660     		str	r6, [r4, #4]
 341              	.L25:
 121:Queue.c       ****     }
 122:Queue.c       ****     queue->size--;
 342              		.loc 1 122 0
 343 0038 AB68     		ldr	r3, [r5, #8]
 344 003a 581E     		subs	r0, r3, #1
 345 003c A860     		str	r0, [r5, #8]
 123:Queue.c       ****     if (queue->size == 0)
 346              		.loc 1 123 0
 347 003e 0028     		cmp	r0, #0
 348 0040 0ED1     		bne	.L30
 124:Queue.c       ****     {
 125:Queue.c       ****         queue->last = NULL;
 349              		.loc 1 125 0
 350 0042 0023     		movs	r3, #0
 351 0044 6B60     		str	r3, [r5, #4]
 352 0046 0CE0     		b	.L20
 353              	.LVL36:
 354              	.L26:
 100:Queue.c       ****     }
 355              		.loc 1 100 0
 356 0048 0120     		movs	r0, #1
 357              	.LVL37:
 358 004a 4042     		rsbs	r0, r0, #0
 359 004c 09E0     		b	.L20
 360              	.LVL38:
 361              	.L27:
 362 004e 0120     		movs	r0, #1
 363              	.LVL39:
 364 0050 4042     		rsbs	r0, r0, #0
 365 0052 06E0     		b	.L20
 366              	.LVL40:
 367              	.L28:
 368 0054 0120     		movs	r0, #1
 369              	.LVL41:
 370 0056 4042     		rsbs	r0, r0, #0
 371 0058 03E0     		b	.L20
 372              	.LVL42:
 373              	.L29:
 109:Queue.c       ****     }
 374              		.loc 1 109 0
 375 005a 0120     		movs	r0, #1
 376              	.LVL43:
 377 005c 4042     		rsbs	r0, r0, #0
 378 005e 00E0     		b	.L20
 379              	.LVL44:
 380              	.L30:
ARM GAS  C:\Users\ASUS\AppData\Local\Temp\ccFk8SYL.s 			page 10


 126:Queue.c       ****     }
 127:Queue.c       ****     return 0;
 381              		.loc 1 127 0
 382 0060 0020     		movs	r0, #0
 383              	.LVL45:
 384              	.L20:
 128:Queue.c       **** }
 385              		.loc 1 128 0
 386              		@ sp needed
 387              	.LVL46:
 388 0062 70BD     		pop	{r4, r5, r6, pc}
 389              		.cfi_endproc
 390              	.LFE4:
 391              		.size	queue_delete, .-queue_delete
 392              		.section	.text.queue_iterate,"ax",%progbits
 393              		.align	2
 394              		.global	queue_iterate
 395              		.code	16
 396              		.thumb_func
 397              		.type	queue_iterate, %function
 398              	queue_iterate:
 399              	.LFB5:
 129:Queue.c       **** 
 130:Queue.c       **** int queue_iterate(queue_t queue, queue_func_t func, void *arg, void **data)
 131:Queue.c       **** {
 400              		.loc 1 131 0
 401              		.cfi_startproc
 402              		@ args = 0, pretend = 0, frame = 0
 403              		@ frame_needed = 0, uses_anonymous_args = 0
 404              	.LVL47:
 405 0000 F8B5     		push	{r3, r4, r5, r6, r7, lr}
 406              		.cfi_def_cfa_offset 24
 407              		.cfi_offset 3, -24
 408              		.cfi_offset 4, -20
 409              		.cfi_offset 5, -16
 410              		.cfi_offset 6, -12
 411              		.cfi_offset 7, -8
 412              		.cfi_offset 14, -4
 413 0002 0D00     		movs	r5, r1
 414 0004 1600     		movs	r6, r2
 415 0006 1F1E     		subs	r7, r3, #0
 132:Queue.c       ****     node_t current;
 133:Queue.c       ****     if (data != NULL)
 416              		.loc 1 133 0
 417 0008 01D0     		beq	.L32
 134:Queue.c       ****     {
 135:Queue.c       ****         *data = NULL;
 418              		.loc 1 135 0
 419 000a 0023     		movs	r3, #0
 420              	.LVL48:
 421 000c 3B60     		str	r3, [r7]
 422              	.L32:
 136:Queue.c       ****     }
 137:Queue.c       **** 
 138:Queue.c       ****     if (!queue  || !func )
 423              		.loc 1 138 0
 424 000e 0028     		cmp	r0, #0
ARM GAS  C:\Users\ASUS\AppData\Local\Temp\ccFk8SYL.s 			page 11


 425 0010 13D0     		beq	.L37
 426              		.loc 1 138 0 is_stmt 0 discriminator 1
 427 0012 002D     		cmp	r5, #0
 428 0014 14D0     		beq	.L38
 139:Queue.c       ****     {
 140:Queue.c       ****         return -1;
 141:Queue.c       ****     }
 142:Queue.c       **** 
 143:Queue.c       ****     for (current = queue->first;
 429              		.loc 1 143 0 is_stmt 1
 430 0016 0468     		ldr	r4, [r0]
 431              	.LVL49:
 432 0018 00E0     		b	.L34
 433              	.LVL50:
 434              	.L36:
 144:Queue.c       ****          current != NULL && func(current->data, arg) != 1;
 145:Queue.c       ****          current = current->next);    
 435              		.loc 1 145 0
 436 001a 6468     		ldr	r4, [r4, #4]
 437              	.LVL51:
 438              	.L34:
 143:Queue.c       ****          current != NULL && func(current->data, arg) != 1;
 439              		.loc 1 143 0 discriminator 1
 440 001c 002C     		cmp	r4, #0
 441 001e 04D0     		beq	.L35
 144:Queue.c       ****          current != NULL && func(current->data, arg) != 1;
 442              		.loc 1 144 0
 443 0020 3100     		movs	r1, r6
 444 0022 2068     		ldr	r0, [r4]
 445 0024 A847     		blx	r5
 446              	.LVL52:
 447 0026 0128     		cmp	r0, #1
 448 0028 F7D1     		bne	.L36
 449              	.L35:
 146:Queue.c       ****     if (current != NULL && data != NULL)
 450              		.loc 1 146 0
 451 002a 002C     		cmp	r4, #0
 452 002c 0BD0     		beq	.L39
 453              		.loc 1 146 0 is_stmt 0 discriminator 1
 454 002e 002F     		cmp	r7, #0
 455 0030 0BD0     		beq	.L40
 147:Queue.c       ****     {
 148:Queue.c       ****         *data = current->data;
 456              		.loc 1 148 0 is_stmt 1
 457 0032 2368     		ldr	r3, [r4]
 458 0034 3B60     		str	r3, [r7]
 149:Queue.c       ****     }
 150:Queue.c       **** 
 151:Queue.c       ****     return 0;
 459              		.loc 1 151 0
 460 0036 0020     		movs	r0, #0
 461 0038 08E0     		b	.L33
 462              	.LVL53:
 463              	.L37:
 140:Queue.c       ****     }
 464              		.loc 1 140 0
 465 003a 0120     		movs	r0, #1
ARM GAS  C:\Users\ASUS\AppData\Local\Temp\ccFk8SYL.s 			page 12


 466              	.LVL54:
 467 003c 4042     		rsbs	r0, r0, #0
 468 003e 05E0     		b	.L33
 469              	.LVL55:
 470              	.L38:
 471 0040 0120     		movs	r0, #1
 472              	.LVL56:
 473 0042 4042     		rsbs	r0, r0, #0
 474 0044 02E0     		b	.L33
 475              	.LVL57:
 476              	.L39:
 477              		.loc 1 151 0
 478 0046 0020     		movs	r0, #0
 479 0048 00E0     		b	.L33
 480              	.L40:
 481 004a 0020     		movs	r0, #0
 482              	.LVL58:
 483              	.L33:
 152:Queue.c       **** }
 484              		.loc 1 152 0
 485              		@ sp needed
 486              	.LVL59:
 487              	.LVL60:
 488              	.LVL61:
 489 004c F8BD     		pop	{r3, r4, r5, r6, r7, pc}
 490              		.cfi_endproc
 491              	.LFE5:
 492              		.size	queue_iterate, .-queue_iterate
 493 004e C046     		.section	.text.queue_length,"ax",%progbits
 494              		.align	2
 495              		.global	queue_length
 496              		.code	16
 497              		.thumb_func
 498              		.type	queue_length, %function
 499              	queue_length:
 500              	.LFB6:
 153:Queue.c       **** 
 154:Queue.c       **** int queue_length(queue_t queue)
 155:Queue.c       **** {
 501              		.loc 1 155 0
 502              		.cfi_startproc
 503              		@ args = 0, pretend = 0, frame = 0
 504              		@ frame_needed = 0, uses_anonymous_args = 0
 505              		@ link register save eliminated.
 506              	.LVL62:
 156:Queue.c       ****     return queue ? queue->size : -1;
 507              		.loc 1 156 0
 508 0000 0028     		cmp	r0, #0
 509 0002 01D0     		beq	.L43
 510              		.loc 1 156 0 is_stmt 0 discriminator 1
 511 0004 8068     		ldr	r0, [r0, #8]
 512              	.LVL63:
 513 0006 01E0     		b	.L42
 514              	.LVL64:
 515              	.L43:
 516              		.loc 1 156 0
 517 0008 0120     		movs	r0, #1
ARM GAS  C:\Users\ASUS\AppData\Local\Temp\ccFk8SYL.s 			page 13


 518              	.LVL65:
 519 000a 4042     		rsbs	r0, r0, #0
 520              	.L42:
 157:Queue.c       **** }
 521              		.loc 1 157 0 is_stmt 1 discriminator 4
 522              		@ sp needed
 523 000c 7047     		bx	lr
 524              		.cfi_endproc
 525              	.LFE6:
 526              		.size	queue_length, .-queue_length
 527 000e C046     		.text
 528              	.Letext0:
 529              		.file 2 "Queue.h"
 530              		.file 3 "d:\\program files (x86)\\cypress\\psoc creator\\4.2\\psoc creator\\import\\gnu\\arm\\5.4.
 531              		.section	.debug_info,"",%progbits
 532              	.Ldebug_info0:
 533 0000 65030000 		.4byte	0x365
 534 0004 0400     		.2byte	0x4
 535 0006 00000000 		.4byte	.Ldebug_abbrev0
 536 000a 04       		.byte	0x4
 537 000b 01       		.uleb128 0x1
 538 000c 89010000 		.4byte	.LASF36
 539 0010 0C       		.byte	0xc
 540 0011 64010000 		.4byte	.LASF37
 541 0015 C7000000 		.4byte	.LASF38
 542 0019 00000000 		.4byte	.Ldebug_ranges0+0
 543 001d 00000000 		.4byte	0
 544 0021 00000000 		.4byte	.Ldebug_line0
 545 0025 02       		.uleb128 0x2
 546 0026 01       		.byte	0x1
 547 0027 06       		.byte	0x6
 548 0028 1B020000 		.4byte	.LASF0
 549 002c 02       		.uleb128 0x2
 550 002d 01       		.byte	0x1
 551 002e 08       		.byte	0x8
 552 002f 96000000 		.4byte	.LASF1
 553 0033 02       		.uleb128 0x2
 554 0034 02       		.byte	0x2
 555 0035 05       		.byte	0x5
 556 0036 5A010000 		.4byte	.LASF2
 557 003a 02       		.uleb128 0x2
 558 003b 02       		.byte	0x2
 559 003c 07       		.byte	0x7
 560 003d 75000000 		.4byte	.LASF3
 561 0041 02       		.uleb128 0x2
 562 0042 04       		.byte	0x4
 563 0043 05       		.byte	0x5
 564 0044 74010000 		.4byte	.LASF4
 565 0048 02       		.uleb128 0x2
 566 0049 04       		.byte	0x4
 567 004a 07       		.byte	0x7
 568 004b 63000000 		.4byte	.LASF5
 569 004f 02       		.uleb128 0x2
 570 0050 08       		.byte	0x8
 571 0051 05       		.byte	0x5
 572 0052 47010000 		.4byte	.LASF6
 573 0056 02       		.uleb128 0x2
ARM GAS  C:\Users\ASUS\AppData\Local\Temp\ccFk8SYL.s 			page 14


 574 0057 08       		.byte	0x8
 575 0058 07       		.byte	0x7
 576 0059 07010000 		.4byte	.LASF7
 577 005d 03       		.uleb128 0x3
 578 005e 04       		.byte	0x4
 579 005f 05       		.byte	0x5
 580 0060 696E7400 		.ascii	"int\000"
 581 0064 02       		.uleb128 0x2
 582 0065 04       		.byte	0x4
 583 0066 07       		.byte	0x7
 584 0067 F2000000 		.4byte	.LASF8
 585 006b 02       		.uleb128 0x2
 586 006c 08       		.byte	0x8
 587 006d 04       		.byte	0x4
 588 006e 7D010000 		.4byte	.LASF9
 589 0072 02       		.uleb128 0x2
 590 0073 04       		.byte	0x4
 591 0074 07       		.byte	0x7
 592 0075 38010000 		.4byte	.LASF10
 593 0079 04       		.uleb128 0x4
 594 007a 04       		.byte	0x4
 595 007b 02       		.uleb128 0x2
 596 007c 01       		.byte	0x1
 597 007d 08       		.byte	0x8
 598 007e 55010000 		.4byte	.LASF11
 599 0082 05       		.uleb128 0x5
 600 0083 FF000000 		.4byte	.LASF15
 601 0087 02       		.byte	0x2
 602 0088 0D       		.byte	0xd
 603 0089 8D000000 		.4byte	0x8d
 604 008d 06       		.uleb128 0x6
 605 008e 04       		.byte	0x4
 606 008f 93000000 		.4byte	0x93
 607 0093 07       		.uleb128 0x7
 608 0094 41010000 		.4byte	.LASF17
 609 0098 0C       		.byte	0xc
 610 0099 01       		.byte	0x1
 611 009a 0D       		.byte	0xd
 612 009b C4000000 		.4byte	0xc4
 613 009f 08       		.uleb128 0x8
 614 00a0 17000000 		.4byte	.LASF12
 615 00a4 01       		.byte	0x1
 616 00a5 0F       		.byte	0xf
 617 00a6 14010000 		.4byte	0x114
 618 00aa 00       		.byte	0
 619 00ab 08       		.uleb128 0x8
 620 00ac 27020000 		.4byte	.LASF13
 621 00b0 01       		.byte	0x1
 622 00b1 10       		.byte	0x10
 623 00b2 14010000 		.4byte	0x114
 624 00b6 04       		.byte	0x4
 625 00b7 08       		.uleb128 0x8
 626 00b8 59000000 		.4byte	.LASF14
 627 00bc 01       		.byte	0x1
 628 00bd 11       		.byte	0x11
 629 00be 5D000000 		.4byte	0x5d
 630 00c2 08       		.byte	0x8
ARM GAS  C:\Users\ASUS\AppData\Local\Temp\ccFk8SYL.s 			page 15


 631 00c3 00       		.byte	0
 632 00c4 05       		.uleb128 0x5
 633 00c5 32000000 		.4byte	.LASF16
 634 00c9 02       		.byte	0x2
 635 00ca 51       		.byte	0x51
 636 00cb CF000000 		.4byte	0xcf
 637 00cf 06       		.uleb128 0x6
 638 00d0 04       		.byte	0x4
 639 00d1 D5000000 		.4byte	0xd5
 640 00d5 09       		.uleb128 0x9
 641 00d6 5D000000 		.4byte	0x5d
 642 00da E9000000 		.4byte	0xe9
 643 00de 0A       		.uleb128 0xa
 644 00df 79000000 		.4byte	0x79
 645 00e3 0A       		.uleb128 0xa
 646 00e4 79000000 		.4byte	0x79
 647 00e8 00       		.byte	0
 648 00e9 07       		.uleb128 0x7
 649 00ea 0D000000 		.4byte	.LASF18
 650 00ee 08       		.byte	0x8
 651 00ef 01       		.byte	0x1
 652 00f0 07       		.byte	0x7
 653 00f1 0E010000 		.4byte	0x10e
 654 00f5 08       		.uleb128 0x8
 655 00f6 3F000000 		.4byte	.LASF19
 656 00fa 01       		.byte	0x1
 657 00fb 09       		.byte	0x9
 658 00fc 79000000 		.4byte	0x79
 659 0100 00       		.byte	0
 660 0101 08       		.uleb128 0x8
 661 0102 12000000 		.4byte	.LASF20
 662 0106 01       		.byte	0x1
 663 0107 0A       		.byte	0xa
 664 0108 0E010000 		.4byte	0x10e
 665 010c 04       		.byte	0x4
 666 010d 00       		.byte	0
 667 010e 06       		.uleb128 0x6
 668 010f 04       		.byte	0x4
 669 0110 E9000000 		.4byte	0xe9
 670 0114 05       		.uleb128 0x5
 671 0115 1D000000 		.4byte	.LASF21
 672 0119 01       		.byte	0x1
 673 011a 0B       		.byte	0xb
 674 011b 0E010000 		.4byte	0x10e
 675 011f 0B       		.uleb128 0xb
 676 0120 2B010000 		.4byte	.LASF22
 677 0124 01       		.byte	0x1
 678 0125 14       		.byte	0x14
 679 0126 82000000 		.4byte	0x82
 680 012a 00000000 		.4byte	.LFB0
 681 012e 12000000 		.4byte	.LFE0-.LFB0
 682 0132 01       		.uleb128 0x1
 683 0133 9C       		.byte	0x9c
 684 0134 55010000 		.4byte	0x155
 685 0138 0C       		.uleb128 0xc
 686 0139 41010000 		.4byte	.LASF17
 687 013d 01       		.byte	0x1
ARM GAS  C:\Users\ASUS\AppData\Local\Temp\ccFk8SYL.s 			page 16


 688 013e 16       		.byte	0x16
 689 013f 82000000 		.4byte	0x82
 690 0143 01       		.uleb128 0x1
 691 0144 50       		.byte	0x50
 692 0145 0D       		.uleb128 0xd
 693 0146 08000000 		.4byte	.LVL0
 694 014a 52030000 		.4byte	0x352
 695 014e 0E       		.uleb128 0xe
 696 014f 01       		.uleb128 0x1
 697 0150 50       		.byte	0x50
 698 0151 01       		.uleb128 0x1
 699 0152 3C       		.byte	0x3c
 700 0153 00       		.byte	0
 701 0154 00       		.byte	0
 702 0155 0B       		.uleb128 0xb
 703 0156 44000000 		.4byte	.LASF23
 704 015a 01       		.byte	0x1
 705 015b 1E       		.byte	0x1e
 706 015c 5D000000 		.4byte	0x5d
 707 0160 00000000 		.4byte	.LFB1
 708 0164 20000000 		.4byte	.LFE1-.LFB1
 709 0168 01       		.uleb128 0x1
 710 0169 9C       		.byte	0x9c
 711 016a 8F010000 		.4byte	0x18f
 712 016e 0F       		.uleb128 0xf
 713 016f 41010000 		.4byte	.LASF17
 714 0173 01       		.byte	0x1
 715 0174 1E       		.byte	0x1e
 716 0175 82000000 		.4byte	0x82
 717 0179 00000000 		.4byte	.LLST0
 718 017d 0D       		.uleb128 0xd
 719 017e 10000000 		.4byte	.LVL2
 720 0182 5D030000 		.4byte	0x35d
 721 0186 0E       		.uleb128 0xe
 722 0187 01       		.uleb128 0x1
 723 0188 50       		.byte	0x50
 724 0189 03       		.uleb128 0x3
 725 018a F3       		.byte	0xf3
 726 018b 01       		.uleb128 0x1
 727 018c 50       		.byte	0x50
 728 018d 00       		.byte	0
 729 018e 00       		.byte	0
 730 018f 0B       		.uleb128 0xb
 731 0190 88000000 		.4byte	.LASF24
 732 0194 01       		.byte	0x1
 733 0195 28       		.byte	0x28
 734 0196 5D000000 		.4byte	0x5d
 735 019a 00000000 		.4byte	.LFB2
 736 019e 48000000 		.4byte	.LFE2-.LFB2
 737 01a2 01       		.uleb128 0x1
 738 01a3 9C       		.byte	0x9c
 739 01a4 E5010000 		.4byte	0x1e5
 740 01a8 0F       		.uleb128 0xf
 741 01a9 41010000 		.4byte	.LASF17
 742 01ad 01       		.byte	0x1
 743 01ae 28       		.byte	0x28
 744 01af 82000000 		.4byte	0x82
ARM GAS  C:\Users\ASUS\AppData\Local\Temp\ccFk8SYL.s 			page 17


 745 01b3 3A000000 		.4byte	.LLST1
 746 01b7 0F       		.uleb128 0xf
 747 01b8 3F000000 		.4byte	.LASF19
 748 01bc 01       		.byte	0x1
 749 01bd 28       		.byte	0x28
 750 01be 79000000 		.4byte	0x79
 751 01c2 92000000 		.4byte	.LLST2
 752 01c6 10       		.uleb128 0x10
 753 01c7 A4000000 		.4byte	.LASF25
 754 01cb 01       		.byte	0x1
 755 01cc 2A       		.byte	0x2a
 756 01cd 14010000 		.4byte	0x114
 757 01d1 D4000000 		.4byte	.LLST3
 758 01d5 0D       		.uleb128 0xd
 759 01d6 14000000 		.4byte	.LVL7
 760 01da 52030000 		.4byte	0x352
 761 01de 0E       		.uleb128 0xe
 762 01df 01       		.uleb128 0x1
 763 01e0 50       		.byte	0x50
 764 01e1 01       		.uleb128 0x1
 765 01e2 38       		.byte	0x38
 766 01e3 00       		.byte	0
 767 01e4 00       		.byte	0
 768 01e5 0B       		.uleb128 0xb
 769 01e6 B9000000 		.4byte	.LASF26
 770 01ea 01       		.byte	0x1
 771 01eb 47       		.byte	0x47
 772 01ec 5D000000 		.4byte	0x5d
 773 01f0 00000000 		.4byte	.LFB3
 774 01f4 44000000 		.4byte	.LFE3-.LFB3
 775 01f8 01       		.uleb128 0x1
 776 01f9 9C       		.byte	0x9c
 777 01fa 44020000 		.4byte	0x244
 778 01fe 0F       		.uleb128 0xf
 779 01ff 41010000 		.4byte	.LASF17
 780 0203 01       		.byte	0x1
 781 0204 47       		.byte	0x47
 782 0205 82000000 		.4byte	0x82
 783 0209 FE000000 		.4byte	.LLST4
 784 020d 0F       		.uleb128 0xf
 785 020e 3F000000 		.4byte	.LASF19
 786 0212 01       		.byte	0x1
 787 0213 47       		.byte	0x47
 788 0214 44020000 		.4byte	0x244
 789 0218 6C010000 		.4byte	.LLST5
 790 021c 10       		.uleb128 0x10
 791 021d 52000000 		.4byte	.LASF27
 792 0221 01       		.byte	0x1
 793 0222 49       		.byte	0x49
 794 0223 14010000 		.4byte	0x114
 795 0227 A6010000 		.4byte	.LLST6
 796 022b 10       		.uleb128 0x10
 797 022c 12000000 		.4byte	.LASF20
 798 0230 01       		.byte	0x1
 799 0231 49       		.byte	0x49
 800 0232 14010000 		.4byte	0x114
 801 0236 B9010000 		.4byte	.LLST7
ARM GAS  C:\Users\ASUS\AppData\Local\Temp\ccFk8SYL.s 			page 18


 802 023a 11       		.uleb128 0x11
 803 023b 1C000000 		.4byte	.LVL20
 804 023f 5D030000 		.4byte	0x35d
 805 0243 00       		.byte	0
 806 0244 06       		.uleb128 0x6
 807 0245 04       		.byte	0x4
 808 0246 79000000 		.4byte	0x79
 809 024a 0B       		.uleb128 0xb
 810 024b 00000000 		.4byte	.LASF28
 811 024f 01       		.byte	0x1
 812 0250 5E       		.byte	0x5e
 813 0251 5D000000 		.4byte	0x5d
 814 0255 00000000 		.4byte	.LFB4
 815 0259 64000000 		.4byte	.LFE4-.LFB4
 816 025d 01       		.uleb128 0x1
 817 025e 9C       		.byte	0x9c
 818 025f B8020000 		.4byte	0x2b8
 819 0263 0F       		.uleb128 0xf
 820 0264 41010000 		.4byte	.LASF17
 821 0268 01       		.byte	0x1
 822 0269 5E       		.byte	0x5e
 823 026a 82000000 		.4byte	0x82
 824 026e D7010000 		.4byte	.LLST8
 825 0272 0F       		.uleb128 0xf
 826 0273 3F000000 		.4byte	.LASF19
 827 0277 01       		.byte	0x1
 828 0278 5E       		.byte	0x5e
 829 0279 79000000 		.4byte	0x79
 830 027d 45020000 		.4byte	.LLST9
 831 0281 10       		.uleb128 0x10
 832 0282 6C010000 		.4byte	.LASF29
 833 0286 01       		.byte	0x1
 834 0287 60       		.byte	0x60
 835 0288 14010000 		.4byte	0x114
 836 028c 7F020000 		.4byte	.LLST10
 837 0290 10       		.uleb128 0x10
 838 0291 AB000000 		.4byte	.LASF30
 839 0295 01       		.byte	0x1
 840 0296 60       		.byte	0x60
 841 0297 14010000 		.4byte	0x114
 842 029b B4020000 		.4byte	.LLST11
 843 029f 10       		.uleb128 0x10
 844 02a0 12000000 		.4byte	.LASF20
 845 02a4 01       		.byte	0x1
 846 02a5 60       		.byte	0x60
 847 02a6 14010000 		.4byte	0x114
 848 02aa E9020000 		.4byte	.LLST12
 849 02ae 11       		.uleb128 0x11
 850 02af 2E000000 		.4byte	.LVL35
 851 02b3 5D030000 		.4byte	0x35d
 852 02b7 00       		.byte	0
 853 02b8 0B       		.uleb128 0xb
 854 02b9 24000000 		.4byte	.LASF31
 855 02bd 01       		.byte	0x1
 856 02be 82       		.byte	0x82
 857 02bf 5D000000 		.4byte	0x5d
 858 02c3 00000000 		.4byte	.LFB5
ARM GAS  C:\Users\ASUS\AppData\Local\Temp\ccFk8SYL.s 			page 19


 859 02c7 4E000000 		.4byte	.LFE5-.LFB5
 860 02cb 01       		.uleb128 0x1
 861 02cc 9C       		.byte	0x9c
 862 02cd 29030000 		.4byte	0x329
 863 02d1 0F       		.uleb128 0xf
 864 02d2 41010000 		.4byte	.LASF17
 865 02d6 01       		.byte	0x1
 866 02d7 82       		.byte	0x82
 867 02d8 82000000 		.4byte	0x82
 868 02dc 07030000 		.4byte	.LLST13
 869 02e0 0F       		.uleb128 0xf
 870 02e1 B4000000 		.4byte	.LASF32
 871 02e5 01       		.byte	0x1
 872 02e6 82       		.byte	0x82
 873 02e7 C4000000 		.4byte	0xc4
 874 02eb 5A030000 		.4byte	.LLST14
 875 02ef 12       		.uleb128 0x12
 876 02f0 61726700 		.ascii	"arg\000"
 877 02f4 01       		.byte	0x1
 878 02f5 82       		.byte	0x82
 879 02f6 79000000 		.4byte	0x79
 880 02fa 9C030000 		.4byte	.LLST15
 881 02fe 0F       		.uleb128 0xf
 882 02ff 3F000000 		.4byte	.LASF19
 883 0303 01       		.byte	0x1
 884 0304 82       		.byte	0x82
 885 0305 44020000 		.4byte	0x244
 886 0309 DE030000 		.4byte	.LLST16
 887 030d 10       		.uleb128 0x10
 888 030e 6C010000 		.4byte	.LASF29
 889 0312 01       		.byte	0x1
 890 0313 84       		.byte	0x84
 891 0314 14010000 		.4byte	0x114
 892 0318 0A040000 		.4byte	.LLST17
 893 031c 13       		.uleb128 0x13
 894 031d 26000000 		.4byte	.LVL52
 895 0321 0E       		.uleb128 0xe
 896 0322 01       		.uleb128 0x1
 897 0323 51       		.byte	0x51
 898 0324 02       		.uleb128 0x2
 899 0325 76       		.byte	0x76
 900 0326 00       		.sleb128 0
 901 0327 00       		.byte	0
 902 0328 00       		.byte	0
 903 0329 0B       		.uleb128 0xb
 904 032a 1E010000 		.4byte	.LASF33
 905 032e 01       		.byte	0x1
 906 032f 9A       		.byte	0x9a
 907 0330 5D000000 		.4byte	0x5d
 908 0334 00000000 		.4byte	.LFB6
 909 0338 0E000000 		.4byte	.LFE6-.LFB6
 910 033c 01       		.uleb128 0x1
 911 033d 9C       		.byte	0x9c
 912 033e 52030000 		.4byte	0x352
 913 0342 0F       		.uleb128 0xf
 914 0343 41010000 		.4byte	.LASF17
 915 0347 01       		.byte	0x1
ARM GAS  C:\Users\ASUS\AppData\Local\Temp\ccFk8SYL.s 			page 20


 916 0348 9A       		.byte	0x9a
 917 0349 82000000 		.4byte	0x82
 918 034d 28040000 		.4byte	.LLST18
 919 0351 00       		.byte	0
 920 0352 14       		.uleb128 0x14
 921 0353 2C020000 		.4byte	.LASF34
 922 0357 2C020000 		.4byte	.LASF34
 923 035b 03       		.byte	0x3
 924 035c 64       		.byte	0x64
 925 035d 14       		.uleb128 0x14
 926 035e 5E000000 		.4byte	.LASF35
 927 0362 5E000000 		.4byte	.LASF35
 928 0366 03       		.byte	0x3
 929 0367 59       		.byte	0x59
 930 0368 00       		.byte	0
 931              		.section	.debug_abbrev,"",%progbits
 932              	.Ldebug_abbrev0:
 933 0000 01       		.uleb128 0x1
 934 0001 11       		.uleb128 0x11
 935 0002 01       		.byte	0x1
 936 0003 25       		.uleb128 0x25
 937 0004 0E       		.uleb128 0xe
 938 0005 13       		.uleb128 0x13
 939 0006 0B       		.uleb128 0xb
 940 0007 03       		.uleb128 0x3
 941 0008 0E       		.uleb128 0xe
 942 0009 1B       		.uleb128 0x1b
 943 000a 0E       		.uleb128 0xe
 944 000b 55       		.uleb128 0x55
 945 000c 17       		.uleb128 0x17
 946 000d 11       		.uleb128 0x11
 947 000e 01       		.uleb128 0x1
 948 000f 10       		.uleb128 0x10
 949 0010 17       		.uleb128 0x17
 950 0011 00       		.byte	0
 951 0012 00       		.byte	0
 952 0013 02       		.uleb128 0x2
 953 0014 24       		.uleb128 0x24
 954 0015 00       		.byte	0
 955 0016 0B       		.uleb128 0xb
 956 0017 0B       		.uleb128 0xb
 957 0018 3E       		.uleb128 0x3e
 958 0019 0B       		.uleb128 0xb
 959 001a 03       		.uleb128 0x3
 960 001b 0E       		.uleb128 0xe
 961 001c 00       		.byte	0
 962 001d 00       		.byte	0
 963 001e 03       		.uleb128 0x3
 964 001f 24       		.uleb128 0x24
 965 0020 00       		.byte	0
 966 0021 0B       		.uleb128 0xb
 967 0022 0B       		.uleb128 0xb
 968 0023 3E       		.uleb128 0x3e
 969 0024 0B       		.uleb128 0xb
 970 0025 03       		.uleb128 0x3
 971 0026 08       		.uleb128 0x8
 972 0027 00       		.byte	0
ARM GAS  C:\Users\ASUS\AppData\Local\Temp\ccFk8SYL.s 			page 21


 973 0028 00       		.byte	0
 974 0029 04       		.uleb128 0x4
 975 002a 0F       		.uleb128 0xf
 976 002b 00       		.byte	0
 977 002c 0B       		.uleb128 0xb
 978 002d 0B       		.uleb128 0xb
 979 002e 00       		.byte	0
 980 002f 00       		.byte	0
 981 0030 05       		.uleb128 0x5
 982 0031 16       		.uleb128 0x16
 983 0032 00       		.byte	0
 984 0033 03       		.uleb128 0x3
 985 0034 0E       		.uleb128 0xe
 986 0035 3A       		.uleb128 0x3a
 987 0036 0B       		.uleb128 0xb
 988 0037 3B       		.uleb128 0x3b
 989 0038 0B       		.uleb128 0xb
 990 0039 49       		.uleb128 0x49
 991 003a 13       		.uleb128 0x13
 992 003b 00       		.byte	0
 993 003c 00       		.byte	0
 994 003d 06       		.uleb128 0x6
 995 003e 0F       		.uleb128 0xf
 996 003f 00       		.byte	0
 997 0040 0B       		.uleb128 0xb
 998 0041 0B       		.uleb128 0xb
 999 0042 49       		.uleb128 0x49
 1000 0043 13       		.uleb128 0x13
 1001 0044 00       		.byte	0
 1002 0045 00       		.byte	0
 1003 0046 07       		.uleb128 0x7
 1004 0047 13       		.uleb128 0x13
 1005 0048 01       		.byte	0x1
 1006 0049 03       		.uleb128 0x3
 1007 004a 0E       		.uleb128 0xe
 1008 004b 0B       		.uleb128 0xb
 1009 004c 0B       		.uleb128 0xb
 1010 004d 3A       		.uleb128 0x3a
 1011 004e 0B       		.uleb128 0xb
 1012 004f 3B       		.uleb128 0x3b
 1013 0050 0B       		.uleb128 0xb
 1014 0051 01       		.uleb128 0x1
 1015 0052 13       		.uleb128 0x13
 1016 0053 00       		.byte	0
 1017 0054 00       		.byte	0
 1018 0055 08       		.uleb128 0x8
 1019 0056 0D       		.uleb128 0xd
 1020 0057 00       		.byte	0
 1021 0058 03       		.uleb128 0x3
 1022 0059 0E       		.uleb128 0xe
 1023 005a 3A       		.uleb128 0x3a
 1024 005b 0B       		.uleb128 0xb
 1025 005c 3B       		.uleb128 0x3b
 1026 005d 0B       		.uleb128 0xb
 1027 005e 49       		.uleb128 0x49
 1028 005f 13       		.uleb128 0x13
 1029 0060 38       		.uleb128 0x38
ARM GAS  C:\Users\ASUS\AppData\Local\Temp\ccFk8SYL.s 			page 22


 1030 0061 0B       		.uleb128 0xb
 1031 0062 00       		.byte	0
 1032 0063 00       		.byte	0
 1033 0064 09       		.uleb128 0x9
 1034 0065 15       		.uleb128 0x15
 1035 0066 01       		.byte	0x1
 1036 0067 27       		.uleb128 0x27
 1037 0068 19       		.uleb128 0x19
 1038 0069 49       		.uleb128 0x49
 1039 006a 13       		.uleb128 0x13
 1040 006b 01       		.uleb128 0x1
 1041 006c 13       		.uleb128 0x13
 1042 006d 00       		.byte	0
 1043 006e 00       		.byte	0
 1044 006f 0A       		.uleb128 0xa
 1045 0070 05       		.uleb128 0x5
 1046 0071 00       		.byte	0
 1047 0072 49       		.uleb128 0x49
 1048 0073 13       		.uleb128 0x13
 1049 0074 00       		.byte	0
 1050 0075 00       		.byte	0
 1051 0076 0B       		.uleb128 0xb
 1052 0077 2E       		.uleb128 0x2e
 1053 0078 01       		.byte	0x1
 1054 0079 3F       		.uleb128 0x3f
 1055 007a 19       		.uleb128 0x19
 1056 007b 03       		.uleb128 0x3
 1057 007c 0E       		.uleb128 0xe
 1058 007d 3A       		.uleb128 0x3a
 1059 007e 0B       		.uleb128 0xb
 1060 007f 3B       		.uleb128 0x3b
 1061 0080 0B       		.uleb128 0xb
 1062 0081 27       		.uleb128 0x27
 1063 0082 19       		.uleb128 0x19
 1064 0083 49       		.uleb128 0x49
 1065 0084 13       		.uleb128 0x13
 1066 0085 11       		.uleb128 0x11
 1067 0086 01       		.uleb128 0x1
 1068 0087 12       		.uleb128 0x12
 1069 0088 06       		.uleb128 0x6
 1070 0089 40       		.uleb128 0x40
 1071 008a 18       		.uleb128 0x18
 1072 008b 9742     		.uleb128 0x2117
 1073 008d 19       		.uleb128 0x19
 1074 008e 01       		.uleb128 0x1
 1075 008f 13       		.uleb128 0x13
 1076 0090 00       		.byte	0
 1077 0091 00       		.byte	0
 1078 0092 0C       		.uleb128 0xc
 1079 0093 34       		.uleb128 0x34
 1080 0094 00       		.byte	0
 1081 0095 03       		.uleb128 0x3
 1082 0096 0E       		.uleb128 0xe
 1083 0097 3A       		.uleb128 0x3a
 1084 0098 0B       		.uleb128 0xb
 1085 0099 3B       		.uleb128 0x3b
 1086 009a 0B       		.uleb128 0xb
ARM GAS  C:\Users\ASUS\AppData\Local\Temp\ccFk8SYL.s 			page 23


 1087 009b 49       		.uleb128 0x49
 1088 009c 13       		.uleb128 0x13
 1089 009d 02       		.uleb128 0x2
 1090 009e 18       		.uleb128 0x18
 1091 009f 00       		.byte	0
 1092 00a0 00       		.byte	0
 1093 00a1 0D       		.uleb128 0xd
 1094 00a2 898201   		.uleb128 0x4109
 1095 00a5 01       		.byte	0x1
 1096 00a6 11       		.uleb128 0x11
 1097 00a7 01       		.uleb128 0x1
 1098 00a8 31       		.uleb128 0x31
 1099 00a9 13       		.uleb128 0x13
 1100 00aa 00       		.byte	0
 1101 00ab 00       		.byte	0
 1102 00ac 0E       		.uleb128 0xe
 1103 00ad 8A8201   		.uleb128 0x410a
 1104 00b0 00       		.byte	0
 1105 00b1 02       		.uleb128 0x2
 1106 00b2 18       		.uleb128 0x18
 1107 00b3 9142     		.uleb128 0x2111
 1108 00b5 18       		.uleb128 0x18
 1109 00b6 00       		.byte	0
 1110 00b7 00       		.byte	0
 1111 00b8 0F       		.uleb128 0xf
 1112 00b9 05       		.uleb128 0x5
 1113 00ba 00       		.byte	0
 1114 00bb 03       		.uleb128 0x3
 1115 00bc 0E       		.uleb128 0xe
 1116 00bd 3A       		.uleb128 0x3a
 1117 00be 0B       		.uleb128 0xb
 1118 00bf 3B       		.uleb128 0x3b
 1119 00c0 0B       		.uleb128 0xb
 1120 00c1 49       		.uleb128 0x49
 1121 00c2 13       		.uleb128 0x13
 1122 00c3 02       		.uleb128 0x2
 1123 00c4 17       		.uleb128 0x17
 1124 00c5 00       		.byte	0
 1125 00c6 00       		.byte	0
 1126 00c7 10       		.uleb128 0x10
 1127 00c8 34       		.uleb128 0x34
 1128 00c9 00       		.byte	0
 1129 00ca 03       		.uleb128 0x3
 1130 00cb 0E       		.uleb128 0xe
 1131 00cc 3A       		.uleb128 0x3a
 1132 00cd 0B       		.uleb128 0xb
 1133 00ce 3B       		.uleb128 0x3b
 1134 00cf 0B       		.uleb128 0xb
 1135 00d0 49       		.uleb128 0x49
 1136 00d1 13       		.uleb128 0x13
 1137 00d2 02       		.uleb128 0x2
 1138 00d3 17       		.uleb128 0x17
 1139 00d4 00       		.byte	0
 1140 00d5 00       		.byte	0
 1141 00d6 11       		.uleb128 0x11
 1142 00d7 898201   		.uleb128 0x4109
 1143 00da 00       		.byte	0
ARM GAS  C:\Users\ASUS\AppData\Local\Temp\ccFk8SYL.s 			page 24


 1144 00db 11       		.uleb128 0x11
 1145 00dc 01       		.uleb128 0x1
 1146 00dd 31       		.uleb128 0x31
 1147 00de 13       		.uleb128 0x13
 1148 00df 00       		.byte	0
 1149 00e0 00       		.byte	0
 1150 00e1 12       		.uleb128 0x12
 1151 00e2 05       		.uleb128 0x5
 1152 00e3 00       		.byte	0
 1153 00e4 03       		.uleb128 0x3
 1154 00e5 08       		.uleb128 0x8
 1155 00e6 3A       		.uleb128 0x3a
 1156 00e7 0B       		.uleb128 0xb
 1157 00e8 3B       		.uleb128 0x3b
 1158 00e9 0B       		.uleb128 0xb
 1159 00ea 49       		.uleb128 0x49
 1160 00eb 13       		.uleb128 0x13
 1161 00ec 02       		.uleb128 0x2
 1162 00ed 17       		.uleb128 0x17
 1163 00ee 00       		.byte	0
 1164 00ef 00       		.byte	0
 1165 00f0 13       		.uleb128 0x13
 1166 00f1 898201   		.uleb128 0x4109
 1167 00f4 01       		.byte	0x1
 1168 00f5 11       		.uleb128 0x11
 1169 00f6 01       		.uleb128 0x1
 1170 00f7 00       		.byte	0
 1171 00f8 00       		.byte	0
 1172 00f9 14       		.uleb128 0x14
 1173 00fa 2E       		.uleb128 0x2e
 1174 00fb 00       		.byte	0
 1175 00fc 3F       		.uleb128 0x3f
 1176 00fd 19       		.uleb128 0x19
 1177 00fe 3C       		.uleb128 0x3c
 1178 00ff 19       		.uleb128 0x19
 1179 0100 6E       		.uleb128 0x6e
 1180 0101 0E       		.uleb128 0xe
 1181 0102 03       		.uleb128 0x3
 1182 0103 0E       		.uleb128 0xe
 1183 0104 3A       		.uleb128 0x3a
 1184 0105 0B       		.uleb128 0xb
 1185 0106 3B       		.uleb128 0x3b
 1186 0107 0B       		.uleb128 0xb
 1187 0108 00       		.byte	0
 1188 0109 00       		.byte	0
 1189 010a 00       		.byte	0
 1190              		.section	.debug_loc,"",%progbits
 1191              	.Ldebug_loc0:
 1192              	.LLST0:
 1193 0000 00000000 		.4byte	.LVL1
 1194 0004 0F000000 		.4byte	.LVL2-1
 1195 0008 0100     		.2byte	0x1
 1196 000a 50       		.byte	0x50
 1197 000b 0F000000 		.4byte	.LVL2-1
 1198 000f 12000000 		.4byte	.LVL3
 1199 0013 0400     		.2byte	0x4
 1200 0015 F3       		.byte	0xf3
ARM GAS  C:\Users\ASUS\AppData\Local\Temp\ccFk8SYL.s 			page 25


 1201 0016 01       		.uleb128 0x1
 1202 0017 50       		.byte	0x50
 1203 0018 9F       		.byte	0x9f
 1204 0019 12000000 		.4byte	.LVL3
 1205 001d 1C000000 		.4byte	.LVL4
 1206 0021 0100     		.2byte	0x1
 1207 0023 50       		.byte	0x50
 1208 0024 1C000000 		.4byte	.LVL4
 1209 0028 20000000 		.4byte	.LFE1
 1210 002c 0400     		.2byte	0x4
 1211 002e F3       		.byte	0xf3
 1212 002f 01       		.uleb128 0x1
 1213 0030 50       		.byte	0x50
 1214 0031 9F       		.byte	0x9f
 1215 0032 00000000 		.4byte	0
 1216 0036 00000000 		.4byte	0
 1217              	.LLST1:
 1218 003a 00000000 		.4byte	.LVL5
 1219 003e 10000000 		.4byte	.LVL6
 1220 0042 0100     		.2byte	0x1
 1221 0044 50       		.byte	0x50
 1222 0045 10000000 		.4byte	.LVL6
 1223 0049 36000000 		.4byte	.LVL9
 1224 004d 0100     		.2byte	0x1
 1225 004f 54       		.byte	0x54
 1226 0050 36000000 		.4byte	.LVL9
 1227 0054 38000000 		.4byte	.LVL10
 1228 0058 0100     		.2byte	0x1
 1229 005a 50       		.byte	0x50
 1230 005b 38000000 		.4byte	.LVL10
 1231 005f 3C000000 		.4byte	.LVL11
 1232 0063 0100     		.2byte	0x1
 1233 0065 54       		.byte	0x54
 1234 0066 3C000000 		.4byte	.LVL11
 1235 006a 3E000000 		.4byte	.LVL12
 1236 006e 0100     		.2byte	0x1
 1237 0070 50       		.byte	0x50
 1238 0071 3E000000 		.4byte	.LVL12
 1239 0075 46000000 		.4byte	.LVL15
 1240 0079 0100     		.2byte	0x1
 1241 007b 54       		.byte	0x54
 1242 007c 46000000 		.4byte	.LVL15
 1243 0080 48000000 		.4byte	.LFE2
 1244 0084 0400     		.2byte	0x4
 1245 0086 F3       		.byte	0xf3
 1246 0087 01       		.uleb128 0x1
 1247 0088 50       		.byte	0x50
 1248 0089 9F       		.byte	0x9f
 1249 008a 00000000 		.4byte	0
 1250 008e 00000000 		.4byte	0
 1251              	.LLST2:
 1252 0092 00000000 		.4byte	.LVL5
 1253 0096 13000000 		.4byte	.LVL7-1
 1254 009a 0100     		.2byte	0x1
 1255 009c 51       		.byte	0x51
 1256 009d 13000000 		.4byte	.LVL7-1
 1257 00a1 36000000 		.4byte	.LVL9
ARM GAS  C:\Users\ASUS\AppData\Local\Temp\ccFk8SYL.s 			page 26


 1258 00a5 0100     		.2byte	0x1
 1259 00a7 55       		.byte	0x55
 1260 00a8 36000000 		.4byte	.LVL9
 1261 00ac 42000000 		.4byte	.LVL13
 1262 00b0 0100     		.2byte	0x1
 1263 00b2 51       		.byte	0x51
 1264 00b3 42000000 		.4byte	.LVL13
 1265 00b7 46000000 		.4byte	.LVL16
 1266 00bb 0100     		.2byte	0x1
 1267 00bd 55       		.byte	0x55
 1268 00be 46000000 		.4byte	.LVL16
 1269 00c2 48000000 		.4byte	.LFE2
 1270 00c6 0400     		.2byte	0x4
 1271 00c8 F3       		.byte	0xf3
 1272 00c9 01       		.uleb128 0x1
 1273 00ca 51       		.byte	0x51
 1274 00cb 9F       		.byte	0x9f
 1275 00cc 00000000 		.4byte	0
 1276 00d0 00000000 		.4byte	0
 1277              	.LLST3:
 1278 00d4 14000000 		.4byte	.LVL7
 1279 00d8 34000000 		.4byte	.LVL8
 1280 00dc 0100     		.2byte	0x1
 1281 00de 50       		.byte	0x50
 1282 00df 34000000 		.4byte	.LVL8
 1283 00e3 36000000 		.4byte	.LVL9
 1284 00e7 0200     		.2byte	0x2
 1285 00e9 74       		.byte	0x74
 1286 00ea 04       		.sleb128 4
 1287 00eb 42000000 		.4byte	.LVL13
 1288 00ef 44000000 		.4byte	.LVL14
 1289 00f3 0100     		.2byte	0x1
 1290 00f5 50       		.byte	0x50
 1291 00f6 00000000 		.4byte	0
 1292 00fa 00000000 		.4byte	0
 1293              	.LLST4:
 1294 00fe 00000000 		.4byte	.LVL17
 1295 0102 12000000 		.4byte	.LVL18
 1296 0106 0100     		.2byte	0x1
 1297 0108 50       		.byte	0x50
 1298 0109 12000000 		.4byte	.LVL18
 1299 010d 2E000000 		.4byte	.LVL21
 1300 0111 0100     		.2byte	0x1
 1301 0113 54       		.byte	0x54
 1302 0114 2E000000 		.4byte	.LVL21
 1303 0118 30000000 		.4byte	.LVL22
 1304 011c 0100     		.2byte	0x1
 1305 011e 50       		.byte	0x50
 1306 011f 30000000 		.4byte	.LVL22
 1307 0123 34000000 		.4byte	.LVL23
 1308 0127 0100     		.2byte	0x1
 1309 0129 54       		.byte	0x54
 1310 012a 34000000 		.4byte	.LVL23
 1311 012e 36000000 		.4byte	.LVL24
 1312 0132 0100     		.2byte	0x1
 1313 0134 50       		.byte	0x50
 1314 0135 36000000 		.4byte	.LVL24
ARM GAS  C:\Users\ASUS\AppData\Local\Temp\ccFk8SYL.s 			page 27


 1315 0139 3A000000 		.4byte	.LVL25
 1316 013d 0100     		.2byte	0x1
 1317 013f 54       		.byte	0x54
 1318 0140 3A000000 		.4byte	.LVL25
 1319 0144 3C000000 		.4byte	.LVL26
 1320 0148 0100     		.2byte	0x1
 1321 014a 50       		.byte	0x50
 1322 014b 3C000000 		.4byte	.LVL26
 1323 014f 42000000 		.4byte	.LVL29
 1324 0153 0100     		.2byte	0x1
 1325 0155 54       		.byte	0x54
 1326 0156 42000000 		.4byte	.LVL29
 1327 015a 44000000 		.4byte	.LFE3
 1328 015e 0400     		.2byte	0x4
 1329 0160 F3       		.byte	0xf3
 1330 0161 01       		.uleb128 0x1
 1331 0162 50       		.byte	0x50
 1332 0163 9F       		.byte	0x9f
 1333 0164 00000000 		.4byte	0
 1334 0168 00000000 		.4byte	0
 1335              	.LLST5:
 1336 016c 00000000 		.4byte	.LVL17
 1337 0170 1B000000 		.4byte	.LVL20-1
 1338 0174 0100     		.2byte	0x1
 1339 0176 51       		.byte	0x51
 1340 0177 1B000000 		.4byte	.LVL20-1
 1341 017b 2E000000 		.4byte	.LVL21
 1342 017f 0400     		.2byte	0x4
 1343 0181 F3       		.byte	0xf3
 1344 0182 01       		.uleb128 0x1
 1345 0183 51       		.byte	0x51
 1346 0184 9F       		.byte	0x9f
 1347 0185 2E000000 		.4byte	.LVL21
 1348 0189 40000000 		.4byte	.LVL27
 1349 018d 0100     		.2byte	0x1
 1350 018f 51       		.byte	0x51
 1351 0190 40000000 		.4byte	.LVL27
 1352 0194 44000000 		.4byte	.LFE3
 1353 0198 0400     		.2byte	0x4
 1354 019a F3       		.byte	0xf3
 1355 019b 01       		.uleb128 0x1
 1356 019c 51       		.byte	0x51
 1357 019d 9F       		.byte	0x9f
 1358 019e 00000000 		.4byte	0
 1359 01a2 00000000 		.4byte	0
 1360              	.LLST6:
 1361 01a6 12000000 		.4byte	.LVL18
 1362 01aa 1B000000 		.4byte	.LVL20-1
 1363 01ae 0100     		.2byte	0x1
 1364 01b0 50       		.byte	0x50
 1365 01b1 00000000 		.4byte	0
 1366 01b5 00000000 		.4byte	0
 1367              	.LLST7:
 1368 01b9 18000000 		.4byte	.LVL19
 1369 01bd 2E000000 		.4byte	.LVL21
 1370 01c1 0100     		.2byte	0x1
 1371 01c3 55       		.byte	0x55
ARM GAS  C:\Users\ASUS\AppData\Local\Temp\ccFk8SYL.s 			page 28


 1372 01c4 40000000 		.4byte	.LVL27
 1373 01c8 42000000 		.4byte	.LVL28
 1374 01cc 0100     		.2byte	0x1
 1375 01ce 55       		.byte	0x55
 1376 01cf 00000000 		.4byte	0
 1377 01d3 00000000 		.4byte	0
 1378              	.LLST8:
 1379 01d7 00000000 		.4byte	.LVL30
 1380 01db 12000000 		.4byte	.LVL31
 1381 01df 0100     		.2byte	0x1
 1382 01e1 50       		.byte	0x50
 1383 01e2 12000000 		.4byte	.LVL31
 1384 01e6 48000000 		.4byte	.LVL36
 1385 01ea 0100     		.2byte	0x1
 1386 01ec 55       		.byte	0x55
 1387 01ed 48000000 		.4byte	.LVL36
 1388 01f1 4A000000 		.4byte	.LVL37
 1389 01f5 0100     		.2byte	0x1
 1390 01f7 50       		.byte	0x50
 1391 01f8 4A000000 		.4byte	.LVL37
 1392 01fc 4E000000 		.4byte	.LVL38
 1393 0200 0100     		.2byte	0x1
 1394 0202 55       		.byte	0x55
 1395 0203 4E000000 		.4byte	.LVL38
 1396 0207 50000000 		.4byte	.LVL39
 1397 020b 0100     		.2byte	0x1
 1398 020d 50       		.byte	0x50
 1399 020e 50000000 		.4byte	.LVL39
 1400 0212 54000000 		.4byte	.LVL40
 1401 0216 0100     		.2byte	0x1
 1402 0218 55       		.byte	0x55
 1403 0219 54000000 		.4byte	.LVL40
 1404 021d 56000000 		.4byte	.LVL41
 1405 0221 0100     		.2byte	0x1
 1406 0223 50       		.byte	0x50
 1407 0224 56000000 		.4byte	.LVL41
 1408 0228 62000000 		.4byte	.LVL46
 1409 022c 0100     		.2byte	0x1
 1410 022e 55       		.byte	0x55
 1411 022f 62000000 		.4byte	.LVL46
 1412 0233 64000000 		.4byte	.LFE4
 1413 0237 0400     		.2byte	0x4
 1414 0239 F3       		.byte	0xf3
 1415 023a 01       		.uleb128 0x1
 1416 023b 50       		.byte	0x50
 1417 023c 9F       		.byte	0x9f
 1418 023d 00000000 		.4byte	0
 1419 0241 00000000 		.4byte	0
 1420              	.LLST9:
 1421 0245 00000000 		.4byte	.LVL30
 1422 0249 2D000000 		.4byte	.LVL35-1
 1423 024d 0100     		.2byte	0x1
 1424 024f 51       		.byte	0x51
 1425 0250 2D000000 		.4byte	.LVL35-1
 1426 0254 48000000 		.4byte	.LVL36
 1427 0258 0400     		.2byte	0x4
 1428 025a F3       		.byte	0xf3
ARM GAS  C:\Users\ASUS\AppData\Local\Temp\ccFk8SYL.s 			page 29


 1429 025b 01       		.uleb128 0x1
 1430 025c 51       		.byte	0x51
 1431 025d 9F       		.byte	0x9f
 1432 025e 48000000 		.4byte	.LVL36
 1433 0262 60000000 		.4byte	.LVL44
 1434 0266 0100     		.2byte	0x1
 1435 0268 51       		.byte	0x51
 1436 0269 60000000 		.4byte	.LVL44
 1437 026d 64000000 		.4byte	.LFE4
 1438 0271 0400     		.2byte	0x4
 1439 0273 F3       		.byte	0xf3
 1440 0274 01       		.uleb128 0x1
 1441 0275 51       		.byte	0x51
 1442 0276 9F       		.byte	0x9f
 1443 0277 00000000 		.4byte	0
 1444 027b 00000000 		.4byte	0
 1445              	.LLST10:
 1446 027f 12000000 		.4byte	.LVL31
 1447 0283 16000000 		.4byte	.LVL32
 1448 0287 0100     		.2byte	0x1
 1449 0289 50       		.byte	0x50
 1450 028a 16000000 		.4byte	.LVL32
 1451 028e 1A000000 		.4byte	.LVL33
 1452 0292 0200     		.2byte	0x2
 1453 0294 70       		.byte	0x70
 1454 0295 04       		.sleb128 4
 1455 0296 1A000000 		.4byte	.LVL33
 1456 029a 2D000000 		.4byte	.LVL35-1
 1457 029e 0100     		.2byte	0x1
 1458 02a0 50       		.byte	0x50
 1459 02a1 5A000000 		.4byte	.LVL42
 1460 02a5 5C000000 		.4byte	.LVL43
 1461 02a9 0100     		.2byte	0x1
 1462 02ab 50       		.byte	0x50
 1463 02ac 00000000 		.4byte	0
 1464 02b0 00000000 		.4byte	0
 1465              	.LLST11:
 1466 02b4 12000000 		.4byte	.LVL31
 1467 02b8 16000000 		.4byte	.LVL32
 1468 02bc 0200     		.2byte	0x2
 1469 02be 30       		.byte	0x30
 1470 02bf 9F       		.byte	0x9f
 1471 02c0 16000000 		.4byte	.LVL32
 1472 02c4 1A000000 		.4byte	.LVL33
 1473 02c8 0100     		.2byte	0x1
 1474 02ca 50       		.byte	0x50
 1475 02cb 1A000000 		.4byte	.LVL33
 1476 02cf 48000000 		.4byte	.LVL36
 1477 02d3 0100     		.2byte	0x1
 1478 02d5 54       		.byte	0x54
 1479 02d6 5A000000 		.4byte	.LVL42
 1480 02da 62000000 		.4byte	.LVL45
 1481 02de 0100     		.2byte	0x1
 1482 02e0 54       		.byte	0x54
 1483 02e1 00000000 		.4byte	0
 1484 02e5 00000000 		.4byte	0
 1485              	.LLST12:
ARM GAS  C:\Users\ASUS\AppData\Local\Temp\ccFk8SYL.s 			page 30


 1486 02e9 2A000000 		.4byte	.LVL34
 1487 02ed 48000000 		.4byte	.LVL36
 1488 02f1 0100     		.2byte	0x1
 1489 02f3 56       		.byte	0x56
 1490 02f4 60000000 		.4byte	.LVL44
 1491 02f8 62000000 		.4byte	.LVL45
 1492 02fc 0100     		.2byte	0x1
 1493 02fe 56       		.byte	0x56
 1494 02ff 00000000 		.4byte	0
 1495 0303 00000000 		.4byte	0
 1496              	.LLST13:
 1497 0307 00000000 		.4byte	.LVL47
 1498 030b 1A000000 		.4byte	.LVL50
 1499 030f 0100     		.2byte	0x1
 1500 0311 50       		.byte	0x50
 1501 0312 1A000000 		.4byte	.LVL50
 1502 0316 3A000000 		.4byte	.LVL53
 1503 031a 0400     		.2byte	0x4
 1504 031c F3       		.byte	0xf3
 1505 031d 01       		.uleb128 0x1
 1506 031e 50       		.byte	0x50
 1507 031f 9F       		.byte	0x9f
 1508 0320 3A000000 		.4byte	.LVL53
 1509 0324 3C000000 		.4byte	.LVL54
 1510 0328 0100     		.2byte	0x1
 1511 032a 50       		.byte	0x50
 1512 032b 3C000000 		.4byte	.LVL54
 1513 032f 40000000 		.4byte	.LVL55
 1514 0333 0400     		.2byte	0x4
 1515 0335 F3       		.byte	0xf3
 1516 0336 01       		.uleb128 0x1
 1517 0337 50       		.byte	0x50
 1518 0338 9F       		.byte	0x9f
 1519 0339 40000000 		.4byte	.LVL55
 1520 033d 42000000 		.4byte	.LVL56
 1521 0341 0100     		.2byte	0x1
 1522 0343 50       		.byte	0x50
 1523 0344 42000000 		.4byte	.LVL56
 1524 0348 4E000000 		.4byte	.LFE5
 1525 034c 0400     		.2byte	0x4
 1526 034e F3       		.byte	0xf3
 1527 034f 01       		.uleb128 0x1
 1528 0350 50       		.byte	0x50
 1529 0351 9F       		.byte	0x9f
 1530 0352 00000000 		.4byte	0
 1531 0356 00000000 		.4byte	0
 1532              	.LLST14:
 1533 035a 00000000 		.4byte	.LVL47
 1534 035e 1A000000 		.4byte	.LVL50
 1535 0362 0100     		.2byte	0x1
 1536 0364 51       		.byte	0x51
 1537 0365 1A000000 		.4byte	.LVL50
 1538 0369 3A000000 		.4byte	.LVL53
 1539 036d 0100     		.2byte	0x1
 1540 036f 55       		.byte	0x55
 1541 0370 3A000000 		.4byte	.LVL53
 1542 0374 46000000 		.4byte	.LVL57
ARM GAS  C:\Users\ASUS\AppData\Local\Temp\ccFk8SYL.s 			page 31


 1543 0378 0100     		.2byte	0x1
 1544 037a 51       		.byte	0x51
 1545 037b 46000000 		.4byte	.LVL57
 1546 037f 4C000000 		.4byte	.LVL59
 1547 0383 0100     		.2byte	0x1
 1548 0385 55       		.byte	0x55
 1549 0386 4C000000 		.4byte	.LVL59
 1550 038a 4E000000 		.4byte	.LFE5
 1551 038e 0400     		.2byte	0x4
 1552 0390 F3       		.byte	0xf3
 1553 0391 01       		.uleb128 0x1
 1554 0392 51       		.byte	0x51
 1555 0393 9F       		.byte	0x9f
 1556 0394 00000000 		.4byte	0
 1557 0398 00000000 		.4byte	0
 1558              	.LLST15:
 1559 039c 00000000 		.4byte	.LVL47
 1560 03a0 1A000000 		.4byte	.LVL50
 1561 03a4 0100     		.2byte	0x1
 1562 03a6 52       		.byte	0x52
 1563 03a7 1A000000 		.4byte	.LVL50
 1564 03ab 3A000000 		.4byte	.LVL53
 1565 03af 0100     		.2byte	0x1
 1566 03b1 56       		.byte	0x56
 1567 03b2 3A000000 		.4byte	.LVL53
 1568 03b6 46000000 		.4byte	.LVL57
 1569 03ba 0100     		.2byte	0x1
 1570 03bc 52       		.byte	0x52
 1571 03bd 46000000 		.4byte	.LVL57
 1572 03c1 4C000000 		.4byte	.LVL60
 1573 03c5 0100     		.2byte	0x1
 1574 03c7 56       		.byte	0x56
 1575 03c8 4C000000 		.4byte	.LVL60
 1576 03cc 4E000000 		.4byte	.LFE5
 1577 03d0 0400     		.2byte	0x4
 1578 03d2 F3       		.byte	0xf3
 1579 03d3 01       		.uleb128 0x1
 1580 03d4 52       		.byte	0x52
 1581 03d5 9F       		.byte	0x9f
 1582 03d6 00000000 		.4byte	0
 1583 03da 00000000 		.4byte	0
 1584              	.LLST16:
 1585 03de 00000000 		.4byte	.LVL47
 1586 03e2 0C000000 		.4byte	.LVL48
 1587 03e6 0100     		.2byte	0x1
 1588 03e8 53       		.byte	0x53
 1589 03e9 0C000000 		.4byte	.LVL48
 1590 03ed 4C000000 		.4byte	.LVL61
 1591 03f1 0100     		.2byte	0x1
 1592 03f3 57       		.byte	0x57
 1593 03f4 4C000000 		.4byte	.LVL61
 1594 03f8 4E000000 		.4byte	.LFE5
 1595 03fc 0400     		.2byte	0x4
 1596 03fe F3       		.byte	0xf3
 1597 03ff 01       		.uleb128 0x1
 1598 0400 53       		.byte	0x53
 1599 0401 9F       		.byte	0x9f
ARM GAS  C:\Users\ASUS\AppData\Local\Temp\ccFk8SYL.s 			page 32


 1600 0402 00000000 		.4byte	0
 1601 0406 00000000 		.4byte	0
 1602              	.LLST17:
 1603 040a 18000000 		.4byte	.LVL49
 1604 040e 3A000000 		.4byte	.LVL53
 1605 0412 0100     		.2byte	0x1
 1606 0414 54       		.byte	0x54
 1607 0415 46000000 		.4byte	.LVL57
 1608 0419 4C000000 		.4byte	.LVL58
 1609 041d 0100     		.2byte	0x1
 1610 041f 54       		.byte	0x54
 1611 0420 00000000 		.4byte	0
 1612 0424 00000000 		.4byte	0
 1613              	.LLST18:
 1614 0428 00000000 		.4byte	.LVL62
 1615 042c 06000000 		.4byte	.LVL63
 1616 0430 0100     		.2byte	0x1
 1617 0432 50       		.byte	0x50
 1618 0433 06000000 		.4byte	.LVL63
 1619 0437 08000000 		.4byte	.LVL64
 1620 043b 0400     		.2byte	0x4
 1621 043d F3       		.byte	0xf3
 1622 043e 01       		.uleb128 0x1
 1623 043f 50       		.byte	0x50
 1624 0440 9F       		.byte	0x9f
 1625 0441 08000000 		.4byte	.LVL64
 1626 0445 0A000000 		.4byte	.LVL65
 1627 0449 0100     		.2byte	0x1
 1628 044b 50       		.byte	0x50
 1629 044c 0A000000 		.4byte	.LVL65
 1630 0450 0E000000 		.4byte	.LFE6
 1631 0454 0400     		.2byte	0x4
 1632 0456 F3       		.byte	0xf3
 1633 0457 01       		.uleb128 0x1
 1634 0458 50       		.byte	0x50
 1635 0459 9F       		.byte	0x9f
 1636 045a 00000000 		.4byte	0
 1637 045e 00000000 		.4byte	0
 1638              		.section	.debug_aranges,"",%progbits
 1639 0000 4C000000 		.4byte	0x4c
 1640 0004 0200     		.2byte	0x2
 1641 0006 00000000 		.4byte	.Ldebug_info0
 1642 000a 04       		.byte	0x4
 1643 000b 00       		.byte	0
 1644 000c 0000     		.2byte	0
 1645 000e 0000     		.2byte	0
 1646 0010 00000000 		.4byte	.LFB0
 1647 0014 12000000 		.4byte	.LFE0-.LFB0
 1648 0018 00000000 		.4byte	.LFB1
 1649 001c 20000000 		.4byte	.LFE1-.LFB1
 1650 0020 00000000 		.4byte	.LFB2
 1651 0024 48000000 		.4byte	.LFE2-.LFB2
 1652 0028 00000000 		.4byte	.LFB3
 1653 002c 44000000 		.4byte	.LFE3-.LFB3
 1654 0030 00000000 		.4byte	.LFB4
 1655 0034 64000000 		.4byte	.LFE4-.LFB4
 1656 0038 00000000 		.4byte	.LFB5
ARM GAS  C:\Users\ASUS\AppData\Local\Temp\ccFk8SYL.s 			page 33


 1657 003c 4E000000 		.4byte	.LFE5-.LFB5
 1658 0040 00000000 		.4byte	.LFB6
 1659 0044 0E000000 		.4byte	.LFE6-.LFB6
 1660 0048 00000000 		.4byte	0
 1661 004c 00000000 		.4byte	0
 1662              		.section	.debug_ranges,"",%progbits
 1663              	.Ldebug_ranges0:
 1664 0000 00000000 		.4byte	.LFB0
 1665 0004 12000000 		.4byte	.LFE0
 1666 0008 00000000 		.4byte	.LFB1
 1667 000c 20000000 		.4byte	.LFE1
 1668 0010 00000000 		.4byte	.LFB2
 1669 0014 48000000 		.4byte	.LFE2
 1670 0018 00000000 		.4byte	.LFB3
 1671 001c 44000000 		.4byte	.LFE3
 1672 0020 00000000 		.4byte	.LFB4
 1673 0024 64000000 		.4byte	.LFE4
 1674 0028 00000000 		.4byte	.LFB5
 1675 002c 4E000000 		.4byte	.LFE5
 1676 0030 00000000 		.4byte	.LFB6
 1677 0034 0E000000 		.4byte	.LFE6
 1678 0038 00000000 		.4byte	0
 1679 003c 00000000 		.4byte	0
 1680              		.section	.debug_line,"",%progbits
 1681              	.Ldebug_line0:
 1682 0000 AE010000 		.section	.debug_str,"MS",%progbits,1
 1682      02009D00 
 1682      00000201 
 1682      FB0E0D00 
 1682      01010101 
 1683              	.LASF28:
 1684 0000 71756575 		.ascii	"queue_delete\000"
 1684      655F6465 
 1684      6C657465 
 1684      00
 1685              	.LASF18:
 1686 000d 4E6F6465 		.ascii	"Node\000"
 1686      00
 1687              	.LASF20:
 1688 0012 6E657874 		.ascii	"next\000"
 1688      00
 1689              	.LASF12:
 1690 0017 66697273 		.ascii	"first\000"
 1690      7400
 1691              	.LASF21:
 1692 001d 6E6F6465 		.ascii	"node_t\000"
 1692      5F7400
 1693              	.LASF31:
 1694 0024 71756575 		.ascii	"queue_iterate\000"
 1694      655F6974 
 1694      65726174 
 1694      6500
 1695              	.LASF16:
 1696 0032 71756575 		.ascii	"queue_func_t\000"
 1696      655F6675 
 1696      6E635F74 
 1696      00
ARM GAS  C:\Users\ASUS\AppData\Local\Temp\ccFk8SYL.s 			page 34


 1697              	.LASF19:
 1698 003f 64617461 		.ascii	"data\000"
 1698      00
 1699              	.LASF23:
 1700 0044 71756575 		.ascii	"queue_destroy\000"
 1700      655F6465 
 1700      7374726F 
 1700      7900
 1701              	.LASF27:
 1702 0052 706F7070 		.ascii	"popped\000"
 1702      656400
 1703              	.LASF14:
 1704 0059 73697A65 		.ascii	"size\000"
 1704      00
 1705              	.LASF35:
 1706 005e 66726565 		.ascii	"free\000"
 1706      00
 1707              	.LASF5:
 1708 0063 6C6F6E67 		.ascii	"long unsigned int\000"
 1708      20756E73 
 1708      69676E65 
 1708      6420696E 
 1708      7400
 1709              	.LASF3:
 1710 0075 73686F72 		.ascii	"short unsigned int\000"
 1710      7420756E 
 1710      7369676E 
 1710      65642069 
 1710      6E7400
 1711              	.LASF24:
 1712 0088 71756575 		.ascii	"queue_enqueue\000"
 1712      655F656E 
 1712      71756575 
 1712      6500
 1713              	.LASF1:
 1714 0096 756E7369 		.ascii	"unsigned char\000"
 1714      676E6564 
 1714      20636861 
 1714      7200
 1715              	.LASF25:
 1716 00a4 70757368 		.ascii	"pushed\000"
 1716      656400
 1717              	.LASF30:
 1718 00ab 70726576 		.ascii	"previous\000"
 1718      696F7573 
 1718      00
 1719              	.LASF32:
 1720 00b4 66756E63 		.ascii	"func\000"
 1720      00
 1721              	.LASF26:
 1722 00b9 71756575 		.ascii	"queue_dequeue\000"
 1722      655F6465 
 1722      71756575 
 1722      6500
 1723              	.LASF38:
 1724 00c7 443A5C44 		.ascii	"D:\\Documents\\Lab2Part3.cydsn\\EasyMoo.cydsn\000"
 1724      6F63756D 
ARM GAS  C:\Users\ASUS\AppData\Local\Temp\ccFk8SYL.s 			page 35


 1724      656E7473 
 1724      5C4C6162 
 1724      32506172 
 1725              	.LASF8:
 1726 00f2 756E7369 		.ascii	"unsigned int\000"
 1726      676E6564 
 1726      20696E74 
 1726      00
 1727              	.LASF15:
 1728 00ff 71756575 		.ascii	"queue_t\000"
 1728      655F7400 
 1729              	.LASF7:
 1730 0107 6C6F6E67 		.ascii	"long long unsigned int\000"
 1730      206C6F6E 
 1730      6720756E 
 1730      7369676E 
 1730      65642069 
 1731              	.LASF33:
 1732 011e 71756575 		.ascii	"queue_length\000"
 1732      655F6C65 
 1732      6E677468 
 1732      00
 1733              	.LASF22:
 1734 012b 71756575 		.ascii	"queue_create\000"
 1734      655F6372 
 1734      65617465 
 1734      00
 1735              	.LASF10:
 1736 0138 73697A65 		.ascii	"sizetype\000"
 1736      74797065 
 1736      00
 1737              	.LASF17:
 1738 0141 71756575 		.ascii	"queue\000"
 1738      6500
 1739              	.LASF6:
 1740 0147 6C6F6E67 		.ascii	"long long int\000"
 1740      206C6F6E 
 1740      6720696E 
 1740      7400
 1741              	.LASF11:
 1742 0155 63686172 		.ascii	"char\000"
 1742      00
 1743              	.LASF2:
 1744 015a 73686F72 		.ascii	"short int\000"
 1744      7420696E 
 1744      7400
 1745              	.LASF37:
 1746 0164 51756575 		.ascii	"Queue.c\000"
 1746      652E6300 
 1747              	.LASF29:
 1748 016c 63757272 		.ascii	"current\000"
 1748      656E7400 
 1749              	.LASF4:
 1750 0174 6C6F6E67 		.ascii	"long int\000"
 1750      20696E74 
 1750      00
 1751              	.LASF9:
ARM GAS  C:\Users\ASUS\AppData\Local\Temp\ccFk8SYL.s 			page 36


 1752 017d 6C6F6E67 		.ascii	"long double\000"
 1752      20646F75 
 1752      626C6500 
 1753              	.LASF36:
 1754 0189 474E5520 		.ascii	"GNU C11 5.4.1 20160609 (release) [ARM/embedded-5-br"
 1754      43313120 
 1754      352E342E 
 1754      31203230 
 1754      31363036 
 1755 01bc 616E6368 		.ascii	"anch revision 237715] -mcpu=cortex-m0plus -mthumb -"
 1755      20726576 
 1755      6973696F 
 1755      6E203233 
 1755      37373135 
 1756 01ef 67202D4F 		.ascii	"g -Og -ffunction-sections -ffat-lto-objects\000"
 1756      67202D66 
 1756      66756E63 
 1756      74696F6E 
 1756      2D736563 
 1757              	.LASF0:
 1758 021b 7369676E 		.ascii	"signed char\000"
 1758      65642063 
 1758      68617200 
 1759              	.LASF13:
 1760 0227 6C617374 		.ascii	"last\000"
 1760      00
 1761              	.LASF34:
 1762 022c 6D616C6C 		.ascii	"malloc\000"
 1762      6F6300
 1763              		.ident	"GCC: (GNU Tools for ARM Embedded Processors) 5.4.1 20160609 (release) [ARM/embedded-5-bran
