ARM GAS  C:\Users\ASUS\AppData\Local\Temp\cc78oXf6.s 			page 1


   1              		.syntax unified
   2              		.cpu cortex-m4
   3              		.eabi_attribute 27, 1
   4              		.fpu fpv4-sp-d16
   5              		.eabi_attribute 20, 1
   6              		.eabi_attribute 21, 1
   7              		.eabi_attribute 23, 3
   8              		.eabi_attribute 24, 1
   9              		.eabi_attribute 25, 1
  10              		.eabi_attribute 26, 1
  11              		.eabi_attribute 30, 1
  12              		.eabi_attribute 34, 1
  13              		.eabi_attribute 18, 4
  14              		.thumb
  15              		.syntax unified
  16              		.file	"main_cm4.c"
  17              		.text
  18              	.Ltext0:
  19              		.cfi_sections	.debug_frame
  20              		.section	.text.main,"ax",%progbits
  21              		.align	2
  22              		.global	main
  23              		.thumb
  24              		.thumb_func
  25              		.type	main, %function
  26              	main:
  27              	.LFB508:
  28              		.file 1 "main_cm4.c"
   1:main_cm4.c    **** /* ========================================
   2:main_cm4.c    ****  *
   3:main_cm4.c    ****  * Copyright YOUR COMPANY, THE YEAR
   4:main_cm4.c    ****  * All Rights Reserved
   5:main_cm4.c    ****  * UNPUBLISHED, LICENSED SOFTWARE.
   6:main_cm4.c    ****  *
   7:main_cm4.c    ****  * CONFIDENTIAL AND PROPRIETARY INFORMATION
   8:main_cm4.c    ****  * WHICH IS THE PROPERTY OF your company.
   9:main_cm4.c    ****  *
  10:main_cm4.c    ****  * ========================================
  11:main_cm4.c    **** */
  12:main_cm4.c    **** #include "project.h"
  13:main_cm4.c    **** 
  14:main_cm4.c    **** int main(void)
  15:main_cm4.c    **** {
  29              		.loc 1 15 0
  30              		.cfi_startproc
  31              		@ Volatile: function does not return.
  32              		@ args = 0, pretend = 0, frame = 0
  33              		@ frame_needed = 0, uses_anonymous_args = 0
  34              		@ link register save eliminated.
  35              	.LBB4:
  36              	.LBB5:
  37              		.file 2 "Generated_Source\\PSoC6\\pdl\\cmsis/include/cmsis_gcc.h"
   1:Generated_Source\PSoC6\pdl\cmsis/include/cmsis_gcc.h **** /**************************************************************************//**
   2:Generated_Source\PSoC6\pdl\cmsis/include/cmsis_gcc.h ****  * @file     cmsis_gcc.h
   3:Generated_Source\PSoC6\pdl\cmsis/include/cmsis_gcc.h ****  * @brief    CMSIS compiler GCC header file
   4:Generated_Source\PSoC6\pdl\cmsis/include/cmsis_gcc.h ****  * @version  V5.0.3
   5:Generated_Source\PSoC6\pdl\cmsis/include/cmsis_gcc.h ****  * @date     16. January 2018
ARM GAS  C:\Users\ASUS\AppData\Local\Temp\cc78oXf6.s 			page 2


   6:Generated_Source\PSoC6\pdl\cmsis/include/cmsis_gcc.h ****  ******************************************************************************/
   7:Generated_Source\PSoC6\pdl\cmsis/include/cmsis_gcc.h **** /*
   8:Generated_Source\PSoC6\pdl\cmsis/include/cmsis_gcc.h ****  * Copyright (c) 2009-2017 ARM Limited. All rights reserved.
   9:Generated_Source\PSoC6\pdl\cmsis/include/cmsis_gcc.h ****  *
  10:Generated_Source\PSoC6\pdl\cmsis/include/cmsis_gcc.h ****  * SPDX-License-Identifier: Apache-2.0
  11:Generated_Source\PSoC6\pdl\cmsis/include/cmsis_gcc.h ****  *
  12:Generated_Source\PSoC6\pdl\cmsis/include/cmsis_gcc.h ****  * Licensed under the Apache License, Version 2.0 (the License); you may
  13:Generated_Source\PSoC6\pdl\cmsis/include/cmsis_gcc.h ****  * not use this file except in compliance with the License.
  14:Generated_Source\PSoC6\pdl\cmsis/include/cmsis_gcc.h ****  * You may obtain a copy of the License at
  15:Generated_Source\PSoC6\pdl\cmsis/include/cmsis_gcc.h ****  *
  16:Generated_Source\PSoC6\pdl\cmsis/include/cmsis_gcc.h ****  * www.apache.org/licenses/LICENSE-2.0
  17:Generated_Source\PSoC6\pdl\cmsis/include/cmsis_gcc.h ****  *
  18:Generated_Source\PSoC6\pdl\cmsis/include/cmsis_gcc.h ****  * Unless required by applicable law or agreed to in writing, software
  19:Generated_Source\PSoC6\pdl\cmsis/include/cmsis_gcc.h ****  * distributed under the License is distributed on an AS IS BASIS, WITHOUT
  20:Generated_Source\PSoC6\pdl\cmsis/include/cmsis_gcc.h ****  * WARRANTIES OR CONDITIONS OF ANY KIND, either express or implied.
  21:Generated_Source\PSoC6\pdl\cmsis/include/cmsis_gcc.h ****  * See the License for the specific language governing permissions and
  22:Generated_Source\PSoC6\pdl\cmsis/include/cmsis_gcc.h ****  * limitations under the License.
  23:Generated_Source\PSoC6\pdl\cmsis/include/cmsis_gcc.h ****  */
  24:Generated_Source\PSoC6\pdl\cmsis/include/cmsis_gcc.h **** 
  25:Generated_Source\PSoC6\pdl\cmsis/include/cmsis_gcc.h **** #ifndef __CMSIS_GCC_H
  26:Generated_Source\PSoC6\pdl\cmsis/include/cmsis_gcc.h **** #define __CMSIS_GCC_H
  27:Generated_Source\PSoC6\pdl\cmsis/include/cmsis_gcc.h **** 
  28:Generated_Source\PSoC6\pdl\cmsis/include/cmsis_gcc.h **** /* ignore some GCC warnings */
  29:Generated_Source\PSoC6\pdl\cmsis/include/cmsis_gcc.h **** #pragma GCC diagnostic push
  30:Generated_Source\PSoC6\pdl\cmsis/include/cmsis_gcc.h **** #pragma GCC diagnostic ignored "-Wsign-conversion"
  31:Generated_Source\PSoC6\pdl\cmsis/include/cmsis_gcc.h **** #pragma GCC diagnostic ignored "-Wconversion"
  32:Generated_Source\PSoC6\pdl\cmsis/include/cmsis_gcc.h **** #pragma GCC diagnostic ignored "-Wunused-parameter"
  33:Generated_Source\PSoC6\pdl\cmsis/include/cmsis_gcc.h **** 
  34:Generated_Source\PSoC6\pdl\cmsis/include/cmsis_gcc.h **** /* Fallback for __has_builtin */
  35:Generated_Source\PSoC6\pdl\cmsis/include/cmsis_gcc.h **** #ifndef __has_builtin
  36:Generated_Source\PSoC6\pdl\cmsis/include/cmsis_gcc.h ****   #define __has_builtin(x) (0)
  37:Generated_Source\PSoC6\pdl\cmsis/include/cmsis_gcc.h **** #endif
  38:Generated_Source\PSoC6\pdl\cmsis/include/cmsis_gcc.h **** 
  39:Generated_Source\PSoC6\pdl\cmsis/include/cmsis_gcc.h **** /* CMSIS compiler specific defines */
  40:Generated_Source\PSoC6\pdl\cmsis/include/cmsis_gcc.h **** #ifndef   __ASM
  41:Generated_Source\PSoC6\pdl\cmsis/include/cmsis_gcc.h ****   #define __ASM                                  __asm
  42:Generated_Source\PSoC6\pdl\cmsis/include/cmsis_gcc.h **** #endif
  43:Generated_Source\PSoC6\pdl\cmsis/include/cmsis_gcc.h **** #ifndef   __INLINE
  44:Generated_Source\PSoC6\pdl\cmsis/include/cmsis_gcc.h ****   #define __INLINE                               inline
  45:Generated_Source\PSoC6\pdl\cmsis/include/cmsis_gcc.h **** #endif
  46:Generated_Source\PSoC6\pdl\cmsis/include/cmsis_gcc.h **** #ifndef   __STATIC_INLINE
  47:Generated_Source\PSoC6\pdl\cmsis/include/cmsis_gcc.h ****   #define __STATIC_INLINE                        static inline
  48:Generated_Source\PSoC6\pdl\cmsis/include/cmsis_gcc.h **** #endif
  49:Generated_Source\PSoC6\pdl\cmsis/include/cmsis_gcc.h **** #ifndef   __STATIC_FORCEINLINE                 
  50:Generated_Source\PSoC6\pdl\cmsis/include/cmsis_gcc.h ****   #define __STATIC_FORCEINLINE                   __attribute__((always_inline)) static inline
  51:Generated_Source\PSoC6\pdl\cmsis/include/cmsis_gcc.h **** #endif                                           
  52:Generated_Source\PSoC6\pdl\cmsis/include/cmsis_gcc.h **** #ifndef   __NO_RETURN
  53:Generated_Source\PSoC6\pdl\cmsis/include/cmsis_gcc.h ****   #define __NO_RETURN                            __attribute__((__noreturn__))
  54:Generated_Source\PSoC6\pdl\cmsis/include/cmsis_gcc.h **** #endif
  55:Generated_Source\PSoC6\pdl\cmsis/include/cmsis_gcc.h **** #ifndef   __USED
  56:Generated_Source\PSoC6\pdl\cmsis/include/cmsis_gcc.h ****   #define __USED                                 __attribute__((used))
  57:Generated_Source\PSoC6\pdl\cmsis/include/cmsis_gcc.h **** #endif
  58:Generated_Source\PSoC6\pdl\cmsis/include/cmsis_gcc.h **** #ifndef   __WEAK
  59:Generated_Source\PSoC6\pdl\cmsis/include/cmsis_gcc.h ****   #define __WEAK                                 __attribute__((weak))
  60:Generated_Source\PSoC6\pdl\cmsis/include/cmsis_gcc.h **** #endif
  61:Generated_Source\PSoC6\pdl\cmsis/include/cmsis_gcc.h **** #ifndef   __PACKED
  62:Generated_Source\PSoC6\pdl\cmsis/include/cmsis_gcc.h ****   #define __PACKED                               __attribute__((packed, aligned(1)))
ARM GAS  C:\Users\ASUS\AppData\Local\Temp\cc78oXf6.s 			page 3


  63:Generated_Source\PSoC6\pdl\cmsis/include/cmsis_gcc.h **** #endif
  64:Generated_Source\PSoC6\pdl\cmsis/include/cmsis_gcc.h **** #ifndef   __PACKED_STRUCT
  65:Generated_Source\PSoC6\pdl\cmsis/include/cmsis_gcc.h ****   #define __PACKED_STRUCT                        struct __attribute__((packed, aligned(1)))
  66:Generated_Source\PSoC6\pdl\cmsis/include/cmsis_gcc.h **** #endif
  67:Generated_Source\PSoC6\pdl\cmsis/include/cmsis_gcc.h **** #ifndef   __PACKED_UNION
  68:Generated_Source\PSoC6\pdl\cmsis/include/cmsis_gcc.h ****   #define __PACKED_UNION                         union __attribute__((packed, aligned(1)))
  69:Generated_Source\PSoC6\pdl\cmsis/include/cmsis_gcc.h **** #endif
  70:Generated_Source\PSoC6\pdl\cmsis/include/cmsis_gcc.h **** #ifndef   __UNALIGNED_UINT32        /* deprecated */
  71:Generated_Source\PSoC6\pdl\cmsis/include/cmsis_gcc.h ****   #pragma GCC diagnostic push
  72:Generated_Source\PSoC6\pdl\cmsis/include/cmsis_gcc.h ****   #pragma GCC diagnostic ignored "-Wpacked"
  73:Generated_Source\PSoC6\pdl\cmsis/include/cmsis_gcc.h ****   #pragma GCC diagnostic ignored "-Wattributes"
  74:Generated_Source\PSoC6\pdl\cmsis/include/cmsis_gcc.h ****   struct __attribute__((packed)) T_UINT32 { uint32_t v; };
  75:Generated_Source\PSoC6\pdl\cmsis/include/cmsis_gcc.h ****   #pragma GCC diagnostic pop
  76:Generated_Source\PSoC6\pdl\cmsis/include/cmsis_gcc.h ****   #define __UNALIGNED_UINT32(x)                  (((struct T_UINT32 *)(x))->v)
  77:Generated_Source\PSoC6\pdl\cmsis/include/cmsis_gcc.h **** #endif
  78:Generated_Source\PSoC6\pdl\cmsis/include/cmsis_gcc.h **** #ifndef   __UNALIGNED_UINT16_WRITE
  79:Generated_Source\PSoC6\pdl\cmsis/include/cmsis_gcc.h ****   #pragma GCC diagnostic push
  80:Generated_Source\PSoC6\pdl\cmsis/include/cmsis_gcc.h ****   #pragma GCC diagnostic ignored "-Wpacked"
  81:Generated_Source\PSoC6\pdl\cmsis/include/cmsis_gcc.h ****   #pragma GCC diagnostic ignored "-Wattributes"
  82:Generated_Source\PSoC6\pdl\cmsis/include/cmsis_gcc.h ****   __PACKED_STRUCT T_UINT16_WRITE { uint16_t v; };
  83:Generated_Source\PSoC6\pdl\cmsis/include/cmsis_gcc.h ****   #pragma GCC diagnostic pop
  84:Generated_Source\PSoC6\pdl\cmsis/include/cmsis_gcc.h ****   #define __UNALIGNED_UINT16_WRITE(addr, val)    (void)((((struct T_UINT16_WRITE *)(void *)(addr))-
  85:Generated_Source\PSoC6\pdl\cmsis/include/cmsis_gcc.h **** #endif
  86:Generated_Source\PSoC6\pdl\cmsis/include/cmsis_gcc.h **** #ifndef   __UNALIGNED_UINT16_READ
  87:Generated_Source\PSoC6\pdl\cmsis/include/cmsis_gcc.h ****   #pragma GCC diagnostic push
  88:Generated_Source\PSoC6\pdl\cmsis/include/cmsis_gcc.h ****   #pragma GCC diagnostic ignored "-Wpacked"
  89:Generated_Source\PSoC6\pdl\cmsis/include/cmsis_gcc.h ****   #pragma GCC diagnostic ignored "-Wattributes"
  90:Generated_Source\PSoC6\pdl\cmsis/include/cmsis_gcc.h ****   __PACKED_STRUCT T_UINT16_READ { uint16_t v; };
  91:Generated_Source\PSoC6\pdl\cmsis/include/cmsis_gcc.h ****   #pragma GCC diagnostic pop
  92:Generated_Source\PSoC6\pdl\cmsis/include/cmsis_gcc.h ****   #define __UNALIGNED_UINT16_READ(addr)          (((const struct T_UINT16_READ *)(const void *)(add
  93:Generated_Source\PSoC6\pdl\cmsis/include/cmsis_gcc.h **** #endif
  94:Generated_Source\PSoC6\pdl\cmsis/include/cmsis_gcc.h **** #ifndef   __UNALIGNED_UINT32_WRITE
  95:Generated_Source\PSoC6\pdl\cmsis/include/cmsis_gcc.h ****   #pragma GCC diagnostic push
  96:Generated_Source\PSoC6\pdl\cmsis/include/cmsis_gcc.h ****   #pragma GCC diagnostic ignored "-Wpacked"
  97:Generated_Source\PSoC6\pdl\cmsis/include/cmsis_gcc.h ****   #pragma GCC diagnostic ignored "-Wattributes"
  98:Generated_Source\PSoC6\pdl\cmsis/include/cmsis_gcc.h ****   __PACKED_STRUCT T_UINT32_WRITE { uint32_t v; };
  99:Generated_Source\PSoC6\pdl\cmsis/include/cmsis_gcc.h ****   #pragma GCC diagnostic pop
 100:Generated_Source\PSoC6\pdl\cmsis/include/cmsis_gcc.h ****   #define __UNALIGNED_UINT32_WRITE(addr, val)    (void)((((struct T_UINT32_WRITE *)(void *)(addr))-
 101:Generated_Source\PSoC6\pdl\cmsis/include/cmsis_gcc.h **** #endif
 102:Generated_Source\PSoC6\pdl\cmsis/include/cmsis_gcc.h **** #ifndef   __UNALIGNED_UINT32_READ
 103:Generated_Source\PSoC6\pdl\cmsis/include/cmsis_gcc.h ****   #pragma GCC diagnostic push
 104:Generated_Source\PSoC6\pdl\cmsis/include/cmsis_gcc.h ****   #pragma GCC diagnostic ignored "-Wpacked"
 105:Generated_Source\PSoC6\pdl\cmsis/include/cmsis_gcc.h ****   #pragma GCC diagnostic ignored "-Wattributes"
 106:Generated_Source\PSoC6\pdl\cmsis/include/cmsis_gcc.h ****   __PACKED_STRUCT T_UINT32_READ { uint32_t v; };
 107:Generated_Source\PSoC6\pdl\cmsis/include/cmsis_gcc.h ****   #pragma GCC diagnostic pop
 108:Generated_Source\PSoC6\pdl\cmsis/include/cmsis_gcc.h ****   #define __UNALIGNED_UINT32_READ(addr)          (((const struct T_UINT32_READ *)(const void *)(add
 109:Generated_Source\PSoC6\pdl\cmsis/include/cmsis_gcc.h **** #endif
 110:Generated_Source\PSoC6\pdl\cmsis/include/cmsis_gcc.h **** #ifndef   __ALIGNED
 111:Generated_Source\PSoC6\pdl\cmsis/include/cmsis_gcc.h ****   #define __ALIGNED(x)                           __attribute__((aligned(x)))
 112:Generated_Source\PSoC6\pdl\cmsis/include/cmsis_gcc.h **** #endif
 113:Generated_Source\PSoC6\pdl\cmsis/include/cmsis_gcc.h **** #ifndef   __RESTRICT
 114:Generated_Source\PSoC6\pdl\cmsis/include/cmsis_gcc.h ****   #define __RESTRICT                             __restrict
 115:Generated_Source\PSoC6\pdl\cmsis/include/cmsis_gcc.h **** #endif
 116:Generated_Source\PSoC6\pdl\cmsis/include/cmsis_gcc.h **** 
 117:Generated_Source\PSoC6\pdl\cmsis/include/cmsis_gcc.h **** 
 118:Generated_Source\PSoC6\pdl\cmsis/include/cmsis_gcc.h **** /* ###########################  Core Function Access  ########################### */
 119:Generated_Source\PSoC6\pdl\cmsis/include/cmsis_gcc.h **** /** \ingroup  CMSIS_Core_FunctionInterface
ARM GAS  C:\Users\ASUS\AppData\Local\Temp\cc78oXf6.s 			page 4


 120:Generated_Source\PSoC6\pdl\cmsis/include/cmsis_gcc.h ****     \defgroup CMSIS_Core_RegAccFunctions CMSIS Core Register Access Functions
 121:Generated_Source\PSoC6\pdl\cmsis/include/cmsis_gcc.h ****   @{
 122:Generated_Source\PSoC6\pdl\cmsis/include/cmsis_gcc.h ****  */
 123:Generated_Source\PSoC6\pdl\cmsis/include/cmsis_gcc.h **** 
 124:Generated_Source\PSoC6\pdl\cmsis/include/cmsis_gcc.h **** /**
 125:Generated_Source\PSoC6\pdl\cmsis/include/cmsis_gcc.h ****   \brief   Enable IRQ Interrupts
 126:Generated_Source\PSoC6\pdl\cmsis/include/cmsis_gcc.h ****   \details Enables IRQ interrupts by clearing the I-bit in the CPSR.
 127:Generated_Source\PSoC6\pdl\cmsis/include/cmsis_gcc.h ****            Can only be executed in Privileged modes.
 128:Generated_Source\PSoC6\pdl\cmsis/include/cmsis_gcc.h ****  */
 129:Generated_Source\PSoC6\pdl\cmsis/include/cmsis_gcc.h **** __STATIC_FORCEINLINE void __enable_irq(void)
 130:Generated_Source\PSoC6\pdl\cmsis/include/cmsis_gcc.h **** {
 131:Generated_Source\PSoC6\pdl\cmsis/include/cmsis_gcc.h ****   __ASM volatile ("cpsie i" : : : "memory");
  38              		.loc 2 131 0
  39              		.syntax unified
  40              	@ 131 "Generated_Source\PSoC6\pdl\cmsis/include/cmsis_gcc.h" 1
  41 0000 62B6     		cpsie i
  42              	@ 0 "" 2
  43              		.thumb
  44              		.syntax unified
  45              	.L2:
  46 0002 FEE7     		b	.L2
  47              	.LBE5:
  48              	.LBE4:
  49              		.cfi_endproc
  50              	.LFE508:
  51              		.size	main, .-main
  52              		.text
  53              	.Letext0:
  54              		.file 3 "d:\\program files (x86)\\cypress\\psoc creator\\4.2\\psoc creator\\import\\gnu\\arm\\5.4.
  55              		.file 4 "d:\\program files (x86)\\cypress\\psoc creator\\4.2\\psoc creator\\import\\gnu\\arm\\5.4.
  56              		.file 5 "Generated_Source\\PSoC6\\pdl\\drivers/peripheral/device/cy_device.h"
  57              		.file 6 "Generated_Source\\PSoC6\\pdl\\drivers/peripheral/scb/cy_scb_i2c.h"
  58              		.file 7 "Generated_Source\\PSoC6\\pdl\\drivers/peripheral/scb/cy_scb_uart.h"
  59              		.file 8 "Generated_Source\\PSoC6\\pdl\\cmsis/include/core_cm4.h"
  60              		.file 9 "Generated_Source\\PSoC6/UART.h"
  61              		.file 10 "Generated_Source\\PSoC6/I2C.h"
  62              		.section	.debug_info,"",%progbits
  63              	.Ldebug_info0:
  64 0000 07080000 		.4byte	0x807
  65 0004 0400     		.2byte	0x4
  66 0006 00000000 		.4byte	.Ldebug_abbrev0
  67 000a 04       		.byte	0x4
  68 000b 01       		.uleb128 0x1
  69 000c F7050000 		.4byte	.LASF160
  70 0010 0C       		.byte	0xc
  71 0011 140A0000 		.4byte	.LASF161
  72 0015 C4020000 		.4byte	.LASF162
  73 0019 00000000 		.4byte	.Ldebug_ranges0+0
  74 001d 00000000 		.4byte	0
  75 0021 00000000 		.4byte	.Ldebug_line0
  76 0025 02       		.uleb128 0x2
  77 0026 02       		.byte	0x2
  78 0027 05       		.byte	0x5
  79 0028 45070000 		.4byte	.LASF0
  80 002c 02       		.uleb128 0x2
  81 002d 01       		.byte	0x1
  82 002e 06       		.byte	0x6
ARM GAS  C:\Users\ASUS\AppData\Local\Temp\cc78oXf6.s 			page 5


  83 002f A8010000 		.4byte	.LASF1
  84 0033 03       		.uleb128 0x3
  85 0034 88000000 		.4byte	.LASF3
  86 0038 03       		.byte	0x3
  87 0039 1D       		.byte	0x1d
  88 003a 3E000000 		.4byte	0x3e
  89 003e 02       		.uleb128 0x2
  90 003f 01       		.byte	0x1
  91 0040 08       		.byte	0x8
  92 0041 23070000 		.4byte	.LASF2
  93 0045 03       		.uleb128 0x3
  94 0046 42030000 		.4byte	.LASF4
  95 004a 03       		.byte	0x3
  96 004b 29       		.byte	0x29
  97 004c 25000000 		.4byte	0x25
  98 0050 03       		.uleb128 0x3
  99 0051 19080000 		.4byte	.LASF5
 100 0055 03       		.byte	0x3
 101 0056 2B       		.byte	0x2b
 102 0057 5B000000 		.4byte	0x5b
 103 005b 02       		.uleb128 0x2
 104 005c 02       		.byte	0x2
 105 005d 07       		.byte	0x7
 106 005e 90080000 		.4byte	.LASF6
 107 0062 03       		.uleb128 0x3
 108 0063 37080000 		.4byte	.LASF7
 109 0067 03       		.byte	0x3
 110 0068 3F       		.byte	0x3f
 111 0069 6D000000 		.4byte	0x6d
 112 006d 02       		.uleb128 0x2
 113 006e 04       		.byte	0x4
 114 006f 05       		.byte	0x5
 115 0070 41020000 		.4byte	.LASF8
 116 0074 03       		.uleb128 0x3
 117 0075 27030000 		.4byte	.LASF9
 118 0079 03       		.byte	0x3
 119 007a 41       		.byte	0x41
 120 007b 7F000000 		.4byte	0x7f
 121 007f 02       		.uleb128 0x2
 122 0080 04       		.byte	0x4
 123 0081 07       		.byte	0x7
 124 0082 F1030000 		.4byte	.LASF10
 125 0086 02       		.uleb128 0x2
 126 0087 08       		.byte	0x8
 127 0088 05       		.byte	0x5
 128 0089 9A010000 		.4byte	.LASF11
 129 008d 02       		.uleb128 0x2
 130 008e 08       		.byte	0x8
 131 008f 07       		.byte	0x7
 132 0090 E3000000 		.4byte	.LASF12
 133 0094 04       		.uleb128 0x4
 134 0095 04       		.byte	0x4
 135 0096 05       		.byte	0x5
 136 0097 696E7400 		.ascii	"int\000"
 137 009b 02       		.uleb128 0x2
 138 009c 04       		.byte	0x4
 139 009d 07       		.byte	0x7
ARM GAS  C:\Users\ASUS\AppData\Local\Temp\cc78oXf6.s 			page 6


 140 009e 94030000 		.4byte	.LASF13
 141 00a2 03       		.uleb128 0x3
 142 00a3 75090000 		.4byte	.LASF14
 143 00a7 04       		.byte	0x4
 144 00a8 18       		.byte	0x18
 145 00a9 33000000 		.4byte	0x33
 146 00ad 03       		.uleb128 0x3
 147 00ae 92010000 		.4byte	.LASF15
 148 00b2 04       		.byte	0x4
 149 00b3 20       		.byte	0x20
 150 00b4 45000000 		.4byte	0x45
 151 00b8 03       		.uleb128 0x3
 152 00b9 B2030000 		.4byte	.LASF16
 153 00bd 04       		.byte	0x4
 154 00be 24       		.byte	0x24
 155 00bf 50000000 		.4byte	0x50
 156 00c3 03       		.uleb128 0x3
 157 00c4 1B070000 		.4byte	.LASF17
 158 00c8 04       		.byte	0x4
 159 00c9 2C       		.byte	0x2c
 160 00ca 62000000 		.4byte	0x62
 161 00ce 03       		.uleb128 0x3
 162 00cf CC070000 		.4byte	.LASF18
 163 00d3 04       		.byte	0x4
 164 00d4 30       		.byte	0x30
 165 00d5 74000000 		.4byte	0x74
 166 00d9 02       		.uleb128 0x2
 167 00da 04       		.byte	0x4
 168 00db 07       		.byte	0x7
 169 00dc 39050000 		.4byte	.LASF19
 170 00e0 05       		.uleb128 0x5
 171 00e1 CE000000 		.4byte	0xce
 172 00e5 02       		.uleb128 0x2
 173 00e6 08       		.byte	0x8
 174 00e7 04       		.byte	0x4
 175 00e8 EE070000 		.4byte	.LASF20
 176 00ec 06       		.uleb128 0x6
 177 00ed B8       		.byte	0xb8
 178 00ee 05       		.byte	0x5
 179 00ef 34       		.byte	0x34
 180 00f0 FD040000 		.4byte	0x4fd
 181 00f4 07       		.uleb128 0x7
 182 00f5 CA000000 		.4byte	.LASF21
 183 00f9 05       		.byte	0x5
 184 00fa 37       		.byte	0x37
 185 00fb CE000000 		.4byte	0xce
 186 00ff 00       		.byte	0
 187 0100 07       		.uleb128 0x7
 188 0101 1C030000 		.4byte	.LASF22
 189 0105 05       		.byte	0x5
 190 0106 38       		.byte	0x38
 191 0107 CE000000 		.4byte	0xce
 192 010b 04       		.byte	0x4
 193 010c 07       		.uleb128 0x7
 194 010d 73020000 		.4byte	.LASF23
 195 0111 05       		.byte	0x5
 196 0112 39       		.byte	0x39
ARM GAS  C:\Users\ASUS\AppData\Local\Temp\cc78oXf6.s 			page 7


 197 0113 CE000000 		.4byte	0xce
 198 0117 08       		.byte	0x8
 199 0118 07       		.uleb128 0x7
 200 0119 FE060000 		.4byte	.LASF24
 201 011d 05       		.byte	0x5
 202 011e 3A       		.byte	0x3a
 203 011f CE000000 		.4byte	0xce
 204 0123 0C       		.byte	0xc
 205 0124 07       		.uleb128 0x7
 206 0125 C9010000 		.4byte	.LASF25
 207 0129 05       		.byte	0x5
 208 012a 3B       		.byte	0x3b
 209 012b CE000000 		.4byte	0xce
 210 012f 10       		.byte	0x10
 211 0130 07       		.uleb128 0x7
 212 0131 13020000 		.4byte	.LASF26
 213 0135 05       		.byte	0x5
 214 0136 3C       		.byte	0x3c
 215 0137 CE000000 		.4byte	0xce
 216 013b 14       		.byte	0x14
 217 013c 07       		.uleb128 0x7
 218 013d 3A040000 		.4byte	.LASF27
 219 0141 05       		.byte	0x5
 220 0142 3D       		.byte	0x3d
 221 0143 CE000000 		.4byte	0xce
 222 0147 18       		.byte	0x18
 223 0148 07       		.uleb128 0x7
 224 0149 71000000 		.4byte	.LASF28
 225 014d 05       		.byte	0x5
 226 014e 3E       		.byte	0x3e
 227 014f CE000000 		.4byte	0xce
 228 0153 1C       		.byte	0x1c
 229 0154 07       		.uleb128 0x7
 230 0155 DE090000 		.4byte	.LASF29
 231 0159 05       		.byte	0x5
 232 015a 3F       		.byte	0x3f
 233 015b CE000000 		.4byte	0xce
 234 015f 20       		.byte	0x20
 235 0160 07       		.uleb128 0x7
 236 0161 D2050000 		.4byte	.LASF30
 237 0165 05       		.byte	0x5
 238 0166 40       		.byte	0x40
 239 0167 CE000000 		.4byte	0xce
 240 016b 24       		.byte	0x24
 241 016c 07       		.uleb128 0x7
 242 016d 0B050000 		.4byte	.LASF31
 243 0171 05       		.byte	0x5
 244 0172 43       		.byte	0x43
 245 0173 A2000000 		.4byte	0xa2
 246 0177 28       		.byte	0x28
 247 0178 07       		.uleb128 0x7
 248 0179 57000000 		.4byte	.LASF32
 249 017d 05       		.byte	0x5
 250 017e 44       		.byte	0x44
 251 017f A2000000 		.4byte	0xa2
 252 0183 29       		.byte	0x29
 253 0184 07       		.uleb128 0x7
ARM GAS  C:\Users\ASUS\AppData\Local\Temp\cc78oXf6.s 			page 8


 254 0185 D4090000 		.4byte	.LASF33
 255 0189 05       		.byte	0x5
 256 018a 45       		.byte	0x45
 257 018b A2000000 		.4byte	0xa2
 258 018f 2A       		.byte	0x2a
 259 0190 07       		.uleb128 0x7
 260 0191 C4050000 		.4byte	.LASF34
 261 0195 05       		.byte	0x5
 262 0196 46       		.byte	0x46
 263 0197 A2000000 		.4byte	0xa2
 264 019b 2B       		.byte	0x2b
 265 019c 07       		.uleb128 0x7
 266 019d 94040000 		.4byte	.LASF35
 267 01a1 05       		.byte	0x5
 268 01a2 47       		.byte	0x47
 269 01a3 A2000000 		.4byte	0xa2
 270 01a7 2C       		.byte	0x2c
 271 01a8 07       		.uleb128 0x7
 272 01a9 4E080000 		.4byte	.LASF36
 273 01ad 05       		.byte	0x5
 274 01ae 48       		.byte	0x48
 275 01af A2000000 		.4byte	0xa2
 276 01b3 2D       		.byte	0x2d
 277 01b4 07       		.uleb128 0x7
 278 01b5 D2010000 		.4byte	.LASF37
 279 01b9 05       		.byte	0x5
 280 01ba 49       		.byte	0x49
 281 01bb A2000000 		.4byte	0xa2
 282 01bf 2E       		.byte	0x2e
 283 01c0 07       		.uleb128 0x7
 284 01c1 18050000 		.4byte	.LASF38
 285 01c5 05       		.byte	0x5
 286 01c6 4A       		.byte	0x4a
 287 01c7 A2000000 		.4byte	0xa2
 288 01cb 2F       		.byte	0x2f
 289 01cc 07       		.uleb128 0x7
 290 01cd FF070000 		.4byte	.LASF39
 291 01d1 05       		.byte	0x5
 292 01d2 4B       		.byte	0x4b
 293 01d3 A2000000 		.4byte	0xa2
 294 01d7 30       		.byte	0x30
 295 01d8 07       		.uleb128 0x7
 296 01d9 2F040000 		.4byte	.LASF40
 297 01dd 05       		.byte	0x5
 298 01de 4E       		.byte	0x4e
 299 01df A2000000 		.4byte	0xa2
 300 01e3 31       		.byte	0x31
 301 01e4 07       		.uleb128 0x7
 302 01e5 7A000000 		.4byte	.LASF41
 303 01e9 05       		.byte	0x5
 304 01ea 4F       		.byte	0x4f
 305 01eb A2000000 		.4byte	0xa2
 306 01ef 32       		.byte	0x32
 307 01f0 07       		.uleb128 0x7
 308 01f1 88030000 		.4byte	.LASF42
 309 01f5 05       		.byte	0x5
 310 01f6 50       		.byte	0x50
ARM GAS  C:\Users\ASUS\AppData\Local\Temp\cc78oXf6.s 			page 9


 311 01f7 A2000000 		.4byte	0xa2
 312 01fb 33       		.byte	0x33
 313 01fc 07       		.uleb128 0x7
 314 01fd 69050000 		.4byte	.LASF43
 315 0201 05       		.byte	0x5
 316 0202 51       		.byte	0x51
 317 0203 A2000000 		.4byte	0xa2
 318 0207 34       		.byte	0x34
 319 0208 07       		.uleb128 0x7
 320 0209 C4080000 		.4byte	.LASF44
 321 020d 05       		.byte	0x5
 322 020e 52       		.byte	0x52
 323 020f AD000000 		.4byte	0xad
 324 0213 36       		.byte	0x36
 325 0214 07       		.uleb128 0x7
 326 0215 8D020000 		.4byte	.LASF45
 327 0219 05       		.byte	0x5
 328 021a 53       		.byte	0x53
 329 021b AD000000 		.4byte	0xad
 330 021f 38       		.byte	0x38
 331 0220 07       		.uleb128 0x7
 332 0221 6D080000 		.4byte	.LASF46
 333 0225 05       		.byte	0x5
 334 0226 54       		.byte	0x54
 335 0227 AD000000 		.4byte	0xad
 336 022b 3A       		.byte	0x3a
 337 022c 07       		.uleb128 0x7
 338 022d 04020000 		.4byte	.LASF47
 339 0231 05       		.byte	0x5
 340 0232 55       		.byte	0x55
 341 0233 A2000000 		.4byte	0xa2
 342 0237 3C       		.byte	0x3c
 343 0238 07       		.uleb128 0x7
 344 0239 B4020000 		.4byte	.LASF48
 345 023d 05       		.byte	0x5
 346 023e 56       		.byte	0x56
 347 023f A2000000 		.4byte	0xa2
 348 0243 3D       		.byte	0x3d
 349 0244 07       		.uleb128 0x7
 350 0245 2A090000 		.4byte	.LASF49
 351 0249 05       		.byte	0x5
 352 024a 57       		.byte	0x57
 353 024b A2000000 		.4byte	0xa2
 354 024f 3E       		.byte	0x3e
 355 0250 07       		.uleb128 0x7
 356 0251 65000000 		.4byte	.LASF50
 357 0255 05       		.byte	0x5
 358 0256 58       		.byte	0x58
 359 0257 A2000000 		.4byte	0xa2
 360 025b 3F       		.byte	0x3f
 361 025c 07       		.uleb128 0x7
 362 025d DD050000 		.4byte	.LASF51
 363 0261 05       		.byte	0x5
 364 0262 59       		.byte	0x59
 365 0263 A2000000 		.4byte	0xa2
 366 0267 40       		.byte	0x40
 367 0268 07       		.uleb128 0x7
ARM GAS  C:\Users\ASUS\AppData\Local\Temp\cc78oXf6.s 			page 10


 368 0269 32030000 		.4byte	.LASF52
 369 026d 05       		.byte	0x5
 370 026e 5A       		.byte	0x5a
 371 026f A2000000 		.4byte	0xa2
 372 0273 41       		.byte	0x41
 373 0274 07       		.uleb128 0x7
 374 0275 B6040000 		.4byte	.LASF53
 375 0279 05       		.byte	0x5
 376 027a 5B       		.byte	0x5b
 377 027b A2000000 		.4byte	0xa2
 378 027f 42       		.byte	0x42
 379 0280 07       		.uleb128 0x7
 380 0281 B0050000 		.4byte	.LASF54
 381 0285 05       		.byte	0x5
 382 0286 5C       		.byte	0x5c
 383 0287 A2000000 		.4byte	0xa2
 384 028b 43       		.byte	0x43
 385 028c 07       		.uleb128 0x7
 386 028d 7C020000 		.4byte	.LASF55
 387 0291 05       		.byte	0x5
 388 0292 5D       		.byte	0x5d
 389 0293 A2000000 		.4byte	0xa2
 390 0297 44       		.byte	0x44
 391 0298 07       		.uleb128 0x7
 392 0299 00000000 		.4byte	.LASF56
 393 029d 05       		.byte	0x5
 394 029e 5E       		.byte	0x5e
 395 029f CE000000 		.4byte	0xce
 396 02a3 48       		.byte	0x48
 397 02a4 07       		.uleb128 0x7
 398 02a5 65020000 		.4byte	.LASF57
 399 02a9 05       		.byte	0x5
 400 02aa 5F       		.byte	0x5f
 401 02ab CE000000 		.4byte	0xce
 402 02af 4C       		.byte	0x4c
 403 02b0 07       		.uleb128 0x7
 404 02b1 1F0A0000 		.4byte	.LASF58
 405 02b5 05       		.byte	0x5
 406 02b6 60       		.byte	0x60
 407 02b7 A2000000 		.4byte	0xa2
 408 02bb 50       		.byte	0x50
 409 02bc 07       		.uleb128 0x7
 410 02bd 44010000 		.4byte	.LASF59
 411 02c1 05       		.byte	0x5
 412 02c2 61       		.byte	0x61
 413 02c3 A2000000 		.4byte	0xa2
 414 02c7 51       		.byte	0x51
 415 02c8 07       		.uleb128 0x7
 416 02c9 65090000 		.4byte	.LASF60
 417 02cd 05       		.byte	0x5
 418 02ce 62       		.byte	0x62
 419 02cf A2000000 		.4byte	0xa2
 420 02d3 52       		.byte	0x52
 421 02d4 07       		.uleb128 0x7
 422 02d5 5B080000 		.4byte	.LASF61
 423 02d9 05       		.byte	0x5
 424 02da 63       		.byte	0x63
ARM GAS  C:\Users\ASUS\AppData\Local\Temp\cc78oXf6.s 			page 11


 425 02db A2000000 		.4byte	0xa2
 426 02df 53       		.byte	0x53
 427 02e0 07       		.uleb128 0x7
 428 02e1 BC070000 		.4byte	.LASF62
 429 02e5 05       		.byte	0x5
 430 02e6 64       		.byte	0x64
 431 02e7 A2000000 		.4byte	0xa2
 432 02eb 54       		.byte	0x54
 433 02ec 07       		.uleb128 0x7
 434 02ed 7E010000 		.4byte	.LASF63
 435 02f1 05       		.byte	0x5
 436 02f2 65       		.byte	0x65
 437 02f3 A2000000 		.4byte	0xa2
 438 02f7 55       		.byte	0x55
 439 02f8 07       		.uleb128 0x7
 440 02f9 DD030000 		.4byte	.LASF64
 441 02fd 05       		.byte	0x5
 442 02fe 66       		.byte	0x66
 443 02ff A2000000 		.4byte	0xa2
 444 0303 56       		.byte	0x56
 445 0304 07       		.uleb128 0x7
 446 0305 43040000 		.4byte	.LASF65
 447 0309 05       		.byte	0x5
 448 030a 67       		.byte	0x67
 449 030b A2000000 		.4byte	0xa2
 450 030f 57       		.byte	0x57
 451 0310 07       		.uleb128 0x7
 452 0311 1C000000 		.4byte	.LASF66
 453 0315 05       		.byte	0x5
 454 0316 68       		.byte	0x68
 455 0317 A2000000 		.4byte	0xa2
 456 031b 58       		.byte	0x58
 457 031c 07       		.uleb128 0x7
 458 031d 31070000 		.4byte	.LASF67
 459 0321 05       		.byte	0x5
 460 0322 69       		.byte	0x69
 461 0323 A2000000 		.4byte	0xa2
 462 0327 59       		.byte	0x59
 463 0328 07       		.uleb128 0x7
 464 0329 42050000 		.4byte	.LASF68
 465 032d 05       		.byte	0x5
 466 032e 6E       		.byte	0x6e
 467 032f B8000000 		.4byte	0xb8
 468 0333 5A       		.byte	0x5a
 469 0334 07       		.uleb128 0x7
 470 0335 A3080000 		.4byte	.LASF69
 471 0339 05       		.byte	0x5
 472 033a 6F       		.byte	0x6f
 473 033b B8000000 		.4byte	0xb8
 474 033f 5C       		.byte	0x5c
 475 0340 07       		.uleb128 0x7
 476 0341 D4000000 		.4byte	.LASF70
 477 0345 05       		.byte	0x5
 478 0346 70       		.byte	0x70
 479 0347 A2000000 		.4byte	0xa2
 480 034b 5E       		.byte	0x5e
 481 034c 07       		.uleb128 0x7
ARM GAS  C:\Users\ASUS\AppData\Local\Temp\cc78oXf6.s 			page 12


 482 034d D7060000 		.4byte	.LASF71
 483 0351 05       		.byte	0x5
 484 0352 71       		.byte	0x71
 485 0353 A2000000 		.4byte	0xa2
 486 0357 5F       		.byte	0x5f
 487 0358 07       		.uleb128 0x7
 488 0359 9F050000 		.4byte	.LASF72
 489 035d 05       		.byte	0x5
 490 035e 72       		.byte	0x72
 491 035f A2000000 		.4byte	0xa2
 492 0363 60       		.byte	0x60
 493 0364 07       		.uleb128 0x7
 494 0365 B0060000 		.4byte	.LASF73
 495 0369 05       		.byte	0x5
 496 036a 73       		.byte	0x73
 497 036b CE000000 		.4byte	0xce
 498 036f 64       		.byte	0x64
 499 0370 07       		.uleb128 0x7
 500 0371 FA000000 		.4byte	.LASF74
 501 0375 05       		.byte	0x5
 502 0376 76       		.byte	0x76
 503 0377 B8000000 		.4byte	0xb8
 504 037b 68       		.byte	0x68
 505 037c 07       		.uleb128 0x7
 506 037d CB030000 		.4byte	.LASF75
 507 0381 05       		.byte	0x5
 508 0382 77       		.byte	0x77
 509 0383 B8000000 		.4byte	0xb8
 510 0387 6A       		.byte	0x6a
 511 0388 07       		.uleb128 0x7
 512 0389 61040000 		.4byte	.LASF76
 513 038d 05       		.byte	0x5
 514 038e 78       		.byte	0x78
 515 038f B8000000 		.4byte	0xb8
 516 0393 6C       		.byte	0x6c
 517 0394 07       		.uleb128 0x7
 518 0395 87040000 		.4byte	.LASF77
 519 0399 05       		.byte	0x5
 520 039a 79       		.byte	0x79
 521 039b B8000000 		.4byte	0xb8
 522 039f 6E       		.byte	0x6e
 523 03a0 07       		.uleb128 0x7
 524 03a1 60070000 		.4byte	.LASF78
 525 03a5 05       		.byte	0x5
 526 03a6 7B       		.byte	0x7b
 527 03a7 A2000000 		.4byte	0xa2
 528 03ab 70       		.byte	0x70
 529 03ac 07       		.uleb128 0x7
 530 03ad B4010000 		.4byte	.LASF79
 531 03b1 05       		.byte	0x5
 532 03b2 7C       		.byte	0x7c
 533 03b3 A2000000 		.4byte	0xa2
 534 03b7 71       		.byte	0x71
 535 03b8 07       		.uleb128 0x7
 536 03b9 E6090000 		.4byte	.LASF80
 537 03bd 05       		.byte	0x5
 538 03be 7D       		.byte	0x7d
ARM GAS  C:\Users\ASUS\AppData\Local\Temp\cc78oXf6.s 			page 13


 539 03bf A2000000 		.4byte	0xa2
 540 03c3 72       		.byte	0x72
 541 03c4 07       		.uleb128 0x7
 542 03c5 7A050000 		.4byte	.LASF81
 543 03c9 05       		.byte	0x5
 544 03ca 7E       		.byte	0x7e
 545 03cb A2000000 		.4byte	0xa2
 546 03cf 73       		.byte	0x73
 547 03d0 07       		.uleb128 0x7
 548 03d1 EF020000 		.4byte	.LASF82
 549 03d5 05       		.byte	0x5
 550 03d6 80       		.byte	0x80
 551 03d7 B8000000 		.4byte	0xb8
 552 03db 74       		.byte	0x74
 553 03dc 07       		.uleb128 0x7
 554 03dd 24080000 		.4byte	.LASF83
 555 03e1 05       		.byte	0x5
 556 03e2 81       		.byte	0x81
 557 03e3 B8000000 		.4byte	0xb8
 558 03e7 76       		.byte	0x76
 559 03e8 07       		.uleb128 0x7
 560 03e9 9F020000 		.4byte	.LASF84
 561 03ed 05       		.byte	0x5
 562 03ee 82       		.byte	0x82
 563 03ef B8000000 		.4byte	0xb8
 564 03f3 78       		.byte	0x78
 565 03f4 07       		.uleb128 0x7
 566 03f5 9E000000 		.4byte	.LASF85
 567 03f9 05       		.byte	0x5
 568 03fa 83       		.byte	0x83
 569 03fb B8000000 		.4byte	0xb8
 570 03ff 7A       		.byte	0x7a
 571 0400 07       		.uleb128 0x7
 572 0401 92090000 		.4byte	.LASF86
 573 0405 05       		.byte	0x5
 574 0406 86       		.byte	0x86
 575 0407 A2000000 		.4byte	0xa2
 576 040b 7C       		.byte	0x7c
 577 040c 07       		.uleb128 0x7
 578 040d D1080000 		.4byte	.LASF87
 579 0411 05       		.byte	0x5
 580 0412 87       		.byte	0x87
 581 0413 A2000000 		.4byte	0xa2
 582 0417 7D       		.byte	0x7d
 583 0418 07       		.uleb128 0x7
 584 0419 30000000 		.4byte	.LASF88
 585 041d 05       		.byte	0x5
 586 041e 88       		.byte	0x88
 587 041f A2000000 		.4byte	0xa2
 588 0423 7E       		.byte	0x7e
 589 0424 07       		.uleb128 0x7
 590 0425 01030000 		.4byte	.LASF89
 591 0429 05       		.byte	0x5
 592 042a 89       		.byte	0x89
 593 042b A2000000 		.4byte	0xa2
 594 042f 7F       		.byte	0x7f
 595 0430 07       		.uleb128 0x7
ARM GAS  C:\Users\ASUS\AppData\Local\Temp\cc78oXf6.s 			page 14


 596 0431 74030000 		.4byte	.LASF90
 597 0435 05       		.byte	0x5
 598 0436 8A       		.byte	0x8a
 599 0437 A2000000 		.4byte	0xa2
 600 043b 80       		.byte	0x80
 601 043c 07       		.uleb128 0x7
 602 043d F4040000 		.4byte	.LASF91
 603 0441 05       		.byte	0x5
 604 0442 8D       		.byte	0x8d
 605 0443 CE000000 		.4byte	0xce
 606 0447 84       		.byte	0x84
 607 0448 07       		.uleb128 0x7
 608 0449 B3000000 		.4byte	.LASF92
 609 044d 05       		.byte	0x5
 610 044e 8E       		.byte	0x8e
 611 044f CE000000 		.4byte	0xce
 612 0453 88       		.byte	0x88
 613 0454 07       		.uleb128 0x7
 614 0455 7D090000 		.4byte	.LASF93
 615 0459 05       		.byte	0x5
 616 045a 8F       		.byte	0x8f
 617 045b CE000000 		.4byte	0xce
 618 045f 8C       		.byte	0x8c
 619 0460 07       		.uleb128 0x7
 620 0461 24050000 		.4byte	.LASF94
 621 0465 05       		.byte	0x5
 622 0466 90       		.byte	0x90
 623 0467 CE000000 		.4byte	0xce
 624 046b 90       		.byte	0x90
 625 046c 07       		.uleb128 0x7
 626 046d 55030000 		.4byte	.LASF95
 627 0471 05       		.byte	0x5
 628 0472 91       		.byte	0x91
 629 0473 CE000000 		.4byte	0xce
 630 0477 94       		.byte	0x94
 631 0478 07       		.uleb128 0x7
 632 0479 D0040000 		.4byte	.LASF96
 633 047d 05       		.byte	0x5
 634 047e 92       		.byte	0x92
 635 047f CE000000 		.4byte	0xce
 636 0483 98       		.byte	0x98
 637 0484 07       		.uleb128 0x7
 638 0485 B5090000 		.4byte	.LASF97
 639 0489 05       		.byte	0x5
 640 048a 93       		.byte	0x93
 641 048b CE000000 		.4byte	0xce
 642 048f 9C       		.byte	0x9c
 643 0490 07       		.uleb128 0x7
 644 0491 14010000 		.4byte	.LASF98
 645 0495 05       		.byte	0x5
 646 0496 94       		.byte	0x94
 647 0497 CE000000 		.4byte	0xce
 648 049b A0       		.byte	0xa0
 649 049c 07       		.uleb128 0x7
 650 049d EF010000 		.4byte	.LASF99
 651 04a1 05       		.byte	0x5
 652 04a2 95       		.byte	0x95
ARM GAS  C:\Users\ASUS\AppData\Local\Temp\cc78oXf6.s 			page 15


 653 04a3 B8000000 		.4byte	0xb8
 654 04a7 A4       		.byte	0xa4
 655 04a8 07       		.uleb128 0x7
 656 04a9 50090000 		.4byte	.LASF100
 657 04ad 05       		.byte	0x5
 658 04ae 96       		.byte	0x96
 659 04af B8000000 		.4byte	0xb8
 660 04b3 A6       		.byte	0xa6
 661 04b4 07       		.uleb128 0x7
 662 04b5 CB060000 		.4byte	.LASF101
 663 04b9 05       		.byte	0x5
 664 04ba 97       		.byte	0x97
 665 04bb B8000000 		.4byte	0xb8
 666 04bf A8       		.byte	0xa8
 667 04c0 07       		.uleb128 0x7
 668 04c1 0B080000 		.4byte	.LASF102
 669 04c5 05       		.byte	0x5
 670 04c6 98       		.byte	0x98
 671 04c7 B8000000 		.4byte	0xb8
 672 04cb AA       		.byte	0xaa
 673 04cc 07       		.uleb128 0x7
 674 04cd 70040000 		.4byte	.LASF103
 675 04d1 05       		.byte	0x5
 676 04d2 99       		.byte	0x99
 677 04d3 B8000000 		.4byte	0xb8
 678 04d7 AC       		.byte	0xac
 679 04d8 07       		.uleb128 0x7
 680 04d9 91050000 		.4byte	.LASF104
 681 04dd 05       		.byte	0x5
 682 04de 9A       		.byte	0x9a
 683 04df B8000000 		.4byte	0xb8
 684 04e3 AE       		.byte	0xae
 685 04e4 07       		.uleb128 0x7
 686 04e5 AC080000 		.4byte	.LASF105
 687 04e9 05       		.byte	0x5
 688 04ea 9D       		.byte	0x9d
 689 04eb B8000000 		.4byte	0xb8
 690 04ef B0       		.byte	0xb0
 691 04f0 07       		.uleb128 0x7
 692 04f1 43000000 		.4byte	.LASF106
 693 04f5 05       		.byte	0x5
 694 04f6 9E       		.byte	0x9e
 695 04f7 CE000000 		.4byte	0xce
 696 04fb B4       		.byte	0xb4
 697 04fc 00       		.byte	0
 698 04fd 03       		.uleb128 0x3
 699 04fe A6040000 		.4byte	.LASF107
 700 0502 05       		.byte	0x5
 701 0503 9F       		.byte	0x9f
 702 0504 EC000000 		.4byte	0xec
 703 0508 02       		.uleb128 0x2
 704 0509 01       		.byte	0x1
 705 050a 08       		.byte	0x8
 706 050b FA070000 		.4byte	.LASF108
 707 050f 02       		.uleb128 0x2
 708 0510 04       		.byte	0x4
 709 0511 04       		.byte	0x4
ARM GAS  C:\Users\ASUS\AppData\Local\Temp\cc78oXf6.s 			page 16


 710 0512 AA060000 		.4byte	.LASF109
 711 0516 02       		.uleb128 0x2
 712 0517 08       		.byte	0x8
 713 0518 04       		.byte	0x4
 714 0519 98020000 		.4byte	.LASF110
 715 051d 08       		.uleb128 0x8
 716 051e 04       		.byte	0x4
 717 051f 02       		.uleb128 0x2
 718 0520 01       		.byte	0x1
 719 0521 02       		.byte	0x2
 720 0522 15070000 		.4byte	.LASF111
 721 0526 09       		.uleb128 0x9
 722 0527 01       		.byte	0x1
 723 0528 3E000000 		.4byte	0x3e
 724 052c 06       		.byte	0x6
 725 052d 2402     		.2byte	0x224
 726 052f 40050000 		.4byte	0x540
 727 0533 0A       		.uleb128 0xa
 728 0534 06070000 		.4byte	.LASF112
 729 0538 00       		.byte	0
 730 0539 0A       		.uleb128 0xa
 731 053a 56020000 		.4byte	.LASF113
 732 053e 01       		.byte	0x1
 733 053f 00       		.byte	0
 734 0540 0B       		.uleb128 0xb
 735 0541 38090000 		.4byte	.LASF114
 736 0545 06       		.byte	0x6
 737 0546 2702     		.2byte	0x227
 738 0548 26050000 		.4byte	0x526
 739 054c 0B       		.uleb128 0xb
 740 054d 23020000 		.4byte	.LASF115
 741 0551 06       		.byte	0x6
 742 0552 3902     		.2byte	0x239
 743 0554 58050000 		.4byte	0x558
 744 0558 0C       		.uleb128 0xc
 745 0559 04       		.byte	0x4
 746 055a 5E050000 		.4byte	0x55e
 747 055e 0D       		.uleb128 0xd
 748 055f 69050000 		.4byte	0x569
 749 0563 0E       		.uleb128 0xe
 750 0564 CE000000 		.4byte	0xce
 751 0568 00       		.byte	0
 752 0569 0B       		.uleb128 0xb
 753 056a 80070000 		.4byte	.LASF116
 754 056e 06       		.byte	0x6
 755 056f 4402     		.2byte	0x244
 756 0571 75050000 		.4byte	0x575
 757 0575 0C       		.uleb128 0xc
 758 0576 04       		.byte	0x4
 759 0577 7B050000 		.4byte	0x57b
 760 057b 0F       		.uleb128 0xf
 761 057c 40050000 		.4byte	0x540
 762 0580 8A050000 		.4byte	0x58a
 763 0584 0E       		.uleb128 0xe
 764 0585 CE000000 		.4byte	0xce
 765 0589 00       		.byte	0
 766 058a 10       		.uleb128 0x10
ARM GAS  C:\Users\ASUS\AppData\Local\Temp\cc78oXf6.s 			page 17


 767 058b 67010000 		.4byte	.LASF140
 768 058f 4C       		.byte	0x4c
 769 0590 06       		.byte	0x6
 770 0591 C302     		.2byte	0x2c3
 771 0593 A9060000 		.4byte	0x6a9
 772 0597 11       		.uleb128 0x11
 773 0598 BA080000 		.4byte	.LASF117
 774 059c 06       		.byte	0x6
 775 059d C602     		.2byte	0x2c6
 776 059f 1F050000 		.4byte	0x51f
 777 05a3 00       		.byte	0
 778 05a4 11       		.uleb128 0x11
 779 05a5 57040000 		.4byte	.LASF118
 780 05a9 06       		.byte	0x6
 781 05aa C702     		.2byte	0x2c7
 782 05ac 1F050000 		.4byte	0x51f
 783 05b0 01       		.byte	0x1
 784 05b1 11       		.uleb128 0x11
 785 05b2 1D020000 		.4byte	.LASF119
 786 05b6 06       		.byte	0x6
 787 05b7 C902     		.2byte	0x2c9
 788 05b9 E0000000 		.4byte	0xe0
 789 05bd 04       		.byte	0x4
 790 05be 11       		.uleb128 0x11
 791 05bf 2A010000 		.4byte	.LASF120
 792 05c3 06       		.byte	0x6
 793 05c4 CB02     		.2byte	0x2cb
 794 05c6 E0000000 		.4byte	0xe0
 795 05ca 08       		.byte	0x8
 796 05cb 11       		.uleb128 0x11
 797 05cc 74070000 		.4byte	.LASF121
 798 05d0 06       		.byte	0x6
 799 05d1 CC02     		.2byte	0x2cc
 800 05d3 1F050000 		.4byte	0x51f
 801 05d7 0C       		.byte	0xc
 802 05d8 11       		.uleb128 0x11
 803 05d9 4A020000 		.4byte	.LASF122
 804 05dd 06       		.byte	0x6
 805 05de CD02     		.2byte	0x2cd
 806 05e0 1F050000 		.4byte	0x51f
 807 05e4 0D       		.byte	0xd
 808 05e5 11       		.uleb128 0x11
 809 05e6 41080000 		.4byte	.LASF123
 810 05ea 06       		.byte	0x6
 811 05eb CF02     		.2byte	0x2cf
 812 05ed A9060000 		.4byte	0x6a9
 813 05f1 10       		.byte	0x10
 814 05f2 11       		.uleb128 0x11
 815 05f3 4F070000 		.4byte	.LASF124
 816 05f7 06       		.byte	0x6
 817 05f8 D002     		.2byte	0x2d0
 818 05fa CE000000 		.4byte	0xce
 819 05fe 14       		.byte	0x14
 820 05ff 11       		.uleb128 0x11
 821 0600 59050000 		.4byte	.LASF125
 822 0604 06       		.byte	0x6
 823 0605 D102     		.2byte	0x2d1
ARM GAS  C:\Users\ASUS\AppData\Local\Temp\cc78oXf6.s 			page 18


 824 0607 E0000000 		.4byte	0xe0
 825 060b 18       		.byte	0x18
 826 060c 11       		.uleb128 0x11
 827 060d 9C070000 		.4byte	.LASF126
 828 0611 06       		.byte	0x6
 829 0612 D202     		.2byte	0x2d2
 830 0614 E0000000 		.4byte	0xe0
 831 0618 1C       		.byte	0x1c
 832 0619 11       		.uleb128 0x11
 833 061a 92000000 		.4byte	.LASF127
 834 061e 06       		.byte	0x6
 835 061f D402     		.2byte	0x2d4
 836 0621 E0000000 		.4byte	0xe0
 837 0625 20       		.byte	0x20
 838 0626 11       		.uleb128 0x11
 839 0627 BB030000 		.4byte	.LASF128
 840 062b 06       		.byte	0x6
 841 062c D502     		.2byte	0x2d5
 842 062e AF060000 		.4byte	0x6af
 843 0632 24       		.byte	0x24
 844 0633 11       		.uleb128 0x11
 845 0634 F0080000 		.4byte	.LASF129
 846 0638 06       		.byte	0x6
 847 0639 D702     		.2byte	0x2d7
 848 063b A9060000 		.4byte	0x6a9
 849 063f 28       		.byte	0x28
 850 0640 11       		.uleb128 0x11
 851 0641 FE080000 		.4byte	.LASF130
 852 0645 06       		.byte	0x6
 853 0646 D802     		.2byte	0x2d8
 854 0648 CE000000 		.4byte	0xce
 855 064c 2C       		.byte	0x2c
 856 064d 11       		.uleb128 0x11
 857 064e A1030000 		.4byte	.LASF131
 858 0652 06       		.byte	0x6
 859 0653 D902     		.2byte	0x2d9
 860 0655 E0000000 		.4byte	0xe0
 861 0659 30       		.byte	0x30
 862 065a 11       		.uleb128 0x11
 863 065b AB070000 		.4byte	.LASF132
 864 065f 06       		.byte	0x6
 865 0660 DA02     		.2byte	0x2da
 866 0662 E0000000 		.4byte	0xe0
 867 0666 34       		.byte	0x34
 868 0667 11       		.uleb128 0x11
 869 0668 E6040000 		.4byte	.LASF133
 870 066c 06       		.byte	0x6
 871 066d DC02     		.2byte	0x2dc
 872 066f A9060000 		.4byte	0x6a9
 873 0673 38       		.byte	0x38
 874 0674 11       		.uleb128 0x11
 875 0675 DD010000 		.4byte	.LASF134
 876 0679 06       		.byte	0x6
 877 067a DD02     		.2byte	0x2dd
 878 067c CE000000 		.4byte	0xce
 879 0680 3C       		.byte	0x3c
 880 0681 11       		.uleb128 0x11
ARM GAS  C:\Users\ASUS\AppData\Local\Temp\cc78oXf6.s 			page 19


 881 0682 56010000 		.4byte	.LASF135
 882 0686 06       		.byte	0x6
 883 0687 DE02     		.2byte	0x2de
 884 0689 E0000000 		.4byte	0xe0
 885 068d 40       		.byte	0x40
 886 068e 11       		.uleb128 0x11
 887 068f 7E040000 		.4byte	.LASF136
 888 0693 06       		.byte	0x6
 889 0694 E402     		.2byte	0x2e4
 890 0696 4C050000 		.4byte	0x54c
 891 069a 44       		.byte	0x44
 892 069b 11       		.uleb128 0x11
 893 069c 15030000 		.4byte	.LASF137
 894 06a0 06       		.byte	0x6
 895 06a1 EB02     		.2byte	0x2eb
 896 06a3 69050000 		.4byte	0x569
 897 06a7 48       		.byte	0x48
 898 06a8 00       		.byte	0
 899 06a9 0C       		.uleb128 0xc
 900 06aa 04       		.byte	0x4
 901 06ab A2000000 		.4byte	0xa2
 902 06af 05       		.uleb128 0x5
 903 06b0 1F050000 		.4byte	0x51f
 904 06b4 0B       		.uleb128 0xb
 905 06b5 D5070000 		.4byte	.LASF138
 906 06b9 06       		.byte	0x6
 907 06ba EE02     		.2byte	0x2ee
 908 06bc 8A050000 		.4byte	0x58a
 909 06c0 0B       		.uleb128 0xb
 910 06c1 03040000 		.4byte	.LASF139
 911 06c5 07       		.byte	0x7
 912 06c6 D901     		.2byte	0x1d9
 913 06c8 58050000 		.4byte	0x558
 914 06cc 10       		.uleb128 0x10
 915 06cd FC090000 		.4byte	.LASF141
 916 06d1 38       		.byte	0x38
 917 06d2 07       		.byte	0x7
 918 06d3 7502     		.2byte	0x275
 919 06d5 90070000 		.4byte	0x790
 920 06d9 11       		.uleb128 0x11
 921 06da CB090000 		.4byte	.LASF142
 922 06de 07       		.byte	0x7
 923 06df 7802     		.2byte	0x278
 924 06e1 E0000000 		.4byte	0xe0
 925 06e5 00       		.byte	0
 926 06e6 11       		.uleb128 0x11
 927 06e7 BB050000 		.4byte	.LASF143
 928 06eb 07       		.byte	0x7
 929 06ec 7902     		.2byte	0x279
 930 06ee E0000000 		.4byte	0xe0
 931 06f2 04       		.byte	0x4
 932 06f3 11       		.uleb128 0x11
 933 06f4 0A010000 		.4byte	.LASF144
 934 06f8 07       		.byte	0x7
 935 06f9 7B02     		.2byte	0x27b
 936 06fb 1D050000 		.4byte	0x51d
 937 06ff 08       		.byte	0x8
ARM GAS  C:\Users\ASUS\AppData\Local\Temp\cc78oXf6.s 			page 20


 938 0700 11       		.uleb128 0x11
 939 0701 82080000 		.4byte	.LASF145
 940 0705 07       		.byte	0x7
 941 0706 7C02     		.2byte	0x27c
 942 0708 CE000000 		.4byte	0xce
 943 070c 0C       		.byte	0xc
 944 070d 11       		.uleb128 0x11
 945 070e C2040000 		.4byte	.LASF146
 946 0712 07       		.byte	0x7
 947 0713 7D02     		.2byte	0x27d
 948 0715 E0000000 		.4byte	0xe0
 949 0719 10       		.byte	0x10
 950 071a 11       		.uleb128 0x11
 951 071b A7090000 		.4byte	.LASF147
 952 071f 07       		.byte	0x7
 953 0720 7E02     		.2byte	0x27e
 954 0722 E0000000 		.4byte	0xe0
 955 0726 14       		.byte	0x14
 956 0727 11       		.uleb128 0x11
 957 0728 EA080000 		.4byte	.LASF148
 958 072c 07       		.byte	0x7
 959 072d 8002     		.2byte	0x280
 960 072f 1D050000 		.4byte	0x51d
 961 0733 18       		.byte	0x18
 962 0734 11       		.uleb128 0x11
 963 0735 12000000 		.4byte	.LASF149
 964 0739 07       		.byte	0x7
 965 073a 8102     		.2byte	0x281
 966 073c CE000000 		.4byte	0xce
 967 0740 1C       		.byte	0x1c
 968 0741 11       		.uleb128 0x11
 969 0742 4C030000 		.4byte	.LASF150
 970 0746 07       		.byte	0x7
 971 0747 8202     		.2byte	0x282
 972 0749 E0000000 		.4byte	0xe0
 973 074d 20       		.byte	0x20
 974 074e 11       		.uleb128 0x11
 975 074f A0040000 		.4byte	.LASF151
 976 0753 07       		.byte	0x7
 977 0754 8402     		.2byte	0x284
 978 0756 1D050000 		.4byte	0x51d
 979 075a 24       		.byte	0x24
 980 075b 11       		.uleb128 0x11
 981 075c 6A030000 		.4byte	.LASF152
 982 0760 07       		.byte	0x7
 983 0761 8502     		.2byte	0x285
 984 0763 CE000000 		.4byte	0xce
 985 0767 28       		.byte	0x28
 986 0768 11       		.uleb128 0x11
 987 0769 ED060000 		.4byte	.LASF153
 988 076d 07       		.byte	0x7
 989 076e 8602     		.2byte	0x286
 990 0770 E0000000 		.4byte	0xe0
 991 0774 2C       		.byte	0x2c
 992 0775 11       		.uleb128 0x11
 993 0776 7E040000 		.4byte	.LASF136
 994 077a 07       		.byte	0x7
ARM GAS  C:\Users\ASUS\AppData\Local\Temp\cc78oXf6.s 			page 21


 995 077b 8B02     		.2byte	0x28b
 996 077d C0060000 		.4byte	0x6c0
 997 0781 30       		.byte	0x30
 998 0782 11       		.uleb128 0x11
 999 0783 E2080000 		.4byte	.LASF154
 1000 0787 07       		.byte	0x7
 1001 0788 8E02     		.2byte	0x28e
 1002 078a CE000000 		.4byte	0xce
 1003 078e 34       		.byte	0x34
 1004 078f 00       		.byte	0
 1005 0790 0B       		.uleb128 0xb
 1006 0791 10090000 		.4byte	.LASF155
 1007 0795 07       		.byte	0x7
 1008 0796 9102     		.2byte	0x291
 1009 0798 CC060000 		.4byte	0x6cc
 1010 079c 12       		.uleb128 0x12
 1011 079d EA050000 		.4byte	.LASF163
 1012 07a1 02       		.byte	0x2
 1013 07a2 81       		.byte	0x81
 1014 07a3 03       		.byte	0x3
 1015 07a4 13       		.uleb128 0x13
 1016 07a5 BF020000 		.4byte	.LASF164
 1017 07a9 01       		.byte	0x1
 1018 07aa 0E       		.byte	0xe
 1019 07ab 94000000 		.4byte	0x94
 1020 07af 00000000 		.4byte	.LFB508
 1021 07b3 04000000 		.4byte	.LFE508-.LFB508
 1022 07b7 01       		.uleb128 0x1
 1023 07b8 9C       		.byte	0x9c
 1024 07b9 CD070000 		.4byte	0x7cd
 1025 07bd 14       		.uleb128 0x14
 1026 07be 9C070000 		.4byte	0x79c
 1027 07c2 00000000 		.4byte	.LBB4
 1028 07c6 04000000 		.4byte	.LBE4-.LBB4
 1029 07ca 01       		.byte	0x1
 1030 07cb 10       		.byte	0x10
 1031 07cc 00       		.byte	0
 1032 07cd 15       		.uleb128 0x15
 1033 07ce 37010000 		.4byte	.LASF156
 1034 07d2 08       		.byte	0x8
 1035 07d3 F907     		.2byte	0x7f9
 1036 07d5 D9070000 		.4byte	0x7d9
 1037 07d9 05       		.uleb128 0x5
 1038 07da C3000000 		.4byte	0xc3
 1039 07de 16       		.uleb128 0x16
 1040 07df C1060000 		.4byte	.LASF157
 1041 07e3 05       		.byte	0x5
 1042 07e4 A7       		.byte	0xa7
 1043 07e5 E9070000 		.4byte	0x7e9
 1044 07e9 0C       		.uleb128 0xc
 1045 07ea 04       		.byte	0x4
 1046 07eb EF070000 		.4byte	0x7ef
 1047 07ef 17       		.uleb128 0x17
 1048 07f0 FD040000 		.4byte	0x4fd
 1049 07f4 16       		.uleb128 0x16
 1050 07f5 22040000 		.4byte	.LASF158
 1051 07f9 09       		.byte	0x9
ARM GAS  C:\Users\ASUS\AppData\Local\Temp\cc78oXf6.s 			page 22


 1052 07fa 87       		.byte	0x87
 1053 07fb 90070000 		.4byte	0x790
 1054 07ff 16       		.uleb128 0x16
 1055 0800 4D050000 		.4byte	.LASF159
 1056 0804 0A       		.byte	0xa
 1057 0805 7F       		.byte	0x7f
 1058 0806 B4060000 		.4byte	0x6b4
 1059 080a 00       		.byte	0
 1060              		.section	.debug_abbrev,"",%progbits
 1061              	.Ldebug_abbrev0:
 1062 0000 01       		.uleb128 0x1
 1063 0001 11       		.uleb128 0x11
 1064 0002 01       		.byte	0x1
 1065 0003 25       		.uleb128 0x25
 1066 0004 0E       		.uleb128 0xe
 1067 0005 13       		.uleb128 0x13
 1068 0006 0B       		.uleb128 0xb
 1069 0007 03       		.uleb128 0x3
 1070 0008 0E       		.uleb128 0xe
 1071 0009 1B       		.uleb128 0x1b
 1072 000a 0E       		.uleb128 0xe
 1073 000b 55       		.uleb128 0x55
 1074 000c 17       		.uleb128 0x17
 1075 000d 11       		.uleb128 0x11
 1076 000e 01       		.uleb128 0x1
 1077 000f 10       		.uleb128 0x10
 1078 0010 17       		.uleb128 0x17
 1079 0011 00       		.byte	0
 1080 0012 00       		.byte	0
 1081 0013 02       		.uleb128 0x2
 1082 0014 24       		.uleb128 0x24
 1083 0015 00       		.byte	0
 1084 0016 0B       		.uleb128 0xb
 1085 0017 0B       		.uleb128 0xb
 1086 0018 3E       		.uleb128 0x3e
 1087 0019 0B       		.uleb128 0xb
 1088 001a 03       		.uleb128 0x3
 1089 001b 0E       		.uleb128 0xe
 1090 001c 00       		.byte	0
 1091 001d 00       		.byte	0
 1092 001e 03       		.uleb128 0x3
 1093 001f 16       		.uleb128 0x16
 1094 0020 00       		.byte	0
 1095 0021 03       		.uleb128 0x3
 1096 0022 0E       		.uleb128 0xe
 1097 0023 3A       		.uleb128 0x3a
 1098 0024 0B       		.uleb128 0xb
 1099 0025 3B       		.uleb128 0x3b
 1100 0026 0B       		.uleb128 0xb
 1101 0027 49       		.uleb128 0x49
 1102 0028 13       		.uleb128 0x13
 1103 0029 00       		.byte	0
 1104 002a 00       		.byte	0
 1105 002b 04       		.uleb128 0x4
 1106 002c 24       		.uleb128 0x24
 1107 002d 00       		.byte	0
 1108 002e 0B       		.uleb128 0xb
ARM GAS  C:\Users\ASUS\AppData\Local\Temp\cc78oXf6.s 			page 23


 1109 002f 0B       		.uleb128 0xb
 1110 0030 3E       		.uleb128 0x3e
 1111 0031 0B       		.uleb128 0xb
 1112 0032 03       		.uleb128 0x3
 1113 0033 08       		.uleb128 0x8
 1114 0034 00       		.byte	0
 1115 0035 00       		.byte	0
 1116 0036 05       		.uleb128 0x5
 1117 0037 35       		.uleb128 0x35
 1118 0038 00       		.byte	0
 1119 0039 49       		.uleb128 0x49
 1120 003a 13       		.uleb128 0x13
 1121 003b 00       		.byte	0
 1122 003c 00       		.byte	0
 1123 003d 06       		.uleb128 0x6
 1124 003e 13       		.uleb128 0x13
 1125 003f 01       		.byte	0x1
 1126 0040 0B       		.uleb128 0xb
 1127 0041 0B       		.uleb128 0xb
 1128 0042 3A       		.uleb128 0x3a
 1129 0043 0B       		.uleb128 0xb
 1130 0044 3B       		.uleb128 0x3b
 1131 0045 0B       		.uleb128 0xb
 1132 0046 01       		.uleb128 0x1
 1133 0047 13       		.uleb128 0x13
 1134 0048 00       		.byte	0
 1135 0049 00       		.byte	0
 1136 004a 07       		.uleb128 0x7
 1137 004b 0D       		.uleb128 0xd
 1138 004c 00       		.byte	0
 1139 004d 03       		.uleb128 0x3
 1140 004e 0E       		.uleb128 0xe
 1141 004f 3A       		.uleb128 0x3a
 1142 0050 0B       		.uleb128 0xb
 1143 0051 3B       		.uleb128 0x3b
 1144 0052 0B       		.uleb128 0xb
 1145 0053 49       		.uleb128 0x49
 1146 0054 13       		.uleb128 0x13
 1147 0055 38       		.uleb128 0x38
 1148 0056 0B       		.uleb128 0xb
 1149 0057 00       		.byte	0
 1150 0058 00       		.byte	0
 1151 0059 08       		.uleb128 0x8
 1152 005a 0F       		.uleb128 0xf
 1153 005b 00       		.byte	0
 1154 005c 0B       		.uleb128 0xb
 1155 005d 0B       		.uleb128 0xb
 1156 005e 00       		.byte	0
 1157 005f 00       		.byte	0
 1158 0060 09       		.uleb128 0x9
 1159 0061 04       		.uleb128 0x4
 1160 0062 01       		.byte	0x1
 1161 0063 0B       		.uleb128 0xb
 1162 0064 0B       		.uleb128 0xb
 1163 0065 49       		.uleb128 0x49
 1164 0066 13       		.uleb128 0x13
 1165 0067 3A       		.uleb128 0x3a
ARM GAS  C:\Users\ASUS\AppData\Local\Temp\cc78oXf6.s 			page 24


 1166 0068 0B       		.uleb128 0xb
 1167 0069 3B       		.uleb128 0x3b
 1168 006a 05       		.uleb128 0x5
 1169 006b 01       		.uleb128 0x1
 1170 006c 13       		.uleb128 0x13
 1171 006d 00       		.byte	0
 1172 006e 00       		.byte	0
 1173 006f 0A       		.uleb128 0xa
 1174 0070 28       		.uleb128 0x28
 1175 0071 00       		.byte	0
 1176 0072 03       		.uleb128 0x3
 1177 0073 0E       		.uleb128 0xe
 1178 0074 1C       		.uleb128 0x1c
 1179 0075 0B       		.uleb128 0xb
 1180 0076 00       		.byte	0
 1181 0077 00       		.byte	0
 1182 0078 0B       		.uleb128 0xb
 1183 0079 16       		.uleb128 0x16
 1184 007a 00       		.byte	0
 1185 007b 03       		.uleb128 0x3
 1186 007c 0E       		.uleb128 0xe
 1187 007d 3A       		.uleb128 0x3a
 1188 007e 0B       		.uleb128 0xb
 1189 007f 3B       		.uleb128 0x3b
 1190 0080 05       		.uleb128 0x5
 1191 0081 49       		.uleb128 0x49
 1192 0082 13       		.uleb128 0x13
 1193 0083 00       		.byte	0
 1194 0084 00       		.byte	0
 1195 0085 0C       		.uleb128 0xc
 1196 0086 0F       		.uleb128 0xf
 1197 0087 00       		.byte	0
 1198 0088 0B       		.uleb128 0xb
 1199 0089 0B       		.uleb128 0xb
 1200 008a 49       		.uleb128 0x49
 1201 008b 13       		.uleb128 0x13
 1202 008c 00       		.byte	0
 1203 008d 00       		.byte	0
 1204 008e 0D       		.uleb128 0xd
 1205 008f 15       		.uleb128 0x15
 1206 0090 01       		.byte	0x1
 1207 0091 27       		.uleb128 0x27
 1208 0092 19       		.uleb128 0x19
 1209 0093 01       		.uleb128 0x1
 1210 0094 13       		.uleb128 0x13
 1211 0095 00       		.byte	0
 1212 0096 00       		.byte	0
 1213 0097 0E       		.uleb128 0xe
 1214 0098 05       		.uleb128 0x5
 1215 0099 00       		.byte	0
 1216 009a 49       		.uleb128 0x49
 1217 009b 13       		.uleb128 0x13
 1218 009c 00       		.byte	0
 1219 009d 00       		.byte	0
 1220 009e 0F       		.uleb128 0xf
 1221 009f 15       		.uleb128 0x15
 1222 00a0 01       		.byte	0x1
ARM GAS  C:\Users\ASUS\AppData\Local\Temp\cc78oXf6.s 			page 25


 1223 00a1 27       		.uleb128 0x27
 1224 00a2 19       		.uleb128 0x19
 1225 00a3 49       		.uleb128 0x49
 1226 00a4 13       		.uleb128 0x13
 1227 00a5 01       		.uleb128 0x1
 1228 00a6 13       		.uleb128 0x13
 1229 00a7 00       		.byte	0
 1230 00a8 00       		.byte	0
 1231 00a9 10       		.uleb128 0x10
 1232 00aa 13       		.uleb128 0x13
 1233 00ab 01       		.byte	0x1
 1234 00ac 03       		.uleb128 0x3
 1235 00ad 0E       		.uleb128 0xe
 1236 00ae 0B       		.uleb128 0xb
 1237 00af 0B       		.uleb128 0xb
 1238 00b0 3A       		.uleb128 0x3a
 1239 00b1 0B       		.uleb128 0xb
 1240 00b2 3B       		.uleb128 0x3b
 1241 00b3 05       		.uleb128 0x5
 1242 00b4 01       		.uleb128 0x1
 1243 00b5 13       		.uleb128 0x13
 1244 00b6 00       		.byte	0
 1245 00b7 00       		.byte	0
 1246 00b8 11       		.uleb128 0x11
 1247 00b9 0D       		.uleb128 0xd
 1248 00ba 00       		.byte	0
 1249 00bb 03       		.uleb128 0x3
 1250 00bc 0E       		.uleb128 0xe
 1251 00bd 3A       		.uleb128 0x3a
 1252 00be 0B       		.uleb128 0xb
 1253 00bf 3B       		.uleb128 0x3b
 1254 00c0 05       		.uleb128 0x5
 1255 00c1 49       		.uleb128 0x49
 1256 00c2 13       		.uleb128 0x13
 1257 00c3 38       		.uleb128 0x38
 1258 00c4 0B       		.uleb128 0xb
 1259 00c5 00       		.byte	0
 1260 00c6 00       		.byte	0
 1261 00c7 12       		.uleb128 0x12
 1262 00c8 2E       		.uleb128 0x2e
 1263 00c9 00       		.byte	0
 1264 00ca 03       		.uleb128 0x3
 1265 00cb 0E       		.uleb128 0xe
 1266 00cc 3A       		.uleb128 0x3a
 1267 00cd 0B       		.uleb128 0xb
 1268 00ce 3B       		.uleb128 0x3b
 1269 00cf 0B       		.uleb128 0xb
 1270 00d0 27       		.uleb128 0x27
 1271 00d1 19       		.uleb128 0x19
 1272 00d2 20       		.uleb128 0x20
 1273 00d3 0B       		.uleb128 0xb
 1274 00d4 00       		.byte	0
 1275 00d5 00       		.byte	0
 1276 00d6 13       		.uleb128 0x13
 1277 00d7 2E       		.uleb128 0x2e
 1278 00d8 01       		.byte	0x1
 1279 00d9 3F       		.uleb128 0x3f
ARM GAS  C:\Users\ASUS\AppData\Local\Temp\cc78oXf6.s 			page 26


 1280 00da 19       		.uleb128 0x19
 1281 00db 03       		.uleb128 0x3
 1282 00dc 0E       		.uleb128 0xe
 1283 00dd 3A       		.uleb128 0x3a
 1284 00de 0B       		.uleb128 0xb
 1285 00df 3B       		.uleb128 0x3b
 1286 00e0 0B       		.uleb128 0xb
 1287 00e1 27       		.uleb128 0x27
 1288 00e2 19       		.uleb128 0x19
 1289 00e3 49       		.uleb128 0x49
 1290 00e4 13       		.uleb128 0x13
 1291 00e5 8701     		.uleb128 0x87
 1292 00e7 19       		.uleb128 0x19
 1293 00e8 11       		.uleb128 0x11
 1294 00e9 01       		.uleb128 0x1
 1295 00ea 12       		.uleb128 0x12
 1296 00eb 06       		.uleb128 0x6
 1297 00ec 40       		.uleb128 0x40
 1298 00ed 18       		.uleb128 0x18
 1299 00ee 9742     		.uleb128 0x2117
 1300 00f0 19       		.uleb128 0x19
 1301 00f1 01       		.uleb128 0x1
 1302 00f2 13       		.uleb128 0x13
 1303 00f3 00       		.byte	0
 1304 00f4 00       		.byte	0
 1305 00f5 14       		.uleb128 0x14
 1306 00f6 1D       		.uleb128 0x1d
 1307 00f7 00       		.byte	0
 1308 00f8 31       		.uleb128 0x31
 1309 00f9 13       		.uleb128 0x13
 1310 00fa 11       		.uleb128 0x11
 1311 00fb 01       		.uleb128 0x1
 1312 00fc 12       		.uleb128 0x12
 1313 00fd 06       		.uleb128 0x6
 1314 00fe 58       		.uleb128 0x58
 1315 00ff 0B       		.uleb128 0xb
 1316 0100 59       		.uleb128 0x59
 1317 0101 0B       		.uleb128 0xb
 1318 0102 00       		.byte	0
 1319 0103 00       		.byte	0
 1320 0104 15       		.uleb128 0x15
 1321 0105 34       		.uleb128 0x34
 1322 0106 00       		.byte	0
 1323 0107 03       		.uleb128 0x3
 1324 0108 0E       		.uleb128 0xe
 1325 0109 3A       		.uleb128 0x3a
 1326 010a 0B       		.uleb128 0xb
 1327 010b 3B       		.uleb128 0x3b
 1328 010c 05       		.uleb128 0x5
 1329 010d 49       		.uleb128 0x49
 1330 010e 13       		.uleb128 0x13
 1331 010f 3F       		.uleb128 0x3f
 1332 0110 19       		.uleb128 0x19
 1333 0111 3C       		.uleb128 0x3c
 1334 0112 19       		.uleb128 0x19
 1335 0113 00       		.byte	0
 1336 0114 00       		.byte	0
ARM GAS  C:\Users\ASUS\AppData\Local\Temp\cc78oXf6.s 			page 27


 1337 0115 16       		.uleb128 0x16
 1338 0116 34       		.uleb128 0x34
 1339 0117 00       		.byte	0
 1340 0118 03       		.uleb128 0x3
 1341 0119 0E       		.uleb128 0xe
 1342 011a 3A       		.uleb128 0x3a
 1343 011b 0B       		.uleb128 0xb
 1344 011c 3B       		.uleb128 0x3b
 1345 011d 0B       		.uleb128 0xb
 1346 011e 49       		.uleb128 0x49
 1347 011f 13       		.uleb128 0x13
 1348 0120 3F       		.uleb128 0x3f
 1349 0121 19       		.uleb128 0x19
 1350 0122 3C       		.uleb128 0x3c
 1351 0123 19       		.uleb128 0x19
 1352 0124 00       		.byte	0
 1353 0125 00       		.byte	0
 1354 0126 17       		.uleb128 0x17
 1355 0127 26       		.uleb128 0x26
 1356 0128 00       		.byte	0
 1357 0129 49       		.uleb128 0x49
 1358 012a 13       		.uleb128 0x13
 1359 012b 00       		.byte	0
 1360 012c 00       		.byte	0
 1361 012d 00       		.byte	0
 1362              		.section	.debug_aranges,"",%progbits
 1363 0000 1C000000 		.4byte	0x1c
 1364 0004 0200     		.2byte	0x2
 1365 0006 00000000 		.4byte	.Ldebug_info0
 1366 000a 04       		.byte	0x4
 1367 000b 00       		.byte	0
 1368 000c 0000     		.2byte	0
 1369 000e 0000     		.2byte	0
 1370 0010 00000000 		.4byte	.LFB508
 1371 0014 04000000 		.4byte	.LFE508-.LFB508
 1372 0018 00000000 		.4byte	0
 1373 001c 00000000 		.4byte	0
 1374              		.section	.debug_ranges,"",%progbits
 1375              	.Ldebug_ranges0:
 1376 0000 00000000 		.4byte	.LFB508
 1377 0004 04000000 		.4byte	.LFE508
 1378 0008 00000000 		.4byte	0
 1379 000c 00000000 		.4byte	0
 1380              		.section	.debug_line,"",%progbits
 1381              	.Ldebug_line0:
 1382 0000 40020000 		.section	.debug_str,"MS",%progbits,1
 1382      02002502 
 1382      00000201 
 1382      FB0E0D00 
 1382      01010101 
 1383              	.LASF56:
 1384 0000 70726F74 		.ascii	"protBusMasterMask\000"
 1384      4275734D 
 1384      61737465 
 1384      724D6173 
 1384      6B00
 1385              	.LASF149:
ARM GAS  C:\Users\ASUS\AppData\Local\Temp\cc78oXf6.s 			page 28


 1386 0012 72784275 		.ascii	"rxBufSize\000"
 1386      6653697A 
 1386      6500
 1387              	.LASF66:
 1388 001c 666C6173 		.ascii	"flashCtlMainWs3Freq\000"
 1388      6843746C 
 1388      4D61696E 
 1388      57733346 
 1388      72657100 
 1389              	.LASF88:
 1390 0030 6770696F 		.ascii	"gpioPrtCfgInOffset\000"
 1390      50727443 
 1390      6667496E 
 1390      4F666673 
 1390      657400
 1391              	.LASF106:
 1392 0043 6970634C 		.ascii	"ipcLockStatusOffset\000"
 1392      6F636B53 
 1392      74617475 
 1392      734F6666 
 1392      73657400 
 1393              	.LASF32:
 1394 0057 63727970 		.ascii	"cryptoVersion\000"
 1394      746F5665 
 1394      7273696F 
 1394      6E00
 1395              	.LASF50:
 1396 0065 70657269 		.ascii	"periClockNr\000"
 1396      436C6F63 
 1396      6B4E7200 
 1397              	.LASF28:
 1398 0071 70617373 		.ascii	"passBase\000"
 1398      42617365 
 1398      00
 1399              	.LASF41:
 1400 007a 63707573 		.ascii	"cpussIpcIrqNr\000"
 1400      73497063 
 1400      4972714E 
 1400      7200
 1401              	.LASF3:
 1402 0088 5F5F7569 		.ascii	"__uint8_t\000"
 1402      6E74385F 
 1402      7400
 1403              	.LASF127:
 1404 0092 736C6176 		.ascii	"slaveStatus\000"
 1404      65537461 
 1404      74757300 
 1405              	.LASF85:
 1406 009e 70657269 		.ascii	"periDiv24_5CtlOffset\000"
 1406      44697632 
 1406      345F3543 
 1406      746C4F66 
 1406      66736574 
 1407              	.LASF92:
 1408 00b3 63707573 		.ascii	"cpussCm4ClockCtlOffset\000"
 1408      73436D34 
 1408      436C6F63 
ARM GAS  C:\Users\ASUS\AppData\Local\Temp\cc78oXf6.s 			page 29


 1408      6B43746C 
 1408      4F666673 
 1409              	.LASF21:
 1410 00ca 63707573 		.ascii	"cpussBase\000"
 1410      73426173 
 1410      6500
 1411              	.LASF70:
 1412 00d4 64774368 		.ascii	"dwChCtlPrioPos\000"
 1412      43746C50 
 1412      72696F50 
 1412      6F7300
 1413              	.LASF12:
 1414 00e3 6C6F6E67 		.ascii	"long long unsigned int\000"
 1414      206C6F6E 
 1414      6720756E 
 1414      7369676E 
 1414      65642069 
 1415              	.LASF74:
 1416 00fa 70657269 		.ascii	"periTrCmdOffset\000"
 1416      5472436D 
 1416      644F6666 
 1416      73657400 
 1417              	.LASF144:
 1418 010a 72785269 		.ascii	"rxRingBuf\000"
 1418      6E674275 
 1418      6600
 1419              	.LASF98:
 1420 0114 63707573 		.ascii	"cpussSysTickCtlOffset\000"
 1420      73537973 
 1420      5469636B 
 1420      43746C4F 
 1420      66667365 
 1421              	.LASF120:
 1422 012a 6D617374 		.ascii	"masterStatus\000"
 1422      65725374 
 1422      61747573 
 1422      00
 1423              	.LASF156:
 1424 0137 49544D5F 		.ascii	"ITM_RxBuffer\000"
 1424      52784275 
 1424      66666572 
 1424      00
 1425              	.LASF59:
 1426 0144 666C6173 		.ascii	"flashPipeRequired\000"
 1426      68506970 
 1426      65526571 
 1426      75697265 
 1426      6400
 1427              	.LASF135:
 1428 0156 736C6176 		.ascii	"slaveRxBufferIdx\000"
 1428      65527842 
 1428      75666665 
 1428      72496478 
 1428      00
 1429              	.LASF140:
 1430 0167 63795F73 		.ascii	"cy_stc_scb_i2c_context\000"
 1430      74635F73 
ARM GAS  C:\Users\ASUS\AppData\Local\Temp\cc78oXf6.s 			page 30


 1430      63625F69 
 1430      32635F63 
 1430      6F6E7465 
 1431              	.LASF63:
 1432 017e 666C6173 		.ascii	"flashCtlMainWs0Freq\000"
 1432      6843746C 
 1432      4D61696E 
 1432      57733046 
 1432      72657100 
 1433              	.LASF15:
 1434 0192 696E7431 		.ascii	"int16_t\000"
 1434      365F7400 
 1435              	.LASF11:
 1436 019a 6C6F6E67 		.ascii	"long long int\000"
 1436      206C6F6E 
 1436      6720696E 
 1436      7400
 1437              	.LASF1:
 1438 01a8 7369676E 		.ascii	"signed char\000"
 1438      65642063 
 1438      68617200 
 1439              	.LASF79:
 1440 01b4 70657269 		.ascii	"periDivCmdTypeSelPos\000"
 1440      44697643 
 1440      6D645479 
 1440      70655365 
 1440      6C506F73 
 1441              	.LASF25:
 1442 01c9 70726F74 		.ascii	"protBase\000"
 1442      42617365 
 1442      00
 1443              	.LASF37:
 1444 01d2 69706356 		.ascii	"ipcVersion\000"
 1444      65727369 
 1444      6F6E00
 1445              	.LASF134:
 1446 01dd 736C6176 		.ascii	"slaveRxBufferSize\000"
 1446      65527842 
 1446      75666665 
 1446      7253697A 
 1446      6500
 1447              	.LASF99:
 1448 01ef 63707573 		.ascii	"cpussCm0NmiCtlOffset\000"
 1448      73436D30 
 1448      4E6D6943 
 1448      746C4F66 
 1448      66736574 
 1449              	.LASF47:
 1450 0204 73727373 		.ascii	"srssNumClkpath\000"
 1450      4E756D43 
 1450      6C6B7061 
 1450      746800
 1451              	.LASF26:
 1452 0213 6873696F 		.ascii	"hsiomBase\000"
 1452      6D426173 
 1452      6500
 1453              	.LASF119:
ARM GAS  C:\Users\ASUS\AppData\Local\Temp\cc78oXf6.s 			page 31


 1454 021d 73746174 		.ascii	"state\000"
 1454      6500
 1455              	.LASF115:
 1456 0223 63795F63 		.ascii	"cy_cb_scb_i2c_handle_events_t\000"
 1456      625F7363 
 1456      625F6932 
 1456      635F6861 
 1456      6E646C65 
 1457              	.LASF8:
 1458 0241 6C6F6E67 		.ascii	"long int\000"
 1458      20696E74 
 1458      00
 1459              	.LASF122:
 1460 024a 6D617374 		.ascii	"masterRdDir\000"
 1460      65725264 
 1460      44697200 
 1461              	.LASF113:
 1462 0256 43595F53 		.ascii	"CY_SCB_I2C_NAK\000"
 1462      43425F49 
 1462      32435F4E 
 1462      414B00
 1463              	.LASF57:
 1464 0265 63727970 		.ascii	"cryptoMemSize\000"
 1464      746F4D65 
 1464      6D53697A 
 1464      6500
 1465              	.LASF23:
 1466 0273 70657269 		.ascii	"periBase\000"
 1466      42617365 
 1466      00
 1467              	.LASF55:
 1468 027c 73797350 		.ascii	"sysPmSimoPresent\000"
 1468      6D53696D 
 1468      6F507265 
 1468      73656E74 
 1468      00
 1469              	.LASF45:
 1470 028d 63707573 		.ascii	"cpussFmIrq\000"
 1470      73466D49 
 1470      727100
 1471              	.LASF110:
 1472 0298 646F7562 		.ascii	"double\000"
 1472      6C6500
 1473              	.LASF84:
 1474 029f 70657269 		.ascii	"periDiv16_5CtlOffset\000"
 1474      44697631 
 1474      365F3543 
 1474      746C4F66 
 1474      66736574 
 1475              	.LASF48:
 1476 02b4 73727373 		.ascii	"srssNumPll\000"
 1476      4E756D50 
 1476      6C6C00
 1477              	.LASF164:
 1478 02bf 6D61696E 		.ascii	"main\000"
 1478      00
 1479              	.LASF162:
ARM GAS  C:\Users\ASUS\AppData\Local\Temp\cc78oXf6.s 			page 32


 1480 02c4 443A5C44 		.ascii	"D:\\Documents\\Lab2Part3.cydsn\\EasyMoo.cydsn\000"
 1480      6F63756D 
 1480      656E7473 
 1480      5C4C6162 
 1480      32506172 
 1481              	.LASF82:
 1482 02ef 70657269 		.ascii	"periDiv8CtlOffset\000"
 1482      44697638 
 1482      43746C4F 
 1482      66667365 
 1482      7400
 1483              	.LASF89:
 1484 0301 6770696F 		.ascii	"gpioPrtCfgOutOffset\000"
 1484      50727443 
 1484      66674F75 
 1484      744F6666 
 1484      73657400 
 1485              	.LASF137:
 1486 0315 63624164 		.ascii	"cbAddr\000"
 1486      647200
 1487              	.LASF22:
 1488 031c 666C6173 		.ascii	"flashcBase\000"
 1488      68634261 
 1488      736500
 1489              	.LASF9:
 1490 0327 5F5F7569 		.ascii	"__uint32_t\000"
 1490      6E743332 
 1490      5F7400
 1491              	.LASF52:
 1492 0332 70617373 		.ascii	"passSarChannels\000"
 1492      53617243 
 1492      68616E6E 
 1492      656C7300 
 1493              	.LASF4:
 1494 0342 5F5F696E 		.ascii	"__int16_t\000"
 1494      7431365F 
 1494      7400
 1495              	.LASF150:
 1496 034c 72784275 		.ascii	"rxBufIdx\000"
 1496      66496478 
 1496      00
 1497              	.LASF95:
 1498 0355 63707573 		.ascii	"cpussCm4PwrCtlOffset\000"
 1498      73436D34 
 1498      50777243 
 1498      746C4F66 
 1498      66736574 
 1499              	.LASF152:
 1500 036a 74784275 		.ascii	"txBufSize\000"
 1500      6653697A 
 1500      6500
 1501              	.LASF90:
 1502 0374 6770696F 		.ascii	"gpioPrtCfgSioOffset\000"
 1502      50727443 
 1502      66675369 
 1502      6F4F6666 
 1502      73657400 
ARM GAS  C:\Users\ASUS\AppData\Local\Temp\cc78oXf6.s 			page 33


 1503              	.LASF42:
 1504 0388 63707573 		.ascii	"cpussDwChNr\000"
 1504      73447743 
 1504      684E7200 
 1505              	.LASF13:
 1506 0394 756E7369 		.ascii	"unsigned int\000"
 1506      676E6564 
 1506      20696E74 
 1506      00
 1507              	.LASF131:
 1508 03a1 736C6176 		.ascii	"slaveTxBufferIdx\000"
 1508      65547842 
 1508      75666665 
 1508      72496478 
 1508      00
 1509              	.LASF16:
 1510 03b2 75696E74 		.ascii	"uint16_t\000"
 1510      31365F74 
 1510      00
 1511              	.LASF128:
 1512 03bb 736C6176 		.ascii	"slaveRdBufEmpty\000"
 1512      65526442 
 1512      7566456D 
 1512      70747900 
 1513              	.LASF75:
 1514 03cb 70657269 		.ascii	"periTrCmdGrSelMsk\000"
 1514      5472436D 
 1514      64477253 
 1514      656C4D73 
 1514      6B00
 1515              	.LASF64:
 1516 03dd 666C6173 		.ascii	"flashCtlMainWs1Freq\000"
 1516      6843746C 
 1516      4D61696E 
 1516      57733146 
 1516      72657100 
 1517              	.LASF10:
 1518 03f1 6C6F6E67 		.ascii	"long unsigned int\000"
 1518      20756E73 
 1518      69676E65 
 1518      6420696E 
 1518      7400
 1519              	.LASF139:
 1520 0403 63795F63 		.ascii	"cy_cb_scb_uart_handle_events_t\000"
 1520      625F7363 
 1520      625F7561 
 1520      72745F68 
 1520      616E646C 
 1521              	.LASF158:
 1522 0422 55415254 		.ascii	"UART_context\000"
 1522      5F636F6E 
 1522      74657874 
 1522      00
 1523              	.LASF40:
 1524 042f 63707573 		.ascii	"cpussIpcNr\000"
 1524      73497063 
 1524      4E7200
ARM GAS  C:\Users\ASUS\AppData\Local\Temp\cc78oXf6.s 			page 34


 1525              	.LASF27:
 1526 043a 6770696F 		.ascii	"gpioBase\000"
 1526      42617365 
 1526      00
 1527              	.LASF65:
 1528 0443 666C6173 		.ascii	"flashCtlMainWs2Freq\000"
 1528      6843746C 
 1528      4D61696E 
 1528      57733246 
 1528      72657100 
 1529              	.LASF118:
 1530 0457 75736554 		.ascii	"useTxFifo\000"
 1530      78466966 
 1530      6F00
 1531              	.LASF76:
 1532 0461 70657269 		.ascii	"periTrGrOffset\000"
 1532      54724772 
 1532      4F666673 
 1532      657400
 1533              	.LASF103:
 1534 0470 63707573 		.ascii	"cpussRam1Ctl0\000"
 1534      7352616D 
 1534      3143746C 
 1534      3000
 1535              	.LASF136:
 1536 047e 63624576 		.ascii	"cbEvents\000"
 1536      656E7473 
 1536      00
 1537              	.LASF77:
 1538 0487 70657269 		.ascii	"periTrGrSize\000"
 1538      54724772 
 1538      53697A65 
 1538      00
 1539              	.LASF35:
 1540 0494 6770696F 		.ascii	"gpioVersion\000"
 1540      56657273 
 1540      696F6E00 
 1541              	.LASF151:
 1542 04a0 74784275 		.ascii	"txBuf\000"
 1542      6600
 1543              	.LASF107:
 1544 04a6 63795F73 		.ascii	"cy_stc_device_t\000"
 1544      74635F64 
 1544      65766963 
 1544      655F7400 
 1545              	.LASF53:
 1546 04b6 65704D6F 		.ascii	"epMonitorNr\000"
 1546      6E69746F 
 1546      724E7200 
 1547              	.LASF146:
 1548 04c2 72785269 		.ascii	"rxRingBufHead\000"
 1548      6E674275 
 1548      66486561 
 1548      6400
 1549              	.LASF96:
 1550 04d0 63707573 		.ascii	"cpussTrimRamCtlOffset\000"
 1550      73547269 
ARM GAS  C:\Users\ASUS\AppData\Local\Temp\cc78oXf6.s 			page 35


 1550      6D52616D 
 1550      43746C4F 
 1550      66667365 
 1551              	.LASF133:
 1552 04e6 736C6176 		.ascii	"slaveRxBuffer\000"
 1552      65527842 
 1552      75666665 
 1552      7200
 1553              	.LASF91:
 1554 04f4 63707573 		.ascii	"cpussCm0ClockCtlOffset\000"
 1554      73436D30 
 1554      436C6F63 
 1554      6B43746C 
 1554      4F666673 
 1555              	.LASF31:
 1556 050b 63707573 		.ascii	"cpussVersion\000"
 1556      73566572 
 1556      73696F6E 
 1556      00
 1557              	.LASF38:
 1558 0518 70657269 		.ascii	"periVersion\000"
 1558      56657273 
 1558      696F6E00 
 1559              	.LASF94:
 1560 0524 63707573 		.ascii	"cpussCm0StatusOffset\000"
 1560      73436D30 
 1560      53746174 
 1560      75734F66 
 1560      66736574 
 1561              	.LASF19:
 1562 0539 73697A65 		.ascii	"sizetype\000"
 1562      74797065 
 1562      00
 1563              	.LASF68:
 1564 0542 64774368 		.ascii	"dwChOffset\000"
 1564      4F666673 
 1564      657400
 1565              	.LASF159:
 1566 054d 4932435F 		.ascii	"I2C_context\000"
 1566      636F6E74 
 1566      65787400 
 1567              	.LASF125:
 1568 0559 6D617374 		.ascii	"masterBufferIdx\000"
 1568      65724275 
 1568      66666572 
 1568      49647800 
 1569              	.LASF43:
 1570 0569 63707573 		.ascii	"cpussFlashPaSize\000"
 1570      73466C61 
 1570      73685061 
 1570      53697A65 
 1570      00
 1571              	.LASF81:
 1572 057a 70657269 		.ascii	"periDivCmdPaTypeSelPos\000"
 1572      44697643 
 1572      6D645061 
 1572      54797065 
ARM GAS  C:\Users\ASUS\AppData\Local\Temp\cc78oXf6.s 			page 36


 1572      53656C50 
 1573              	.LASF104:
 1574 0591 63707573 		.ascii	"cpussRam2Ctl0\000"
 1574      7352616D 
 1574      3243746C 
 1574      3000
 1575              	.LASF72:
 1576 059f 64775374 		.ascii	"dwStatusChIdxPos\000"
 1576      61747573 
 1576      43684964 
 1576      78506F73 
 1576      00
 1577              	.LASF54:
 1578 05b0 75646250 		.ascii	"udbPresent\000"
 1578      72657365 
 1578      6E7400
 1579              	.LASF143:
 1580 05bb 72785374 		.ascii	"rxStatus\000"
 1580      61747573 
 1580      00
 1581              	.LASF34:
 1582 05c4 666C6173 		.ascii	"flashcVersion\000"
 1582      68635665 
 1582      7273696F 
 1582      6E00
 1583              	.LASF30:
 1584 05d2 63727970 		.ascii	"cryptoBase\000"
 1584      746F4261 
 1584      736500
 1585              	.LASF51:
 1586 05dd 736D6966 		.ascii	"smifDeviceNr\000"
 1586      44657669 
 1586      63654E72 
 1586      00
 1587              	.LASF163:
 1588 05ea 5F5F656E 		.ascii	"__enable_irq\000"
 1588      61626C65 
 1588      5F697271 
 1588      00
 1589              	.LASF160:
 1590 05f7 474E5520 		.ascii	"GNU C11 5.4.1 20160609 (release) [ARM/embedded-5-br"
 1590      43313120 
 1590      352E342E 
 1590      31203230 
 1590      31363036 
 1591 062a 616E6368 		.ascii	"anch revision 237715] -mcpu=cortex-m4 -mfloat-abi=s"
 1591      20726576 
 1591      6973696F 
 1591      6E203233 
 1591      37373135 
 1592 065d 6F667466 		.ascii	"oftfp -mfpu=fpv4-sp-d16 -mthumb -g -Og -ffunction-s"
 1592      70202D6D 
 1592      6670753D 
 1592      66707634 
 1592      2D73702D 
 1593 0690 65637469 		.ascii	"ections -ffat-lto-objects\000"
 1593      6F6E7320 
ARM GAS  C:\Users\ASUS\AppData\Local\Temp\cc78oXf6.s 			page 37


 1593      2D666661 
 1593      742D6C74 
 1593      6F2D6F62 
 1594              	.LASF109:
 1595 06aa 666C6F61 		.ascii	"float\000"
 1595      7400
 1596              	.LASF73:
 1597 06b0 64775374 		.ascii	"dwStatusChIdxMsk\000"
 1597      61747573 
 1597      43684964 
 1597      784D736B 
 1597      00
 1598              	.LASF157:
 1599 06c1 63795F64 		.ascii	"cy_device\000"
 1599      65766963 
 1599      6500
 1600              	.LASF101:
 1601 06cb 63707573 		.ascii	"cpussRomCtl\000"
 1601      73526F6D 
 1601      43746C00 
 1602              	.LASF71:
 1603 06d7 64774368 		.ascii	"dwChCtlPreemptablePos\000"
 1603      43746C50 
 1603      7265656D 
 1603      70746162 
 1603      6C65506F 
 1604              	.LASF153:
 1605 06ed 74784C65 		.ascii	"txLeftToTransmit\000"
 1605      6674546F 
 1605      5472616E 
 1605      736D6974 
 1605      00
 1606              	.LASF24:
 1607 06fe 75646242 		.ascii	"udbBase\000"
 1607      61736500 
 1608              	.LASF112:
 1609 0706 43595F53 		.ascii	"CY_SCB_I2C_ACK\000"
 1609      43425F49 
 1609      32435F41 
 1609      434B00
 1610              	.LASF111:
 1611 0715 5F426F6F 		.ascii	"_Bool\000"
 1611      6C00
 1612              	.LASF17:
 1613 071b 696E7433 		.ascii	"int32_t\000"
 1613      325F7400 
 1614              	.LASF2:
 1615 0723 756E7369 		.ascii	"unsigned char\000"
 1615      676E6564 
 1615      20636861 
 1615      7200
 1616              	.LASF67:
 1617 0731 666C6173 		.ascii	"flashCtlMainWs4Freq\000"
 1617      6843746C 
 1617      4D61696E 
 1617      57733446 
 1617      72657100 
ARM GAS  C:\Users\ASUS\AppData\Local\Temp\cc78oXf6.s 			page 38


 1618              	.LASF0:
 1619 0745 73686F72 		.ascii	"short int\000"
 1619      7420696E 
 1619      7400
 1620              	.LASF124:
 1621 074f 6D617374 		.ascii	"masterBufferSize\000"
 1621      65724275 
 1621      66666572 
 1621      53697A65 
 1621      00
 1622              	.LASF78:
 1623 0760 70657269 		.ascii	"periDivCmdDivSelMsk\000"
 1623      44697643 
 1623      6D644469 
 1623      7653656C 
 1623      4D736B00 
 1624              	.LASF121:
 1625 0774 6D617374 		.ascii	"masterPause\000"
 1625      65725061 
 1625      75736500 
 1626              	.LASF116:
 1627 0780 63795F63 		.ascii	"cy_cb_scb_i2c_handle_addr_t\000"
 1627      625F7363 
 1627      625F6932 
 1627      635F6861 
 1627      6E646C65 
 1628              	.LASF126:
 1629 079c 6D617374 		.ascii	"masterNumBytes\000"
 1629      65724E75 
 1629      6D427974 
 1629      657300
 1630              	.LASF132:
 1631 07ab 736C6176 		.ascii	"slaveTxBufferCnt\000"
 1631      65547842 
 1631      75666665 
 1631      72436E74 
 1631      00
 1632              	.LASF62:
 1633 07bc 666C6173 		.ascii	"flashEraseDelay\000"
 1633      68457261 
 1633      73654465 
 1633      6C617900 
 1634              	.LASF18:
 1635 07cc 75696E74 		.ascii	"uint32_t\000"
 1635      33325F74 
 1635      00
 1636              	.LASF138:
 1637 07d5 63795F73 		.ascii	"cy_stc_scb_i2c_context_t\000"
 1637      74635F73 
 1637      63625F69 
 1637      32635F63 
 1637      6F6E7465 
 1638              	.LASF20:
 1639 07ee 6C6F6E67 		.ascii	"long double\000"
 1639      20646F75 
 1639      626C6500 
 1640              	.LASF108:
ARM GAS  C:\Users\ASUS\AppData\Local\Temp\cc78oXf6.s 			page 39


 1641 07fa 63686172 		.ascii	"char\000"
 1641      00
 1642              	.LASF39:
 1643 07ff 70726F74 		.ascii	"protVersion\000"
 1643      56657273 
 1643      696F6E00 
 1644              	.LASF102:
 1645 080b 63707573 		.ascii	"cpussRam0Ctl0\000"
 1645      7352616D 
 1645      3043746C 
 1645      3000
 1646              	.LASF5:
 1647 0819 5F5F7569 		.ascii	"__uint16_t\000"
 1647      6E743136 
 1647      5F7400
 1648              	.LASF83:
 1649 0824 70657269 		.ascii	"periDiv16CtlOffset\000"
 1649      44697631 
 1649      3643746C 
 1649      4F666673 
 1649      657400
 1650              	.LASF7:
 1651 0837 5F5F696E 		.ascii	"__int32_t\000"
 1651      7433325F 
 1651      7400
 1652              	.LASF123:
 1653 0841 6D617374 		.ascii	"masterBuffer\000"
 1653      65724275 
 1653      66666572 
 1653      00
 1654              	.LASF36:
 1655 084e 6873696F 		.ascii	"hsiomVersion\000"
 1655      6D566572 
 1655      73696F6E 
 1655      00
 1656              	.LASF61:
 1657 085b 666C6173 		.ascii	"flashProgramDelay\000"
 1657      6850726F 
 1657      6772616D 
 1657      44656C61 
 1657      7900
 1658              	.LASF46:
 1659 086d 63707573 		.ascii	"cpussNotConnectedIrq\000"
 1659      734E6F74 
 1659      436F6E6E 
 1659      65637465 
 1659      64497271 
 1660              	.LASF145:
 1661 0882 72785269 		.ascii	"rxRingBufSize\000"
 1661      6E674275 
 1661      6653697A 
 1661      6500
 1662              	.LASF6:
 1663 0890 73686F72 		.ascii	"short unsigned int\000"
 1663      7420756E 
 1663      7369676E 
 1663      65642069 
ARM GAS  C:\Users\ASUS\AppData\Local\Temp\cc78oXf6.s 			page 40


 1663      6E7400
 1664              	.LASF69:
 1665 08a3 64774368 		.ascii	"dwChSize\000"
 1665      53697A65 
 1665      00
 1666              	.LASF105:
 1667 08ac 69706353 		.ascii	"ipcStructSize\000"
 1667      74727563 
 1667      7453697A 
 1667      6500
 1668              	.LASF117:
 1669 08ba 75736552 		.ascii	"useRxFifo\000"
 1669      78466966 
 1669      6F00
 1670              	.LASF44:
 1671 08c4 63707573 		.ascii	"cpussIpc0Irq\000"
 1671      73497063 
 1671      30497271 
 1671      00
 1672              	.LASF87:
 1673 08d1 6770696F 		.ascii	"gpioPrtCfgOffset\000"
 1673      50727443 
 1673      66674F66 
 1673      66736574 
 1673      00
 1674              	.LASF154:
 1675 08e2 696E6974 		.ascii	"initKey\000"
 1675      4B657900 
 1676              	.LASF148:
 1677 08ea 72784275 		.ascii	"rxBuf\000"
 1677      6600
 1678              	.LASF129:
 1679 08f0 736C6176 		.ascii	"slaveTxBuffer\000"
 1679      65547842 
 1679      75666665 
 1679      7200
 1680              	.LASF130:
 1681 08fe 736C6176 		.ascii	"slaveTxBufferSize\000"
 1681      65547842 
 1681      75666665 
 1681      7253697A 
 1681      6500
 1682              	.LASF155:
 1683 0910 63795F73 		.ascii	"cy_stc_scb_uart_context_t\000"
 1683      74635F73 
 1683      63625F75 
 1683      6172745F 
 1683      636F6E74 
 1684              	.LASF49:
 1685 092a 73727373 		.ascii	"srssNumHfroot\000"
 1685      4E756D48 
 1685      66726F6F 
 1685      7400
 1686              	.LASF114:
 1687 0938 63795F65 		.ascii	"cy_en_scb_i2c_command_t\000"
 1687      6E5F7363 
 1687      625F6932 
ARM GAS  C:\Users\ASUS\AppData\Local\Temp\cc78oXf6.s 			page 41


 1687      635F636F 
 1687      6D6D616E 
 1688              	.LASF100:
 1689 0950 63707573 		.ascii	"cpussCm4NmiCtlOffset\000"
 1689      73436D34 
 1689      4E6D6943 
 1689      746C4F66 
 1689      66736574 
 1690              	.LASF60:
 1691 0965 666C6173 		.ascii	"flashWriteDelay\000"
 1691      68577269 
 1691      74654465 
 1691      6C617900 
 1692              	.LASF14:
 1693 0975 75696E74 		.ascii	"uint8_t\000"
 1693      385F7400 
 1694              	.LASF93:
 1695 097d 63707573 		.ascii	"cpussCm4StatusOffset\000"
 1695      73436D34 
 1695      53746174 
 1695      75734F66 
 1695      66736574 
 1696              	.LASF86:
 1697 0992 6770696F 		.ascii	"gpioPrtIntrCfgOffset\000"
 1697      50727449 
 1697      6E747243 
 1697      66674F66 
 1697      66736574 
 1698              	.LASF147:
 1699 09a7 72785269 		.ascii	"rxRingBufTail\000"
 1699      6E674275 
 1699      66546169 
 1699      6C00
 1700              	.LASF97:
 1701 09b5 63707573 		.ascii	"cpussTrimRomCtlOffset\000"
 1701      73547269 
 1701      6D526F6D 
 1701      43746C4F 
 1701      66667365 
 1702              	.LASF142:
 1703 09cb 74785374 		.ascii	"txStatus\000"
 1703      61747573 
 1703      00
 1704              	.LASF33:
 1705 09d4 64775665 		.ascii	"dwVersion\000"
 1705      7273696F 
 1705      6E00
 1706              	.LASF29:
 1707 09de 69706342 		.ascii	"ipcBase\000"
 1707      61736500 
 1708              	.LASF80:
 1709 09e6 70657269 		.ascii	"periDivCmdPaDivSelPos\000"
 1709      44697643 
 1709      6D645061 
 1709      44697653 
 1709      656C506F 
 1710              	.LASF141:
ARM GAS  C:\Users\ASUS\AppData\Local\Temp\cc78oXf6.s 			page 42


 1711 09fc 63795F73 		.ascii	"cy_stc_scb_uart_context\000"
 1711      74635F73 
 1711      63625F75 
 1711      6172745F 
 1711      636F6E74 
 1712              	.LASF161:
 1713 0a14 6D61696E 		.ascii	"main_cm4.c\000"
 1713      5F636D34 
 1713      2E6300
 1714              	.LASF58:
 1715 0a1f 666C6173 		.ascii	"flashRwwRequired\000"
 1715      68527777 
 1715      52657175 
 1715      69726564 
 1715      00
 1716              		.ident	"GCC: (GNU Tools for ARM Embedded Processors) 5.4.1 20160609 (release) [ARM/embedded-5-bran
