ARM GAS  C:\Users\ASUS\AppData\Local\Temp\ccGKVH3B.s 			page 1


   1              		.syntax unified
   2              		.cpu cortex-m4
   3              		.eabi_attribute 27, 1
   4              		.fpu fpv4-sp-d16
   5              		.eabi_attribute 20, 1
   6              		.eabi_attribute 21, 1
   7              		.eabi_attribute 23, 3
   8              		.eabi_attribute 24, 1
   9              		.eabi_attribute 25, 1
  10              		.eabi_attribute 26, 1
  11              		.eabi_attribute 30, 1
  12              		.eabi_attribute 34, 1
  13              		.eabi_attribute 18, 4
  14              		.thumb
  15              		.syntax unified
  16              		.file	"RTC.c"
  17              		.text
  18              	.Ltext0:
  19              		.cfi_sections	.debug_frame
  20              		.section	.text.RTC_Start,"ax",%progbits
  21              		.align	2
  22              		.global	RTC_Start
  23              		.thumb
  24              		.thumb_func
  25              		.type	RTC_Start, %function
  26              	RTC_Start:
  27              	.LFB199:
  28              		.file 1 "Generated_Source\\PSoC6\\RTC.c"
   1:Generated_Source\PSoC6/RTC.c **** /*******************************************************************************
   2:Generated_Source\PSoC6/RTC.c **** * \file RTC.c
   3:Generated_Source\PSoC6/RTC.c **** * \version 2.0
   4:Generated_Source\PSoC6/RTC.c **** *
   5:Generated_Source\PSoC6/RTC.c **** * This file provides the source code to the API for the RTC Component.
   6:Generated_Source\PSoC6/RTC.c **** *
   7:Generated_Source\PSoC6/RTC.c **** ********************************************************************************
   8:Generated_Source\PSoC6/RTC.c **** * Copyright 2016-2017, Cypress Semiconductor Corporation. All rights reserved.
   9:Generated_Source\PSoC6/RTC.c **** * You may use this file only in accordance with the license, terms, conditions,
  10:Generated_Source\PSoC6/RTC.c **** * disclaimers, and limitations in the end user license agreement accompanying
  11:Generated_Source\PSoC6/RTC.c **** * the software package with which this file was provided.
  12:Generated_Source\PSoC6/RTC.c **** *******************************************************************************/
  13:Generated_Source\PSoC6/RTC.c **** 
  14:Generated_Source\PSoC6/RTC.c **** #include "RTC.h"
  15:Generated_Source\PSoC6/RTC.c **** 
  16:Generated_Source\PSoC6/RTC.c **** /** Indicates whether or not the RTC has been initialized. 
  17:Generated_Source\PSoC6/RTC.c **** *  The variable is initialized to 0 and set to 1 the first time 
  18:Generated_Source\PSoC6/RTC.c **** *  RTC_Start() is called. This allows the Component to 
  19:Generated_Source\PSoC6/RTC.c **** *  restart without reinitialization after the first call to 
  20:Generated_Source\PSoC6/RTC.c **** *  the RTC_Start() routine.
  21:Generated_Source\PSoC6/RTC.c **** */
  22:Generated_Source\PSoC6/RTC.c **** uint8_t RTC_initVar = 0u;
  23:Generated_Source\PSoC6/RTC.c **** 
  24:Generated_Source\PSoC6/RTC.c **** /** The instance-specific configuration structure. This should be used in the 
  25:Generated_Source\PSoC6/RTC.c **** *  associated RTC_Init() function.
  26:Generated_Source\PSoC6/RTC.c **** */
  27:Generated_Source\PSoC6/RTC.c **** cy_stc_rtc_config_t const RTC_config =
  28:Generated_Source\PSoC6/RTC.c **** {
  29:Generated_Source\PSoC6/RTC.c ****     /* Initiate time and date */
ARM GAS  C:\Users\ASUS\AppData\Local\Temp\ccGKVH3B.s 			page 2


  30:Generated_Source\PSoC6/RTC.c ****     .sec       = RTC_INITIAL_DATE_SEC,
  31:Generated_Source\PSoC6/RTC.c ****     .min       = RTC_INITIAL_DATE_MIN,
  32:Generated_Source\PSoC6/RTC.c ****     .hour      = RTC_INITIAL_DATE_HOUR,
  33:Generated_Source\PSoC6/RTC.c ****     .hrFormat  = RTC_INITIAL_DATE_HOUR_FORMAT,
  34:Generated_Source\PSoC6/RTC.c ****     .dayOfWeek = RTC_INITIAL_DATE_DOW,
  35:Generated_Source\PSoC6/RTC.c ****     .date      = RTC_INITIAL_DATE_DOM,
  36:Generated_Source\PSoC6/RTC.c ****     .month     = RTC_INITIAL_DATE_MONTH,
  37:Generated_Source\PSoC6/RTC.c ****     .year      = RTC_INITIAL_DATE_YEAR,
  38:Generated_Source\PSoC6/RTC.c **** };
  39:Generated_Source\PSoC6/RTC.c **** 
  40:Generated_Source\PSoC6/RTC.c ****     /** RTC_rtcDstStatus variable which is for DST feature and is 
  41:Generated_Source\PSoC6/RTC.c ****     *  called in Cy_RTC_Interrupt() PDL driver function. This variable is 
  42:Generated_Source\PSoC6/RTC.c ****     *  defined as true if DST is enabled and as false if DST is disabled
  43:Generated_Source\PSoC6/RTC.c ****     */
  44:Generated_Source\PSoC6/RTC.c ****     bool RTC_rtcDstStatus = false;
  45:Generated_Source\PSoC6/RTC.c **** 
  46:Generated_Source\PSoC6/RTC.c **** #if(0u != RTC_INITIAL_DST_STATUS)
  47:Generated_Source\PSoC6/RTC.c **** 
  48:Generated_Source\PSoC6/RTC.c ****     /** The instance-specific daylight saving time structure. This should be 
  49:Generated_Source\PSoC6/RTC.c ****     * used in the associated DTS functions.
  50:Generated_Source\PSoC6/RTC.c ****     */
  51:Generated_Source\PSoC6/RTC.c ****     cy_stc_rtc_dst_t const RTC_dstConfig =
  52:Generated_Source\PSoC6/RTC.c ****     {
  53:Generated_Source\PSoC6/RTC.c ****         /* DST Start time */
  54:Generated_Source\PSoC6/RTC.c ****         .startDst.format      = (cy_en_rtc_dst_format_t) RTC_INITIAL_DST_DATE_TYPE,
  55:Generated_Source\PSoC6/RTC.c ****         .startDst.hour        = RTC_INITIAL_DST_START_HRS,
  56:Generated_Source\PSoC6/RTC.c ****         .startDst.dayOfMonth  = RTC_INITIAL_DST_START_DOM,
  57:Generated_Source\PSoC6/RTC.c ****         .startDst.weekOfMonth = RTC_INITIAL_DST_START_WOM,
  58:Generated_Source\PSoC6/RTC.c ****         .startDst.dayOfWeek   = RTC_INITIAL_DST_START_DOW,
  59:Generated_Source\PSoC6/RTC.c ****         .startDst.month       = RTC_INITIAL_DST_START_MONTH,
  60:Generated_Source\PSoC6/RTC.c **** 
  61:Generated_Source\PSoC6/RTC.c ****         /* DST Stop time */
  62:Generated_Source\PSoC6/RTC.c ****         .stopDst.format      = (cy_en_rtc_dst_format_t) RTC_INITIAL_DST_DATE_TYPE,
  63:Generated_Source\PSoC6/RTC.c ****         .stopDst.hour        = RTC_INITIAL_DST_STOP_HRS,
  64:Generated_Source\PSoC6/RTC.c ****         .stopDst.dayOfMonth  = RTC_INITIAL_DST_STOP_DOM,
  65:Generated_Source\PSoC6/RTC.c ****         .stopDst.weekOfMonth = RTC_INITIAL_DST_STOP_WOM,
  66:Generated_Source\PSoC6/RTC.c ****         .stopDst.dayOfWeek   = RTC_INITIAL_DST_STOP_DOW,
  67:Generated_Source\PSoC6/RTC.c ****         .stopDst.month       = RTC_INITIAL_DST_STOP_MONTH,
  68:Generated_Source\PSoC6/RTC.c ****     };
  69:Generated_Source\PSoC6/RTC.c **** #else
  70:Generated_Source\PSoC6/RTC.c **** 
  71:Generated_Source\PSoC6/RTC.c ****     /* Default DST structure in condition that DST is disabled */
  72:Generated_Source\PSoC6/RTC.c ****     cy_stc_rtc_dst_t const RTC_dstConfig;
  73:Generated_Source\PSoC6/RTC.c **** #endif /* (0u != RTC_INITIAL_DST_STATUS) */
  74:Generated_Source\PSoC6/RTC.c **** 
  75:Generated_Source\PSoC6/RTC.c **** 
  76:Generated_Source\PSoC6/RTC.c **** /*******************************************************************************
  77:Generated_Source\PSoC6/RTC.c **** * Function Name: RTC_Start
  78:Generated_Source\PSoC6/RTC.c **** ****************************************************************************//**
  79:Generated_Source\PSoC6/RTC.c **** *
  80:Generated_Source\PSoC6/RTC.c **** * Optionally calls the RTC_Init() when called the first time and 
  81:Generated_Source\PSoC6/RTC.c **** * configure the RTC as it is set in the customizer. For subsequent 
  82:Generated_Source\PSoC6/RTC.c **** * calls the configuration is left unchanged and the component is just 
  83:Generated_Source\PSoC6/RTC.c **** * configured. Invokes RTC_EnableDstTime() if the DST is enabled.
  84:Generated_Source\PSoC6/RTC.c **** *
  85:Generated_Source\PSoC6/RTC.c **** * \globalvars
  86:Generated_Source\PSoC6/RTC.c **** * \ref RTC_initVar
ARM GAS  C:\Users\ASUS\AppData\Local\Temp\ccGKVH3B.s 			page 3


  87:Generated_Source\PSoC6/RTC.c **** *
  88:Generated_Source\PSoC6/RTC.c **** *******************************************************************************/
  89:Generated_Source\PSoC6/RTC.c **** void RTC_Start(void)
  90:Generated_Source\PSoC6/RTC.c **** {
  29              		.loc 1 90 0
  30              		.cfi_startproc
  31              		@ args = 0, pretend = 0, frame = 0
  32              		@ frame_needed = 0, uses_anonymous_args = 0
  33              		@ link register save eliminated.
  91:Generated_Source\PSoC6/RTC.c ****     #if(0u != RTC_INITIAL_DST_STATUS)
  92:Generated_Source\PSoC6/RTC.c ****         cy_stc_rtc_config_t curTimeAndDate;
  93:Generated_Source\PSoC6/RTC.c ****     #endif /* (0u != RTC_INITIAL_DST_STATUS) */
  94:Generated_Source\PSoC6/RTC.c ****     
  95:Generated_Source\PSoC6/RTC.c ****     if(0u == RTC_initVar)
  34              		.loc 1 95 0
  35 0000 034B     		ldr	r3, .L3
  36 0002 1B78     		ldrb	r3, [r3]	@ zero_extendqisi2
  37 0004 13B9     		cbnz	r3, .L1
  96:Generated_Source\PSoC6/RTC.c ****     {
  97:Generated_Source\PSoC6/RTC.c ****         #if(0u != RTC_TIME_RESET_ON_START)
  98:Generated_Source\PSoC6/RTC.c **** 
  99:Generated_Source\PSoC6/RTC.c ****             /* Configure the component if power cycle and the external 
 100:Generated_Source\PSoC6/RTC.c ****             *  reset occurred
 101:Generated_Source\PSoC6/RTC.c ****             */
 102:Generated_Source\PSoC6/RTC.c ****             if(Cy_RTC_IsExternalResetOccurred())
 103:Generated_Source\PSoC6/RTC.c ****             {
 104:Generated_Source\PSoC6/RTC.c ****                 (void) Cy_RTC_Init(&RTC_config);
 105:Generated_Source\PSoC6/RTC.c ****             }
 106:Generated_Source\PSoC6/RTC.c ****         #endif /* (0u != RTC_TIME_RESET_ON_START) */
 107:Generated_Source\PSoC6/RTC.c **** 
 108:Generated_Source\PSoC6/RTC.c ****         #if(0u != RTC_INITIAL_IRQ_STATUS)
 109:Generated_Source\PSoC6/RTC.c **** 
 110:Generated_Source\PSoC6/RTC.c ****             /* Hook the interrupt service routine */
 111:Generated_Source\PSoC6/RTC.c ****             #if defined(RTC_RTC_IRQ__INTC_ASSIGNED)
 112:Generated_Source\PSoC6/RTC.c ****                 (void) Cy_SysInt_Init(&RTC_RTC_IRQ_cfg, &RTC_Interrupt);
 113:Generated_Source\PSoC6/RTC.c ****             #endif /* defined(RTC_RTC_IRQ__INTC_ASSIGNED) */
 114:Generated_Source\PSoC6/RTC.c ****         #endif /* (0u != RTC_INITIAL_IRQ_STATUS) */
 115:Generated_Source\PSoC6/RTC.c **** 
 116:Generated_Source\PSoC6/RTC.c ****         /* The component is configured */
 117:Generated_Source\PSoC6/RTC.c ****         RTC_initVar = 1u;
  38              		.loc 1 117 0
  39 0006 0122     		movs	r2, #1
  40 0008 014B     		ldr	r3, .L3
  41 000a 1A70     		strb	r2, [r3]
  42              	.L1:
  43 000c 7047     		bx	lr
  44              	.L4:
  45 000e 00BF     		.align	2
  46              	.L3:
  47 0010 00000000 		.word	.LANCHOR0
  48              		.cfi_endproc
  49              	.LFE199:
  50              		.size	RTC_Start, .-RTC_Start
  51              		.comm	RTC_dstConfig,48,4
  52              		.global	RTC_rtcDstStatus
  53              		.global	RTC_config
  54              		.global	RTC_initVar
ARM GAS  C:\Users\ASUS\AppData\Local\Temp\ccGKVH3B.s 			page 4


  55              		.section	.rodata
  56              		.align	2
  57              		.type	RTC_config, %object
  58              		.size	RTC_config, 32
  59              	RTC_config:
  60 0000 00000000 		.word	0
  61 0004 00000000 		.word	0
  62 0008 01000000 		.word	1
  63 000c 00       		.space	1
  64 000d 00       		.byte	0
  65 000e 0000     		.space	2
  66 0010 04000000 		.word	4
  67 0014 0B000000 		.word	11
  68 0018 03000000 		.word	3
  69 001c 14000000 		.word	20
  70              		.bss
  71              		.set	.LANCHOR0,. + 0
  72              		.type	RTC_initVar, %object
  73              		.size	RTC_initVar, 1
  74              	RTC_initVar:
  75 0000 00       		.space	1
  76              		.type	RTC_rtcDstStatus, %object
  77              		.size	RTC_rtcDstStatus, 1
  78              	RTC_rtcDstStatus:
  79 0001 00       		.space	1
  80              		.text
  81              	.Letext0:
  82              		.file 2 "d:\\program files (x86)\\cypress\\psoc creator\\4.2\\psoc creator\\import\\gnu\\arm\\5.4.
  83              		.file 3 "d:\\program files (x86)\\cypress\\psoc creator\\4.2\\psoc creator\\import\\gnu\\arm\\5.4.
  84              		.file 4 "Generated_Source\\PSoC6\\pdl\\drivers/peripheral/device/cy_device.h"
  85              		.file 5 "Generated_Source\\PSoC6\\pdl\\drivers/peripheral/rtc/cy_rtc.h"
  86              		.file 6 "Generated_Source\\PSoC6\\pdl\\cmsis/include/core_cm4.h"
  87              		.section	.debug_info,"",%progbits
  88              	.Ldebug_info0:
  89 0000 5D070000 		.4byte	0x75d
  90 0004 0400     		.2byte	0x4
  91 0006 00000000 		.4byte	.Ldebug_abbrev0
  92 000a 04       		.byte	0x4
  93 000b 01       		.uleb128 0x1
  94 000c 86050000 		.4byte	.LASF143
  95 0010 0C       		.byte	0xc
  96 0011 16050000 		.4byte	.LASF144
  97 0015 9E020000 		.4byte	.LASF145
  98 0019 00000000 		.4byte	.Ldebug_ranges0+0
  99 001d 00000000 		.4byte	0
 100 0021 00000000 		.4byte	.Ldebug_line0
 101 0025 02       		.uleb128 0x2
 102 0026 02       		.byte	0x2
 103 0027 05       		.byte	0x5
 104 0028 F7060000 		.4byte	.LASF0
 105 002c 02       		.uleb128 0x2
 106 002d 01       		.byte	0x1
 107 002e 06       		.byte	0x6
 108 002f 92010000 		.4byte	.LASF1
 109 0033 03       		.uleb128 0x3
 110 0034 91000000 		.4byte	.LASF3
 111 0038 02       		.byte	0x2
ARM GAS  C:\Users\ASUS\AppData\Local\Temp\ccGKVH3B.s 			page 5


 112 0039 1D       		.byte	0x1d
 113 003a 3E000000 		.4byte	0x3e
 114 003e 02       		.uleb128 0x2
 115 003f 01       		.byte	0x1
 116 0040 08       		.byte	0x8
 117 0041 D5060000 		.4byte	.LASF2
 118 0045 03       		.uleb128 0x3
 119 0046 15030000 		.4byte	.LASF4
 120 004a 02       		.byte	0x2
 121 004b 29       		.byte	0x29
 122 004c 25000000 		.4byte	0x25
 123 0050 03       		.uleb128 0x3
 124 0051 8B070000 		.4byte	.LASF5
 125 0055 02       		.byte	0x2
 126 0056 2B       		.byte	0x2b
 127 0057 5B000000 		.4byte	0x5b
 128 005b 02       		.uleb128 0x2
 129 005c 02       		.byte	0x2
 130 005d 07       		.byte	0x7
 131 005e FA070000 		.4byte	.LASF6
 132 0062 03       		.uleb128 0x3
 133 0063 C5070000 		.4byte	.LASF7
 134 0067 02       		.byte	0x2
 135 0068 3F       		.byte	0x3f
 136 0069 6D000000 		.4byte	0x6d
 137 006d 02       		.uleb128 0x2
 138 006e 04       		.byte	0x4
 139 006f 05       		.byte	0x5
 140 0070 2A020000 		.4byte	.LASF8
 141 0074 03       		.uleb128 0x3
 142 0075 FA020000 		.4byte	.LASF9
 143 0079 02       		.byte	0x2
 144 007a 41       		.byte	0x41
 145 007b 7F000000 		.4byte	0x7f
 146 007f 02       		.uleb128 0x2
 147 0080 04       		.byte	0x4
 148 0081 07       		.byte	0x7
 149 0082 9D030000 		.4byte	.LASF10
 150 0086 02       		.uleb128 0x2
 151 0087 08       		.byte	0x8
 152 0088 05       		.byte	0x5
 153 0089 84010000 		.4byte	.LASF11
 154 008d 02       		.uleb128 0x2
 155 008e 08       		.byte	0x8
 156 008f 07       		.byte	0x7
 157 0090 EC000000 		.4byte	.LASF12
 158 0094 04       		.uleb128 0x4
 159 0095 04       		.byte	0x4
 160 0096 05       		.byte	0x5
 161 0097 696E7400 		.ascii	"int\000"
 162 009b 02       		.uleb128 0x2
 163 009c 04       		.byte	0x4
 164 009d 07       		.byte	0x7
 165 009e 5A030000 		.4byte	.LASF13
 166 00a2 03       		.uleb128 0x3
 167 00a3 84080000 		.4byte	.LASF14
 168 00a7 03       		.byte	0x3
ARM GAS  C:\Users\ASUS\AppData\Local\Temp\ccGKVH3B.s 			page 6


 169 00a8 18       		.byte	0x18
 170 00a9 33000000 		.4byte	0x33
 171 00ad 03       		.uleb128 0x3
 172 00ae 68010000 		.4byte	.LASF15
 173 00b2 03       		.byte	0x3
 174 00b3 20       		.byte	0x20
 175 00b4 45000000 		.4byte	0x45
 176 00b8 03       		.uleb128 0x3
 177 00b9 12040000 		.4byte	.LASF16
 178 00bd 03       		.byte	0x3
 179 00be 24       		.byte	0x24
 180 00bf 50000000 		.4byte	0x50
 181 00c3 03       		.uleb128 0x3
 182 00c4 CD060000 		.4byte	.LASF17
 183 00c8 03       		.byte	0x3
 184 00c9 2C       		.byte	0x2c
 185 00ca 62000000 		.4byte	0x62
 186 00ce 03       		.uleb128 0x3
 187 00cf 43070000 		.4byte	.LASF18
 188 00d3 03       		.byte	0x3
 189 00d4 30       		.byte	0x30
 190 00d5 74000000 		.4byte	0x74
 191 00d9 02       		.uleb128 0x2
 192 00da 04       		.byte	0x4
 193 00db 07       		.byte	0x7
 194 00dc CC040000 		.4byte	.LASF19
 195 00e0 02       		.uleb128 0x2
 196 00e1 08       		.byte	0x8
 197 00e2 04       		.byte	0x4
 198 00e3 61070000 		.4byte	.LASF20
 199 00e7 05       		.uleb128 0x5
 200 00e8 B8       		.byte	0xb8
 201 00e9 04       		.byte	0x4
 202 00ea 34       		.byte	0x34
 203 00eb F8040000 		.4byte	0x4f8
 204 00ef 06       		.uleb128 0x6
 205 00f0 C7000000 		.4byte	.LASF21
 206 00f4 04       		.byte	0x4
 207 00f5 37       		.byte	0x37
 208 00f6 CE000000 		.4byte	0xce
 209 00fa 00       		.byte	0
 210 00fb 06       		.uleb128 0x6
 211 00fc EF020000 		.4byte	.LASF22
 212 0100 04       		.byte	0x4
 213 0101 38       		.byte	0x38
 214 0102 CE000000 		.4byte	0xce
 215 0106 04       		.byte	0x4
 216 0107 06       		.uleb128 0x6
 217 0108 52020000 		.4byte	.LASF23
 218 010c 04       		.byte	0x4
 219 010d 39       		.byte	0x39
 220 010e CE000000 		.4byte	0xce
 221 0112 08       		.byte	0x8
 222 0113 06       		.uleb128 0x6
 223 0114 BF060000 		.4byte	.LASF24
 224 0118 04       		.byte	0x4
 225 0119 3A       		.byte	0x3a
ARM GAS  C:\Users\ASUS\AppData\Local\Temp\ccGKVH3B.s 			page 7


 226 011a CE000000 		.4byte	0xce
 227 011e 0C       		.byte	0xc
 228 011f 06       		.uleb128 0x6
 229 0120 B3010000 		.4byte	.LASF25
 230 0124 04       		.byte	0x4
 231 0125 3B       		.byte	0x3b
 232 0126 CE000000 		.4byte	0xce
 233 012a 10       		.byte	0x10
 234 012b 06       		.uleb128 0x6
 235 012c EB010000 		.4byte	.LASF26
 236 0130 04       		.byte	0x4
 237 0131 3C       		.byte	0x3c
 238 0132 CE000000 		.4byte	0xce
 239 0136 14       		.byte	0x14
 240 0137 06       		.uleb128 0x6
 241 0138 BA030000 		.4byte	.LASF27
 242 013c 04       		.byte	0x4
 243 013d 3D       		.byte	0x3d
 244 013e CE000000 		.4byte	0xce
 245 0142 18       		.byte	0x18
 246 0143 06       		.uleb128 0x6
 247 0144 7A000000 		.4byte	.LASF28
 248 0148 04       		.byte	0x4
 249 0149 3E       		.byte	0x3e
 250 014a CE000000 		.4byte	0xce
 251 014e 1C       		.byte	0x1c
 252 014f 06       		.uleb128 0x6
 253 0150 DE080000 		.4byte	.LASF29
 254 0154 04       		.byte	0x4
 255 0155 3F       		.byte	0x3f
 256 0156 CE000000 		.4byte	0xce
 257 015a 20       		.byte	0x20
 258 015b 06       		.uleb128 0x6
 259 015c 69050000 		.4byte	.LASF30
 260 0160 04       		.byte	0x4
 261 0161 40       		.byte	0x40
 262 0162 CE000000 		.4byte	0xce
 263 0166 24       		.byte	0x24
 264 0167 06       		.uleb128 0x6
 265 0168 9E040000 		.4byte	.LASF31
 266 016c 04       		.byte	0x4
 267 016d 43       		.byte	0x43
 268 016e A2000000 		.4byte	0xa2
 269 0172 28       		.byte	0x28
 270 0173 06       		.uleb128 0x6
 271 0174 5B000000 		.4byte	.LASF32
 272 0178 04       		.byte	0x4
 273 0179 44       		.byte	0x44
 274 017a A2000000 		.4byte	0xa2
 275 017e 29       		.byte	0x29
 276 017f 06       		.uleb128 0x6
 277 0180 D4080000 		.4byte	.LASF33
 278 0184 04       		.byte	0x4
 279 0185 45       		.byte	0x45
 280 0186 A2000000 		.4byte	0xa2
 281 018a 2A       		.byte	0x2a
 282 018b 06       		.uleb128 0x6
ARM GAS  C:\Users\ASUS\AppData\Local\Temp\ccGKVH3B.s 			page 8


 283 018c 5B050000 		.4byte	.LASF34
 284 0190 04       		.byte	0x4
 285 0191 46       		.byte	0x46
 286 0192 A2000000 		.4byte	0xa2
 287 0196 2B       		.byte	0x2b
 288 0197 06       		.uleb128 0x6
 289 0198 06040000 		.4byte	.LASF35
 290 019c 04       		.byte	0x4
 291 019d 47       		.byte	0x47
 292 019e A2000000 		.4byte	0xa2
 293 01a2 2C       		.byte	0x2c
 294 01a3 06       		.uleb128 0x6
 295 01a4 CF070000 		.4byte	.LASF36
 296 01a8 04       		.byte	0x4
 297 01a9 48       		.byte	0x48
 298 01aa A2000000 		.4byte	0xa2
 299 01ae 2D       		.byte	0x2d
 300 01af 06       		.uleb128 0x6
 301 01b0 BC010000 		.4byte	.LASF37
 302 01b4 04       		.byte	0x4
 303 01b5 49       		.byte	0x49
 304 01b6 A2000000 		.4byte	0xa2
 305 01ba 2E       		.byte	0x2e
 306 01bb 06       		.uleb128 0x6
 307 01bc AB040000 		.4byte	.LASF38
 308 01c0 04       		.byte	0x4
 309 01c1 4A       		.byte	0x4a
 310 01c2 A2000000 		.4byte	0xa2
 311 01c6 2F       		.byte	0x2f
 312 01c7 06       		.uleb128 0x6
 313 01c8 33050000 		.4byte	.LASF39
 314 01cc 04       		.byte	0x4
 315 01cd 4B       		.byte	0x4b
 316 01ce A2000000 		.4byte	0xa2
 317 01d2 30       		.byte	0x30
 318 01d3 06       		.uleb128 0x6
 319 01d4 AF030000 		.4byte	.LASF40
 320 01d8 04       		.byte	0x4
 321 01d9 4E       		.byte	0x4e
 322 01da A2000000 		.4byte	0xa2
 323 01de 31       		.byte	0x31
 324 01df 06       		.uleb128 0x6
 325 01e0 83000000 		.4byte	.LASF41
 326 01e4 04       		.byte	0x4
 327 01e5 4F       		.byte	0x4f
 328 01e6 A2000000 		.4byte	0xa2
 329 01ea 32       		.byte	0x32
 330 01eb 06       		.uleb128 0x6
 331 01ec 48030000 		.4byte	.LASF42
 332 01f0 04       		.byte	0x4
 333 01f1 50       		.byte	0x50
 334 01f2 A2000000 		.4byte	0xa2
 335 01f6 33       		.byte	0x33
 336 01f7 06       		.uleb128 0x6
 337 01f8 E0040000 		.4byte	.LASF43
 338 01fc 04       		.byte	0x4
 339 01fd 51       		.byte	0x51
ARM GAS  C:\Users\ASUS\AppData\Local\Temp\ccGKVH3B.s 			page 9


 340 01fe A2000000 		.4byte	0xa2
 341 0202 34       		.byte	0x34
 342 0203 06       		.uleb128 0x6
 343 0204 29080000 		.4byte	.LASF44
 344 0208 04       		.byte	0x4
 345 0209 52       		.byte	0x52
 346 020a AD000000 		.4byte	0xad
 347 020e 36       		.byte	0x36
 348 020f 06       		.uleb128 0x6
 349 0210 6C020000 		.4byte	.LASF45
 350 0214 04       		.byte	0x4
 351 0215 53       		.byte	0x53
 352 0216 AD000000 		.4byte	0xad
 353 021a 38       		.byte	0x38
 354 021b 06       		.uleb128 0x6
 355 021c 5F080000 		.4byte	.LASF46
 356 0220 04       		.byte	0x4
 357 0221 54       		.byte	0x54
 358 0222 AD000000 		.4byte	0xad
 359 0226 3A       		.byte	0x3a
 360 0227 06       		.uleb128 0x6
 361 0228 DC010000 		.4byte	.LASF47
 362 022c 04       		.byte	0x4
 363 022d 55       		.byte	0x55
 364 022e A2000000 		.4byte	0xa2
 365 0232 3C       		.byte	0x3c
 366 0233 06       		.uleb128 0x6
 367 0234 93020000 		.4byte	.LASF48
 368 0238 04       		.byte	0x4
 369 0239 56       		.byte	0x56
 370 023a A2000000 		.4byte	0xa2
 371 023e 3D       		.byte	0x3d
 372 023f 06       		.uleb128 0x6
 373 0240 25070000 		.4byte	.LASF49
 374 0244 04       		.byte	0x4
 375 0245 57       		.byte	0x57
 376 0246 A2000000 		.4byte	0xa2
 377 024a 3E       		.byte	0x3e
 378 024b 06       		.uleb128 0x6
 379 024c E0000000 		.4byte	.LASF50
 380 0250 04       		.byte	0x4
 381 0251 58       		.byte	0x58
 382 0252 A2000000 		.4byte	0xa2
 383 0256 3F       		.byte	0x3f
 384 0257 06       		.uleb128 0x6
 385 0258 74050000 		.4byte	.LASF51
 386 025c 04       		.byte	0x4
 387 025d 59       		.byte	0x59
 388 025e A2000000 		.4byte	0xa2
 389 0262 40       		.byte	0x40
 390 0263 06       		.uleb128 0x6
 391 0264 05030000 		.4byte	.LASF52
 392 0268 04       		.byte	0x4
 393 0269 5A       		.byte	0x5a
 394 026a A2000000 		.4byte	0xa2
 395 026e 41       		.byte	0x41
 396 026f 06       		.uleb128 0x6
ARM GAS  C:\Users\ASUS\AppData\Local\Temp\ccGKVH3B.s 			page 10


 397 0270 44040000 		.4byte	.LASF53
 398 0274 04       		.byte	0x4
 399 0275 5B       		.byte	0x5b
 400 0276 A2000000 		.4byte	0xa2
 401 027a 42       		.byte	0x42
 402 027b 06       		.uleb128 0x6
 403 027c 50050000 		.4byte	.LASF54
 404 0280 04       		.byte	0x4
 405 0281 5C       		.byte	0x5c
 406 0282 A2000000 		.4byte	0xa2
 407 0286 43       		.byte	0x43
 408 0287 06       		.uleb128 0x6
 409 0288 5B020000 		.4byte	.LASF55
 410 028c 04       		.byte	0x4
 411 028d 5D       		.byte	0x5d
 412 028e A2000000 		.4byte	0xa2
 413 0292 44       		.byte	0x44
 414 0293 06       		.uleb128 0x6
 415 0294 00000000 		.4byte	.LASF56
 416 0298 04       		.byte	0x4
 417 0299 5E       		.byte	0x5e
 418 029a CE000000 		.4byte	0xce
 419 029e 48       		.byte	0x48
 420 029f 06       		.uleb128 0x6
 421 02a0 44020000 		.4byte	.LASF57
 422 02a4 04       		.byte	0x4
 423 02a5 5F       		.byte	0x5f
 424 02a6 CE000000 		.4byte	0xce
 425 02aa 4C       		.byte	0x4c
 426 02ab 06       		.uleb128 0x6
 427 02ac 0E090000 		.4byte	.LASF58
 428 02b0 04       		.byte	0x4
 429 02b1 60       		.byte	0x60
 430 02b2 A2000000 		.4byte	0xa2
 431 02b6 50       		.byte	0x50
 432 02b7 06       		.uleb128 0x6
 433 02b8 42010000 		.4byte	.LASF59
 434 02bc 04       		.byte	0x4
 435 02bd 61       		.byte	0x61
 436 02be A2000000 		.4byte	0xa2
 437 02c2 51       		.byte	0x51
 438 02c3 06       		.uleb128 0x6
 439 02c4 74080000 		.4byte	.LASF60
 440 02c8 04       		.byte	0x4
 441 02c9 62       		.byte	0x62
 442 02ca A2000000 		.4byte	0xa2
 443 02ce 52       		.byte	0x52
 444 02cf 06       		.uleb128 0x6
 445 02d0 FC080000 		.4byte	.LASF61
 446 02d4 04       		.byte	0x4
 447 02d5 63       		.byte	0x63
 448 02d6 A2000000 		.4byte	0xa2
 449 02da 53       		.byte	0x53
 450 02db 06       		.uleb128 0x6
 451 02dc 33070000 		.4byte	.LASF62
 452 02e0 04       		.byte	0x4
 453 02e1 64       		.byte	0x64
ARM GAS  C:\Users\ASUS\AppData\Local\Temp\ccGKVH3B.s 			page 11


 454 02e2 A2000000 		.4byte	0xa2
 455 02e6 54       		.byte	0x54
 456 02e7 06       		.uleb128 0x6
 457 02e8 54010000 		.4byte	.LASF63
 458 02ec 04       		.byte	0x4
 459 02ed 65       		.byte	0x65
 460 02ee A2000000 		.4byte	0xa2
 461 02f2 55       		.byte	0x55
 462 02f3 06       		.uleb128 0x6
 463 02f4 E6070000 		.4byte	.LASF64
 464 02f8 04       		.byte	0x4
 465 02f9 66       		.byte	0x66
 466 02fa A2000000 		.4byte	0xa2
 467 02fe 56       		.byte	0x56
 468 02ff 06       		.uleb128 0x6
 469 0300 C3030000 		.4byte	.LASF65
 470 0304 04       		.byte	0x4
 471 0305 67       		.byte	0x67
 472 0306 A2000000 		.4byte	0xa2
 473 030a 57       		.byte	0x57
 474 030b 06       		.uleb128 0x6
 475 030c 20000000 		.4byte	.LASF66
 476 0310 04       		.byte	0x4
 477 0311 68       		.byte	0x68
 478 0312 A2000000 		.4byte	0xa2
 479 0316 58       		.byte	0x58
 480 0317 06       		.uleb128 0x6
 481 0318 E3060000 		.4byte	.LASF67
 482 031c 04       		.byte	0x4
 483 031d 69       		.byte	0x69
 484 031e A2000000 		.4byte	0xa2
 485 0322 59       		.byte	0x59
 486 0323 06       		.uleb128 0x6
 487 0324 D5040000 		.4byte	.LASF68
 488 0328 04       		.byte	0x4
 489 0329 6E       		.byte	0x6e
 490 032a B8000000 		.4byte	0xb8
 491 032e 5A       		.byte	0x5a
 492 032f 06       		.uleb128 0x6
 493 0330 0D080000 		.4byte	.LASF69
 494 0334 04       		.byte	0x4
 495 0335 6F       		.byte	0x6f
 496 0336 B8000000 		.4byte	0xb8
 497 033a 5C       		.byte	0x5c
 498 033b 06       		.uleb128 0x6
 499 033c D1000000 		.4byte	.LASF70
 500 0340 04       		.byte	0x4
 501 0341 70       		.byte	0x70
 502 0342 A2000000 		.4byte	0xa2
 503 0346 5E       		.byte	0x5e
 504 0347 06       		.uleb128 0x6
 505 0348 A9060000 		.4byte	.LASF71
 506 034c 04       		.byte	0x4
 507 034d 71       		.byte	0x71
 508 034e A2000000 		.4byte	0xa2
 509 0352 5F       		.byte	0x5f
 510 0353 06       		.uleb128 0x6
ARM GAS  C:\Users\ASUS\AppData\Local\Temp\ccGKVH3B.s 			page 12


 511 0354 3F050000 		.4byte	.LASF72
 512 0358 04       		.byte	0x4
 513 0359 72       		.byte	0x72
 514 035a A2000000 		.4byte	0xa2
 515 035e 60       		.byte	0x60
 516 035f 06       		.uleb128 0x6
 517 0360 60060000 		.4byte	.LASF73
 518 0364 04       		.byte	0x4
 519 0365 73       		.byte	0x73
 520 0366 CE000000 		.4byte	0xce
 521 036a 64       		.byte	0x64
 522 036b 06       		.uleb128 0x6
 523 036c 03010000 		.4byte	.LASF74
 524 0370 04       		.byte	0x4
 525 0371 76       		.byte	0x76
 526 0372 B8000000 		.4byte	0xb8
 527 0376 68       		.byte	0x68
 528 0377 06       		.uleb128 0x6
 529 0378 77030000 		.4byte	.LASF75
 530 037c 04       		.byte	0x4
 531 037d 77       		.byte	0x77
 532 037e B8000000 		.4byte	0xb8
 533 0382 6A       		.byte	0x6a
 534 0383 06       		.uleb128 0x6
 535 0384 D7030000 		.4byte	.LASF76
 536 0388 04       		.byte	0x4
 537 0389 78       		.byte	0x78
 538 038a B8000000 		.4byte	0xb8
 539 038e 6C       		.byte	0x6c
 540 038f 06       		.uleb128 0x6
 541 0390 F9030000 		.4byte	.LASF77
 542 0394 04       		.byte	0x4
 543 0395 79       		.byte	0x79
 544 0396 B8000000 		.4byte	0xb8
 545 039a 6E       		.byte	0x6e
 546 039b 06       		.uleb128 0x6
 547 039c 01070000 		.4byte	.LASF78
 548 03a0 04       		.byte	0x4
 549 03a1 7B       		.byte	0x7b
 550 03a2 A2000000 		.4byte	0xa2
 551 03a6 70       		.byte	0x70
 552 03a7 06       		.uleb128 0x6
 553 03a8 9E010000 		.4byte	.LASF79
 554 03ac 04       		.byte	0x4
 555 03ad 7C       		.byte	0x7c
 556 03ae A2000000 		.4byte	0xa2
 557 03b2 71       		.byte	0x71
 558 03b3 06       		.uleb128 0x6
 559 03b4 E6080000 		.4byte	.LASF80
 560 03b8 04       		.byte	0x4
 561 03b9 7D       		.byte	0x7d
 562 03ba A2000000 		.4byte	0xa2
 563 03be 72       		.byte	0x72
 564 03bf 06       		.uleb128 0x6
 565 03c0 F1040000 		.4byte	.LASF81
 566 03c4 04       		.byte	0x4
 567 03c5 7E       		.byte	0x7e
ARM GAS  C:\Users\ASUS\AppData\Local\Temp\ccGKVH3B.s 			page 13


 568 03c6 A2000000 		.4byte	0xa2
 569 03ca 73       		.byte	0x73
 570 03cb 06       		.uleb128 0x6
 571 03cc C9020000 		.4byte	.LASF82
 572 03d0 04       		.byte	0x4
 573 03d1 80       		.byte	0x80
 574 03d2 B8000000 		.4byte	0xb8
 575 03d6 74       		.byte	0x74
 576 03d7 06       		.uleb128 0x6
 577 03d8 B2070000 		.4byte	.LASF83
 578 03dc 04       		.byte	0x4
 579 03dd 81       		.byte	0x81
 580 03de B8000000 		.4byte	0xb8
 581 03e2 76       		.byte	0x76
 582 03e3 06       		.uleb128 0x6
 583 03e4 7E020000 		.4byte	.LASF84
 584 03e8 04       		.byte	0x4
 585 03e9 82       		.byte	0x82
 586 03ea B8000000 		.4byte	0xb8
 587 03ee 78       		.byte	0x78
 588 03ef 06       		.uleb128 0x6
 589 03f0 9B000000 		.4byte	.LASF85
 590 03f4 04       		.byte	0x4
 591 03f5 83       		.byte	0x83
 592 03f6 B8000000 		.4byte	0xb8
 593 03fa 7A       		.byte	0x7a
 594 03fb 06       		.uleb128 0x6
 595 03fc A1080000 		.4byte	.LASF86
 596 0400 04       		.byte	0x4
 597 0401 86       		.byte	0x86
 598 0402 A2000000 		.4byte	0xa2
 599 0406 7C       		.byte	0x7c
 600 0407 06       		.uleb128 0x6
 601 0408 4E080000 		.4byte	.LASF87
 602 040c 04       		.byte	0x4
 603 040d 87       		.byte	0x87
 604 040e A2000000 		.4byte	0xa2
 605 0412 7D       		.byte	0x7d
 606 0413 06       		.uleb128 0x6
 607 0414 34000000 		.4byte	.LASF88
 608 0418 04       		.byte	0x4
 609 0419 88       		.byte	0x88
 610 041a A2000000 		.4byte	0xa2
 611 041e 7E       		.byte	0x7e
 612 041f 06       		.uleb128 0x6
 613 0420 DB020000 		.4byte	.LASF89
 614 0424 04       		.byte	0x4
 615 0425 89       		.byte	0x89
 616 0426 A2000000 		.4byte	0xa2
 617 042a 7F       		.byte	0x7f
 618 042b 06       		.uleb128 0x6
 619 042c 34030000 		.4byte	.LASF90
 620 0430 04       		.byte	0x4
 621 0431 8A       		.byte	0x8a
 622 0432 A2000000 		.4byte	0xa2
 623 0436 80       		.byte	0x80
 624 0437 06       		.uleb128 0x6
ARM GAS  C:\Users\ASUS\AppData\Local\Temp\ccGKVH3B.s 			page 14


 625 0438 87040000 		.4byte	.LASF91
 626 043c 04       		.byte	0x4
 627 043d 8D       		.byte	0x8d
 628 043e CE000000 		.4byte	0xce
 629 0442 84       		.byte	0x84
 630 0443 06       		.uleb128 0x6
 631 0444 B0000000 		.4byte	.LASF92
 632 0448 04       		.byte	0x4
 633 0449 8E       		.byte	0x8e
 634 044a CE000000 		.4byte	0xce
 635 044e 88       		.byte	0x88
 636 044f 06       		.uleb128 0x6
 637 0450 8C080000 		.4byte	.LASF93
 638 0454 04       		.byte	0x4
 639 0455 8F       		.byte	0x8f
 640 0456 CE000000 		.4byte	0xce
 641 045a 8C       		.byte	0x8c
 642 045b 06       		.uleb128 0x6
 643 045c B7040000 		.4byte	.LASF94
 644 0460 04       		.byte	0x4
 645 0461 90       		.byte	0x90
 646 0462 CE000000 		.4byte	0xce
 647 0466 90       		.byte	0x90
 648 0467 06       		.uleb128 0x6
 649 0468 1F030000 		.4byte	.LASF95
 650 046c 04       		.byte	0x4
 651 046d 91       		.byte	0x91
 652 046e CE000000 		.4byte	0xce
 653 0472 94       		.byte	0x94
 654 0473 06       		.uleb128 0x6
 655 0474 67040000 		.4byte	.LASF96
 656 0478 04       		.byte	0x4
 657 0479 92       		.byte	0x92
 658 047a CE000000 		.4byte	0xce
 659 047e 98       		.byte	0x98
 660 047f 06       		.uleb128 0x6
 661 0480 B6080000 		.4byte	.LASF97
 662 0484 04       		.byte	0x4
 663 0485 93       		.byte	0x93
 664 0486 CE000000 		.4byte	0xce
 665 048a 9C       		.byte	0x9c
 666 048b 06       		.uleb128 0x6
 667 048c 13010000 		.4byte	.LASF98
 668 0490 04       		.byte	0x4
 669 0491 94       		.byte	0x94
 670 0492 CE000000 		.4byte	0xce
 671 0496 A0       		.byte	0xa0
 672 0497 06       		.uleb128 0x6
 673 0498 C7010000 		.4byte	.LASF99
 674 049c 04       		.byte	0x4
 675 049d 95       		.byte	0x95
 676 049e B8000000 		.4byte	0xb8
 677 04a2 A4       		.byte	0xa4
 678 04a3 06       		.uleb128 0x6
 679 04a4 4C070000 		.4byte	.LASF100
 680 04a8 04       		.byte	0x4
 681 04a9 96       		.byte	0x96
ARM GAS  C:\Users\ASUS\AppData\Local\Temp\ccGKVH3B.s 			page 15


 682 04aa B8000000 		.4byte	0xb8
 683 04ae A6       		.byte	0xa6
 684 04af 06       		.uleb128 0x6
 685 04b0 9D060000 		.4byte	.LASF101
 686 04b4 04       		.byte	0x4
 687 04b5 97       		.byte	0x97
 688 04b6 B8000000 		.4byte	0xb8
 689 04ba A8       		.byte	0xa8
 690 04bb 06       		.uleb128 0x6
 691 04bc 7D070000 		.4byte	.LASF102
 692 04c0 04       		.byte	0x4
 693 04c1 98       		.byte	0x98
 694 04c2 B8000000 		.4byte	0xb8
 695 04c6 AA       		.byte	0xaa
 696 04c7 06       		.uleb128 0x6
 697 04c8 EB030000 		.4byte	.LASF103
 698 04cc 04       		.byte	0x4
 699 04cd 99       		.byte	0x99
 700 04ce B8000000 		.4byte	0xb8
 701 04d2 AC       		.byte	0xac
 702 04d3 06       		.uleb128 0x6
 703 04d4 08050000 		.4byte	.LASF104
 704 04d8 04       		.byte	0x4
 705 04d9 9A       		.byte	0x9a
 706 04da B8000000 		.4byte	0xb8
 707 04de AE       		.byte	0xae
 708 04df 06       		.uleb128 0x6
 709 04e0 1B080000 		.4byte	.LASF105
 710 04e4 04       		.byte	0x4
 711 04e5 9D       		.byte	0x9d
 712 04e6 B8000000 		.4byte	0xb8
 713 04ea B0       		.byte	0xb0
 714 04eb 06       		.uleb128 0x6
 715 04ec 47000000 		.4byte	.LASF106
 716 04f0 04       		.byte	0x4
 717 04f1 9E       		.byte	0x9e
 718 04f2 CE000000 		.4byte	0xce
 719 04f6 B4       		.byte	0xb4
 720 04f7 00       		.byte	0
 721 04f8 03       		.uleb128 0x3
 722 04f9 34040000 		.4byte	.LASF107
 723 04fd 04       		.byte	0x4
 724 04fe 9F       		.byte	0x9f
 725 04ff E7000000 		.4byte	0xe7
 726 0503 02       		.uleb128 0x2
 727 0504 01       		.byte	0x1
 728 0505 08       		.byte	0x8
 729 0506 6D070000 		.4byte	.LASF108
 730 050a 02       		.uleb128 0x2
 731 050b 04       		.byte	0x4
 732 050c 04       		.byte	0x4
 733 050d 39060000 		.4byte	.LASF109
 734 0511 02       		.uleb128 0x2
 735 0512 08       		.byte	0x8
 736 0513 04       		.byte	0x4
 737 0514 77020000 		.4byte	.LASF110
 738 0518 07       		.uleb128 0x7
ARM GAS  C:\Users\ASUS\AppData\Local\Temp\ccGKVH3B.s 			page 16


 739 0519 01       		.byte	0x1
 740 051a 3E000000 		.4byte	0x3e
 741 051e 05       		.byte	0x5
 742 051f 6301     		.2byte	0x163
 743 0521 32050000 		.4byte	0x532
 744 0525 08       		.uleb128 0x8
 745 0526 67030000 		.4byte	.LASF111
 746 052a 00       		.byte	0
 747 052b 08       		.uleb128 0x8
 748 052c 71060000 		.4byte	.LASF112
 749 0530 01       		.byte	0x1
 750 0531 00       		.byte	0
 751 0532 09       		.uleb128 0x9
 752 0533 1B040000 		.4byte	.LASF113
 753 0537 05       		.byte	0x5
 754 0538 6601     		.2byte	0x166
 755 053a 18050000 		.4byte	0x518
 756 053e 07       		.uleb128 0x7
 757 053f 01       		.byte	0x1
 758 0540 3E000000 		.4byte	0x3e
 759 0544 05       		.byte	0x5
 760 0545 7101     		.2byte	0x171
 761 0547 58050000 		.4byte	0x558
 762 054b 08       		.uleb128 0x8
 763 054c 70010000 		.4byte	.LASF114
 764 0550 00       		.byte	0
 765 0551 08       		.uleb128 0x8
 766 0552 19020000 		.4byte	.LASF115
 767 0556 01       		.byte	0x1
 768 0557 00       		.byte	0
 769 0558 09       		.uleb128 0x9
 770 0559 50040000 		.4byte	.LASF116
 771 055d 05       		.byte	0x5
 772 055e 7401     		.2byte	0x174
 773 0560 3E050000 		.4byte	0x53e
 774 0564 07       		.uleb128 0x7
 775 0565 01       		.byte	0x1
 776 0566 3E000000 		.4byte	0x3e
 777 056a 05       		.byte	0x5
 778 056b 7801     		.2byte	0x178
 779 056d 7E050000 		.4byte	0x57e
 780 0571 08       		.uleb128 0x8
 781 0572 DC070000 		.4byte	.LASF117
 782 0576 00       		.byte	0
 783 0577 08       		.uleb128 0x8
 784 0578 A8070000 		.4byte	.LASF118
 785 057c 01       		.byte	0x1
 786 057d 00       		.byte	0
 787 057e 09       		.uleb128 0x9
 788 057f 81060000 		.4byte	.LASF119
 789 0583 05       		.byte	0x5
 790 0584 7B01     		.2byte	0x17b
 791 0586 64050000 		.4byte	0x564
 792 058a 0A       		.uleb128 0xa
 793 058b 96070000 		.4byte	.LASF146
 794 058f 20       		.byte	0x20
 795 0590 05       		.byte	0x5
ARM GAS  C:\Users\ASUS\AppData\Local\Temp\ccGKVH3B.s 			page 17


 796 0591 9301     		.2byte	0x193
 797 0593 0D060000 		.4byte	0x60d
 798 0597 0B       		.uleb128 0xb
 799 0598 73656300 		.ascii	"sec\000"
 800 059c 05       		.byte	0x5
 801 059d 9601     		.2byte	0x196
 802 059f CE000000 		.4byte	0xce
 803 05a3 00       		.byte	0
 804 05a4 0B       		.uleb128 0xb
 805 05a5 6D696E00 		.ascii	"min\000"
 806 05a9 05       		.byte	0x5
 807 05aa 9701     		.2byte	0x197
 808 05ac CE000000 		.4byte	0xce
 809 05b0 04       		.byte	0x4
 810 05b1 0C       		.uleb128 0xc
 811 05b2 81050000 		.4byte	.LASF120
 812 05b6 05       		.byte	0x5
 813 05b7 9801     		.2byte	0x198
 814 05b9 CE000000 		.4byte	0xce
 815 05bd 08       		.byte	0x8
 816 05be 0C       		.uleb128 0xc
 817 05bf 16080000 		.4byte	.LASF121
 818 05c3 05       		.byte	0x5
 819 05c4 9B01     		.2byte	0x19b
 820 05c6 7E050000 		.4byte	0x57e
 821 05ca 0C       		.byte	0xc
 822 05cb 0C       		.uleb128 0xc
 823 05cc 1C070000 		.4byte	.LASF122
 824 05d0 05       		.byte	0x5
 825 05d1 9E01     		.2byte	0x19e
 826 05d3 32050000 		.4byte	0x532
 827 05d7 0D       		.byte	0xd
 828 05d8 0C       		.uleb128 0xc
 829 05d9 7D040000 		.4byte	.LASF123
 830 05dd 05       		.byte	0x5
 831 05de 9F01     		.2byte	0x19f
 832 05e0 CE000000 		.4byte	0xce
 833 05e4 10       		.byte	0x10
 834 05e5 0C       		.uleb128 0xc
 835 05e6 E6030000 		.4byte	.LASF124
 836 05ea 05       		.byte	0x5
 837 05eb A201     		.2byte	0x1a2
 838 05ed CE000000 		.4byte	0xce
 839 05f1 14       		.byte	0x14
 840 05f2 0C       		.uleb128 0xc
 841 05f3 54030000 		.4byte	.LASF125
 842 05f7 05       		.byte	0x5
 843 05f8 A301     		.2byte	0x1a3
 844 05fa CE000000 		.4byte	0xce
 845 05fe 18       		.byte	0x18
 846 05ff 0C       		.uleb128 0xc
 847 0600 14020000 		.4byte	.LASF126
 848 0604 05       		.byte	0x5
 849 0605 A401     		.2byte	0x1a4
 850 0607 CE000000 		.4byte	0xce
 851 060b 1C       		.byte	0x1c
 852 060c 00       		.byte	0
ARM GAS  C:\Users\ASUS\AppData\Local\Temp\ccGKVH3B.s 			page 18


 853 060d 09       		.uleb128 0x9
 854 060e 89030000 		.4byte	.LASF127
 855 0612 05       		.byte	0x5
 856 0613 A501     		.2byte	0x1a5
 857 0615 8A050000 		.4byte	0x58a
 858 0619 0D       		.uleb128 0xd
 859 061a 18       		.byte	0x18
 860 061b 05       		.byte	0x5
 861 061c D501     		.2byte	0x1d5
 862 061e 71060000 		.4byte	0x671
 863 0622 0C       		.uleb128 0xc
 864 0623 15070000 		.4byte	.LASF128
 865 0627 05       		.byte	0x5
 866 0628 D701     		.2byte	0x1d7
 867 062a 58050000 		.4byte	0x558
 868 062e 00       		.byte	0
 869 062f 0C       		.uleb128 0xc
 870 0630 81050000 		.4byte	.LASF120
 871 0634 05       		.byte	0x5
 872 0635 DA01     		.2byte	0x1da
 873 0637 CE000000 		.4byte	0xce
 874 063b 04       		.byte	0x4
 875 063c 0C       		.uleb128 0xc
 876 063d 3F060000 		.4byte	.LASF129
 877 0641 05       		.byte	0x5
 878 0642 DC01     		.2byte	0x1dc
 879 0644 CE000000 		.4byte	0xce
 880 0648 08       		.byte	0x8
 881 0649 0C       		.uleb128 0xc
 882 064a 36010000 		.4byte	.LASF130
 883 064e 05       		.byte	0x5
 884 064f DF01     		.2byte	0x1df
 885 0651 CE000000 		.4byte	0xce
 886 0655 0C       		.byte	0xc
 887 0656 0C       		.uleb128 0xc
 888 0657 7D040000 		.4byte	.LASF123
 889 065b 05       		.byte	0x5
 890 065c E301     		.2byte	0x1e3
 891 065e CE000000 		.4byte	0xce
 892 0662 10       		.byte	0x10
 893 0663 0C       		.uleb128 0xc
 894 0664 54030000 		.4byte	.LASF125
 895 0668 05       		.byte	0x5
 896 0669 E701     		.2byte	0x1e7
 897 066b CE000000 		.4byte	0xce
 898 066f 14       		.byte	0x14
 899 0670 00       		.byte	0
 900 0671 09       		.uleb128 0x9
 901 0672 36080000 		.4byte	.LASF131
 902 0676 05       		.byte	0x5
 903 0677 E901     		.2byte	0x1e9
 904 0679 19060000 		.4byte	0x619
 905 067d 0D       		.uleb128 0xd
 906 067e 30       		.byte	0x30
 907 067f 05       		.byte	0x5
 908 0680 EC01     		.2byte	0x1ec
 909 0682 A1060000 		.4byte	0x6a1
ARM GAS  C:\Users\ASUS\AppData\Local\Temp\ccGKVH3B.s 			page 19


 910 0686 0C       		.uleb128 0xc
 911 0687 F5010000 		.4byte	.LASF132
 912 068b 05       		.byte	0x5
 913 068c EE01     		.2byte	0x1ee
 914 068e 71060000 		.4byte	0x671
 915 0692 00       		.byte	0
 916 0693 0C       		.uleb128 0xc
 917 0694 CC080000 		.4byte	.LASF133
 918 0698 05       		.byte	0x5
 919 0699 EF01     		.2byte	0x1ef
 920 069b 71060000 		.4byte	0x671
 921 069f 18       		.byte	0x18
 922 06a0 00       		.byte	0
 923 06a1 09       		.uleb128 0x9
 924 06a2 33020000 		.4byte	.LASF134
 925 06a6 05       		.byte	0x5
 926 06a7 F001     		.2byte	0x1f0
 927 06a9 7D060000 		.4byte	0x67d
 928 06ad 0E       		.uleb128 0xe
 929 06ae FE010000 		.4byte	.LASF147
 930 06b2 01       		.byte	0x1
 931 06b3 59       		.byte	0x59
 932 06b4 00000000 		.4byte	.LFB199
 933 06b8 14000000 		.4byte	.LFE199-.LFB199
 934 06bc 01       		.uleb128 0x1
 935 06bd 9C       		.byte	0x9c
 936 06be 0F       		.uleb128 0xf
 937 06bf 29010000 		.4byte	.LASF135
 938 06c3 06       		.byte	0x6
 939 06c4 F907     		.2byte	0x7f9
 940 06c6 CA060000 		.4byte	0x6ca
 941 06ca 10       		.uleb128 0x10
 942 06cb C3000000 		.4byte	0xc3
 943 06cf 11       		.uleb128 0x11
 944 06d0 93060000 		.4byte	.LASF136
 945 06d4 04       		.byte	0x4
 946 06d5 A7       		.byte	0xa7
 947 06d6 DA060000 		.4byte	0x6da
 948 06da 12       		.uleb128 0x12
 949 06db 04       		.byte	0x4
 950 06dc E0060000 		.4byte	0x6e0
 951 06e0 13       		.uleb128 0x13
 952 06e1 F8040000 		.4byte	0x4f8
 953 06e5 14       		.uleb128 0x14
 954 06e6 F5060000 		.4byte	0x6f5
 955 06ea F5060000 		.4byte	0x6f5
 956 06ee 15       		.uleb128 0x15
 957 06ef D9000000 		.4byte	0xd9
 958 06f3 0B       		.byte	0xb
 959 06f4 00       		.byte	0
 960 06f5 13       		.uleb128 0x13
 961 06f6 A2000000 		.4byte	0xa2
 962 06fa 0F       		.uleb128 0xf
 963 06fb 4A060000 		.4byte	.LASF137
 964 06ff 05       		.byte	0x5
 965 0700 0303     		.2byte	0x303
 966 0702 06070000 		.4byte	0x706
ARM GAS  C:\Users\ASUS\AppData\Local\Temp\ccGKVH3B.s 			page 20


 967 0706 13       		.uleb128 0x13
 968 0707 E5060000 		.4byte	0x6e5
 969 070b 16       		.uleb128 0x16
 970 070c 08020000 		.4byte	.LASF138
 971 0710 01       		.byte	0x1
 972 0711 16       		.byte	0x16
 973 0712 A2000000 		.4byte	0xa2
 974 0716 05       		.uleb128 0x5
 975 0717 03       		.byte	0x3
 976 0718 00000000 		.4byte	RTC_initVar
 977 071c 16       		.uleb128 0x16
 978 071d 69000000 		.4byte	.LASF139
 979 0721 01       		.byte	0x1
 980 0722 2C       		.byte	0x2c
 981 0723 2D070000 		.4byte	0x72d
 982 0727 05       		.uleb128 0x5
 983 0728 03       		.byte	0x3
 984 0729 00000000 		.4byte	RTC_rtcDstStatus
 985 072d 02       		.uleb128 0x2
 986 072e 01       		.byte	0x1
 987 072f 02       		.byte	0x2
 988 0730 C7060000 		.4byte	.LASF140
 989 0734 16       		.uleb128 0x16
 990 0735 12000000 		.4byte	.LASF141
 991 0739 01       		.byte	0x1
 992 073a 48       		.byte	0x48
 993 073b 45070000 		.4byte	0x745
 994 073f 05       		.uleb128 0x5
 995 0740 03       		.byte	0x3
 996 0741 00000000 		.4byte	RTC_dstConfig
 997 0745 13       		.uleb128 0x13
 998 0746 A1060000 		.4byte	0x6a1
 999 074a 16       		.uleb128 0x16
 1000 074b 72070000 		.4byte	.LASF142
 1001 074f 01       		.byte	0x1
 1002 0750 1B       		.byte	0x1b
 1003 0751 5B070000 		.4byte	0x75b
 1004 0755 05       		.uleb128 0x5
 1005 0756 03       		.byte	0x3
 1006 0757 00000000 		.4byte	RTC_config
 1007 075b 13       		.uleb128 0x13
 1008 075c 0D060000 		.4byte	0x60d
 1009 0760 00       		.byte	0
 1010              		.section	.debug_abbrev,"",%progbits
 1011              	.Ldebug_abbrev0:
 1012 0000 01       		.uleb128 0x1
 1013 0001 11       		.uleb128 0x11
 1014 0002 01       		.byte	0x1
 1015 0003 25       		.uleb128 0x25
 1016 0004 0E       		.uleb128 0xe
 1017 0005 13       		.uleb128 0x13
 1018 0006 0B       		.uleb128 0xb
 1019 0007 03       		.uleb128 0x3
 1020 0008 0E       		.uleb128 0xe
 1021 0009 1B       		.uleb128 0x1b
 1022 000a 0E       		.uleb128 0xe
 1023 000b 55       		.uleb128 0x55
ARM GAS  C:\Users\ASUS\AppData\Local\Temp\ccGKVH3B.s 			page 21


 1024 000c 17       		.uleb128 0x17
 1025 000d 11       		.uleb128 0x11
 1026 000e 01       		.uleb128 0x1
 1027 000f 10       		.uleb128 0x10
 1028 0010 17       		.uleb128 0x17
 1029 0011 00       		.byte	0
 1030 0012 00       		.byte	0
 1031 0013 02       		.uleb128 0x2
 1032 0014 24       		.uleb128 0x24
 1033 0015 00       		.byte	0
 1034 0016 0B       		.uleb128 0xb
 1035 0017 0B       		.uleb128 0xb
 1036 0018 3E       		.uleb128 0x3e
 1037 0019 0B       		.uleb128 0xb
 1038 001a 03       		.uleb128 0x3
 1039 001b 0E       		.uleb128 0xe
 1040 001c 00       		.byte	0
 1041 001d 00       		.byte	0
 1042 001e 03       		.uleb128 0x3
 1043 001f 16       		.uleb128 0x16
 1044 0020 00       		.byte	0
 1045 0021 03       		.uleb128 0x3
 1046 0022 0E       		.uleb128 0xe
 1047 0023 3A       		.uleb128 0x3a
 1048 0024 0B       		.uleb128 0xb
 1049 0025 3B       		.uleb128 0x3b
 1050 0026 0B       		.uleb128 0xb
 1051 0027 49       		.uleb128 0x49
 1052 0028 13       		.uleb128 0x13
 1053 0029 00       		.byte	0
 1054 002a 00       		.byte	0
 1055 002b 04       		.uleb128 0x4
 1056 002c 24       		.uleb128 0x24
 1057 002d 00       		.byte	0
 1058 002e 0B       		.uleb128 0xb
 1059 002f 0B       		.uleb128 0xb
 1060 0030 3E       		.uleb128 0x3e
 1061 0031 0B       		.uleb128 0xb
 1062 0032 03       		.uleb128 0x3
 1063 0033 08       		.uleb128 0x8
 1064 0034 00       		.byte	0
 1065 0035 00       		.byte	0
 1066 0036 05       		.uleb128 0x5
 1067 0037 13       		.uleb128 0x13
 1068 0038 01       		.byte	0x1
 1069 0039 0B       		.uleb128 0xb
 1070 003a 0B       		.uleb128 0xb
 1071 003b 3A       		.uleb128 0x3a
 1072 003c 0B       		.uleb128 0xb
 1073 003d 3B       		.uleb128 0x3b
 1074 003e 0B       		.uleb128 0xb
 1075 003f 01       		.uleb128 0x1
 1076 0040 13       		.uleb128 0x13
 1077 0041 00       		.byte	0
 1078 0042 00       		.byte	0
 1079 0043 06       		.uleb128 0x6
 1080 0044 0D       		.uleb128 0xd
ARM GAS  C:\Users\ASUS\AppData\Local\Temp\ccGKVH3B.s 			page 22


 1081 0045 00       		.byte	0
 1082 0046 03       		.uleb128 0x3
 1083 0047 0E       		.uleb128 0xe
 1084 0048 3A       		.uleb128 0x3a
 1085 0049 0B       		.uleb128 0xb
 1086 004a 3B       		.uleb128 0x3b
 1087 004b 0B       		.uleb128 0xb
 1088 004c 49       		.uleb128 0x49
 1089 004d 13       		.uleb128 0x13
 1090 004e 38       		.uleb128 0x38
 1091 004f 0B       		.uleb128 0xb
 1092 0050 00       		.byte	0
 1093 0051 00       		.byte	0
 1094 0052 07       		.uleb128 0x7
 1095 0053 04       		.uleb128 0x4
 1096 0054 01       		.byte	0x1
 1097 0055 0B       		.uleb128 0xb
 1098 0056 0B       		.uleb128 0xb
 1099 0057 49       		.uleb128 0x49
 1100 0058 13       		.uleb128 0x13
 1101 0059 3A       		.uleb128 0x3a
 1102 005a 0B       		.uleb128 0xb
 1103 005b 3B       		.uleb128 0x3b
 1104 005c 05       		.uleb128 0x5
 1105 005d 01       		.uleb128 0x1
 1106 005e 13       		.uleb128 0x13
 1107 005f 00       		.byte	0
 1108 0060 00       		.byte	0
 1109 0061 08       		.uleb128 0x8
 1110 0062 28       		.uleb128 0x28
 1111 0063 00       		.byte	0
 1112 0064 03       		.uleb128 0x3
 1113 0065 0E       		.uleb128 0xe
 1114 0066 1C       		.uleb128 0x1c
 1115 0067 0B       		.uleb128 0xb
 1116 0068 00       		.byte	0
 1117 0069 00       		.byte	0
 1118 006a 09       		.uleb128 0x9
 1119 006b 16       		.uleb128 0x16
 1120 006c 00       		.byte	0
 1121 006d 03       		.uleb128 0x3
 1122 006e 0E       		.uleb128 0xe
 1123 006f 3A       		.uleb128 0x3a
 1124 0070 0B       		.uleb128 0xb
 1125 0071 3B       		.uleb128 0x3b
 1126 0072 05       		.uleb128 0x5
 1127 0073 49       		.uleb128 0x49
 1128 0074 13       		.uleb128 0x13
 1129 0075 00       		.byte	0
 1130 0076 00       		.byte	0
 1131 0077 0A       		.uleb128 0xa
 1132 0078 13       		.uleb128 0x13
 1133 0079 01       		.byte	0x1
 1134 007a 03       		.uleb128 0x3
 1135 007b 0E       		.uleb128 0xe
 1136 007c 0B       		.uleb128 0xb
 1137 007d 0B       		.uleb128 0xb
ARM GAS  C:\Users\ASUS\AppData\Local\Temp\ccGKVH3B.s 			page 23


 1138 007e 3A       		.uleb128 0x3a
 1139 007f 0B       		.uleb128 0xb
 1140 0080 3B       		.uleb128 0x3b
 1141 0081 05       		.uleb128 0x5
 1142 0082 01       		.uleb128 0x1
 1143 0083 13       		.uleb128 0x13
 1144 0084 00       		.byte	0
 1145 0085 00       		.byte	0
 1146 0086 0B       		.uleb128 0xb
 1147 0087 0D       		.uleb128 0xd
 1148 0088 00       		.byte	0
 1149 0089 03       		.uleb128 0x3
 1150 008a 08       		.uleb128 0x8
 1151 008b 3A       		.uleb128 0x3a
 1152 008c 0B       		.uleb128 0xb
 1153 008d 3B       		.uleb128 0x3b
 1154 008e 05       		.uleb128 0x5
 1155 008f 49       		.uleb128 0x49
 1156 0090 13       		.uleb128 0x13
 1157 0091 38       		.uleb128 0x38
 1158 0092 0B       		.uleb128 0xb
 1159 0093 00       		.byte	0
 1160 0094 00       		.byte	0
 1161 0095 0C       		.uleb128 0xc
 1162 0096 0D       		.uleb128 0xd
 1163 0097 00       		.byte	0
 1164 0098 03       		.uleb128 0x3
 1165 0099 0E       		.uleb128 0xe
 1166 009a 3A       		.uleb128 0x3a
 1167 009b 0B       		.uleb128 0xb
 1168 009c 3B       		.uleb128 0x3b
 1169 009d 05       		.uleb128 0x5
 1170 009e 49       		.uleb128 0x49
 1171 009f 13       		.uleb128 0x13
 1172 00a0 38       		.uleb128 0x38
 1173 00a1 0B       		.uleb128 0xb
 1174 00a2 00       		.byte	0
 1175 00a3 00       		.byte	0
 1176 00a4 0D       		.uleb128 0xd
 1177 00a5 13       		.uleb128 0x13
 1178 00a6 01       		.byte	0x1
 1179 00a7 0B       		.uleb128 0xb
 1180 00a8 0B       		.uleb128 0xb
 1181 00a9 3A       		.uleb128 0x3a
 1182 00aa 0B       		.uleb128 0xb
 1183 00ab 3B       		.uleb128 0x3b
 1184 00ac 05       		.uleb128 0x5
 1185 00ad 01       		.uleb128 0x1
 1186 00ae 13       		.uleb128 0x13
 1187 00af 00       		.byte	0
 1188 00b0 00       		.byte	0
 1189 00b1 0E       		.uleb128 0xe
 1190 00b2 2E       		.uleb128 0x2e
 1191 00b3 00       		.byte	0
 1192 00b4 3F       		.uleb128 0x3f
 1193 00b5 19       		.uleb128 0x19
 1194 00b6 03       		.uleb128 0x3
ARM GAS  C:\Users\ASUS\AppData\Local\Temp\ccGKVH3B.s 			page 24


 1195 00b7 0E       		.uleb128 0xe
 1196 00b8 3A       		.uleb128 0x3a
 1197 00b9 0B       		.uleb128 0xb
 1198 00ba 3B       		.uleb128 0x3b
 1199 00bb 0B       		.uleb128 0xb
 1200 00bc 27       		.uleb128 0x27
 1201 00bd 19       		.uleb128 0x19
 1202 00be 11       		.uleb128 0x11
 1203 00bf 01       		.uleb128 0x1
 1204 00c0 12       		.uleb128 0x12
 1205 00c1 06       		.uleb128 0x6
 1206 00c2 40       		.uleb128 0x40
 1207 00c3 18       		.uleb128 0x18
 1208 00c4 9742     		.uleb128 0x2117
 1209 00c6 19       		.uleb128 0x19
 1210 00c7 00       		.byte	0
 1211 00c8 00       		.byte	0
 1212 00c9 0F       		.uleb128 0xf
 1213 00ca 34       		.uleb128 0x34
 1214 00cb 00       		.byte	0
 1215 00cc 03       		.uleb128 0x3
 1216 00cd 0E       		.uleb128 0xe
 1217 00ce 3A       		.uleb128 0x3a
 1218 00cf 0B       		.uleb128 0xb
 1219 00d0 3B       		.uleb128 0x3b
 1220 00d1 05       		.uleb128 0x5
 1221 00d2 49       		.uleb128 0x49
 1222 00d3 13       		.uleb128 0x13
 1223 00d4 3F       		.uleb128 0x3f
 1224 00d5 19       		.uleb128 0x19
 1225 00d6 3C       		.uleb128 0x3c
 1226 00d7 19       		.uleb128 0x19
 1227 00d8 00       		.byte	0
 1228 00d9 00       		.byte	0
 1229 00da 10       		.uleb128 0x10
 1230 00db 35       		.uleb128 0x35
 1231 00dc 00       		.byte	0
 1232 00dd 49       		.uleb128 0x49
 1233 00de 13       		.uleb128 0x13
 1234 00df 00       		.byte	0
 1235 00e0 00       		.byte	0
 1236 00e1 11       		.uleb128 0x11
 1237 00e2 34       		.uleb128 0x34
 1238 00e3 00       		.byte	0
 1239 00e4 03       		.uleb128 0x3
 1240 00e5 0E       		.uleb128 0xe
 1241 00e6 3A       		.uleb128 0x3a
 1242 00e7 0B       		.uleb128 0xb
 1243 00e8 3B       		.uleb128 0x3b
 1244 00e9 0B       		.uleb128 0xb
 1245 00ea 49       		.uleb128 0x49
 1246 00eb 13       		.uleb128 0x13
 1247 00ec 3F       		.uleb128 0x3f
 1248 00ed 19       		.uleb128 0x19
 1249 00ee 3C       		.uleb128 0x3c
 1250 00ef 19       		.uleb128 0x19
 1251 00f0 00       		.byte	0
ARM GAS  C:\Users\ASUS\AppData\Local\Temp\ccGKVH3B.s 			page 25


 1252 00f1 00       		.byte	0
 1253 00f2 12       		.uleb128 0x12
 1254 00f3 0F       		.uleb128 0xf
 1255 00f4 00       		.byte	0
 1256 00f5 0B       		.uleb128 0xb
 1257 00f6 0B       		.uleb128 0xb
 1258 00f7 49       		.uleb128 0x49
 1259 00f8 13       		.uleb128 0x13
 1260 00f9 00       		.byte	0
 1261 00fa 00       		.byte	0
 1262 00fb 13       		.uleb128 0x13
 1263 00fc 26       		.uleb128 0x26
 1264 00fd 00       		.byte	0
 1265 00fe 49       		.uleb128 0x49
 1266 00ff 13       		.uleb128 0x13
 1267 0100 00       		.byte	0
 1268 0101 00       		.byte	0
 1269 0102 14       		.uleb128 0x14
 1270 0103 01       		.uleb128 0x1
 1271 0104 01       		.byte	0x1
 1272 0105 49       		.uleb128 0x49
 1273 0106 13       		.uleb128 0x13
 1274 0107 01       		.uleb128 0x1
 1275 0108 13       		.uleb128 0x13
 1276 0109 00       		.byte	0
 1277 010a 00       		.byte	0
 1278 010b 15       		.uleb128 0x15
 1279 010c 21       		.uleb128 0x21
 1280 010d 00       		.byte	0
 1281 010e 49       		.uleb128 0x49
 1282 010f 13       		.uleb128 0x13
 1283 0110 2F       		.uleb128 0x2f
 1284 0111 0B       		.uleb128 0xb
 1285 0112 00       		.byte	0
 1286 0113 00       		.byte	0
 1287 0114 16       		.uleb128 0x16
 1288 0115 34       		.uleb128 0x34
 1289 0116 00       		.byte	0
 1290 0117 03       		.uleb128 0x3
 1291 0118 0E       		.uleb128 0xe
 1292 0119 3A       		.uleb128 0x3a
 1293 011a 0B       		.uleb128 0xb
 1294 011b 3B       		.uleb128 0x3b
 1295 011c 0B       		.uleb128 0xb
 1296 011d 49       		.uleb128 0x49
 1297 011e 13       		.uleb128 0x13
 1298 011f 3F       		.uleb128 0x3f
 1299 0120 19       		.uleb128 0x19
 1300 0121 02       		.uleb128 0x2
 1301 0122 18       		.uleb128 0x18
 1302 0123 00       		.byte	0
 1303 0124 00       		.byte	0
 1304 0125 00       		.byte	0
 1305              		.section	.debug_aranges,"",%progbits
 1306 0000 1C000000 		.4byte	0x1c
 1307 0004 0200     		.2byte	0x2
 1308 0006 00000000 		.4byte	.Ldebug_info0
ARM GAS  C:\Users\ASUS\AppData\Local\Temp\ccGKVH3B.s 			page 26


 1309 000a 04       		.byte	0x4
 1310 000b 00       		.byte	0
 1311 000c 0000     		.2byte	0
 1312 000e 0000     		.2byte	0
 1313 0010 00000000 		.4byte	.LFB199
 1314 0014 14000000 		.4byte	.LFE199-.LFB199
 1315 0018 00000000 		.4byte	0
 1316 001c 00000000 		.4byte	0
 1317              		.section	.debug_ranges,"",%progbits
 1318              	.Ldebug_ranges0:
 1319 0000 00000000 		.4byte	.LFB199
 1320 0004 14000000 		.4byte	.LFE199
 1321 0008 00000000 		.4byte	0
 1322 000c 00000000 		.4byte	0
 1323              		.section	.debug_line,"",%progbits
 1324              	.Ldebug_line0:
 1325 0000 03020000 		.section	.debug_str,"MS",%progbits,1
 1325      0200E901 
 1325      00000201 
 1325      FB0E0D00 
 1325      01010101 
 1326              	.LASF56:
 1327 0000 70726F74 		.ascii	"protBusMasterMask\000"
 1327      4275734D 
 1327      61737465 
 1327      724D6173 
 1327      6B00
 1328              	.LASF141:
 1329 0012 5254435F 		.ascii	"RTC_dstConfig\000"
 1329      64737443 
 1329      6F6E6669 
 1329      6700
 1330              	.LASF66:
 1331 0020 666C6173 		.ascii	"flashCtlMainWs3Freq\000"
 1331      6843746C 
 1331      4D61696E 
 1331      57733346 
 1331      72657100 
 1332              	.LASF88:
 1333 0034 6770696F 		.ascii	"gpioPrtCfgInOffset\000"
 1333      50727443 
 1333      6667496E 
 1333      4F666673 
 1333      657400
 1334              	.LASF106:
 1335 0047 6970634C 		.ascii	"ipcLockStatusOffset\000"
 1335      6F636B53 
 1335      74617475 
 1335      734F6666 
 1335      73657400 
 1336              	.LASF32:
 1337 005b 63727970 		.ascii	"cryptoVersion\000"
 1337      746F5665 
 1337      7273696F 
 1337      6E00
 1338              	.LASF139:
 1339 0069 5254435F 		.ascii	"RTC_rtcDstStatus\000"
ARM GAS  C:\Users\ASUS\AppData\Local\Temp\ccGKVH3B.s 			page 27


 1339      72746344 
 1339      73745374 
 1339      61747573 
 1339      00
 1340              	.LASF28:
 1341 007a 70617373 		.ascii	"passBase\000"
 1341      42617365 
 1341      00
 1342              	.LASF41:
 1343 0083 63707573 		.ascii	"cpussIpcIrqNr\000"
 1343      73497063 
 1343      4972714E 
 1343      7200
 1344              	.LASF3:
 1345 0091 5F5F7569 		.ascii	"__uint8_t\000"
 1345      6E74385F 
 1345      7400
 1346              	.LASF85:
 1347 009b 70657269 		.ascii	"periDiv24_5CtlOffset\000"
 1347      44697632 
 1347      345F3543 
 1347      746C4F66 
 1347      66736574 
 1348              	.LASF92:
 1349 00b0 63707573 		.ascii	"cpussCm4ClockCtlOffset\000"
 1349      73436D34 
 1349      436C6F63 
 1349      6B43746C 
 1349      4F666673 
 1350              	.LASF21:
 1351 00c7 63707573 		.ascii	"cpussBase\000"
 1351      73426173 
 1351      6500
 1352              	.LASF70:
 1353 00d1 64774368 		.ascii	"dwChCtlPrioPos\000"
 1353      43746C50 
 1353      72696F50 
 1353      6F7300
 1354              	.LASF50:
 1355 00e0 70657269 		.ascii	"periClockNr\000"
 1355      436C6F63 
 1355      6B4E7200 
 1356              	.LASF12:
 1357 00ec 6C6F6E67 		.ascii	"long long unsigned int\000"
 1357      206C6F6E 
 1357      6720756E 
 1357      7369676E 
 1357      65642069 
 1358              	.LASF74:
 1359 0103 70657269 		.ascii	"periTrCmdOffset\000"
 1359      5472436D 
 1359      644F6666 
 1359      73657400 
 1360              	.LASF98:
 1361 0113 63707573 		.ascii	"cpussSysTickCtlOffset\000"
 1361      73537973 
 1361      5469636B 
ARM GAS  C:\Users\ASUS\AppData\Local\Temp\ccGKVH3B.s 			page 28


 1361      43746C4F 
 1361      66667365 
 1362              	.LASF135:
 1363 0129 49544D5F 		.ascii	"ITM_RxBuffer\000"
 1363      52784275 
 1363      66666572 
 1363      00
 1364              	.LASF130:
 1365 0136 7765656B 		.ascii	"weekOfMonth\000"
 1365      4F664D6F 
 1365      6E746800 
 1366              	.LASF59:
 1367 0142 666C6173 		.ascii	"flashPipeRequired\000"
 1367      68506970 
 1367      65526571 
 1367      75697265 
 1367      6400
 1368              	.LASF63:
 1369 0154 666C6173 		.ascii	"flashCtlMainWs0Freq\000"
 1369      6843746C 
 1369      4D61696E 
 1369      57733046 
 1369      72657100 
 1370              	.LASF15:
 1371 0168 696E7431 		.ascii	"int16_t\000"
 1371      365F7400 
 1372              	.LASF114:
 1373 0170 43595F52 		.ascii	"CY_RTC_DST_RELATIVE\000"
 1373      54435F44 
 1373      53545F52 
 1373      454C4154 
 1373      49564500 
 1374              	.LASF11:
 1375 0184 6C6F6E67 		.ascii	"long long int\000"
 1375      206C6F6E 
 1375      6720696E 
 1375      7400
 1376              	.LASF1:
 1377 0192 7369676E 		.ascii	"signed char\000"
 1377      65642063 
 1377      68617200 
 1378              	.LASF79:
 1379 019e 70657269 		.ascii	"periDivCmdTypeSelPos\000"
 1379      44697643 
 1379      6D645479 
 1379      70655365 
 1379      6C506F73 
 1380              	.LASF25:
 1381 01b3 70726F74 		.ascii	"protBase\000"
 1381      42617365 
 1381      00
 1382              	.LASF37:
 1383 01bc 69706356 		.ascii	"ipcVersion\000"
 1383      65727369 
 1383      6F6E00
 1384              	.LASF99:
 1385 01c7 63707573 		.ascii	"cpussCm0NmiCtlOffset\000"
ARM GAS  C:\Users\ASUS\AppData\Local\Temp\ccGKVH3B.s 			page 29


 1385      73436D30 
 1385      4E6D6943 
 1385      746C4F66 
 1385      66736574 
 1386              	.LASF47:
 1387 01dc 73727373 		.ascii	"srssNumClkpath\000"
 1387      4E756D43 
 1387      6C6B7061 
 1387      746800
 1388              	.LASF26:
 1389 01eb 6873696F 		.ascii	"hsiomBase\000"
 1389      6D426173 
 1389      6500
 1390              	.LASF132:
 1391 01f5 73746172 		.ascii	"startDst\000"
 1391      74447374 
 1391      00
 1392              	.LASF147:
 1393 01fe 5254435F 		.ascii	"RTC_Start\000"
 1393      53746172 
 1393      7400
 1394              	.LASF138:
 1395 0208 5254435F 		.ascii	"RTC_initVar\000"
 1395      696E6974 
 1395      56617200 
 1396              	.LASF126:
 1397 0214 79656172 		.ascii	"year\000"
 1397      00
 1398              	.LASF115:
 1399 0219 43595F52 		.ascii	"CY_RTC_DST_FIXED\000"
 1399      54435F44 
 1399      53545F46 
 1399      49584544 
 1399      00
 1400              	.LASF8:
 1401 022a 6C6F6E67 		.ascii	"long int\000"
 1401      20696E74 
 1401      00
 1402              	.LASF134:
 1403 0233 63795F73 		.ascii	"cy_stc_rtc_dst_t\000"
 1403      74635F72 
 1403      74635F64 
 1403      73745F74 
 1403      00
 1404              	.LASF57:
 1405 0244 63727970 		.ascii	"cryptoMemSize\000"
 1405      746F4D65 
 1405      6D53697A 
 1405      6500
 1406              	.LASF23:
 1407 0252 70657269 		.ascii	"periBase\000"
 1407      42617365 
 1407      00
 1408              	.LASF55:
 1409 025b 73797350 		.ascii	"sysPmSimoPresent\000"
 1409      6D53696D 
 1409      6F507265 
ARM GAS  C:\Users\ASUS\AppData\Local\Temp\ccGKVH3B.s 			page 30


 1409      73656E74 
 1409      00
 1410              	.LASF45:
 1411 026c 63707573 		.ascii	"cpussFmIrq\000"
 1411      73466D49 
 1411      727100
 1412              	.LASF110:
 1413 0277 646F7562 		.ascii	"double\000"
 1413      6C6500
 1414              	.LASF84:
 1415 027e 70657269 		.ascii	"periDiv16_5CtlOffset\000"
 1415      44697631 
 1415      365F3543 
 1415      746C4F66 
 1415      66736574 
 1416              	.LASF48:
 1417 0293 73727373 		.ascii	"srssNumPll\000"
 1417      4E756D50 
 1417      6C6C00
 1418              	.LASF145:
 1419 029e 443A5C44 		.ascii	"D:\\Documents\\Lab2Part3.cydsn\\EasyMoo.cydsn\000"
 1419      6F63756D 
 1419      656E7473 
 1419      5C4C6162 
 1419      32506172 
 1420              	.LASF82:
 1421 02c9 70657269 		.ascii	"periDiv8CtlOffset\000"
 1421      44697638 
 1421      43746C4F 
 1421      66667365 
 1421      7400
 1422              	.LASF89:
 1423 02db 6770696F 		.ascii	"gpioPrtCfgOutOffset\000"
 1423      50727443 
 1423      66674F75 
 1423      744F6666 
 1423      73657400 
 1424              	.LASF22:
 1425 02ef 666C6173 		.ascii	"flashcBase\000"
 1425      68634261 
 1425      736500
 1426              	.LASF9:
 1427 02fa 5F5F7569 		.ascii	"__uint32_t\000"
 1427      6E743332 
 1427      5F7400
 1428              	.LASF52:
 1429 0305 70617373 		.ascii	"passSarChannels\000"
 1429      53617243 
 1429      68616E6E 
 1429      656C7300 
 1430              	.LASF4:
 1431 0315 5F5F696E 		.ascii	"__int16_t\000"
 1431      7431365F 
 1431      7400
 1432              	.LASF95:
 1433 031f 63707573 		.ascii	"cpussCm4PwrCtlOffset\000"
 1433      73436D34 
ARM GAS  C:\Users\ASUS\AppData\Local\Temp\ccGKVH3B.s 			page 31


 1433      50777243 
 1433      746C4F66 
 1433      66736574 
 1434              	.LASF90:
 1435 0334 6770696F 		.ascii	"gpioPrtCfgSioOffset\000"
 1435      50727443 
 1435      66675369 
 1435      6F4F6666 
 1435      73657400 
 1436              	.LASF42:
 1437 0348 63707573 		.ascii	"cpussDwChNr\000"
 1437      73447743 
 1437      684E7200 
 1438              	.LASF125:
 1439 0354 6D6F6E74 		.ascii	"month\000"
 1439      6800
 1440              	.LASF13:
 1441 035a 756E7369 		.ascii	"unsigned int\000"
 1441      676E6564 
 1441      20696E74 
 1441      00
 1442              	.LASF111:
 1443 0367 43595F52 		.ascii	"CY_RTC_24_HOURS\000"
 1443      54435F32 
 1443      345F484F 
 1443      55525300 
 1444              	.LASF75:
 1445 0377 70657269 		.ascii	"periTrCmdGrSelMsk\000"
 1445      5472436D 
 1445      64477253 
 1445      656C4D73 
 1445      6B00
 1446              	.LASF127:
 1447 0389 63795F73 		.ascii	"cy_stc_rtc_config_t\000"
 1447      74635F72 
 1447      74635F63 
 1447      6F6E6669 
 1447      675F7400 
 1448              	.LASF10:
 1449 039d 6C6F6E67 		.ascii	"long unsigned int\000"
 1449      20756E73 
 1449      69676E65 
 1449      6420696E 
 1449      7400
 1450              	.LASF40:
 1451 03af 63707573 		.ascii	"cpussIpcNr\000"
 1451      73497063 
 1451      4E7200
 1452              	.LASF27:
 1453 03ba 6770696F 		.ascii	"gpioBase\000"
 1453      42617365 
 1453      00
 1454              	.LASF65:
 1455 03c3 666C6173 		.ascii	"flashCtlMainWs2Freq\000"
 1455      6843746C 
 1455      4D61696E 
 1455      57733246 
ARM GAS  C:\Users\ASUS\AppData\Local\Temp\ccGKVH3B.s 			page 32


 1455      72657100 
 1456              	.LASF76:
 1457 03d7 70657269 		.ascii	"periTrGrOffset\000"
 1457      54724772 
 1457      4F666673 
 1457      657400
 1458              	.LASF124:
 1459 03e6 64617465 		.ascii	"date\000"
 1459      00
 1460              	.LASF103:
 1461 03eb 63707573 		.ascii	"cpussRam1Ctl0\000"
 1461      7352616D 
 1461      3143746C 
 1461      3000
 1462              	.LASF77:
 1463 03f9 70657269 		.ascii	"periTrGrSize\000"
 1463      54724772 
 1463      53697A65 
 1463      00
 1464              	.LASF35:
 1465 0406 6770696F 		.ascii	"gpioVersion\000"
 1465      56657273 
 1465      696F6E00 
 1466              	.LASF16:
 1467 0412 75696E74 		.ascii	"uint16_t\000"
 1467      31365F74 
 1467      00
 1468              	.LASF113:
 1469 041b 63795F65 		.ascii	"cy_en_rtc_hours_format_t\000"
 1469      6E5F7274 
 1469      635F686F 
 1469      7572735F 
 1469      666F726D 
 1470              	.LASF107:
 1471 0434 63795F73 		.ascii	"cy_stc_device_t\000"
 1471      74635F64 
 1471      65766963 
 1471      655F7400 
 1472              	.LASF53:
 1473 0444 65704D6F 		.ascii	"epMonitorNr\000"
 1473      6E69746F 
 1473      724E7200 
 1474              	.LASF116:
 1475 0450 63795F65 		.ascii	"cy_en_rtc_dst_format_t\000"
 1475      6E5F7274 
 1475      635F6473 
 1475      745F666F 
 1475      726D6174 
 1476              	.LASF96:
 1477 0467 63707573 		.ascii	"cpussTrimRamCtlOffset\000"
 1477      73547269 
 1477      6D52616D 
 1477      43746C4F 
 1477      66667365 
 1478              	.LASF123:
 1479 047d 6461794F 		.ascii	"dayOfWeek\000"
 1479      66576565 
ARM GAS  C:\Users\ASUS\AppData\Local\Temp\ccGKVH3B.s 			page 33


 1479      6B00
 1480              	.LASF91:
 1481 0487 63707573 		.ascii	"cpussCm0ClockCtlOffset\000"
 1481      73436D30 
 1481      436C6F63 
 1481      6B43746C 
 1481      4F666673 
 1482              	.LASF31:
 1483 049e 63707573 		.ascii	"cpussVersion\000"
 1483      73566572 
 1483      73696F6E 
 1483      00
 1484              	.LASF38:
 1485 04ab 70657269 		.ascii	"periVersion\000"
 1485      56657273 
 1485      696F6E00 
 1486              	.LASF94:
 1487 04b7 63707573 		.ascii	"cpussCm0StatusOffset\000"
 1487      73436D30 
 1487      53746174 
 1487      75734F66 
 1487      66736574 
 1488              	.LASF19:
 1489 04cc 73697A65 		.ascii	"sizetype\000"
 1489      74797065 
 1489      00
 1490              	.LASF68:
 1491 04d5 64774368 		.ascii	"dwChOffset\000"
 1491      4F666673 
 1491      657400
 1492              	.LASF43:
 1493 04e0 63707573 		.ascii	"cpussFlashPaSize\000"
 1493      73466C61 
 1493      73685061 
 1493      53697A65 
 1493      00
 1494              	.LASF81:
 1495 04f1 70657269 		.ascii	"periDivCmdPaTypeSelPos\000"
 1495      44697643 
 1495      6D645061 
 1495      54797065 
 1495      53656C50 
 1496              	.LASF104:
 1497 0508 63707573 		.ascii	"cpussRam2Ctl0\000"
 1497      7352616D 
 1497      3243746C 
 1497      3000
 1498              	.LASF144:
 1499 0516 47656E65 		.ascii	"Generated_Source\\PSoC6\\RTC.c\000"
 1499      72617465 
 1499      645F536F 
 1499      75726365 
 1499      5C50536F 
 1500              	.LASF39:
 1501 0533 70726F74 		.ascii	"protVersion\000"
 1501      56657273 
 1501      696F6E00 
ARM GAS  C:\Users\ASUS\AppData\Local\Temp\ccGKVH3B.s 			page 34


 1502              	.LASF72:
 1503 053f 64775374 		.ascii	"dwStatusChIdxPos\000"
 1503      61747573 
 1503      43684964 
 1503      78506F73 
 1503      00
 1504              	.LASF54:
 1505 0550 75646250 		.ascii	"udbPresent\000"
 1505      72657365 
 1505      6E7400
 1506              	.LASF34:
 1507 055b 666C6173 		.ascii	"flashcVersion\000"
 1507      68635665 
 1507      7273696F 
 1507      6E00
 1508              	.LASF30:
 1509 0569 63727970 		.ascii	"cryptoBase\000"
 1509      746F4261 
 1509      736500
 1510              	.LASF51:
 1511 0574 736D6966 		.ascii	"smifDeviceNr\000"
 1511      44657669 
 1511      63654E72 
 1511      00
 1512              	.LASF120:
 1513 0581 686F7572 		.ascii	"hour\000"
 1513      00
 1514              	.LASF143:
 1515 0586 474E5520 		.ascii	"GNU C11 5.4.1 20160609 (release) [ARM/embedded-5-br"
 1515      43313120 
 1515      352E342E 
 1515      31203230 
 1515      31363036 
 1516 05b9 616E6368 		.ascii	"anch revision 237715] -mcpu=cortex-m4 -mfloat-abi=s"
 1516      20726576 
 1516      6973696F 
 1516      6E203233 
 1516      37373135 
 1517 05ec 6F667466 		.ascii	"oftfp -mfpu=fpv4-sp-d16 -mthumb -g -Og -ffunction-s"
 1517      70202D6D 
 1517      6670753D 
 1517      66707634 
 1517      2D73702D 
 1518 061f 65637469 		.ascii	"ections -ffat-lto-objects\000"
 1518      6F6E7320 
 1518      2D666661 
 1518      742D6C74 
 1518      6F2D6F62 
 1519              	.LASF109:
 1520 0639 666C6F61 		.ascii	"float\000"
 1520      7400
 1521              	.LASF129:
 1522 063f 6461794F 		.ascii	"dayOfMonth\000"
 1522      664D6F6E 
 1522      746800
 1523              	.LASF137:
 1524 064a 63795F52 		.ascii	"cy_RTC_daysInMonthTbl\000"
ARM GAS  C:\Users\ASUS\AppData\Local\Temp\ccGKVH3B.s 			page 35


 1524      54435F64 
 1524      61797349 
 1524      6E4D6F6E 
 1524      74685462 
 1525              	.LASF73:
 1526 0660 64775374 		.ascii	"dwStatusChIdxMsk\000"
 1526      61747573 
 1526      43684964 
 1526      784D736B 
 1526      00
 1527              	.LASF112:
 1528 0671 43595F52 		.ascii	"CY_RTC_12_HOURS\000"
 1528      54435F31 
 1528      325F484F 
 1528      55525300 
 1529              	.LASF119:
 1530 0681 63795F65 		.ascii	"cy_en_rtc_am_pm_t\000"
 1530      6E5F7274 
 1530      635F616D 
 1530      5F706D5F 
 1530      7400
 1531              	.LASF136:
 1532 0693 63795F64 		.ascii	"cy_device\000"
 1532      65766963 
 1532      6500
 1533              	.LASF101:
 1534 069d 63707573 		.ascii	"cpussRomCtl\000"
 1534      73526F6D 
 1534      43746C00 
 1535              	.LASF71:
 1536 06a9 64774368 		.ascii	"dwChCtlPreemptablePos\000"
 1536      43746C50 
 1536      7265656D 
 1536      70746162 
 1536      6C65506F 
 1537              	.LASF24:
 1538 06bf 75646242 		.ascii	"udbBase\000"
 1538      61736500 
 1539              	.LASF140:
 1540 06c7 5F426F6F 		.ascii	"_Bool\000"
 1540      6C00
 1541              	.LASF17:
 1542 06cd 696E7433 		.ascii	"int32_t\000"
 1542      325F7400 
 1543              	.LASF2:
 1544 06d5 756E7369 		.ascii	"unsigned char\000"
 1544      676E6564 
 1544      20636861 
 1544      7200
 1545              	.LASF67:
 1546 06e3 666C6173 		.ascii	"flashCtlMainWs4Freq\000"
 1546      6843746C 
 1546      4D61696E 
 1546      57733446 
 1546      72657100 
 1547              	.LASF0:
 1548 06f7 73686F72 		.ascii	"short int\000"
ARM GAS  C:\Users\ASUS\AppData\Local\Temp\ccGKVH3B.s 			page 36


 1548      7420696E 
 1548      7400
 1549              	.LASF78:
 1550 0701 70657269 		.ascii	"periDivCmdDivSelMsk\000"
 1550      44697643 
 1550      6D644469 
 1550      7653656C 
 1550      4D736B00 
 1551              	.LASF128:
 1552 0715 666F726D 		.ascii	"format\000"
 1552      617400
 1553              	.LASF122:
 1554 071c 6872466F 		.ascii	"hrFormat\000"
 1554      726D6174 
 1554      00
 1555              	.LASF49:
 1556 0725 73727373 		.ascii	"srssNumHfroot\000"
 1556      4E756D48 
 1556      66726F6F 
 1556      7400
 1557              	.LASF62:
 1558 0733 666C6173 		.ascii	"flashEraseDelay\000"
 1558      68457261 
 1558      73654465 
 1558      6C617900 
 1559              	.LASF18:
 1560 0743 75696E74 		.ascii	"uint32_t\000"
 1560      33325F74 
 1560      00
 1561              	.LASF100:
 1562 074c 63707573 		.ascii	"cpussCm4NmiCtlOffset\000"
 1562      73436D34 
 1562      4E6D6943 
 1562      746C4F66 
 1562      66736574 
 1563              	.LASF20:
 1564 0761 6C6F6E67 		.ascii	"long double\000"
 1564      20646F75 
 1564      626C6500 
 1565              	.LASF108:
 1566 076d 63686172 		.ascii	"char\000"
 1566      00
 1567              	.LASF142:
 1568 0772 5254435F 		.ascii	"RTC_config\000"
 1568      636F6E66 
 1568      696700
 1569              	.LASF102:
 1570 077d 63707573 		.ascii	"cpussRam0Ctl0\000"
 1570      7352616D 
 1570      3043746C 
 1570      3000
 1571              	.LASF5:
 1572 078b 5F5F7569 		.ascii	"__uint16_t\000"
 1572      6E743136 
 1572      5F7400
 1573              	.LASF146:
 1574 0796 63795F73 		.ascii	"cy_stc_rtc_config\000"
ARM GAS  C:\Users\ASUS\AppData\Local\Temp\ccGKVH3B.s 			page 37


 1574      74635F72 
 1574      74635F63 
 1574      6F6E6669 
 1574      6700
 1575              	.LASF118:
 1576 07a8 43595F52 		.ascii	"CY_RTC_PM\000"
 1576      54435F50 
 1576      4D00
 1577              	.LASF83:
 1578 07b2 70657269 		.ascii	"periDiv16CtlOffset\000"
 1578      44697631 
 1578      3643746C 
 1578      4F666673 
 1578      657400
 1579              	.LASF7:
 1580 07c5 5F5F696E 		.ascii	"__int32_t\000"
 1580      7433325F 
 1580      7400
 1581              	.LASF36:
 1582 07cf 6873696F 		.ascii	"hsiomVersion\000"
 1582      6D566572 
 1582      73696F6E 
 1582      00
 1583              	.LASF117:
 1584 07dc 43595F52 		.ascii	"CY_RTC_AM\000"
 1584      54435F41 
 1584      4D00
 1585              	.LASF64:
 1586 07e6 666C6173 		.ascii	"flashCtlMainWs1Freq\000"
 1586      6843746C 
 1586      4D61696E 
 1586      57733146 
 1586      72657100 
 1587              	.LASF6:
 1588 07fa 73686F72 		.ascii	"short unsigned int\000"
 1588      7420756E 
 1588      7369676E 
 1588      65642069 
 1588      6E7400
 1589              	.LASF69:
 1590 080d 64774368 		.ascii	"dwChSize\000"
 1590      53697A65 
 1590      00
 1591              	.LASF121:
 1592 0816 616D506D 		.ascii	"amPm\000"
 1592      00
 1593              	.LASF105:
 1594 081b 69706353 		.ascii	"ipcStructSize\000"
 1594      74727563 
 1594      7453697A 
 1594      6500
 1595              	.LASF44:
 1596 0829 63707573 		.ascii	"cpussIpc0Irq\000"
 1596      73497063 
 1596      30497271 
 1596      00
 1597              	.LASF131:
ARM GAS  C:\Users\ASUS\AppData\Local\Temp\ccGKVH3B.s 			page 38


 1598 0836 63795F73 		.ascii	"cy_stc_rtc_dst_format_t\000"
 1598      74635F72 
 1598      74635F64 
 1598      73745F66 
 1598      6F726D61 
 1599              	.LASF87:
 1600 084e 6770696F 		.ascii	"gpioPrtCfgOffset\000"
 1600      50727443 
 1600      66674F66 
 1600      66736574 
 1600      00
 1601              	.LASF46:
 1602 085f 63707573 		.ascii	"cpussNotConnectedIrq\000"
 1602      734E6F74 
 1602      436F6E6E 
 1602      65637465 
 1602      64497271 
 1603              	.LASF60:
 1604 0874 666C6173 		.ascii	"flashWriteDelay\000"
 1604      68577269 
 1604      74654465 
 1604      6C617900 
 1605              	.LASF14:
 1606 0884 75696E74 		.ascii	"uint8_t\000"
 1606      385F7400 
 1607              	.LASF93:
 1608 088c 63707573 		.ascii	"cpussCm4StatusOffset\000"
 1608      73436D34 
 1608      53746174 
 1608      75734F66 
 1608      66736574 
 1609              	.LASF86:
 1610 08a1 6770696F 		.ascii	"gpioPrtIntrCfgOffset\000"
 1610      50727449 
 1610      6E747243 
 1610      66674F66 
 1610      66736574 
 1611              	.LASF97:
 1612 08b6 63707573 		.ascii	"cpussTrimRomCtlOffset\000"
 1612      73547269 
 1612      6D526F6D 
 1612      43746C4F 
 1612      66667365 
 1613              	.LASF133:
 1614 08cc 73746F70 		.ascii	"stopDst\000"
 1614      44737400 
 1615              	.LASF33:
 1616 08d4 64775665 		.ascii	"dwVersion\000"
 1616      7273696F 
 1616      6E00
 1617              	.LASF29:
 1618 08de 69706342 		.ascii	"ipcBase\000"
 1618      61736500 
 1619              	.LASF80:
 1620 08e6 70657269 		.ascii	"periDivCmdPaDivSelPos\000"
 1620      44697643 
 1620      6D645061 
ARM GAS  C:\Users\ASUS\AppData\Local\Temp\ccGKVH3B.s 			page 39


 1620      44697653 
 1620      656C506F 
 1621              	.LASF61:
 1622 08fc 666C6173 		.ascii	"flashProgramDelay\000"
 1622      6850726F 
 1622      6772616D 
 1622      44656C61 
 1622      7900
 1623              	.LASF58:
 1624 090e 666C6173 		.ascii	"flashRwwRequired\000"
 1624      68527777 
 1624      52657175 
 1624      69726564 
 1624      00
 1625              		.ident	"GCC: (GNU Tools for ARM Embedded Processors) 5.4.1 20160609 (release) [ARM/embedded-5-bran
