ARM GAS  C:\Users\YOUSEF~1\AppData\Local\Temp\ccuW8Zih.s 			page 1


   1              		.syntax unified
   2              		.cpu cortex-m4
   3              		.eabi_attribute 27, 1
   4              		.fpu fpv4-sp-d16
   5              		.eabi_attribute 20, 1
   6              		.eabi_attribute 21, 1
   7              		.eabi_attribute 23, 3
   8              		.eabi_attribute 24, 1
   9              		.eabi_attribute 25, 1
  10              		.eabi_attribute 26, 1
  11              		.eabi_attribute 30, 1
  12              		.eabi_attribute 34, 1
  13              		.eabi_attribute 18, 4
  14              		.thumb
  15              		.syntax unified
  16              		.file	"cy_ble_hal_int.c"
  17              		.text
  18              	.Ltext0:
  19              		.cfi_sections	.debug_frame
  20              		.section	.text.Cy_BLE_BlessInterrupt,"ax",%progbits
  21              		.align	2
  22              		.global	Cy_BLE_BlessInterrupt
  23              		.thumb
  24              		.thumb_func
  25              		.type	Cy_BLE_BlessInterrupt, %function
  26              	Cy_BLE_BlessInterrupt:
  27              	.LFB253:
  28              		.file 1 "Generated_Source\\PSoC6\\pdl\\middleware\\ble\\cy_ble_hal_int.c"
   1:Generated_Source\PSoC6\pdl\middleware\ble/cy_ble_hal_int.c **** /***************************************************************************//**
   2:Generated_Source\PSoC6\pdl\middleware\ble/cy_ble_hal_int.c **** * \file cy_ble_hal_int.c
   3:Generated_Source\PSoC6\pdl\middleware\ble/cy_ble_hal_int.c **** * \version 2.30
   4:Generated_Source\PSoC6\pdl\middleware\ble/cy_ble_hal_int.c **** *
   5:Generated_Source\PSoC6\pdl\middleware\ble/cy_ble_hal_int.c **** * \brief
   6:Generated_Source\PSoC6\pdl\middleware\ble/cy_ble_hal_int.c **** *  This file contains the source code for the Interrupt Service Routine for the
   7:Generated_Source\PSoC6\pdl\middleware\ble/cy_ble_hal_int.c **** *  HAL section of the BLE Middleware.
   8:Generated_Source\PSoC6\pdl\middleware\ble/cy_ble_hal_int.c **** *
   9:Generated_Source\PSoC6\pdl\middleware\ble/cy_ble_hal_int.c **** ********************************************************************************
  10:Generated_Source\PSoC6\pdl\middleware\ble/cy_ble_hal_int.c **** * \copyright
  11:Generated_Source\PSoC6\pdl\middleware\ble/cy_ble_hal_int.c **** * Copyright 2017-2018, Cypress Semiconductor Corporation.  All rights reserved.
  12:Generated_Source\PSoC6\pdl\middleware\ble/cy_ble_hal_int.c **** * You may use this file only in accordance with the license, terms, conditions,
  13:Generated_Source\PSoC6\pdl\middleware\ble/cy_ble_hal_int.c **** * disclaimers, and limitations in the end user license agreement accompanying
  14:Generated_Source\PSoC6\pdl\middleware\ble/cy_ble_hal_int.c **** * the software package with which this file was provided.
  15:Generated_Source\PSoC6\pdl\middleware\ble/cy_ble_hal_int.c **** *******************************************************************************/
  16:Generated_Source\PSoC6\pdl\middleware\ble/cy_ble_hal_int.c **** #include "cy_ble.h"
  17:Generated_Source\PSoC6\pdl\middleware\ble/cy_ble_hal_int.c **** #include "cy_ble_hal_pvt.h"
  18:Generated_Source\PSoC6\pdl\middleware\ble/cy_ble_hal_int.c **** #include "ipc/cy_ipc_sema.h"
  19:Generated_Source\PSoC6\pdl\middleware\ble/cy_ble_hal_int.c **** 
  20:Generated_Source\PSoC6\pdl\middleware\ble/cy_ble_hal_int.c **** /* C binding of definitions if building with C++ compiler */
  21:Generated_Source\PSoC6\pdl\middleware\ble/cy_ble_hal_int.c **** #ifdef __cplusplus
  22:Generated_Source\PSoC6\pdl\middleware\ble/cy_ble_hal_int.c **** extern "C" {
  23:Generated_Source\PSoC6\pdl\middleware\ble/cy_ble_hal_int.c **** #endif /* __cplusplus */
  24:Generated_Source\PSoC6\pdl\middleware\ble/cy_ble_hal_int.c **** 
  25:Generated_Source\PSoC6\pdl\middleware\ble/cy_ble_hal_int.c **** 
  26:Generated_Source\PSoC6\pdl\middleware\ble/cy_ble_hal_int.c **** #if (CY_BLE_INTR_NOTIFY_FEATURE_ENABLED) && (CY_BLE_STACK_MODE_IPC) && (CY_BLE_MODE_PROFILE)
  27:Generated_Source\PSoC6\pdl\middleware\ble/cy_ble_hal_int.c **** 
  28:Generated_Source\PSoC6\pdl\middleware\ble/cy_ble_hal_int.c **** /*******************************************************************************
  29:Generated_Source\PSoC6\pdl\middleware\ble/cy_ble_hal_int.c **** * Function Name: Cy_BLE_HAL_IntrNotifyIpcHandler
ARM GAS  C:\Users\YOUSEF~1\AppData\Local\Temp\ccuW8Zih.s 			page 2


  30:Generated_Source\PSoC6\pdl\middleware\ble/cy_ble_hal_int.c **** ****************************************************************************//**
  31:Generated_Source\PSoC6\pdl\middleware\ble/cy_ble_hal_int.c **** *
  32:Generated_Source\PSoC6\pdl\middleware\ble/cy_ble_hal_int.c **** *  Handles the IPC notification for Interrupt Notification Feature.
  33:Generated_Source\PSoC6\pdl\middleware\ble/cy_ble_hal_int.c **** *
  34:Generated_Source\PSoC6\pdl\middleware\ble/cy_ble_hal_int.c **** * \return
  35:Generated_Source\PSoC6\pdl\middleware\ble/cy_ble_hal_int.c **** *  None
  36:Generated_Source\PSoC6\pdl\middleware\ble/cy_ble_hal_int.c **** *
  37:Generated_Source\PSoC6\pdl\middleware\ble/cy_ble_hal_int.c **** *******************************************************************************/    
  38:Generated_Source\PSoC6\pdl\middleware\ble/cy_ble_hal_int.c **** void Cy_BLE_HAL_IntrNotifyIpcHandler(void)
  39:Generated_Source\PSoC6\pdl\middleware\ble/cy_ble_hal_int.c **** {    
  40:Generated_Source\PSoC6\pdl\middleware\ble/cy_ble_hal_int.c ****     uint32_t interruptMasked;
  41:Generated_Source\PSoC6\pdl\middleware\ble/cy_ble_hal_int.c ****     IPC_INTR_STRUCT_Type *intrTypePtr = Cy_IPC_Drv_GetIntrBaseAddr(CY_BLE_INTR_NOTIFY_IPC_INTR);
  42:Generated_Source\PSoC6\pdl\middleware\ble/cy_ble_hal_int.c ****    /**
  43:Generated_Source\PSoC6\pdl\middleware\ble/cy_ble_hal_int.c ****     * Check that there is really the IPC Notify interrupt,
  44:Generated_Source\PSoC6\pdl\middleware\ble/cy_ble_hal_int.c ****     * because the same line can be used for the IPC Release interrupt.
  45:Generated_Source\PSoC6\pdl\middleware\ble/cy_ble_hal_int.c ****     */
  46:Generated_Source\PSoC6\pdl\middleware\ble/cy_ble_hal_int.c ****     
  47:Generated_Source\PSoC6\pdl\middleware\ble/cy_ble_hal_int.c ****     interruptMasked = Cy_IPC_Drv_ExtractAcquireMask(Cy_IPC_Drv_GetInterruptStatusMasked(intrTypePtr
  48:Generated_Source\PSoC6\pdl\middleware\ble/cy_ble_hal_int.c **** 
  49:Generated_Source\PSoC6\pdl\middleware\ble/cy_ble_hal_int.c ****     if ((1uL << (CY_BLE_INTR_NOTIFY_IPC_CHAN)) == interruptMasked )
  50:Generated_Source\PSoC6\pdl\middleware\ble/cy_ble_hal_int.c ****     {
  51:Generated_Source\PSoC6\pdl\middleware\ble/cy_ble_hal_int.c ****         Cy_IPC_Drv_ClearInterrupt(intrTypePtr, CY_IPC_NO_NOTIFICATION, interruptMasked);
  52:Generated_Source\PSoC6\pdl\middleware\ble/cy_ble_hal_int.c ****         
  53:Generated_Source\PSoC6\pdl\middleware\ble/cy_ble_hal_int.c ****         if(Cy_BLE_InterruptCallback != NULL)
  54:Generated_Source\PSoC6\pdl\middleware\ble/cy_ble_hal_int.c ****         {
  55:Generated_Source\PSoC6\pdl\middleware\ble/cy_ble_hal_int.c ****             /* Call the BLE interrupt feature handler */
  56:Generated_Source\PSoC6\pdl\middleware\ble/cy_ble_hal_int.c ****             Cy_BLE_InterruptCallback(intrNotify.data);
  57:Generated_Source\PSoC6\pdl\middleware\ble/cy_ble_hal_int.c ****         }
  58:Generated_Source\PSoC6\pdl\middleware\ble/cy_ble_hal_int.c ****      
  59:Generated_Source\PSoC6\pdl\middleware\ble/cy_ble_hal_int.c ****         /* Release the IPC channel with the Release interrupt */
  60:Generated_Source\PSoC6\pdl\middleware\ble/cy_ble_hal_int.c ****         (void)Cy_IPC_Drv_LockRelease(Cy_IPC_Drv_GetIpcBaseAddress(CY_BLE_INTR_NOTIFY_IPC_CHAN),
  61:Generated_Source\PSoC6\pdl\middleware\ble/cy_ble_hal_int.c ****                                     (1uL << CY_BLE_INTR_NOTIFY_IPC_INTR));
  62:Generated_Source\PSoC6\pdl\middleware\ble/cy_ble_hal_int.c ****     }
  63:Generated_Source\PSoC6\pdl\middleware\ble/cy_ble_hal_int.c **** }
  64:Generated_Source\PSoC6\pdl\middleware\ble/cy_ble_hal_int.c **** #endif /* (CY_BLE_INTR_NOTIFY_FEATURE_ENABLED) && (CY_BLE_STACK_MODE_IPC) && (CY_BLE_MODE_PROFILE) 
  65:Generated_Source\PSoC6\pdl\middleware\ble/cy_ble_hal_int.c **** 
  66:Generated_Source\PSoC6\pdl\middleware\ble/cy_ble_hal_int.c **** #if (CY_BLE_HOST_CONTR_CORE)
  67:Generated_Source\PSoC6\pdl\middleware\ble/cy_ble_hal_int.c **** #if (CY_BLE_STACK_CONTR_CORE)
  68:Generated_Source\PSoC6\pdl\middleware\ble/cy_ble_hal_int.c **** 
  69:Generated_Source\PSoC6\pdl\middleware\ble/cy_ble_hal_int.c **** #if (CY_BLE_INTR_NOTIFY_FEATURE_ENABLED)    
  70:Generated_Source\PSoC6\pdl\middleware\ble/cy_ble_hal_int.c **** /* Globals */    
  71:Generated_Source\PSoC6\pdl\middleware\ble/cy_ble_hal_int.c **** cy_stc_ble_intr_notify_t *intrNotifyPtr = NULL;
  72:Generated_Source\PSoC6\pdl\middleware\ble/cy_ble_hal_int.c ****     
  73:Generated_Source\PSoC6\pdl\middleware\ble/cy_ble_hal_int.c **** /* Private Function Prototypes  */
  74:Generated_Source\PSoC6\pdl\middleware\ble/cy_ble_hal_int.c **** static void Cy_BLE_HAL_SendInterruptNotification(void);
  75:Generated_Source\PSoC6\pdl\middleware\ble/cy_ble_hal_int.c **** 
  76:Generated_Source\PSoC6\pdl\middleware\ble/cy_ble_hal_int.c **** /*******************************************************************************
  77:Generated_Source\PSoC6\pdl\middleware\ble/cy_ble_hal_int.c **** * Function Name: Cy_BLE_HAL_SendInterruptNotification
  78:Generated_Source\PSoC6\pdl\middleware\ble/cy_ble_hal_int.c **** ****************************************************************************//**
  79:Generated_Source\PSoC6\pdl\middleware\ble/cy_ble_hal_int.c **** *
  80:Generated_Source\PSoC6\pdl\middleware\ble/cy_ble_hal_int.c **** *  This function sends notification (with interrupt type information) to user 
  81:Generated_Source\PSoC6\pdl\middleware\ble/cy_ble_hal_int.c **** *  callback for the BLE interrupts subscribed by user. The list of supported 
  82:Generated_Source\PSoC6\pdl\middleware\ble/cy_ble_hal_int.c **** *  interrupts described in the enumeration cy_en_ble_interrupt_callback_feature_t.
  83:Generated_Source\PSoC6\pdl\middleware\ble/cy_ble_hal_int.c **** *  Cy_BLE_RegisterInterruptCallback() API used to register callback for receiving
  84:Generated_Source\PSoC6\pdl\middleware\ble/cy_ble_hal_int.c **** *  the BLE interrupts.
  85:Generated_Source\PSoC6\pdl\middleware\ble/cy_ble_hal_int.c **** *
  86:Generated_Source\PSoC6\pdl\middleware\ble/cy_ble_hal_int.c **** *******************************************************************************/
ARM GAS  C:\Users\YOUSEF~1\AppData\Local\Temp\ccuW8Zih.s 			page 3


  87:Generated_Source\PSoC6\pdl\middleware\ble/cy_ble_hal_int.c **** static void Cy_BLE_HAL_SendInterruptNotification(void)
  88:Generated_Source\PSoC6\pdl\middleware\ble/cy_ble_hal_int.c **** {
  89:Generated_Source\PSoC6\pdl\middleware\ble/cy_ble_hal_int.c ****     if((intrNotifyPtr != NULL) && (intrNotifyPtr->mask != 0u))
  90:Generated_Source\PSoC6\pdl\middleware\ble/cy_ble_hal_int.c ****     {
  91:Generated_Source\PSoC6\pdl\middleware\ble/cy_ble_hal_int.c ****         uint32_t interruptType = (uint32_t)CY_BLE_INTR_CALLBACK_NONE;
  92:Generated_Source\PSoC6\pdl\middleware\ble/cy_ble_hal_int.c ****         
  93:Generated_Source\PSoC6\pdl\middleware\ble/cy_ble_hal_int.c ****         /* Read BLE_BLELL->EVENT_INTR */      
  94:Generated_Source\PSoC6\pdl\middleware\ble/cy_ble_hal_int.c ****         if((intrNotifyPtr->mask & CY_BLE_INTR_CALLBACK_BLESS_STACK_ISR) != 0u) 
  95:Generated_Source\PSoC6\pdl\middleware\ble/cy_ble_hal_int.c ****         {
  96:Generated_Source\PSoC6\pdl\middleware\ble/cy_ble_hal_int.c ****             interruptType |= CY_BLE_INTR_CALLBACK_BLESS_STACK_ISR;    
  97:Generated_Source\PSoC6\pdl\middleware\ble/cy_ble_hal_int.c ****         }
  98:Generated_Source\PSoC6\pdl\middleware\ble/cy_ble_hal_int.c ****         else
  99:Generated_Source\PSoC6\pdl\middleware\ble/cy_ble_hal_int.c ****         {
 100:Generated_Source\PSoC6\pdl\middleware\ble/cy_ble_hal_int.c ****             if(((BLE_BLESS->INTR_STAT & BLE_BLESS_INTR_STAT_DSM_ENTERED_INTR_Msk) != 0u) &&
 101:Generated_Source\PSoC6\pdl\middleware\ble/cy_ble_hal_int.c ****                ((intrNotifyPtr->mask & CY_BLE_INTR_CALLBACK_BLESS_INTR_STAT_DSM_ENTERED)!= 0u))
 102:Generated_Source\PSoC6\pdl\middleware\ble/cy_ble_hal_int.c ****             {
 103:Generated_Source\PSoC6\pdl\middleware\ble/cy_ble_hal_int.c ****                 interruptType |= CY_BLE_INTR_CALLBACK_BLESS_INTR_STAT_DSM_ENTERED;
 104:Generated_Source\PSoC6\pdl\middleware\ble/cy_ble_hal_int.c ****             }
 105:Generated_Source\PSoC6\pdl\middleware\ble/cy_ble_hal_int.c ****             
 106:Generated_Source\PSoC6\pdl\middleware\ble/cy_ble_hal_int.c ****             if(((BLE_BLESS->INTR_STAT & BLE_BLESS_INTR_STAT_DSM_EXITED_INTR_Msk) != 0u) &&
 107:Generated_Source\PSoC6\pdl\middleware\ble/cy_ble_hal_int.c ****                ((intrNotifyPtr->mask & CY_BLE_INTR_CALLBACK_BLESS_INTR_STAT_DSM_EXITED) != 0u))
 108:Generated_Source\PSoC6\pdl\middleware\ble/cy_ble_hal_int.c ****             {
 109:Generated_Source\PSoC6\pdl\middleware\ble/cy_ble_hal_int.c ****                 interruptType |= CY_BLE_INTR_CALLBACK_BLESS_INTR_STAT_DSM_EXITED;
 110:Generated_Source\PSoC6\pdl\middleware\ble/cy_ble_hal_int.c ****             }
 111:Generated_Source\PSoC6\pdl\middleware\ble/cy_ble_hal_int.c ****        
 112:Generated_Source\PSoC6\pdl\middleware\ble/cy_ble_hal_int.c ****             if(((BLE_BLESS->INTR_STAT & BLE_BLESS_INTR_STAT_LL_INTR_Msk) != 0u))
 113:Generated_Source\PSoC6\pdl\middleware\ble/cy_ble_hal_int.c ****             { 
 114:Generated_Source\PSoC6\pdl\middleware\ble/cy_ble_hal_int.c ****                 /**
 115:Generated_Source\PSoC6\pdl\middleware\ble/cy_ble_hal_int.c ****                  *  Updates the firmware and hardware to exit sleep mode, when
 116:Generated_Source\PSoC6\pdl\middleware\ble/cy_ble_hal_int.c ****                  *  called from the interrupt mode, after checking the state machine.
 117:Generated_Source\PSoC6\pdl\middleware\ble/cy_ble_hal_int.c ****                  */
 118:Generated_Source\PSoC6\pdl\middleware\ble/cy_ble_hal_int.c ****                 Cy_BLE_LlIsrExitLowPowerMode();
 119:Generated_Source\PSoC6\pdl\middleware\ble/cy_ble_hal_int.c ****            
 120:Generated_Source\PSoC6\pdl\middleware\ble/cy_ble_hal_int.c ****                 if(BLE_BLELL->EVENT_INTR != 0x0u)
 121:Generated_Source\PSoC6\pdl\middleware\ble/cy_ble_hal_int.c ****                 {            
 122:Generated_Source\PSoC6\pdl\middleware\ble/cy_ble_hal_int.c ****                     if((BLE_BLELL->EVENT_INTR & BLE_BLELL_EVENT_INTR_CONN_INTR_Msk) != 0u)
 123:Generated_Source\PSoC6\pdl\middleware\ble/cy_ble_hal_int.c ****                     {
 124:Generated_Source\PSoC6\pdl\middleware\ble/cy_ble_hal_int.c ****                         if(((BLE_BLELL->CONN_INTR & BLE_BLELL_CONN_INTR_CLOSE_CE_Msk) != 0u) &&
 125:Generated_Source\PSoC6\pdl\middleware\ble/cy_ble_hal_int.c ****                             ((intrNotifyPtr->mask & CY_BLE_INTR_CALLBACK_BLELL_CONN_INTR_CLOSE_CE) 
 126:Generated_Source\PSoC6\pdl\middleware\ble/cy_ble_hal_int.c ****                         {
 127:Generated_Source\PSoC6\pdl\middleware\ble/cy_ble_hal_int.c ****                             /* Return interrupt type CY_BLE_INTR_CALLBACK_BLELL_CONN_INTR_CLOSE_CE 
 128:Generated_Source\PSoC6\pdl\middleware\ble/cy_ble_hal_int.c ****                             interruptType |= CY_BLE_INTR_CALLBACK_BLELL_CONN_INTR_CLOSE_CE;
 129:Generated_Source\PSoC6\pdl\middleware\ble/cy_ble_hal_int.c ****                         }
 130:Generated_Source\PSoC6\pdl\middleware\ble/cy_ble_hal_int.c ****                         
 131:Generated_Source\PSoC6\pdl\middleware\ble/cy_ble_hal_int.c ****                         if(((BLE_BLELL->CONN_INTR & BLE_BLELL_CONN_INTR_CE_TX_ACK_Msk) != 0u) &&
 132:Generated_Source\PSoC6\pdl\middleware\ble/cy_ble_hal_int.c ****                            ((intrNotifyPtr->mask & CY_BLE_INTR_CALLBACK_BLELL_CONN_INTR_CE_TX_ACK) 
 133:Generated_Source\PSoC6\pdl\middleware\ble/cy_ble_hal_int.c ****                         {
 134:Generated_Source\PSoC6\pdl\middleware\ble/cy_ble_hal_int.c ****                             /* Return interrupt type CY_BLE_INTR_CALLBACK_BLELL_CONN_INTR_CE_TX_ACK
 135:Generated_Source\PSoC6\pdl\middleware\ble/cy_ble_hal_int.c ****                             interruptType |= CY_BLE_INTR_CALLBACK_BLELL_CONN_INTR_CE_TX_ACK;
 136:Generated_Source\PSoC6\pdl\middleware\ble/cy_ble_hal_int.c ****                         }
 137:Generated_Source\PSoC6\pdl\middleware\ble/cy_ble_hal_int.c ****                         
 138:Generated_Source\PSoC6\pdl\middleware\ble/cy_ble_hal_int.c ****                         if(((BLE_BLELL->CONN_EXT_INTR & BLE_BLELL_CONN_EXT_INTR_EARLY_INTR_Msk) != 
 139:Generated_Source\PSoC6\pdl\middleware\ble/cy_ble_hal_int.c ****                            ((intrNotifyPtr->mask & CY_BLE_INTR_CALLBACK_BLELL_CONN_EXT_INTR_EARLY) 
 140:Generated_Source\PSoC6\pdl\middleware\ble/cy_ble_hal_int.c ****                         {
 141:Generated_Source\PSoC6\pdl\middleware\ble/cy_ble_hal_int.c ****                             /* Return interrupt type CY_BLE_INTR_CALLBACK_BLELL_CONN_EXT_INTR_EARLY
 142:Generated_Source\PSoC6\pdl\middleware\ble/cy_ble_hal_int.c ****                             interruptType |= CY_BLE_INTR_CALLBACK_BLELL_CONN_EXT_INTR_EARLY;       
 143:Generated_Source\PSoC6\pdl\middleware\ble/cy_ble_hal_int.c ****                         }
ARM GAS  C:\Users\YOUSEF~1\AppData\Local\Temp\ccuW8Zih.s 			page 4


 144:Generated_Source\PSoC6\pdl\middleware\ble/cy_ble_hal_int.c ****                         
 145:Generated_Source\PSoC6\pdl\middleware\ble/cy_ble_hal_int.c ****                         if(((BLE_BLELL->CONN_INTR & BLE_BLELL_CONN_INTR_CE_RX_Msk) != 0u) &&
 146:Generated_Source\PSoC6\pdl\middleware\ble/cy_ble_hal_int.c ****                             ((intrNotifyPtr->mask & CY_BLE_INTR_CALLBACK_BLELL_CONN_INTR_CE_RX) != 
 147:Generated_Source\PSoC6\pdl\middleware\ble/cy_ble_hal_int.c ****                         {
 148:Generated_Source\PSoC6\pdl\middleware\ble/cy_ble_hal_int.c ****                             /* Return interrupt type CY_BLE_INTR_CALLBACK_BLELL_CONN_INTR_CE_RX */ 
 149:Generated_Source\PSoC6\pdl\middleware\ble/cy_ble_hal_int.c ****                             interruptType |= CY_BLE_INTR_CALLBACK_BLELL_CONN_INTR_CE_RX;
 150:Generated_Source\PSoC6\pdl\middleware\ble/cy_ble_hal_int.c ****                         }
 151:Generated_Source\PSoC6\pdl\middleware\ble/cy_ble_hal_int.c ****                     }    
 152:Generated_Source\PSoC6\pdl\middleware\ble/cy_ble_hal_int.c ****                     
 153:Generated_Source\PSoC6\pdl\middleware\ble/cy_ble_hal_int.c ****                     if((BLE_BLELL->EVENT_INTR & BLE_BLELL_EVENT_INTR_SCAN_INTR_Msk) != 0u)
 154:Generated_Source\PSoC6\pdl\middleware\ble/cy_ble_hal_int.c ****                     {
 155:Generated_Source\PSoC6\pdl\middleware\ble/cy_ble_hal_int.c ****                         if(((BLE_BLELL->SCAN_INTR & BLE_BLELL_SCAN_INTR_ADV_RX_INTR_Msk) != 0u) &&
 156:Generated_Source\PSoC6\pdl\middleware\ble/cy_ble_hal_int.c ****                            ((intrNotifyPtr->mask & CY_BLE_INTR_CALLBACK_BLELL_SCAN_INTR_ADV_RX) != 
 157:Generated_Source\PSoC6\pdl\middleware\ble/cy_ble_hal_int.c ****                         {
 158:Generated_Source\PSoC6\pdl\middleware\ble/cy_ble_hal_int.c ****                             /* Return interrupt type Return interrupt type CY_BLE_INTR_CALLBACK_BLE
 159:Generated_Source\PSoC6\pdl\middleware\ble/cy_ble_hal_int.c ****                             interruptType |= CY_BLE_INTR_CALLBACK_BLELL_SCAN_INTR_ADV_RX;
 160:Generated_Source\PSoC6\pdl\middleware\ble/cy_ble_hal_int.c ****                         }
 161:Generated_Source\PSoC6\pdl\middleware\ble/cy_ble_hal_int.c ****                         
 162:Generated_Source\PSoC6\pdl\middleware\ble/cy_ble_hal_int.c ****                         if(((BLE_BLELL->SCAN_INTR & BLE_BLELL_SCAN_INTR_SCAN_RSP_RX_INTR_Msk) != 0u
 163:Generated_Source\PSoC6\pdl\middleware\ble/cy_ble_hal_int.c ****                            ((intrNotifyPtr->mask & CY_BLE_INTR_CALLBACK_BLELL_SCAN_INTR_SCAN_RSP_RX
 164:Generated_Source\PSoC6\pdl\middleware\ble/cy_ble_hal_int.c ****                         {
 165:Generated_Source\PSoC6\pdl\middleware\ble/cy_ble_hal_int.c ****                             /* Return interrupt type CY_BLE_INTR_CALLBACK_BLELL_SCAN_INTR_SCAN_RSP_
 166:Generated_Source\PSoC6\pdl\middleware\ble/cy_ble_hal_int.c ****                             interruptType |= CY_BLE_INTR_CALLBACK_BLELL_SCAN_INTR_SCAN_RSP_RX;
 167:Generated_Source\PSoC6\pdl\middleware\ble/cy_ble_hal_int.c ****                         }  
 168:Generated_Source\PSoC6\pdl\middleware\ble/cy_ble_hal_int.c ****                     }
 169:Generated_Source\PSoC6\pdl\middleware\ble/cy_ble_hal_int.c ****                     
 170:Generated_Source\PSoC6\pdl\middleware\ble/cy_ble_hal_int.c ****                     if((BLE_BLELL->EVENT_INTR & BLE_BLELL_EVENT_INTR_ADV_INTR_Msk) != 0u)
 171:Generated_Source\PSoC6\pdl\middleware\ble/cy_ble_hal_int.c ****                     {
 172:Generated_Source\PSoC6\pdl\middleware\ble/cy_ble_hal_int.c ****                         if(((BLE_BLELL->ADV_INTR & BLE_BLELL_ADV_INTR_CONN_REQ_RX_INTR_Msk) != 0u) 
 173:Generated_Source\PSoC6\pdl\middleware\ble/cy_ble_hal_int.c ****                            ((intrNotifyPtr->mask & CY_BLE_INTR_CALLBACK_BLELL_ADV_INTR_CONN_REQ_RX)
 174:Generated_Source\PSoC6\pdl\middleware\ble/cy_ble_hal_int.c ****                         {
 175:Generated_Source\PSoC6\pdl\middleware\ble/cy_ble_hal_int.c ****                             /* Return interrupt type CY_BLE_INTR_CALLBACK_BLELL_ADV_INTR_CONN_REQ_R
 176:Generated_Source\PSoC6\pdl\middleware\ble/cy_ble_hal_int.c ****                             interruptType |= CY_BLE_INTR_CALLBACK_BLELL_ADV_INTR_CONN_REQ_RX;
 177:Generated_Source\PSoC6\pdl\middleware\ble/cy_ble_hal_int.c ****                         }   
 178:Generated_Source\PSoC6\pdl\middleware\ble/cy_ble_hal_int.c ****                     }
 179:Generated_Source\PSoC6\pdl\middleware\ble/cy_ble_hal_int.c ****                 }
 180:Generated_Source\PSoC6\pdl\middleware\ble/cy_ble_hal_int.c ****             }
 181:Generated_Source\PSoC6\pdl\middleware\ble/cy_ble_hal_int.c ****         }
 182:Generated_Source\PSoC6\pdl\middleware\ble/cy_ble_hal_int.c ****         
 183:Generated_Source\PSoC6\pdl\middleware\ble/cy_ble_hal_int.c ****         /* Send interrupt type information to registered callback */
 184:Generated_Source\PSoC6\pdl\middleware\ble/cy_ble_hal_int.c ****         if(interruptType != (uint32_t)CY_BLE_INTR_CALLBACK_NONE)
 185:Generated_Source\PSoC6\pdl\middleware\ble/cy_ble_hal_int.c ****         {       
 186:Generated_Source\PSoC6\pdl\middleware\ble/cy_ble_hal_int.c ****             #if (CY_BLE_MODE_PROFILE) 
 187:Generated_Source\PSoC6\pdl\middleware\ble/cy_ble_hal_int.c ****                 if(Cy_BLE_InterruptCallback != NULL)
 188:Generated_Source\PSoC6\pdl\middleware\ble/cy_ble_hal_int.c ****                 {
 189:Generated_Source\PSoC6\pdl\middleware\ble/cy_ble_hal_int.c ****                     Cy_BLE_InterruptCallback((uint32_t)interruptType);
 190:Generated_Source\PSoC6\pdl\middleware\ble/cy_ble_hal_int.c ****                 }
 191:Generated_Source\PSoC6\pdl\middleware\ble/cy_ble_hal_int.c ****             #else
 192:Generated_Source\PSoC6\pdl\middleware\ble/cy_ble_hal_int.c ****                 {
 193:Generated_Source\PSoC6\pdl\middleware\ble/cy_ble_hal_int.c ****                     uint32_t rTimeout = 100u; /* us */                 
 194:Generated_Source\PSoC6\pdl\middleware\ble/cy_ble_hal_int.c ****                     intrNotifyPtr->data = (uint32_t)interruptType; 
 195:Generated_Source\PSoC6\pdl\middleware\ble/cy_ble_hal_int.c ****   
 196:Generated_Source\PSoC6\pdl\middleware\ble/cy_ble_hal_int.c ****                     /* Check if IPC is released */
 197:Generated_Source\PSoC6\pdl\middleware\ble/cy_ble_hal_int.c ****                     while((Cy_IPC_Drv_IsLockAcquired(Cy_IPC_Drv_GetIpcBaseAddress(CY_BLE_INTR_NOTIF
 198:Generated_Source\PSoC6\pdl\middleware\ble/cy_ble_hal_int.c ****                           (rTimeout !=0u))
 199:Generated_Source\PSoC6\pdl\middleware\ble/cy_ble_hal_int.c ****                     {
 200:Generated_Source\PSoC6\pdl\middleware\ble/cy_ble_hal_int.c ****                         Cy_SysLib_DelayUs(1u);
ARM GAS  C:\Users\YOUSEF~1\AppData\Local\Temp\ccuW8Zih.s 			page 5


 201:Generated_Source\PSoC6\pdl\middleware\ble/cy_ble_hal_int.c ****                         rTimeout--;
 202:Generated_Source\PSoC6\pdl\middleware\ble/cy_ble_hal_int.c ****                     }
 203:Generated_Source\PSoC6\pdl\middleware\ble/cy_ble_hal_int.c ****                     
 204:Generated_Source\PSoC6\pdl\middleware\ble/cy_ble_hal_int.c ****                     /* Generates a notify event by IPC interrupt structures */
 205:Generated_Source\PSoC6\pdl\middleware\ble/cy_ble_hal_int.c ****                     if(rTimeout != 0u)
 206:Generated_Source\PSoC6\pdl\middleware\ble/cy_ble_hal_int.c ****                     {
 207:Generated_Source\PSoC6\pdl\middleware\ble/cy_ble_hal_int.c ****                         (void)Cy_IPC_Drv_AcquireNotify(Cy_IPC_Drv_GetIpcBaseAddress(CY_BLE_INTR_NOT
 208:Generated_Source\PSoC6\pdl\middleware\ble/cy_ble_hal_int.c ****                                        (1uL << (uint32_t)CY_BLE_INTR_NOTIFY_IPC_INTR));            
 209:Generated_Source\PSoC6\pdl\middleware\ble/cy_ble_hal_int.c ****                     }                   
 210:Generated_Source\PSoC6\pdl\middleware\ble/cy_ble_hal_int.c ****                     
 211:Generated_Source\PSoC6\pdl\middleware\ble/cy_ble_hal_int.c ****                 }
 212:Generated_Source\PSoC6\pdl\middleware\ble/cy_ble_hal_int.c ****             #endif /* (CY_BLE_MODE_PROFILE) */
 213:Generated_Source\PSoC6\pdl\middleware\ble/cy_ble_hal_int.c ****         }
 214:Generated_Source\PSoC6\pdl\middleware\ble/cy_ble_hal_int.c ****     }
 215:Generated_Source\PSoC6\pdl\middleware\ble/cy_ble_hal_int.c **** }
 216:Generated_Source\PSoC6\pdl\middleware\ble/cy_ble_hal_int.c **** #endif /* (CY_BLE_INTR_NOTIFY_FEATURE_ENABLED) */
 217:Generated_Source\PSoC6\pdl\middleware\ble/cy_ble_hal_int.c ****     
 218:Generated_Source\PSoC6\pdl\middleware\ble/cy_ble_hal_int.c **** 
 219:Generated_Source\PSoC6\pdl\middleware\ble/cy_ble_hal_int.c **** /*******************************************************************************
 220:Generated_Source\PSoC6\pdl\middleware\ble/cy_ble_hal_int.c **** * Function Name: Cy_BLE_BlessInterrupt
 221:Generated_Source\PSoC6\pdl\middleware\ble/cy_ble_hal_int.c **** ****************************************************************************//**
 222:Generated_Source\PSoC6\pdl\middleware\ble/cy_ble_hal_int.c **** *
 223:Generated_Source\PSoC6\pdl\middleware\ble/cy_ble_hal_int.c **** *  Handles the Interrupt Service Routine for the BLE sub-system.
 224:Generated_Source\PSoC6\pdl\middleware\ble/cy_ble_hal_int.c **** *
 225:Generated_Source\PSoC6\pdl\middleware\ble/cy_ble_hal_int.c **** * \return
 226:Generated_Source\PSoC6\pdl\middleware\ble/cy_ble_hal_int.c **** *  None
 227:Generated_Source\PSoC6\pdl\middleware\ble/cy_ble_hal_int.c **** *
 228:Generated_Source\PSoC6\pdl\middleware\ble/cy_ble_hal_int.c **** *******************************************************************************/
 229:Generated_Source\PSoC6\pdl\middleware\ble/cy_ble_hal_int.c **** void Cy_BLE_BlessInterrupt(void)
 230:Generated_Source\PSoC6\pdl\middleware\ble/cy_ble_hal_int.c **** {  
  29              		.loc 1 230 0
  30              		.cfi_startproc
  31              		@ args = 0, pretend = 0, frame = 0
  32              		@ frame_needed = 0, uses_anonymous_args = 0
  33 0000 08B5     		push	{r3, lr}
  34              		.cfi_def_cfa_offset 8
  35              		.cfi_offset 3, -8
  36              		.cfi_offset 14, -4
  37              	.LVL0:
 231:Generated_Source\PSoC6\pdl\middleware\ble/cy_ble_hal_int.c **** #if (CY_BLE_MODE_PROFILE)    
 232:Generated_Source\PSoC6\pdl\middleware\ble/cy_ble_hal_int.c ****     bool sendNotification = false;
 233:Generated_Source\PSoC6\pdl\middleware\ble/cy_ble_hal_int.c **** #endif /* (CY_BLE_MODE_PROFILE) */
 234:Generated_Source\PSoC6\pdl\middleware\ble/cy_ble_hal_int.c ****      
 235:Generated_Source\PSoC6\pdl\middleware\ble/cy_ble_hal_int.c **** #if (CY_BLE_INTR_NOTIFY_FEATURE_ENABLED)    
 236:Generated_Source\PSoC6\pdl\middleware\ble/cy_ble_hal_int.c ****     /** 
 237:Generated_Source\PSoC6\pdl\middleware\ble/cy_ble_hal_int.c ****      * Send notification (with interrupt type) to user callback for the 
 238:Generated_Source\PSoC6\pdl\middleware\ble/cy_ble_hal_int.c ****      * BLE interrupts subscribed by user. Cy_BLE_RegisterInterruptCallback API 
 239:Generated_Source\PSoC6\pdl\middleware\ble/cy_ble_hal_int.c ****      * used to register callback for receiving BLE interrupts.
 240:Generated_Source\PSoC6\pdl\middleware\ble/cy_ble_hal_int.c ****      */
 241:Generated_Source\PSoC6\pdl\middleware\ble/cy_ble_hal_int.c ****     Cy_BLE_HAL_SendInterruptNotification();
 242:Generated_Source\PSoC6\pdl\middleware\ble/cy_ble_hal_int.c **** #endif /* (CY_BLE_INTR_NOTIFY_FEATURE_ENABLED) */ 
 243:Generated_Source\PSoC6\pdl\middleware\ble/cy_ble_hal_int.c **** 
 244:Generated_Source\PSoC6\pdl\middleware\ble/cy_ble_hal_int.c ****     /* Call BLE Stack manager bless function handler */
 245:Generated_Source\PSoC6\pdl\middleware\ble/cy_ble_hal_int.c **** #if (CY_BLE_MODE_PROFILE)    
 246:Generated_Source\PSoC6\pdl\middleware\ble/cy_ble_hal_int.c ****     sendNotification = Cy_BLE_HAL_BlessInterruptHandler();
  38              		.loc 1 246 0
  39 0002 FFF7FEFF 		bl	Cy_BLE_HAL_BlessInterruptHandler
ARM GAS  C:\Users\YOUSEF~1\AppData\Local\Temp\ccuW8Zih.s 			page 6


  40              	.LVL1:
 247:Generated_Source\PSoC6\pdl\middleware\ble/cy_ble_hal_int.c **** #else
 248:Generated_Source\PSoC6\pdl\middleware\ble/cy_ble_hal_int.c ****     (void)Cy_BLE_HAL_BlessInterruptHandler();
 249:Generated_Source\PSoC6\pdl\middleware\ble/cy_ble_hal_int.c **** #endif /* (CY_BLE_MODE_PROFILE) */
 250:Generated_Source\PSoC6\pdl\middleware\ble/cy_ble_hal_int.c ****     /* Host stack takes care of clearing interrupts */   
 251:Generated_Source\PSoC6\pdl\middleware\ble/cy_ble_hal_int.c **** 
 252:Generated_Source\PSoC6\pdl\middleware\ble/cy_ble_hal_int.c **** #if (CY_BLE_MODE_PROFILE)
 253:Generated_Source\PSoC6\pdl\middleware\ble/cy_ble_hal_int.c ****     /**
 254:Generated_Source\PSoC6\pdl\middleware\ble/cy_ble_hal_int.c ****      * Call the application application Host callback. This notification indicates
 255:Generated_Source\PSoC6\pdl\middleware\ble/cy_ble_hal_int.c ****      * that user should call Cy_BLE_ProcessEvents() to process
 256:Generated_Source\PSoC6\pdl\middleware\ble/cy_ble_hal_int.c ****      * pending Stack events. 
 257:Generated_Source\PSoC6\pdl\middleware\ble/cy_ble_hal_int.c ****      */
 258:Generated_Source\PSoC6\pdl\middleware\ble/cy_ble_hal_int.c ****     if((Cy_BLE_HostRegisteredCallback != NULL) && sendNotification)
  41              		.loc 1 258 0
  42 0006 034B     		ldr	r3, .L4
  43 0008 1B68     		ldr	r3, [r3]
  44 000a 0BB1     		cbz	r3, .L1
  45              		.loc 1 258 0 is_stmt 0 discriminator 1
  46 000c 00B1     		cbz	r0, .L1
 259:Generated_Source\PSoC6\pdl\middleware\ble/cy_ble_hal_int.c ****     {
 260:Generated_Source\PSoC6\pdl\middleware\ble/cy_ble_hal_int.c ****         Cy_BLE_HostRegisteredCallback();
  47              		.loc 1 260 0 is_stmt 1
  48 000e 9847     		blx	r3
  49              	.LVL2:
  50              	.L1:
  51 0010 08BD     		pop	{r3, pc}
  52              	.L5:
  53 0012 00BF     		.align	2
  54              	.L4:
  55 0014 00000000 		.word	Cy_BLE_HostRegisteredCallback
  56              		.cfi_endproc
  57              	.LFE253:
  58              		.size	Cy_BLE_BlessInterrupt, .-Cy_BLE_BlessInterrupt
  59              		.text
  60              	.Letext0:
  61              		.file 2 "c:\\program files (x86)\\cypress\\psoc creator\\4.2\\psoc creator\\import\\gnu\\arm\\5.4.
  62              		.file 3 "c:\\program files (x86)\\cypress\\psoc creator\\4.2\\psoc creator\\import\\gnu\\arm\\5.4.
  63              		.file 4 "Generated_Source\\PSoC6\\pdl\\drivers/peripheral/device/cy_device.h"
  64              		.file 5 "Generated_Source\\PSoC6\\pdl\\middleware\\ble\\cy_ble_stack_host_main.h"
  65              		.file 6 "Generated_Source\\PSoC6\\pdl\\middleware\\ble\\cy_ble_gap.h"
  66              		.file 7 "Generated_Source\\PSoC6\\pdl\\middleware\\ble\\cy_ble.h"
  67              		.file 8 "Generated_Source\\PSoC6\\pdl\\cmsis/include/core_cm4.h"
  68              		.file 9 "Generated_Source\\PSoC6\\pdl\\middleware\\ble\\cy_ble_stack_pvt.h"
  69              		.section	.debug_info,"",%progbits
  70              	.Ldebug_info0:
  71 0000 93060000 		.4byte	0x693
  72 0004 0400     		.2byte	0x4
  73 0006 00000000 		.4byte	.Ldebug_abbrev0
  74 000a 04       		.byte	0x4
  75 000b 01       		.uleb128 0x1
  76 000c F9050000 		.4byte	.LASF137
  77 0010 0C       		.byte	0xc
  78 0011 A3070000 		.4byte	.LASF138
  79 0015 09050000 		.4byte	.LASF139
  80 0019 00000000 		.4byte	.Ldebug_ranges0+0
  81 001d 00000000 		.4byte	0
  82 0021 00000000 		.4byte	.Ldebug_line0
ARM GAS  C:\Users\YOUSEF~1\AppData\Local\Temp\ccuW8Zih.s 			page 7


  83 0025 02       		.uleb128 0x2
  84 0026 04       		.byte	0x4
  85 0027 05       		.byte	0x5
  86 0028 696E7400 		.ascii	"int\000"
  87 002c 03       		.uleb128 0x3
  88 002d 04       		.byte	0x4
  89 002e 07       		.byte	0x7
  90 002f 73030000 		.4byte	.LASF0
  91 0033 03       		.uleb128 0x3
  92 0034 08       		.byte	0x8
  93 0035 05       		.byte	0x5
  94 0036 64010000 		.4byte	.LASF1
  95 003a 03       		.uleb128 0x3
  96 003b 08       		.byte	0x8
  97 003c 04       		.byte	0x4
  98 003d 05080000 		.4byte	.LASF2
  99 0041 03       		.uleb128 0x3
 100 0042 01       		.byte	0x1
 101 0043 06       		.byte	0x6
 102 0044 72010000 		.4byte	.LASF3
 103 0048 04       		.uleb128 0x4
 104 0049 7E000000 		.4byte	.LASF5
 105 004d 02       		.byte	0x2
 106 004e 1D       		.byte	0x1d
 107 004f 53000000 		.4byte	0x53
 108 0053 03       		.uleb128 0x3
 109 0054 01       		.byte	0x1
 110 0055 08       		.byte	0x8
 111 0056 63070000 		.4byte	.LASF4
 112 005a 04       		.uleb128 0x4
 113 005b 0A030000 		.4byte	.LASF6
 114 005f 02       		.byte	0x2
 115 0060 29       		.byte	0x29
 116 0061 65000000 		.4byte	0x65
 117 0065 03       		.uleb128 0x3
 118 0066 02       		.byte	0x2
 119 0067 05       		.byte	0x5
 120 0068 85070000 		.4byte	.LASF7
 121 006c 04       		.uleb128 0x4
 122 006d 30080000 		.4byte	.LASF8
 123 0071 02       		.byte	0x2
 124 0072 2B       		.byte	0x2b
 125 0073 77000000 		.4byte	0x77
 126 0077 03       		.uleb128 0x3
 127 0078 02       		.byte	0x2
 128 0079 07       		.byte	0x7
 129 007a AF080000 		.4byte	.LASF9
 130 007e 04       		.uleb128 0x4
 131 007f 67080000 		.4byte	.LASF10
 132 0083 02       		.byte	0x2
 133 0084 3F       		.byte	0x3f
 134 0085 89000000 		.4byte	0x89
 135 0089 03       		.uleb128 0x3
 136 008a 04       		.byte	0x4
 137 008b 05       		.byte	0x5
 138 008c 04020000 		.4byte	.LASF11
 139 0090 04       		.uleb128 0x4
ARM GAS  C:\Users\YOUSEF~1\AppData\Local\Temp\ccuW8Zih.s 			page 8


 140 0091 EF020000 		.4byte	.LASF12
 141 0095 02       		.byte	0x2
 142 0096 41       		.byte	0x41
 143 0097 9B000000 		.4byte	0x9b
 144 009b 03       		.uleb128 0x3
 145 009c 04       		.byte	0x4
 146 009d 07       		.byte	0x7
 147 009e F6030000 		.4byte	.LASF13
 148 00a2 03       		.uleb128 0x3
 149 00a3 08       		.byte	0x8
 150 00a4 07       		.byte	0x7
 151 00a5 CF000000 		.4byte	.LASF14
 152 00a9 03       		.uleb128 0x3
 153 00aa 04       		.byte	0x4
 154 00ab 07       		.byte	0x7
 155 00ac 37050000 		.4byte	.LASF15
 156 00b0 03       		.uleb128 0x3
 157 00b1 01       		.byte	0x1
 158 00b2 08       		.byte	0x8
 159 00b3 11080000 		.4byte	.LASF16
 160 00b7 05       		.uleb128 0x5
 161 00b8 04       		.byte	0x4
 162 00b9 BD000000 		.4byte	0xbd
 163 00bd 06       		.uleb128 0x6
 164 00be 04       		.uleb128 0x4
 165 00bf 89090000 		.4byte	.LASF17
 166 00c3 03       		.byte	0x3
 167 00c4 18       		.byte	0x18
 168 00c5 48000000 		.4byte	0x48
 169 00c9 04       		.uleb128 0x4
 170 00ca 5C010000 		.4byte	.LASF18
 171 00ce 03       		.byte	0x3
 172 00cf 20       		.byte	0x20
 173 00d0 5A000000 		.4byte	0x5a
 174 00d4 04       		.uleb128 0x4
 175 00d5 C7030000 		.4byte	.LASF19
 176 00d9 03       		.byte	0x3
 177 00da 24       		.byte	0x24
 178 00db 6C000000 		.4byte	0x6c
 179 00df 04       		.uleb128 0x4
 180 00e0 5B070000 		.4byte	.LASF20
 181 00e4 03       		.byte	0x3
 182 00e5 2C       		.byte	0x2c
 183 00e6 7E000000 		.4byte	0x7e
 184 00ea 04       		.uleb128 0x4
 185 00eb FC070000 		.4byte	.LASF21
 186 00ef 03       		.byte	0x3
 187 00f0 30       		.byte	0x30
 188 00f1 90000000 		.4byte	0x90
 189 00f5 07       		.uleb128 0x7
 190 00f6 B8       		.byte	0xb8
 191 00f7 04       		.byte	0x4
 192 00f8 34       		.byte	0x34
 193 00f9 06050000 		.4byte	0x506
 194 00fd 08       		.uleb128 0x8
 195 00fe B6000000 		.4byte	.LASF22
 196 0102 04       		.byte	0x4
ARM GAS  C:\Users\YOUSEF~1\AppData\Local\Temp\ccuW8Zih.s 			page 9


 197 0103 37       		.byte	0x37
 198 0104 EA000000 		.4byte	0xea
 199 0108 00       		.byte	0
 200 0109 08       		.uleb128 0x8
 201 010a E4020000 		.4byte	.LASF23
 202 010e 04       		.byte	0x4
 203 010f 38       		.byte	0x38
 204 0110 EA000000 		.4byte	0xea
 205 0114 04       		.byte	0x4
 206 0115 08       		.uleb128 0x8
 207 0116 48020000 		.4byte	.LASF24
 208 011a 04       		.byte	0x4
 209 011b 39       		.byte	0x39
 210 011c EA000000 		.4byte	0xea
 211 0120 08       		.byte	0x8
 212 0121 08       		.uleb128 0x8
 213 0122 23070000 		.4byte	.LASF25
 214 0126 04       		.byte	0x4
 215 0127 3A       		.byte	0x3a
 216 0128 EA000000 		.4byte	0xea
 217 012c 0C       		.byte	0xc
 218 012d 08       		.uleb128 0x8
 219 012e B1010000 		.4byte	.LASF26
 220 0132 04       		.byte	0x4
 221 0133 3B       		.byte	0x3b
 222 0134 EA000000 		.4byte	0xea
 223 0138 10       		.byte	0x10
 224 0139 08       		.uleb128 0x8
 225 013a FA010000 		.4byte	.LASF27
 226 013e 04       		.byte	0x4
 227 013f 3C       		.byte	0x3c
 228 0140 EA000000 		.4byte	0xea
 229 0144 14       		.byte	0x14
 230 0145 08       		.uleb128 0x8
 231 0146 13040000 		.4byte	.LASF28
 232 014a 04       		.byte	0x4
 233 014b 3D       		.byte	0x3d
 234 014c EA000000 		.4byte	0xea
 235 0150 18       		.byte	0x18
 236 0151 08       		.uleb128 0x8
 237 0152 67000000 		.4byte	.LASF29
 238 0156 04       		.byte	0x4
 239 0157 3E       		.byte	0x3e
 240 0158 EA000000 		.4byte	0xea
 241 015c 1C       		.byte	0x1c
 242 015d 08       		.uleb128 0x8
 243 015e 040A0000 		.4byte	.LASF30
 244 0162 04       		.byte	0x4
 245 0163 3F       		.byte	0x3f
 246 0164 EA000000 		.4byte	0xea
 247 0168 20       		.byte	0x20
 248 0169 08       		.uleb128 0x8
 249 016a E1050000 		.4byte	.LASF31
 250 016e 04       		.byte	0x4
 251 016f 40       		.byte	0x40
 252 0170 EA000000 		.4byte	0xea
 253 0174 24       		.byte	0x24
ARM GAS  C:\Users\YOUSEF~1\AppData\Local\Temp\ccuW8Zih.s 			page 10


 254 0175 08       		.uleb128 0x8
 255 0176 DB040000 		.4byte	.LASF32
 256 017a 04       		.byte	0x4
 257 017b 43       		.byte	0x43
 258 017c BE000000 		.4byte	0xbe
 259 0180 28       		.byte	0x28
 260 0181 08       		.uleb128 0x8
 261 0182 4D000000 		.4byte	.LASF33
 262 0186 04       		.byte	0x4
 263 0187 44       		.byte	0x44
 264 0188 BE000000 		.4byte	0xbe
 265 018c 29       		.byte	0x29
 266 018d 08       		.uleb128 0x8
 267 018e FA090000 		.4byte	.LASF34
 268 0192 04       		.byte	0x4
 269 0193 45       		.byte	0x45
 270 0194 BE000000 		.4byte	0xbe
 271 0198 2A       		.byte	0x2a
 272 0199 08       		.uleb128 0x8
 273 019a D3050000 		.4byte	.LASF35
 274 019e 04       		.byte	0x4
 275 019f 46       		.byte	0x46
 276 01a0 BE000000 		.4byte	0xbe
 277 01a4 2B       		.byte	0x2b
 278 01a5 08       		.uleb128 0x8
 279 01a6 6B040000 		.4byte	.LASF36
 280 01aa 04       		.byte	0x4
 281 01ab 47       		.byte	0x47
 282 01ac BE000000 		.4byte	0xbe
 283 01b0 2C       		.byte	0x2c
 284 01b1 08       		.uleb128 0x8
 285 01b2 81080000 		.4byte	.LASF37
 286 01b6 04       		.byte	0x4
 287 01b7 48       		.byte	0x48
 288 01b8 BE000000 		.4byte	0xbe
 289 01bc 2D       		.byte	0x2d
 290 01bd 08       		.uleb128 0x8
 291 01be BA010000 		.4byte	.LASF38
 292 01c2 04       		.byte	0x4
 293 01c3 49       		.byte	0x49
 294 01c4 BE000000 		.4byte	0xbe
 295 01c8 2E       		.byte	0x2e
 296 01c9 08       		.uleb128 0x8
 297 01ca E8040000 		.4byte	.LASF39
 298 01ce 04       		.byte	0x4
 299 01cf 4A       		.byte	0x4a
 300 01d0 BE000000 		.4byte	0xbe
 301 01d4 2F       		.byte	0x2f
 302 01d5 08       		.uleb128 0x8
 303 01d6 16080000 		.4byte	.LASF40
 304 01da 04       		.byte	0x4
 305 01db 4B       		.byte	0x4b
 306 01dc BE000000 		.4byte	0xbe
 307 01e0 30       		.byte	0x30
 308 01e1 08       		.uleb128 0x8
 309 01e2 08040000 		.4byte	.LASF41
 310 01e6 04       		.byte	0x4
ARM GAS  C:\Users\YOUSEF~1\AppData\Local\Temp\ccuW8Zih.s 			page 11


 311 01e7 4E       		.byte	0x4e
 312 01e8 BE000000 		.4byte	0xbe
 313 01ec 31       		.byte	0x31
 314 01ed 08       		.uleb128 0x8
 315 01ee 70000000 		.4byte	.LASF42
 316 01f2 04       		.byte	0x4
 317 01f3 4F       		.byte	0x4f
 318 01f4 BE000000 		.4byte	0xbe
 319 01f8 32       		.byte	0x32
 320 01f9 08       		.uleb128 0x8
 321 01fa 67030000 		.4byte	.LASF43
 322 01fe 04       		.byte	0x4
 323 01ff 50       		.byte	0x50
 324 0200 BE000000 		.4byte	0xbe
 325 0204 33       		.byte	0x33
 326 0205 08       		.uleb128 0x8
 327 0206 4B050000 		.4byte	.LASF44
 328 020a 04       		.byte	0x4
 329 020b 51       		.byte	0x51
 330 020c BE000000 		.4byte	0xbe
 331 0210 34       		.byte	0x34
 332 0211 08       		.uleb128 0x8
 333 0212 EF080000 		.4byte	.LASF45
 334 0216 04       		.byte	0x4
 335 0217 52       		.byte	0x52
 336 0218 C9000000 		.4byte	0xc9
 337 021c 36       		.byte	0x36
 338 021d 08       		.uleb128 0x8
 339 021e 62020000 		.4byte	.LASF46
 340 0222 04       		.byte	0x4
 341 0223 53       		.byte	0x53
 342 0224 C9000000 		.4byte	0xc9
 343 0228 38       		.byte	0x38
 344 0229 08       		.uleb128 0x8
 345 022a 3E090000 		.4byte	.LASF47
 346 022e 04       		.byte	0x4
 347 022f 54       		.byte	0x54
 348 0230 C9000000 		.4byte	0xc9
 349 0234 3A       		.byte	0x3a
 350 0235 08       		.uleb128 0x8
 351 0236 EB090000 		.4byte	.LASF48
 352 023a 04       		.byte	0x4
 353 023b 55       		.byte	0x55
 354 023c BE000000 		.4byte	0xbe
 355 0240 3C       		.byte	0x3c
 356 0241 08       		.uleb128 0x8
 357 0242 89020000 		.4byte	.LASF49
 358 0246 04       		.byte	0x4
 359 0247 56       		.byte	0x56
 360 0248 BE000000 		.4byte	0xbe
 361 024c 3D       		.byte	0x3d
 362 024d 08       		.uleb128 0x8
 363 024e DE070000 		.4byte	.LASF50
 364 0252 04       		.byte	0x4
 365 0253 57       		.byte	0x57
 366 0254 BE000000 		.4byte	0xbe
 367 0258 3E       		.byte	0x3e
ARM GAS  C:\Users\YOUSEF~1\AppData\Local\Temp\ccuW8Zih.s 			page 12


 368 0259 08       		.uleb128 0x8
 369 025a 5B000000 		.4byte	.LASF51
 370 025e 04       		.byte	0x4
 371 025f 58       		.byte	0x58
 372 0260 BE000000 		.4byte	0xbe
 373 0264 3F       		.byte	0x3f
 374 0265 08       		.uleb128 0x8
 375 0266 EC050000 		.4byte	.LASF52
 376 026a 04       		.byte	0x4
 377 026b 59       		.byte	0x59
 378 026c BE000000 		.4byte	0xbe
 379 0270 40       		.byte	0x40
 380 0271 08       		.uleb128 0x8
 381 0272 FA020000 		.4byte	.LASF53
 382 0276 04       		.byte	0x4
 383 0277 5A       		.byte	0x5a
 384 0278 BE000000 		.4byte	0xbe
 385 027c 41       		.byte	0x41
 386 027d 08       		.uleb128 0x8
 387 027e 87040000 		.4byte	.LASF54
 388 0282 04       		.byte	0x4
 389 0283 5B       		.byte	0x5b
 390 0284 BE000000 		.4byte	0xbe
 391 0288 42       		.byte	0x42
 392 0289 08       		.uleb128 0x8
 393 028a B1050000 		.4byte	.LASF55
 394 028e 04       		.byte	0x4
 395 028f 5C       		.byte	0x5c
 396 0290 BE000000 		.4byte	0xbe
 397 0294 43       		.byte	0x43
 398 0295 08       		.uleb128 0x8
 399 0296 51020000 		.4byte	.LASF56
 400 029a 04       		.byte	0x4
 401 029b 5D       		.byte	0x5d
 402 029c BE000000 		.4byte	0xbe
 403 02a0 44       		.byte	0x44
 404 02a1 08       		.uleb128 0x8
 405 02a2 00000000 		.4byte	.LASF57
 406 02a6 04       		.byte	0x4
 407 02a7 5E       		.byte	0x5e
 408 02a8 EA000000 		.4byte	0xea
 409 02ac 48       		.byte	0x48
 410 02ad 08       		.uleb128 0x8
 411 02ae 24020000 		.4byte	.LASF58
 412 02b2 04       		.byte	0x4
 413 02b3 5F       		.byte	0x5f
 414 02b4 EA000000 		.4byte	0xea
 415 02b8 4C       		.byte	0x4c
 416 02b9 08       		.uleb128 0x8
 417 02ba 650A0000 		.4byte	.LASF59
 418 02be 04       		.byte	0x4
 419 02bf 60       		.byte	0x60
 420 02c0 BE000000 		.4byte	0xbe
 421 02c4 50       		.byte	0x50
 422 02c5 08       		.uleb128 0x8
 423 02c6 36010000 		.4byte	.LASF60
 424 02ca 04       		.byte	0x4
ARM GAS  C:\Users\YOUSEF~1\AppData\Local\Temp\ccuW8Zih.s 			page 13


 425 02cb 61       		.byte	0x61
 426 02cc BE000000 		.4byte	0xbe
 427 02d0 51       		.byte	0x51
 428 02d1 08       		.uleb128 0x8
 429 02d2 AC060000 		.4byte	.LASF61
 430 02d6 04       		.byte	0x4
 431 02d7 62       		.byte	0x62
 432 02d8 BE000000 		.4byte	0xbe
 433 02dc 52       		.byte	0x52
 434 02dd 08       		.uleb128 0x8
 435 02de 220A0000 		.4byte	.LASF62
 436 02e2 04       		.byte	0x4
 437 02e3 63       		.byte	0x63
 438 02e4 BE000000 		.4byte	0xbe
 439 02e8 53       		.byte	0x53
 440 02e9 08       		.uleb128 0x8
 441 02ea EC070000 		.4byte	.LASF63
 442 02ee 04       		.byte	0x4
 443 02ef 64       		.byte	0x64
 444 02f0 BE000000 		.4byte	0xbe
 445 02f4 54       		.byte	0x54
 446 02f5 08       		.uleb128 0x8
 447 02f6 48010000 		.4byte	.LASF64
 448 02fa 04       		.byte	0x4
 449 02fb 65       		.byte	0x65
 450 02fc BE000000 		.4byte	0xbe
 451 0300 55       		.byte	0x55
 452 0301 08       		.uleb128 0x8
 453 0302 E2030000 		.4byte	.LASF65
 454 0306 04       		.byte	0x4
 455 0307 66       		.byte	0x66
 456 0308 BE000000 		.4byte	0xbe
 457 030c 56       		.byte	0x56
 458 030d 08       		.uleb128 0x8
 459 030e 1C040000 		.4byte	.LASF66
 460 0312 04       		.byte	0x4
 461 0313 67       		.byte	0x67
 462 0314 BE000000 		.4byte	0xbe
 463 0318 57       		.byte	0x57
 464 0319 08       		.uleb128 0x8
 465 031a 12000000 		.4byte	.LASF67
 466 031e 04       		.byte	0x4
 467 031f 68       		.byte	0x68
 468 0320 BE000000 		.4byte	0xbe
 469 0324 58       		.byte	0x58
 470 0325 08       		.uleb128 0x8
 471 0326 71070000 		.4byte	.LASF68
 472 032a 04       		.byte	0x4
 473 032b 69       		.byte	0x69
 474 032c BE000000 		.4byte	0xbe
 475 0330 59       		.byte	0x59
 476 0331 08       		.uleb128 0x8
 477 0332 40050000 		.4byte	.LASF69
 478 0336 04       		.byte	0x4
 479 0337 6E       		.byte	0x6e
 480 0338 D4000000 		.4byte	0xd4
 481 033c 5A       		.byte	0x5a
ARM GAS  C:\Users\YOUSEF~1\AppData\Local\Temp\ccuW8Zih.s 			page 14


 482 033d 08       		.uleb128 0x8
 483 033e C2080000 		.4byte	.LASF70
 484 0342 04       		.byte	0x4
 485 0343 6F       		.byte	0x6f
 486 0344 D4000000 		.4byte	0xd4
 487 0348 5C       		.byte	0x5c
 488 0349 08       		.uleb128 0x8
 489 034a C0000000 		.4byte	.LASF71
 490 034e 04       		.byte	0x4
 491 034f 70       		.byte	0x70
 492 0350 BE000000 		.4byte	0xbe
 493 0354 5E       		.byte	0x5e
 494 0355 08       		.uleb128 0x8
 495 0356 0D070000 		.4byte	.LASF72
 496 035a 04       		.byte	0x4
 497 035b 71       		.byte	0x71
 498 035c BE000000 		.4byte	0xbe
 499 0360 5F       		.byte	0x5f
 500 0361 08       		.uleb128 0x8
 501 0362 A0050000 		.4byte	.LASF73
 502 0366 04       		.byte	0x4
 503 0367 72       		.byte	0x72
 504 0368 BE000000 		.4byte	0xbe
 505 036c 60       		.byte	0x60
 506 036d 08       		.uleb128 0x8
 507 036e E6060000 		.4byte	.LASF74
 508 0372 04       		.byte	0x4
 509 0373 73       		.byte	0x73
 510 0374 EA000000 		.4byte	0xea
 511 0378 64       		.byte	0x64
 512 0379 08       		.uleb128 0x8
 513 037a E6000000 		.4byte	.LASF75
 514 037e 04       		.byte	0x4
 515 037f 76       		.byte	0x76
 516 0380 D4000000 		.4byte	0xd4
 517 0384 68       		.byte	0x68
 518 0385 08       		.uleb128 0x8
 519 0386 D0030000 		.4byte	.LASF76
 520 038a 04       		.byte	0x4
 521 038b 77       		.byte	0x77
 522 038c D4000000 		.4byte	0xd4
 523 0390 6A       		.byte	0x6a
 524 0391 08       		.uleb128 0x8
 525 0392 30040000 		.4byte	.LASF77
 526 0396 04       		.byte	0x4
 527 0397 78       		.byte	0x78
 528 0398 D4000000 		.4byte	0xd4
 529 039c 6C       		.byte	0x6c
 530 039d 08       		.uleb128 0x8
 531 039e 5E040000 		.4byte	.LASF78
 532 03a2 04       		.byte	0x4
 533 03a3 79       		.byte	0x79
 534 03a4 D4000000 		.4byte	0xd4
 535 03a8 6E       		.byte	0x6e
 536 03a9 08       		.uleb128 0x8
 537 03aa 8F070000 		.4byte	.LASF79
 538 03ae 04       		.byte	0x4
ARM GAS  C:\Users\YOUSEF~1\AppData\Local\Temp\ccuW8Zih.s 			page 15


 539 03af 7B       		.byte	0x7b
 540 03b0 BE000000 		.4byte	0xbe
 541 03b4 70       		.byte	0x70
 542 03b5 08       		.uleb128 0x8
 543 03b6 9C010000 		.4byte	.LASF80
 544 03ba 04       		.byte	0x4
 545 03bb 7C       		.byte	0x7c
 546 03bc BE000000 		.4byte	0xbe
 547 03c0 71       		.byte	0x71
 548 03c1 08       		.uleb128 0x8
 549 03c2 0C0A0000 		.4byte	.LASF81
 550 03c6 04       		.byte	0x4
 551 03c7 7D       		.byte	0x7d
 552 03c8 BE000000 		.4byte	0xbe
 553 03cc 72       		.byte	0x72
 554 03cd 08       		.uleb128 0x8
 555 03ce 7B050000 		.4byte	.LASF82
 556 03d2 04       		.byte	0x4
 557 03d3 7E       		.byte	0x7e
 558 03d4 BE000000 		.4byte	0xbe
 559 03d8 73       		.byte	0x73
 560 03d9 08       		.uleb128 0x8
 561 03da 94020000 		.4byte	.LASF83
 562 03de 04       		.byte	0x4
 563 03df 80       		.byte	0x80
 564 03e0 D4000000 		.4byte	0xd4
 565 03e4 74       		.byte	0x74
 566 03e5 08       		.uleb128 0x8
 567 03e6 54080000 		.4byte	.LASF84
 568 03ea 04       		.byte	0x4
 569 03eb 81       		.byte	0x81
 570 03ec D4000000 		.4byte	0xd4
 571 03f0 76       		.byte	0x76
 572 03f1 08       		.uleb128 0x8
 573 03f2 74020000 		.4byte	.LASF85
 574 03f6 04       		.byte	0x4
 575 03f7 82       		.byte	0x82
 576 03f8 D4000000 		.4byte	0xd4
 577 03fc 78       		.byte	0x78
 578 03fd 08       		.uleb128 0x8
 579 03fe 88000000 		.4byte	.LASF86
 580 0402 04       		.byte	0x4
 581 0403 83       		.byte	0x83
 582 0404 D4000000 		.4byte	0xd4
 583 0408 7A       		.byte	0x7a
 584 0409 08       		.uleb128 0x8
 585 040a A6090000 		.4byte	.LASF87
 586 040e 04       		.byte	0x4
 587 040f 86       		.byte	0x86
 588 0410 BE000000 		.4byte	0xbe
 589 0414 7C       		.byte	0x7c
 590 0415 08       		.uleb128 0x8
 591 0416 FC080000 		.4byte	.LASF88
 592 041a 04       		.byte	0x4
 593 041b 87       		.byte	0x87
 594 041c BE000000 		.4byte	0xbe
 595 0420 7D       		.byte	0x7d
ARM GAS  C:\Users\YOUSEF~1\AppData\Local\Temp\ccuW8Zih.s 			page 16


 596 0421 08       		.uleb128 0x8
 597 0422 26000000 		.4byte	.LASF89
 598 0426 04       		.byte	0x4
 599 0427 88       		.byte	0x88
 600 0428 BE000000 		.4byte	0xbe
 601 042c 7E       		.byte	0x7e
 602 042d 08       		.uleb128 0x8
 603 042e D0020000 		.4byte	.LASF90
 604 0432 04       		.byte	0x4
 605 0433 89       		.byte	0x89
 606 0434 BE000000 		.4byte	0xbe
 607 0438 7F       		.byte	0x7f
 608 0439 08       		.uleb128 0x8
 609 043a 53030000 		.4byte	.LASF91
 610 043e 04       		.byte	0x4
 611 043f 8A       		.byte	0x8a
 612 0440 BE000000 		.4byte	0xbe
 613 0444 80       		.byte	0x80
 614 0445 08       		.uleb128 0x8
 615 0446 BE040000 		.4byte	.LASF92
 616 044a 04       		.byte	0x4
 617 044b 8D       		.byte	0x8d
 618 044c EA000000 		.4byte	0xea
 619 0450 84       		.byte	0x84
 620 0451 08       		.uleb128 0x8
 621 0452 0D020000 		.4byte	.LASF93
 622 0456 04       		.byte	0x4
 623 0457 8E       		.byte	0x8e
 624 0458 EA000000 		.4byte	0xea
 625 045c 88       		.byte	0x88
 626 045d 08       		.uleb128 0x8
 627 045e 91090000 		.4byte	.LASF94
 628 0462 04       		.byte	0x4
 629 0463 8F       		.byte	0x8f
 630 0464 EA000000 		.4byte	0xea
 631 0468 8C       		.byte	0x8c
 632 0469 08       		.uleb128 0x8
 633 046a F4040000 		.4byte	.LASF95
 634 046e 04       		.byte	0x4
 635 046f 90       		.byte	0x90
 636 0470 EA000000 		.4byte	0xea
 637 0474 90       		.byte	0x90
 638 0475 08       		.uleb128 0x8
 639 0476 14030000 		.4byte	.LASF96
 640 047a 04       		.byte	0x4
 641 047b 91       		.byte	0x91
 642 047c EA000000 		.4byte	0xea
 643 0480 94       		.byte	0x94
 644 0481 08       		.uleb128 0x8
 645 0482 A8040000 		.4byte	.LASF97
 646 0486 04       		.byte	0x4
 647 0487 92       		.byte	0x92
 648 0488 EA000000 		.4byte	0xea
 649 048c 98       		.byte	0x98
 650 048d 08       		.uleb128 0x8
 651 048e CC090000 		.4byte	.LASF98
 652 0492 04       		.byte	0x4
ARM GAS  C:\Users\YOUSEF~1\AppData\Local\Temp\ccuW8Zih.s 			page 17


 653 0493 93       		.byte	0x93
 654 0494 EA000000 		.4byte	0xea
 655 0498 9C       		.byte	0x9c
 656 0499 08       		.uleb128 0x8
 657 049a 13010000 		.4byte	.LASF99
 658 049e 04       		.byte	0x4
 659 049f 94       		.byte	0x94
 660 04a0 EA000000 		.4byte	0xea
 661 04a4 A0       		.byte	0xa0
 662 04a5 08       		.uleb128 0x8
 663 04a6 C5010000 		.4byte	.LASF100
 664 04aa 04       		.byte	0x4
 665 04ab 95       		.byte	0x95
 666 04ac D4000000 		.4byte	0xd4
 667 04b0 A4       		.byte	0xa4
 668 04b1 08       		.uleb128 0x8
 669 04b2 93040000 		.4byte	.LASF101
 670 04b6 04       		.byte	0x4
 671 04b7 96       		.byte	0x96
 672 04b8 D4000000 		.4byte	0xd4
 673 04bc A6       		.byte	0xa6
 674 04bd 08       		.uleb128 0x8
 675 04be 01070000 		.4byte	.LASF102
 676 04c2 04       		.byte	0x4
 677 04c3 97       		.byte	0x97
 678 04c4 D4000000 		.4byte	0xd4
 679 04c8 A8       		.byte	0xa8
 680 04c9 08       		.uleb128 0x8
 681 04ca 22080000 		.4byte	.LASF103
 682 04ce 04       		.byte	0x4
 683 04cf 98       		.byte	0x98
 684 04d0 D4000000 		.4byte	0xd4
 685 04d4 AA       		.byte	0xaa
 686 04d5 08       		.uleb128 0x8
 687 04d6 3F040000 		.4byte	.LASF104
 688 04da 04       		.byte	0x4
 689 04db 99       		.byte	0x99
 690 04dc D4000000 		.4byte	0xd4
 691 04e0 AC       		.byte	0xac
 692 04e1 08       		.uleb128 0x8
 693 04e2 92050000 		.4byte	.LASF105
 694 04e6 04       		.byte	0x4
 695 04e7 9A       		.byte	0x9a
 696 04e8 D4000000 		.4byte	0xd4
 697 04ec AE       		.byte	0xae
 698 04ed 08       		.uleb128 0x8
 699 04ee E1080000 		.4byte	.LASF106
 700 04f2 04       		.byte	0x4
 701 04f3 9D       		.byte	0x9d
 702 04f4 D4000000 		.4byte	0xd4
 703 04f8 B0       		.byte	0xb0
 704 04f9 08       		.uleb128 0x8
 705 04fa 39000000 		.4byte	.LASF107
 706 04fe 04       		.byte	0x4
 707 04ff 9E       		.byte	0x9e
 708 0500 EA000000 		.4byte	0xea
 709 0504 B4       		.byte	0xb4
ARM GAS  C:\Users\YOUSEF~1\AppData\Local\Temp\ccuW8Zih.s 			page 18


 710 0505 00       		.byte	0
 711 0506 04       		.uleb128 0x4
 712 0507 77040000 		.4byte	.LASF108
 713 050b 04       		.byte	0x4
 714 050c 9F       		.byte	0x9f
 715 050d F5000000 		.4byte	0xf5
 716 0511 03       		.uleb128 0x3
 717 0512 04       		.byte	0x4
 718 0513 04       		.byte	0x4
 719 0514 E0060000 		.4byte	.LASF109
 720 0518 03       		.uleb128 0x3
 721 0519 08       		.byte	0x8
 722 051a 04       		.byte	0x4
 723 051b 6D020000 		.4byte	.LASF110
 724 051f 09       		.uleb128 0x9
 725 0520 02       		.byte	0x2
 726 0521 05       		.byte	0x5
 727 0522 6001     		.2byte	0x160
 728 0524 43050000 		.4byte	0x543
 729 0528 0A       		.uleb128 0xa
 730 0529 E2090000 		.4byte	.LASF111
 731 052d 05       		.byte	0x5
 732 052e 6A01     		.2byte	0x16a
 733 0530 BE000000 		.4byte	0xbe
 734 0534 00       		.byte	0
 735 0535 0A       		.uleb128 0xa
 736 0536 D5040000 		.4byte	.LASF112
 737 053a 05       		.byte	0x5
 738 053b 6E01     		.2byte	0x16e
 739 053d BE000000 		.4byte	0xbe
 740 0541 01       		.byte	0x1
 741 0542 00       		.byte	0
 742 0543 0B       		.uleb128 0xb
 743 0544 9D000000 		.4byte	.LASF113
 744 0548 05       		.byte	0x5
 745 0549 7001     		.2byte	0x170
 746 054b 1F050000 		.4byte	0x51f
 747 054f 0C       		.uleb128 0xc
 748 0550 01       		.byte	0x1
 749 0551 53000000 		.4byte	0x53
 750 0555 06       		.byte	0x6
 751 0556 7E       		.byte	0x7e
 752 0557 74050000 		.4byte	0x574
 753 055b 0D       		.uleb128 0xd
 754 055c 70090000 		.4byte	.LASF114
 755 0560 00       		.byte	0
 756 0561 0D       		.uleb128 0xd
 757 0562 5C050000 		.4byte	.LASF115
 758 0566 01       		.byte	0x1
 759 0567 0D       		.uleb128 0xd
 760 0568 53090000 		.4byte	.LASF116
 761 056c 02       		.byte	0x2
 762 056d 0D       		.uleb128 0xd
 763 056e DA010000 		.4byte	.LASF117
 764 0572 03       		.byte	0x3
 765 0573 00       		.byte	0
 766 0574 04       		.uleb128 0x4
ARM GAS  C:\Users\YOUSEF~1\AppData\Local\Temp\ccuW8Zih.s 			page 19


 767 0575 32020000 		.4byte	.LASF118
 768 0579 06       		.byte	0x6
 769 057a 83       		.byte	0x83
 770 057b 4F050000 		.4byte	0x54f
 771 057f 0C       		.uleb128 0xc
 772 0580 01       		.byte	0x1
 773 0581 53000000 		.4byte	0x53
 774 0585 06       		.byte	0x6
 775 0586 87       		.byte	0x87
 776 0587 BC050000 		.4byte	0x5bc
 777 058b 0D       		.uleb128 0xd
 778 058c 0D090000 		.4byte	.LASF119
 779 0590 00       		.byte	0
 780 0591 0D       		.uleb128 0xd
 781 0592 340A0000 		.4byte	.LASF120
 782 0596 01       		.byte	0x1
 783 0597 0D       		.uleb128 0xd
 784 0598 80030000 		.4byte	.LASF121
 785 059c 02       		.byte	0x2
 786 059d 0D       		.uleb128 0xd
 787 059e 29030000 		.4byte	.LASF122
 788 05a2 03       		.byte	0x3
 789 05a3 0D       		.uleb128 0xd
 790 05a4 A6020000 		.4byte	.LASF123
 791 05a8 04       		.byte	0x4
 792 05a9 0D       		.uleb128 0xd
 793 05aa 2B070000 		.4byte	.LASF124
 794 05ae 05       		.byte	0x5
 795 05af 0D       		.uleb128 0xd
 796 05b0 9C030000 		.4byte	.LASF125
 797 05b4 06       		.byte	0x6
 798 05b5 0D       		.uleb128 0xd
 799 05b6 BC060000 		.4byte	.LASF126
 800 05ba 07       		.byte	0x7
 801 05bb 00       		.byte	0
 802 05bc 04       		.uleb128 0x4
 803 05bd BC050000 		.4byte	.LASF127
 804 05c1 06       		.byte	0x6
 805 05c2 90       		.byte	0x90
 806 05c3 7F050000 		.4byte	0x57f
 807 05c7 03       		.uleb128 0x3
 808 05c8 01       		.byte	0x1
 809 05c9 02       		.byte	0x2
 810 05ca 55070000 		.4byte	.LASF128
 811 05ce 0B       		.uleb128 0xb
 812 05cf F6000000 		.4byte	.LASF129
 813 05d3 07       		.byte	0x7
 814 05d4 4C02     		.2byte	0x24c
 815 05d6 B7000000 		.4byte	0xb7
 816 05da 0E       		.uleb128 0xe
 817 05db CB080000 		.4byte	.LASF140
 818 05df 01       		.byte	0x1
 819 05e0 E5       		.byte	0xe5
 820 05e1 00000000 		.4byte	.LFB253
 821 05e5 18000000 		.4byte	.LFE253-.LFB253
 822 05e9 01       		.uleb128 0x1
 823 05ea 9C       		.byte	0x9c
ARM GAS  C:\Users\YOUSEF~1\AppData\Local\Temp\ccuW8Zih.s 			page 20


 824 05eb 08060000 		.4byte	0x608
 825 05ef 0F       		.uleb128 0xf
 826 05f0 BB090000 		.4byte	.LASF141
 827 05f4 01       		.byte	0x1
 828 05f5 E8       		.byte	0xe8
 829 05f6 C7050000 		.4byte	0x5c7
 830 05fa 00000000 		.4byte	.LLST0
 831 05fe 10       		.uleb128 0x10
 832 05ff 06000000 		.4byte	.LVL1
 833 0603 8B060000 		.4byte	0x68b
 834 0607 00       		.byte	0
 835 0608 11       		.uleb128 0x11
 836 0609 F7060000 		.4byte	.LASF130
 837 060d 04       		.byte	0x4
 838 060e A7       		.byte	0xa7
 839 060f 13060000 		.4byte	0x613
 840 0613 05       		.uleb128 0x5
 841 0614 04       		.byte	0x4
 842 0615 19060000 		.4byte	0x619
 843 0619 12       		.uleb128 0x12
 844 061a 06050000 		.4byte	0x506
 845 061e 13       		.uleb128 0x13
 846 061f 29010000 		.4byte	.LASF131
 847 0623 08       		.byte	0x8
 848 0624 F907     		.2byte	0x7f9
 849 0626 2A060000 		.4byte	0x62a
 850 062a 14       		.uleb128 0x14
 851 062b DF000000 		.4byte	0xdf
 852 062f 13       		.uleb128 0x13
 853 0630 71080000 		.4byte	.LASF132
 854 0634 06       		.byte	0x6
 855 0635 2202     		.2byte	0x222
 856 0637 74050000 		.4byte	0x574
 857 063b 15       		.uleb128 0x15
 858 063c 43050000 		.4byte	0x543
 859 0640 4B060000 		.4byte	0x64b
 860 0644 16       		.uleb128 0x16
 861 0645 A9000000 		.4byte	0xa9
 862 0649 00       		.byte	0
 863 064a 00       		.byte	0
 864 064b 13       		.uleb128 0x13
 865 064c 2C090000 		.4byte	.LASF133
 866 0650 06       		.byte	0x6
 867 0651 2C02     		.2byte	0x22c
 868 0653 3B060000 		.4byte	0x63b
 869 0657 15       		.uleb128 0x15
 870 0658 BC050000 		.4byte	0x5bc
 871 065c 67060000 		.4byte	0x667
 872 0660 16       		.uleb128 0x16
 873 0661 A9000000 		.4byte	0xa9
 874 0665 00       		.byte	0
 875 0666 00       		.byte	0
 876 0667 13       		.uleb128 0x13
 877 0668 4D040000 		.4byte	.LASF134
 878 066c 06       		.byte	0x6
 879 066d 2D02     		.2byte	0x22d
 880 066f 57060000 		.4byte	0x657
ARM GAS  C:\Users\YOUSEF~1\AppData\Local\Temp\ccuW8Zih.s 			page 21


 881 0673 13       		.uleb128 0x13
 882 0674 3B080000 		.4byte	.LASF135
 883 0678 06       		.byte	0x6
 884 0679 5202     		.2byte	0x252
 885 067b BE000000 		.4byte	0xbe
 886 067f 13       		.uleb128 0x13
 887 0680 7E010000 		.4byte	.LASF136
 888 0684 07       		.byte	0x7
 889 0685 6302     		.2byte	0x263
 890 0687 CE050000 		.4byte	0x5ce
 891 068b 17       		.uleb128 0x17
 892 068c 8E080000 		.4byte	.LASF142
 893 0690 8E080000 		.4byte	.LASF142
 894 0694 09       		.byte	0x9
 895 0695 87       		.byte	0x87
 896 0696 00       		.byte	0
 897              		.section	.debug_abbrev,"",%progbits
 898              	.Ldebug_abbrev0:
 899 0000 01       		.uleb128 0x1
 900 0001 11       		.uleb128 0x11
 901 0002 01       		.byte	0x1
 902 0003 25       		.uleb128 0x25
 903 0004 0E       		.uleb128 0xe
 904 0005 13       		.uleb128 0x13
 905 0006 0B       		.uleb128 0xb
 906 0007 03       		.uleb128 0x3
 907 0008 0E       		.uleb128 0xe
 908 0009 1B       		.uleb128 0x1b
 909 000a 0E       		.uleb128 0xe
 910 000b 55       		.uleb128 0x55
 911 000c 17       		.uleb128 0x17
 912 000d 11       		.uleb128 0x11
 913 000e 01       		.uleb128 0x1
 914 000f 10       		.uleb128 0x10
 915 0010 17       		.uleb128 0x17
 916 0011 00       		.byte	0
 917 0012 00       		.byte	0
 918 0013 02       		.uleb128 0x2
 919 0014 24       		.uleb128 0x24
 920 0015 00       		.byte	0
 921 0016 0B       		.uleb128 0xb
 922 0017 0B       		.uleb128 0xb
 923 0018 3E       		.uleb128 0x3e
 924 0019 0B       		.uleb128 0xb
 925 001a 03       		.uleb128 0x3
 926 001b 08       		.uleb128 0x8
 927 001c 00       		.byte	0
 928 001d 00       		.byte	0
 929 001e 03       		.uleb128 0x3
 930 001f 24       		.uleb128 0x24
 931 0020 00       		.byte	0
 932 0021 0B       		.uleb128 0xb
 933 0022 0B       		.uleb128 0xb
 934 0023 3E       		.uleb128 0x3e
 935 0024 0B       		.uleb128 0xb
 936 0025 03       		.uleb128 0x3
 937 0026 0E       		.uleb128 0xe
ARM GAS  C:\Users\YOUSEF~1\AppData\Local\Temp\ccuW8Zih.s 			page 22


 938 0027 00       		.byte	0
 939 0028 00       		.byte	0
 940 0029 04       		.uleb128 0x4
 941 002a 16       		.uleb128 0x16
 942 002b 00       		.byte	0
 943 002c 03       		.uleb128 0x3
 944 002d 0E       		.uleb128 0xe
 945 002e 3A       		.uleb128 0x3a
 946 002f 0B       		.uleb128 0xb
 947 0030 3B       		.uleb128 0x3b
 948 0031 0B       		.uleb128 0xb
 949 0032 49       		.uleb128 0x49
 950 0033 13       		.uleb128 0x13
 951 0034 00       		.byte	0
 952 0035 00       		.byte	0
 953 0036 05       		.uleb128 0x5
 954 0037 0F       		.uleb128 0xf
 955 0038 00       		.byte	0
 956 0039 0B       		.uleb128 0xb
 957 003a 0B       		.uleb128 0xb
 958 003b 49       		.uleb128 0x49
 959 003c 13       		.uleb128 0x13
 960 003d 00       		.byte	0
 961 003e 00       		.byte	0
 962 003f 06       		.uleb128 0x6
 963 0040 15       		.uleb128 0x15
 964 0041 00       		.byte	0
 965 0042 27       		.uleb128 0x27
 966 0043 19       		.uleb128 0x19
 967 0044 00       		.byte	0
 968 0045 00       		.byte	0
 969 0046 07       		.uleb128 0x7
 970 0047 13       		.uleb128 0x13
 971 0048 01       		.byte	0x1
 972 0049 0B       		.uleb128 0xb
 973 004a 0B       		.uleb128 0xb
 974 004b 3A       		.uleb128 0x3a
 975 004c 0B       		.uleb128 0xb
 976 004d 3B       		.uleb128 0x3b
 977 004e 0B       		.uleb128 0xb
 978 004f 01       		.uleb128 0x1
 979 0050 13       		.uleb128 0x13
 980 0051 00       		.byte	0
 981 0052 00       		.byte	0
 982 0053 08       		.uleb128 0x8
 983 0054 0D       		.uleb128 0xd
 984 0055 00       		.byte	0
 985 0056 03       		.uleb128 0x3
 986 0057 0E       		.uleb128 0xe
 987 0058 3A       		.uleb128 0x3a
 988 0059 0B       		.uleb128 0xb
 989 005a 3B       		.uleb128 0x3b
 990 005b 0B       		.uleb128 0xb
 991 005c 49       		.uleb128 0x49
 992 005d 13       		.uleb128 0x13
 993 005e 38       		.uleb128 0x38
 994 005f 0B       		.uleb128 0xb
ARM GAS  C:\Users\YOUSEF~1\AppData\Local\Temp\ccuW8Zih.s 			page 23


 995 0060 00       		.byte	0
 996 0061 00       		.byte	0
 997 0062 09       		.uleb128 0x9
 998 0063 13       		.uleb128 0x13
 999 0064 01       		.byte	0x1
 1000 0065 0B       		.uleb128 0xb
 1001 0066 0B       		.uleb128 0xb
 1002 0067 3A       		.uleb128 0x3a
 1003 0068 0B       		.uleb128 0xb
 1004 0069 3B       		.uleb128 0x3b
 1005 006a 05       		.uleb128 0x5
 1006 006b 01       		.uleb128 0x1
 1007 006c 13       		.uleb128 0x13
 1008 006d 00       		.byte	0
 1009 006e 00       		.byte	0
 1010 006f 0A       		.uleb128 0xa
 1011 0070 0D       		.uleb128 0xd
 1012 0071 00       		.byte	0
 1013 0072 03       		.uleb128 0x3
 1014 0073 0E       		.uleb128 0xe
 1015 0074 3A       		.uleb128 0x3a
 1016 0075 0B       		.uleb128 0xb
 1017 0076 3B       		.uleb128 0x3b
 1018 0077 05       		.uleb128 0x5
 1019 0078 49       		.uleb128 0x49
 1020 0079 13       		.uleb128 0x13
 1021 007a 38       		.uleb128 0x38
 1022 007b 0B       		.uleb128 0xb
 1023 007c 00       		.byte	0
 1024 007d 00       		.byte	0
 1025 007e 0B       		.uleb128 0xb
 1026 007f 16       		.uleb128 0x16
 1027 0080 00       		.byte	0
 1028 0081 03       		.uleb128 0x3
 1029 0082 0E       		.uleb128 0xe
 1030 0083 3A       		.uleb128 0x3a
 1031 0084 0B       		.uleb128 0xb
 1032 0085 3B       		.uleb128 0x3b
 1033 0086 05       		.uleb128 0x5
 1034 0087 49       		.uleb128 0x49
 1035 0088 13       		.uleb128 0x13
 1036 0089 00       		.byte	0
 1037 008a 00       		.byte	0
 1038 008b 0C       		.uleb128 0xc
 1039 008c 04       		.uleb128 0x4
 1040 008d 01       		.byte	0x1
 1041 008e 0B       		.uleb128 0xb
 1042 008f 0B       		.uleb128 0xb
 1043 0090 49       		.uleb128 0x49
 1044 0091 13       		.uleb128 0x13
 1045 0092 3A       		.uleb128 0x3a
 1046 0093 0B       		.uleb128 0xb
 1047 0094 3B       		.uleb128 0x3b
 1048 0095 0B       		.uleb128 0xb
 1049 0096 01       		.uleb128 0x1
 1050 0097 13       		.uleb128 0x13
 1051 0098 00       		.byte	0
ARM GAS  C:\Users\YOUSEF~1\AppData\Local\Temp\ccuW8Zih.s 			page 24


 1052 0099 00       		.byte	0
 1053 009a 0D       		.uleb128 0xd
 1054 009b 28       		.uleb128 0x28
 1055 009c 00       		.byte	0
 1056 009d 03       		.uleb128 0x3
 1057 009e 0E       		.uleb128 0xe
 1058 009f 1C       		.uleb128 0x1c
 1059 00a0 0B       		.uleb128 0xb
 1060 00a1 00       		.byte	0
 1061 00a2 00       		.byte	0
 1062 00a3 0E       		.uleb128 0xe
 1063 00a4 2E       		.uleb128 0x2e
 1064 00a5 01       		.byte	0x1
 1065 00a6 3F       		.uleb128 0x3f
 1066 00a7 19       		.uleb128 0x19
 1067 00a8 03       		.uleb128 0x3
 1068 00a9 0E       		.uleb128 0xe
 1069 00aa 3A       		.uleb128 0x3a
 1070 00ab 0B       		.uleb128 0xb
 1071 00ac 3B       		.uleb128 0x3b
 1072 00ad 0B       		.uleb128 0xb
 1073 00ae 27       		.uleb128 0x27
 1074 00af 19       		.uleb128 0x19
 1075 00b0 11       		.uleb128 0x11
 1076 00b1 01       		.uleb128 0x1
 1077 00b2 12       		.uleb128 0x12
 1078 00b3 06       		.uleb128 0x6
 1079 00b4 40       		.uleb128 0x40
 1080 00b5 18       		.uleb128 0x18
 1081 00b6 9642     		.uleb128 0x2116
 1082 00b8 19       		.uleb128 0x19
 1083 00b9 01       		.uleb128 0x1
 1084 00ba 13       		.uleb128 0x13
 1085 00bb 00       		.byte	0
 1086 00bc 00       		.byte	0
 1087 00bd 0F       		.uleb128 0xf
 1088 00be 34       		.uleb128 0x34
 1089 00bf 00       		.byte	0
 1090 00c0 03       		.uleb128 0x3
 1091 00c1 0E       		.uleb128 0xe
 1092 00c2 3A       		.uleb128 0x3a
 1093 00c3 0B       		.uleb128 0xb
 1094 00c4 3B       		.uleb128 0x3b
 1095 00c5 0B       		.uleb128 0xb
 1096 00c6 49       		.uleb128 0x49
 1097 00c7 13       		.uleb128 0x13
 1098 00c8 02       		.uleb128 0x2
 1099 00c9 17       		.uleb128 0x17
 1100 00ca 00       		.byte	0
 1101 00cb 00       		.byte	0
 1102 00cc 10       		.uleb128 0x10
 1103 00cd 898201   		.uleb128 0x4109
 1104 00d0 00       		.byte	0
 1105 00d1 11       		.uleb128 0x11
 1106 00d2 01       		.uleb128 0x1
 1107 00d3 31       		.uleb128 0x31
 1108 00d4 13       		.uleb128 0x13
ARM GAS  C:\Users\YOUSEF~1\AppData\Local\Temp\ccuW8Zih.s 			page 25


 1109 00d5 00       		.byte	0
 1110 00d6 00       		.byte	0
 1111 00d7 11       		.uleb128 0x11
 1112 00d8 34       		.uleb128 0x34
 1113 00d9 00       		.byte	0
 1114 00da 03       		.uleb128 0x3
 1115 00db 0E       		.uleb128 0xe
 1116 00dc 3A       		.uleb128 0x3a
 1117 00dd 0B       		.uleb128 0xb
 1118 00de 3B       		.uleb128 0x3b
 1119 00df 0B       		.uleb128 0xb
 1120 00e0 49       		.uleb128 0x49
 1121 00e1 13       		.uleb128 0x13
 1122 00e2 3F       		.uleb128 0x3f
 1123 00e3 19       		.uleb128 0x19
 1124 00e4 3C       		.uleb128 0x3c
 1125 00e5 19       		.uleb128 0x19
 1126 00e6 00       		.byte	0
 1127 00e7 00       		.byte	0
 1128 00e8 12       		.uleb128 0x12
 1129 00e9 26       		.uleb128 0x26
 1130 00ea 00       		.byte	0
 1131 00eb 49       		.uleb128 0x49
 1132 00ec 13       		.uleb128 0x13
 1133 00ed 00       		.byte	0
 1134 00ee 00       		.byte	0
 1135 00ef 13       		.uleb128 0x13
 1136 00f0 34       		.uleb128 0x34
 1137 00f1 00       		.byte	0
 1138 00f2 03       		.uleb128 0x3
 1139 00f3 0E       		.uleb128 0xe
 1140 00f4 3A       		.uleb128 0x3a
 1141 00f5 0B       		.uleb128 0xb
 1142 00f6 3B       		.uleb128 0x3b
 1143 00f7 05       		.uleb128 0x5
 1144 00f8 49       		.uleb128 0x49
 1145 00f9 13       		.uleb128 0x13
 1146 00fa 3F       		.uleb128 0x3f
 1147 00fb 19       		.uleb128 0x19
 1148 00fc 3C       		.uleb128 0x3c
 1149 00fd 19       		.uleb128 0x19
 1150 00fe 00       		.byte	0
 1151 00ff 00       		.byte	0
 1152 0100 14       		.uleb128 0x14
 1153 0101 35       		.uleb128 0x35
 1154 0102 00       		.byte	0
 1155 0103 49       		.uleb128 0x49
 1156 0104 13       		.uleb128 0x13
 1157 0105 00       		.byte	0
 1158 0106 00       		.byte	0
 1159 0107 15       		.uleb128 0x15
 1160 0108 01       		.uleb128 0x1
 1161 0109 01       		.byte	0x1
 1162 010a 49       		.uleb128 0x49
 1163 010b 13       		.uleb128 0x13
 1164 010c 01       		.uleb128 0x1
 1165 010d 13       		.uleb128 0x13
ARM GAS  C:\Users\YOUSEF~1\AppData\Local\Temp\ccuW8Zih.s 			page 26


 1166 010e 00       		.byte	0
 1167 010f 00       		.byte	0
 1168 0110 16       		.uleb128 0x16
 1169 0111 21       		.uleb128 0x21
 1170 0112 00       		.byte	0
 1171 0113 49       		.uleb128 0x49
 1172 0114 13       		.uleb128 0x13
 1173 0115 2F       		.uleb128 0x2f
 1174 0116 0B       		.uleb128 0xb
 1175 0117 00       		.byte	0
 1176 0118 00       		.byte	0
 1177 0119 17       		.uleb128 0x17
 1178 011a 2E       		.uleb128 0x2e
 1179 011b 00       		.byte	0
 1180 011c 3F       		.uleb128 0x3f
 1181 011d 19       		.uleb128 0x19
 1182 011e 3C       		.uleb128 0x3c
 1183 011f 19       		.uleb128 0x19
 1184 0120 6E       		.uleb128 0x6e
 1185 0121 0E       		.uleb128 0xe
 1186 0122 03       		.uleb128 0x3
 1187 0123 0E       		.uleb128 0xe
 1188 0124 3A       		.uleb128 0x3a
 1189 0125 0B       		.uleb128 0xb
 1190 0126 3B       		.uleb128 0x3b
 1191 0127 0B       		.uleb128 0xb
 1192 0128 00       		.byte	0
 1193 0129 00       		.byte	0
 1194 012a 00       		.byte	0
 1195              		.section	.debug_loc,"",%progbits
 1196              	.Ldebug_loc0:
 1197              	.LLST0:
 1198 0000 02000000 		.4byte	.LVL0
 1199 0004 06000000 		.4byte	.LVL1
 1200 0008 0200     		.2byte	0x2
 1201 000a 30       		.byte	0x30
 1202 000b 9F       		.byte	0x9f
 1203 000c 06000000 		.4byte	.LVL1
 1204 0010 0F000000 		.4byte	.LVL2-1
 1205 0014 0100     		.2byte	0x1
 1206 0016 50       		.byte	0x50
 1207 0017 00000000 		.4byte	0
 1208 001b 00000000 		.4byte	0
 1209              		.section	.debug_aranges,"",%progbits
 1210 0000 1C000000 		.4byte	0x1c
 1211 0004 0200     		.2byte	0x2
 1212 0006 00000000 		.4byte	.Ldebug_info0
 1213 000a 04       		.byte	0x4
 1214 000b 00       		.byte	0
 1215 000c 0000     		.2byte	0
 1216 000e 0000     		.2byte	0
 1217 0010 00000000 		.4byte	.LFB253
 1218 0014 18000000 		.4byte	.LFE253-.LFB253
 1219 0018 00000000 		.4byte	0
 1220 001c 00000000 		.4byte	0
 1221              		.section	.debug_ranges,"",%progbits
 1222              	.Ldebug_ranges0:
ARM GAS  C:\Users\YOUSEF~1\AppData\Local\Temp\ccuW8Zih.s 			page 27


 1223 0000 00000000 		.4byte	.LFB253
 1224 0004 18000000 		.4byte	.LFE253
 1225 0008 00000000 		.4byte	0
 1226 000c 00000000 		.4byte	0
 1227              		.section	.debug_line,"",%progbits
 1228              	.Ldebug_line0:
 1229 0000 3B020000 		.section	.debug_str,"MS",%progbits,1
 1229      02001702 
 1229      00000201 
 1229      FB0E0D00 
 1229      01010101 
 1230              	.LASF57:
 1231 0000 70726F74 		.ascii	"protBusMasterMask\000"
 1231      4275734D 
 1231      61737465 
 1231      724D6173 
 1231      6B00
 1232              	.LASF67:
 1233 0012 666C6173 		.ascii	"flashCtlMainWs3Freq\000"
 1233      6843746C 
 1233      4D61696E 
 1233      57733346 
 1233      72657100 
 1234              	.LASF89:
 1235 0026 6770696F 		.ascii	"gpioPrtCfgInOffset\000"
 1235      50727443 
 1235      6667496E 
 1235      4F666673 
 1235      657400
 1236              	.LASF107:
 1237 0039 6970634C 		.ascii	"ipcLockStatusOffset\000"
 1237      6F636B53 
 1237      74617475 
 1237      734F6666 
 1237      73657400 
 1238              	.LASF33:
 1239 004d 63727970 		.ascii	"cryptoVersion\000"
 1239      746F5665 
 1239      7273696F 
 1239      6E00
 1240              	.LASF51:
 1241 005b 70657269 		.ascii	"periClockNr\000"
 1241      436C6F63 
 1241      6B4E7200 
 1242              	.LASF29:
 1243 0067 70617373 		.ascii	"passBase\000"
 1243      42617365 
 1243      00
 1244              	.LASF42:
 1245 0070 63707573 		.ascii	"cpussIpcIrqNr\000"
 1245      73497063 
 1245      4972714E 
 1245      7200
 1246              	.LASF5:
 1247 007e 5F5F7569 		.ascii	"__uint8_t\000"
 1247      6E74385F 
 1247      7400
ARM GAS  C:\Users\YOUSEF~1\AppData\Local\Temp\ccuW8Zih.s 			page 28


 1248              	.LASF86:
 1249 0088 70657269 		.ascii	"periDiv24_5CtlOffset\000"
 1249      44697632 
 1249      345F3543 
 1249      746C4F66 
 1249      66736574 
 1250              	.LASF113:
 1251 009d 63795F73 		.ascii	"cy_stc_ble_conn_handle_t\000"
 1251      74635F62 
 1251      6C655F63 
 1251      6F6E6E5F 
 1251      68616E64 
 1252              	.LASF22:
 1253 00b6 63707573 		.ascii	"cpussBase\000"
 1253      73426173 
 1253      6500
 1254              	.LASF71:
 1255 00c0 64774368 		.ascii	"dwChCtlPrioPos\000"
 1255      43746C50 
 1255      72696F50 
 1255      6F7300
 1256              	.LASF14:
 1257 00cf 6C6F6E67 		.ascii	"long long unsigned int\000"
 1257      206C6F6E 
 1257      6720756E 
 1257      7369676E 
 1257      65642069 
 1258              	.LASF75:
 1259 00e6 70657269 		.ascii	"periTrCmdOffset\000"
 1259      5472436D 
 1259      644F6666 
 1259      73657400 
 1260              	.LASF129:
 1261 00f6 63795F62 		.ascii	"cy_ble_app_notify_callback_t\000"
 1261      6C655F61 
 1261      70705F6E 
 1261      6F746966 
 1261      795F6361 
 1262              	.LASF99:
 1263 0113 63707573 		.ascii	"cpussSysTickCtlOffset\000"
 1263      73537973 
 1263      5469636B 
 1263      43746C4F 
 1263      66667365 
 1264              	.LASF131:
 1265 0129 49544D5F 		.ascii	"ITM_RxBuffer\000"
 1265      52784275 
 1265      66666572 
 1265      00
 1266              	.LASF60:
 1267 0136 666C6173 		.ascii	"flashPipeRequired\000"
 1267      68506970 
 1267      65526571 
 1267      75697265 
 1267      6400
 1268              	.LASF64:
 1269 0148 666C6173 		.ascii	"flashCtlMainWs0Freq\000"
ARM GAS  C:\Users\YOUSEF~1\AppData\Local\Temp\ccuW8Zih.s 			page 29


 1269      6843746C 
 1269      4D61696E 
 1269      57733046 
 1269      72657100 
 1270              	.LASF18:
 1271 015c 696E7431 		.ascii	"int16_t\000"
 1271      365F7400 
 1272              	.LASF1:
 1273 0164 6C6F6E67 		.ascii	"long long int\000"
 1273      206C6F6E 
 1273      6720696E 
 1273      7400
 1274              	.LASF3:
 1275 0172 7369676E 		.ascii	"signed char\000"
 1275      65642063 
 1275      68617200 
 1276              	.LASF136:
 1277 017e 43795F42 		.ascii	"Cy_BLE_HostRegisteredCallback\000"
 1277      4C455F48 
 1277      6F737452 
 1277      65676973 
 1277      74657265 
 1278              	.LASF80:
 1279 019c 70657269 		.ascii	"periDivCmdTypeSelPos\000"
 1279      44697643 
 1279      6D645479 
 1279      70655365 
 1279      6C506F73 
 1280              	.LASF26:
 1281 01b1 70726F74 		.ascii	"protBase\000"
 1281      42617365 
 1281      00
 1282              	.LASF38:
 1283 01ba 69706356 		.ascii	"ipcVersion\000"
 1283      65727369 
 1283      6F6E00
 1284              	.LASF100:
 1285 01c5 63707573 		.ascii	"cpussCm0NmiCtlOffset\000"
 1285      73436D30 
 1285      4E6D6943 
 1285      746C4F66 
 1285      66736574 
 1286              	.LASF117:
 1287 01da 43595F42 		.ascii	"CY_BLE_ADV_STATE_STOP_INITIATED\000"
 1287      4C455F41 
 1287      44565F53 
 1287      54415445 
 1287      5F53544F 
 1288              	.LASF27:
 1289 01fa 6873696F 		.ascii	"hsiomBase\000"
 1289      6D426173 
 1289      6500
 1290              	.LASF11:
 1291 0204 6C6F6E67 		.ascii	"long int\000"
 1291      20696E74 
 1291      00
 1292              	.LASF93:
ARM GAS  C:\Users\YOUSEF~1\AppData\Local\Temp\ccuW8Zih.s 			page 30


 1293 020d 63707573 		.ascii	"cpussCm4ClockCtlOffset\000"
 1293      73436D34 
 1293      436C6F63 
 1293      6B43746C 
 1293      4F666673 
 1294              	.LASF58:
 1295 0224 63727970 		.ascii	"cryptoMemSize\000"
 1295      746F4D65 
 1295      6D53697A 
 1295      6500
 1296              	.LASF118:
 1297 0232 63795F65 		.ascii	"cy_en_ble_adv_state_t\000"
 1297      6E5F626C 
 1297      655F6164 
 1297      765F7374 
 1297      6174655F 
 1298              	.LASF24:
 1299 0248 70657269 		.ascii	"periBase\000"
 1299      42617365 
 1299      00
 1300              	.LASF56:
 1301 0251 73797350 		.ascii	"sysPmSimoPresent\000"
 1301      6D53696D 
 1301      6F507265 
 1301      73656E74 
 1301      00
 1302              	.LASF46:
 1303 0262 63707573 		.ascii	"cpussFmIrq\000"
 1303      73466D49 
 1303      727100
 1304              	.LASF110:
 1305 026d 646F7562 		.ascii	"double\000"
 1305      6C6500
 1306              	.LASF85:
 1307 0274 70657269 		.ascii	"periDiv16_5CtlOffset\000"
 1307      44697631 
 1307      365F3543 
 1307      746C4F66 
 1307      66736574 
 1308              	.LASF49:
 1309 0289 73727373 		.ascii	"srssNumPll\000"
 1309      4E756D50 
 1309      6C6C00
 1310              	.LASF83:
 1311 0294 70657269 		.ascii	"periDiv8CtlOffset\000"
 1311      44697638 
 1311      43746C4F 
 1311      66667365 
 1311      7400
 1312              	.LASF123:
 1313 02a6 43595F42 		.ascii	"CY_BLE_CONN_STATE_CLIENT_INCL_DISCOVERING\000"
 1313      4C455F43 
 1313      4F4E4E5F 
 1313      53544154 
 1313      455F434C 
 1314              	.LASF90:
 1315 02d0 6770696F 		.ascii	"gpioPrtCfgOutOffset\000"
ARM GAS  C:\Users\YOUSEF~1\AppData\Local\Temp\ccuW8Zih.s 			page 31


 1315      50727443 
 1315      66674F75 
 1315      744F6666 
 1315      73657400 
 1316              	.LASF23:
 1317 02e4 666C6173 		.ascii	"flashcBase\000"
 1317      68634261 
 1317      736500
 1318              	.LASF12:
 1319 02ef 5F5F7569 		.ascii	"__uint32_t\000"
 1319      6E743332 
 1319      5F7400
 1320              	.LASF53:
 1321 02fa 70617373 		.ascii	"passSarChannels\000"
 1321      53617243 
 1321      68616E6E 
 1321      656C7300 
 1322              	.LASF6:
 1323 030a 5F5F696E 		.ascii	"__int16_t\000"
 1323      7431365F 
 1323      7400
 1324              	.LASF96:
 1325 0314 63707573 		.ascii	"cpussCm4PwrCtlOffset\000"
 1325      73436D34 
 1325      50777243 
 1325      746C4F66 
 1325      66736574 
 1326              	.LASF122:
 1327 0329 43595F42 		.ascii	"CY_BLE_CONN_STATE_CLIENT_SRVC_DISCOVERING\000"
 1327      4C455F43 
 1327      4F4E4E5F 
 1327      53544154 
 1327      455F434C 
 1328              	.LASF91:
 1329 0353 6770696F 		.ascii	"gpioPrtCfgSioOffset\000"
 1329      50727443 
 1329      66675369 
 1329      6F4F6666 
 1329      73657400 
 1330              	.LASF43:
 1331 0367 63707573 		.ascii	"cpussDwChNr\000"
 1331      73447743 
 1331      684E7200 
 1332              	.LASF0:
 1333 0373 756E7369 		.ascii	"unsigned int\000"
 1333      676E6564 
 1333      20696E74 
 1333      00
 1334              	.LASF121:
 1335 0380 43595F42 		.ascii	"CY_BLE_CONN_STATE_CONNECTED\000"
 1335      4C455F43 
 1335      4F4E4E5F 
 1335      53544154 
 1335      455F434F 
 1336              	.LASF125:
 1337 039c 43595F42 		.ascii	"CY_BLE_CONN_STATE_CLIENT_DESCR_DISCOVERING\000"
 1337      4C455F43 
ARM GAS  C:\Users\YOUSEF~1\AppData\Local\Temp\ccuW8Zih.s 			page 32


 1337      4F4E4E5F 
 1337      53544154 
 1337      455F434C 
 1338              	.LASF19:
 1339 03c7 75696E74 		.ascii	"uint16_t\000"
 1339      31365F74 
 1339      00
 1340              	.LASF76:
 1341 03d0 70657269 		.ascii	"periTrCmdGrSelMsk\000"
 1341      5472436D 
 1341      64477253 
 1341      656C4D73 
 1341      6B00
 1342              	.LASF65:
 1343 03e2 666C6173 		.ascii	"flashCtlMainWs1Freq\000"
 1343      6843746C 
 1343      4D61696E 
 1343      57733146 
 1343      72657100 
 1344              	.LASF13:
 1345 03f6 6C6F6E67 		.ascii	"long unsigned int\000"
 1345      20756E73 
 1345      69676E65 
 1345      6420696E 
 1345      7400
 1346              	.LASF41:
 1347 0408 63707573 		.ascii	"cpussIpcNr\000"
 1347      73497063 
 1347      4E7200
 1348              	.LASF28:
 1349 0413 6770696F 		.ascii	"gpioBase\000"
 1349      42617365 
 1349      00
 1350              	.LASF66:
 1351 041c 666C6173 		.ascii	"flashCtlMainWs2Freq\000"
 1351      6843746C 
 1351      4D61696E 
 1351      57733246 
 1351      72657100 
 1352              	.LASF77:
 1353 0430 70657269 		.ascii	"periTrGrOffset\000"
 1353      54724772 
 1353      4F666673 
 1353      657400
 1354              	.LASF104:
 1355 043f 63707573 		.ascii	"cpussRam1Ctl0\000"
 1355      7352616D 
 1355      3143746C 
 1355      3000
 1356              	.LASF134:
 1357 044d 63795F62 		.ascii	"cy_ble_connState\000"
 1357      6C655F63 
 1357      6F6E6E53 
 1357      74617465 
 1357      00
 1358              	.LASF78:
 1359 045e 70657269 		.ascii	"periTrGrSize\000"
ARM GAS  C:\Users\YOUSEF~1\AppData\Local\Temp\ccuW8Zih.s 			page 33


 1359      54724772 
 1359      53697A65 
 1359      00
 1360              	.LASF36:
 1361 046b 6770696F 		.ascii	"gpioVersion\000"
 1361      56657273 
 1361      696F6E00 
 1362              	.LASF108:
 1363 0477 63795F73 		.ascii	"cy_stc_device_t\000"
 1363      74635F64 
 1363      65766963 
 1363      655F7400 
 1364              	.LASF54:
 1365 0487 65704D6F 		.ascii	"epMonitorNr\000"
 1365      6E69746F 
 1365      724E7200 
 1366              	.LASF101:
 1367 0493 63707573 		.ascii	"cpussCm4NmiCtlOffset\000"
 1367      73436D34 
 1367      4E6D6943 
 1367      746C4F66 
 1367      66736574 
 1368              	.LASF97:
 1369 04a8 63707573 		.ascii	"cpussTrimRamCtlOffset\000"
 1369      73547269 
 1369      6D52616D 
 1369      43746C4F 
 1369      66667365 
 1370              	.LASF92:
 1371 04be 63707573 		.ascii	"cpussCm0ClockCtlOffset\000"
 1371      73436D30 
 1371      436C6F63 
 1371      6B43746C 
 1371      4F666673 
 1372              	.LASF112:
 1373 04d5 61747449 		.ascii	"attId\000"
 1373      6400
 1374              	.LASF32:
 1375 04db 63707573 		.ascii	"cpussVersion\000"
 1375      73566572 
 1375      73696F6E 
 1375      00
 1376              	.LASF39:
 1377 04e8 70657269 		.ascii	"periVersion\000"
 1377      56657273 
 1377      696F6E00 
 1378              	.LASF95:
 1379 04f4 63707573 		.ascii	"cpussCm0StatusOffset\000"
 1379      73436D30 
 1379      53746174 
 1379      75734F66 
 1379      66736574 
 1380              	.LASF139:
 1381 0509 433A5C55 		.ascii	"C:\\Users\\Yousef Akbar\\Desktop\\Lab2Part3.cydsn\000"
 1381      73657273 
 1381      5C596F75 
 1381      73656620 
ARM GAS  C:\Users\YOUSEF~1\AppData\Local\Temp\ccuW8Zih.s 			page 34


 1381      416B6261 
 1382              	.LASF15:
 1383 0537 73697A65 		.ascii	"sizetype\000"
 1383      74797065 
 1383      00
 1384              	.LASF69:
 1385 0540 64774368 		.ascii	"dwChOffset\000"
 1385      4F666673 
 1385      657400
 1386              	.LASF44:
 1387 054b 63707573 		.ascii	"cpussFlashPaSize\000"
 1387      73466C61 
 1387      73685061 
 1387      53697A65 
 1387      00
 1388              	.LASF115:
 1389 055c 43595F42 		.ascii	"CY_BLE_ADV_STATE_ADV_INITIATED\000"
 1389      4C455F41 
 1389      44565F53 
 1389      54415445 
 1389      5F414456 
 1390              	.LASF82:
 1391 057b 70657269 		.ascii	"periDivCmdPaTypeSelPos\000"
 1391      44697643 
 1391      6D645061 
 1391      54797065 
 1391      53656C50 
 1392              	.LASF105:
 1393 0592 63707573 		.ascii	"cpussRam2Ctl0\000"
 1393      7352616D 
 1393      3243746C 
 1393      3000
 1394              	.LASF73:
 1395 05a0 64775374 		.ascii	"dwStatusChIdxPos\000"
 1395      61747573 
 1395      43684964 
 1395      78506F73 
 1395      00
 1396              	.LASF55:
 1397 05b1 75646250 		.ascii	"udbPresent\000"
 1397      72657365 
 1397      6E7400
 1398              	.LASF127:
 1399 05bc 63795F65 		.ascii	"cy_en_ble_conn_state_t\000"
 1399      6E5F626C 
 1399      655F636F 
 1399      6E6E5F73 
 1399      74617465 
 1400              	.LASF35:
 1401 05d3 666C6173 		.ascii	"flashcVersion\000"
 1401      68635665 
 1401      7273696F 
 1401      6E00
 1402              	.LASF31:
 1403 05e1 63727970 		.ascii	"cryptoBase\000"
 1403      746F4261 
 1403      736500
ARM GAS  C:\Users\YOUSEF~1\AppData\Local\Temp\ccuW8Zih.s 			page 35


 1404              	.LASF52:
 1405 05ec 736D6966 		.ascii	"smifDeviceNr\000"
 1405      44657669 
 1405      63654E72 
 1405      00
 1406              	.LASF137:
 1407 05f9 474E5520 		.ascii	"GNU C11 5.4.1 20160609 (release) [ARM/embedded-5-br"
 1407      43313120 
 1407      352E342E 
 1407      31203230 
 1407      31363036 
 1408 062c 616E6368 		.ascii	"anch revision 237715] -mcpu=cortex-m4 -mfloat-abi=s"
 1408      20726576 
 1408      6973696F 
 1408      6E203233 
 1408      37373135 
 1409 065f 6F667466 		.ascii	"oftfp -mfpu=fpv4-sp-d16 -mthumb -g -Og -ffunction-s"
 1409      70202D6D 
 1409      6670753D 
 1409      66707634 
 1409      2D73702D 
 1410 0692 65637469 		.ascii	"ections -ffat-lto-objects\000"
 1410      6F6E7320 
 1410      2D666661 
 1410      742D6C74 
 1410      6F2D6F62 
 1411              	.LASF61:
 1412 06ac 666C6173 		.ascii	"flashWriteDelay\000"
 1412      68577269 
 1412      74654465 
 1412      6C617900 
 1413              	.LASF126:
 1414 06bc 43595F42 		.ascii	"CY_BLE_CONN_STATE_CLIENT_DISCOVERED\000"
 1414      4C455F43 
 1414      4F4E4E5F 
 1414      53544154 
 1414      455F434C 
 1415              	.LASF109:
 1416 06e0 666C6F61 		.ascii	"float\000"
 1416      7400
 1417              	.LASF74:
 1418 06e6 64775374 		.ascii	"dwStatusChIdxMsk\000"
 1418      61747573 
 1418      43684964 
 1418      784D736B 
 1418      00
 1419              	.LASF130:
 1420 06f7 63795F64 		.ascii	"cy_device\000"
 1420      65766963 
 1420      6500
 1421              	.LASF102:
 1422 0701 63707573 		.ascii	"cpussRomCtl\000"
 1422      73526F6D 
 1422      43746C00 
 1423              	.LASF72:
 1424 070d 64774368 		.ascii	"dwChCtlPreemptablePos\000"
 1424      43746C50 
ARM GAS  C:\Users\YOUSEF~1\AppData\Local\Temp\ccuW8Zih.s 			page 36


 1424      7265656D 
 1424      70746162 
 1424      6C65506F 
 1425              	.LASF25:
 1426 0723 75646242 		.ascii	"udbBase\000"
 1426      61736500 
 1427              	.LASF124:
 1428 072b 43595F42 		.ascii	"CY_BLE_CONN_STATE_CLIENT_CHAR_DISCOVERING\000"
 1428      4C455F43 
 1428      4F4E4E5F 
 1428      53544154 
 1428      455F434C 
 1429              	.LASF128:
 1430 0755 5F426F6F 		.ascii	"_Bool\000"
 1430      6C00
 1431              	.LASF20:
 1432 075b 696E7433 		.ascii	"int32_t\000"
 1432      325F7400 
 1433              	.LASF4:
 1434 0763 756E7369 		.ascii	"unsigned char\000"
 1434      676E6564 
 1434      20636861 
 1434      7200
 1435              	.LASF68:
 1436 0771 666C6173 		.ascii	"flashCtlMainWs4Freq\000"
 1436      6843746C 
 1436      4D61696E 
 1436      57733446 
 1436      72657100 
 1437              	.LASF7:
 1438 0785 73686F72 		.ascii	"short int\000"
 1438      7420696E 
 1438      7400
 1439              	.LASF79:
 1440 078f 70657269 		.ascii	"periDivCmdDivSelMsk\000"
 1440      44697643 
 1440      6D644469 
 1440      7653656C 
 1440      4D736B00 
 1441              	.LASF138:
 1442 07a3 47656E65 		.ascii	"Generated_Source\\PSoC6\\pdl\\middleware\\ble\\cy_b"
 1442      72617465 
 1442      645F536F 
 1442      75726365 
 1442      5C50536F 
 1443 07d1 6C655F68 		.ascii	"le_hal_int.c\000"
 1443      616C5F69 
 1443      6E742E63 
 1443      00
 1444              	.LASF50:
 1445 07de 73727373 		.ascii	"srssNumHfroot\000"
 1445      4E756D48 
 1445      66726F6F 
 1445      7400
 1446              	.LASF63:
 1447 07ec 666C6173 		.ascii	"flashEraseDelay\000"
 1447      68457261 
ARM GAS  C:\Users\YOUSEF~1\AppData\Local\Temp\ccuW8Zih.s 			page 37


 1447      73654465 
 1447      6C617900 
 1448              	.LASF21:
 1449 07fc 75696E74 		.ascii	"uint32_t\000"
 1449      33325F74 
 1449      00
 1450              	.LASF2:
 1451 0805 6C6F6E67 		.ascii	"long double\000"
 1451      20646F75 
 1451      626C6500 
 1452              	.LASF16:
 1453 0811 63686172 		.ascii	"char\000"
 1453      00
 1454              	.LASF40:
 1455 0816 70726F74 		.ascii	"protVersion\000"
 1455      56657273 
 1455      696F6E00 
 1456              	.LASF103:
 1457 0822 63707573 		.ascii	"cpussRam0Ctl0\000"
 1457      7352616D 
 1457      3043746C 
 1457      3000
 1458              	.LASF8:
 1459 0830 5F5F7569 		.ascii	"__uint16_t\000"
 1459      6E743136 
 1459      5F7400
 1460              	.LASF135:
 1461 083b 63795F62 		.ascii	"cy_ble_pendingFlashWrite\000"
 1461      6C655F70 
 1461      656E6469 
 1461      6E67466C 
 1461      61736857 
 1462              	.LASF84:
 1463 0854 70657269 		.ascii	"periDiv16CtlOffset\000"
 1463      44697631 
 1463      3643746C 
 1463      4F666673 
 1463      657400
 1464              	.LASF10:
 1465 0867 5F5F696E 		.ascii	"__int32_t\000"
 1465      7433325F 
 1465      7400
 1466              	.LASF132:
 1467 0871 63795F62 		.ascii	"cy_ble_advState\000"
 1467      6C655F61 
 1467      64765374 
 1467      61746500 
 1468              	.LASF37:
 1469 0881 6873696F 		.ascii	"hsiomVersion\000"
 1469      6D566572 
 1469      73696F6E 
 1469      00
 1470              	.LASF142:
 1471 088e 43795F42 		.ascii	"Cy_BLE_HAL_BlessInterruptHandler\000"
 1471      4C455F48 
 1471      414C5F42 
 1471      6C657373 
ARM GAS  C:\Users\YOUSEF~1\AppData\Local\Temp\ccuW8Zih.s 			page 38


 1471      496E7465 
 1472              	.LASF9:
 1473 08af 73686F72 		.ascii	"short unsigned int\000"
 1473      7420756E 
 1473      7369676E 
 1473      65642069 
 1473      6E7400
 1474              	.LASF70:
 1475 08c2 64774368 		.ascii	"dwChSize\000"
 1475      53697A65 
 1475      00
 1476              	.LASF140:
 1477 08cb 43795F42 		.ascii	"Cy_BLE_BlessInterrupt\000"
 1477      4C455F42 
 1477      6C657373 
 1477      496E7465 
 1477      72727570 
 1478              	.LASF106:
 1479 08e1 69706353 		.ascii	"ipcStructSize\000"
 1479      74727563 
 1479      7453697A 
 1479      6500
 1480              	.LASF45:
 1481 08ef 63707573 		.ascii	"cpussIpc0Irq\000"
 1481      73497063 
 1481      30497271 
 1481      00
 1482              	.LASF88:
 1483 08fc 6770696F 		.ascii	"gpioPrtCfgOffset\000"
 1483      50727443 
 1483      66674F66 
 1483      66736574 
 1483      00
 1484              	.LASF119:
 1485 090d 43595F42 		.ascii	"CY_BLE_CONN_STATE_DISCONNECTED\000"
 1485      4C455F43 
 1485      4F4E4E5F 
 1485      53544154 
 1485      455F4449 
 1486              	.LASF133:
 1487 092c 63795F62 		.ascii	"cy_ble_connHandle\000"
 1487      6C655F63 
 1487      6F6E6E48 
 1487      616E646C 
 1487      6500
 1488              	.LASF47:
 1489 093e 63707573 		.ascii	"cpussNotConnectedIrq\000"
 1489      734E6F74 
 1489      436F6E6E 
 1489      65637465 
 1489      64497271 
 1490              	.LASF116:
 1491 0953 43595F42 		.ascii	"CY_BLE_ADV_STATE_ADVERTISING\000"
 1491      4C455F41 
 1491      44565F53 
 1491      54415445 
 1491      5F414456 
ARM GAS  C:\Users\YOUSEF~1\AppData\Local\Temp\ccuW8Zih.s 			page 39


 1492              	.LASF114:
 1493 0970 43595F42 		.ascii	"CY_BLE_ADV_STATE_STOPPED\000"
 1493      4C455F41 
 1493      44565F53 
 1493      54415445 
 1493      5F53544F 
 1494              	.LASF17:
 1495 0989 75696E74 		.ascii	"uint8_t\000"
 1495      385F7400 
 1496              	.LASF94:
 1497 0991 63707573 		.ascii	"cpussCm4StatusOffset\000"
 1497      73436D34 
 1497      53746174 
 1497      75734F66 
 1497      66736574 
 1498              	.LASF87:
 1499 09a6 6770696F 		.ascii	"gpioPrtIntrCfgOffset\000"
 1499      50727449 
 1499      6E747243 
 1499      66674F66 
 1499      66736574 
 1500              	.LASF141:
 1501 09bb 73656E64 		.ascii	"sendNotification\000"
 1501      4E6F7469 
 1501      66696361 
 1501      74696F6E 
 1501      00
 1502              	.LASF98:
 1503 09cc 63707573 		.ascii	"cpussTrimRomCtlOffset\000"
 1503      73547269 
 1503      6D526F6D 
 1503      43746C4F 
 1503      66667365 
 1504              	.LASF111:
 1505 09e2 62644861 		.ascii	"bdHandle\000"
 1505      6E646C65 
 1505      00
 1506              	.LASF48:
 1507 09eb 73727373 		.ascii	"srssNumClkpath\000"
 1507      4E756D43 
 1507      6C6B7061 
 1507      746800
 1508              	.LASF34:
 1509 09fa 64775665 		.ascii	"dwVersion\000"
 1509      7273696F 
 1509      6E00
 1510              	.LASF30:
 1511 0a04 69706342 		.ascii	"ipcBase\000"
 1511      61736500 
 1512              	.LASF81:
 1513 0a0c 70657269 		.ascii	"periDivCmdPaDivSelPos\000"
 1513      44697643 
 1513      6D645061 
 1513      44697653 
 1513      656C506F 
 1514              	.LASF62:
 1515 0a22 666C6173 		.ascii	"flashProgramDelay\000"
ARM GAS  C:\Users\YOUSEF~1\AppData\Local\Temp\ccuW8Zih.s 			page 40


 1515      6850726F 
 1515      6772616D 
 1515      44656C61 
 1515      7900
 1516              	.LASF120:
 1517 0a34 43595F42 		.ascii	"CY_BLE_CONN_STATE_CLIENT_DISCONNECTED_DISCOVERED\000"
 1517      4C455F43 
 1517      4F4E4E5F 
 1517      53544154 
 1517      455F434C 
 1518              	.LASF59:
 1519 0a65 666C6173 		.ascii	"flashRwwRequired\000"
 1519      68527777 
 1519      52657175 
 1519      69726564 
 1519      00
 1520              		.ident	"GCC: (GNU Tools for ARM Embedded Processors) 5.4.1 20160609 (release) [ARM/embedded-5-bran
